Log file open, 10/28/20 11:58:05
LogInit: Display: Running engine for game: Jam_UE4
LogPlatformFile: Not using cached read wrapper
LogTaskGraph: Started task graph with 5 named threads and 23 total threads with 3 sets of task threads.
LogStats: Stats thread started at 0.171893
LogD3D11RHI: Loaded GFSDK_Aftermath_Lib.x64.dll
LogICUInternationalization: ICU TimeZone Detection - Raw Offset: +1:00, Platform Override: ''
LogPluginManager: Mounting plugin Paper2D
LogPluginManager: Mounting plugin AISupport
LogPluginManager: Mounting plugin LightPropagationVolume
LogPluginManager: Mounting plugin CameraShakePreviewer
LogPluginManager: Mounting plugin ActorLayerUtilities
LogPluginManager: Mounting plugin AnimationSharing
LogPluginManager: Mounting plugin CLionSourceCodeAccess
LogPluginManager: Mounting plugin CodeLiteSourceCodeAccess
LogPluginManager: Mounting plugin GitSourceControl
LogPluginManager: Mounting plugin KDevelopSourceCodeAccess
LogPluginManager: Mounting plugin NullSourceCodeAccess
LogPluginManager: Mounting plugin PerforceSourceControl
LogPluginManager: Mounting plugin PlasticSourceControl
LogPluginManager: Mounting plugin RiderSourceCodeAccess
LogPluginManager: Mounting plugin SubversionSourceControl
LogPluginManager: Mounting plugin UObjectPlugin
LogPluginManager: Mounting plugin VisualStudioCodeSourceCodeAccess
LogPluginManager: Mounting plugin VisualStudioSourceCodeAccess
LogPluginManager: Mounting plugin XCodeSourceCodeAccess
LogPluginManager: Mounting plugin AssetManagerEditor
LogPluginManager: Mounting plugin CryptoKeys
LogPluginManager: Mounting plugin CurveEditorTools
LogPluginManager: Mounting plugin DataValidation
LogPluginManager: Mounting plugin EditorScriptingUtilities
LogPluginManager: Mounting plugin FacialAnimation
LogPluginManager: Mounting plugin GameplayTagsEditor
LogPluginManager: Mounting plugin GeometryMode
LogPluginManager: Mounting plugin MacGraphicsSwitching
LogPluginManager: Mounting plugin MaterialAnalyzer
LogPluginManager: Mounting plugin MobileLauncherProfileWizard
LogPluginManager: Mounting plugin PluginBrowser
LogPluginManager: Mounting plugin SpeedTreeImporter
LogPluginManager: Mounting plugin DatasmithContent
LogPluginManager: Mounting plugin VariantManagerContent
LogPluginManager: Mounting plugin AlembicImporter
LogPluginManager: Mounting plugin AutomationUtils
LogPluginManager: Mounting plugin BackChannel
LogPluginManager: Mounting plugin ChaosCloth
LogPluginManager: Mounting plugin ChaosClothEditor
LogPluginManager: Mounting plugin ChaosEditor
LogPluginManager: Mounting plugin ChaosNiagara
LogPluginManager: Mounting plugin ChaosSolverPlugin
LogPluginManager: Mounting plugin CharacterAI
LogPluginManager: Mounting plugin GeometryCache
LogPluginManager: Mounting plugin GeometryCollectionPlugin
LogPluginManager: Mounting plugin GeometryProcessing
LogPluginManager: Mounting plugin PlanarCut
LogPluginManager: Mounting plugin PlatformCrypto
LogPluginManager: Mounting plugin ProxyLODPlugin
LogPluginManager: Mounting plugin SkeletalReduction
LogPluginManager: Mounting plugin Niagara
LogPluginManager: Mounting plugin MagicLeap
LogPluginManager: Mounting plugin MagicLeapLightEstimation
LogPluginManager: Mounting plugin MagicLeapMedia
LogPluginManager: Mounting plugin MagicLeapPassableWorld
LogPluginManager: Mounting plugin MLSDK
LogPluginManager: Mounting plugin AndroidMedia
LogPluginManager: Mounting plugin AvfMedia
LogPluginManager: Mounting plugin ImgMedia
LogPluginManager: Mounting plugin MediaCompositing
LogPluginManager: Mounting plugin MediaPlayerEditor
LogPluginManager: Mounting plugin WebMMedia
LogPluginManager: Mounting plugin WmfMedia
LogPluginManager: Mounting plugin MeshPainting
LogPluginManager: Mounting plugin TcpMessaging
LogPluginManager: Mounting plugin UdpMessaging
LogPluginManager: Mounting plugin ActorSequence
LogPluginManager: Mounting plugin LevelSequenceEditor
LogPluginManager: Mounting plugin MatineeToLevelSequence
LogPluginManager: Mounting plugin MovieRenderPipeline
LogPluginManager: Mounting plugin TemplateSequence
LogPluginManager: Mounting plugin NetcodeUnitTest
LogPluginManager: Mounting plugin NUTUnrealEngine4
LogPluginManager: Mounting plugin OnlineSubsystemGooglePlay
LogPluginManager: Mounting plugin OnlineSubsystemIOS
LogPluginManager: Mounting plugin OnlineSubsystem
LogPluginManager: Mounting plugin OnlineSubsystemNull
LogPluginManager: Mounting plugin OnlineSubsystemUtils
LogPluginManager: Mounting plugin LauncherChunkInstaller
LogPluginManager: Mounting plugin AndroidDeviceProfileSelector
LogPluginManager: Mounting plugin AndroidMoviePlayer
LogPluginManager: Mounting plugin AndroidPermission
LogPluginManager: Mounting plugin AppleImageUtils
LogPluginManager: Mounting plugin AppleMoviePlayer
LogPluginManager: Mounting plugin ArchVisCharacter
LogPluginManager: Mounting plugin AssetTags
LogPluginManager: Mounting plugin AudioCapture
LogPluginManager: Mounting plugin CableComponent
LogPluginManager: Mounting plugin CustomMeshComponent
LogPluginManager: Mounting plugin EditableMesh
LogPluginManager: Mounting plugin ExampleDeviceProfileSelector
LogPluginManager: Mounting plugin GoogleCloudMessaging
LogPluginManager: Mounting plugin GooglePAD
LogPluginManager: Mounting plugin IOSDeviceProfileSelector
LogPluginManager: Mounting plugin LinuxDeviceProfileSelector
LogPluginManager: Mounting plugin LocationServicesBPLibrary
LogPluginManager: Mounting plugin MobilePatchingUtils
LogPluginManager: Mounting plugin OculusVR
LogPluginManager: Mounting plugin PhysXVehicles
LogPluginManager: Mounting plugin PostSplashScreen
LogPluginManager: Mounting plugin ProceduralMeshComponent
LogPluginManager: Mounting plugin RuntimePhysXCooking
LogPluginManager: Mounting plugin SignificanceManager
LogPluginManager: Mounting plugin SoundFields
LogPluginManager: Mounting plugin SteamVR
LogPluginManager: Mounting plugin Synthesis
LogPluginManager: Mounting plugin WebMMoviePlayer
LogPluginManager: Mounting plugin WindowsMoviePlayer
LogPluginManager: Mounting plugin ScreenshotTools
LogInit: Using libcurl 7.55.1-DEV
LogInit:  - built for x86_64-pc-win32
LogInit:  - supports SSL with OpenSSL/1.1.1
LogInit:  - supports HTTP deflate (compression) using libz 1.2.8
LogInit:  - other features:
LogInit:      CURL_VERSION_SSL
LogInit:      CURL_VERSION_LIBZ
LogInit:      CURL_VERSION_IPV6
LogInit:      CURL_VERSION_ASYNCHDNS
LogInit:      CURL_VERSION_LARGEFILE
LogInit:      CURL_VERSION_IDN
LogInit:  CurlRequestOptions (configurable via config and command line):
LogInit:  - bVerifyPeer = true  - Libcurl will verify peer certificate
LogInit:  - bUseHttpProxy = false  - Libcurl will NOT use HTTP proxy
LogInit:  - bDontReuseConnections = false  - Libcurl will reuse connections
LogInit:  - MaxHostConnections = 16  - Libcurl will limit the number of connections to a host
LogInit:  - LocalHostAddr = Default
LogInit:  - BufferSize = 65536
LogOnline: OSS: Creating online subsystem instance for: NULL
LogInit: WinSock: version 1.1 (2.2), MaxSocks=32767, MaxUdp=65467
LogOnline: OSS: TryLoadSubsystemAndSetDefault: Loaded subsystem for module [NULL]
LogInit: Build: ++UE4+Release-4.25-CL-14469661
LogInit: Engine Version: 4.25.4-14469661+++UE4+Release-4.25
LogInit: Compatible Engine Version: 4.25.0-13144385+++UE4+Release-4.25
LogInit: Net CL: 13144385
LogInit: OS: Windows 10 (Release 1903) (), CPU: Intel(R) Core(TM) i7-7700 CPU @ 3.60GHz, GPU: NVIDIA GeForce GTX 1060 6GB
LogInit: Compiled (64-bit): Oct 11 2020 08:10:49
LogInit: Compiled with Visual C++: 19.24.28315.00
LogInit: Build Configuration: Development
LogInit: Branch Name: ++UE4+Release-4.25
LogInit: Command Line: 
LogInit: Base Directory: F:/Program Files/UE_4.25/Engine/Binaries/Win64/
LogInit: Allocator: TBB
LogInit: Installed Engine Build: 1
LogDevObjectVersion: Number of dev versions registered: 26
LogDevObjectVersion:   Dev-Blueprints (B0D832E4-1F89-4F0D-ACCF-7EB736FD4AA2): 10
LogDevObjectVersion:   Dev-Build (E1C64328-A22C-4D53-A36C-8E866417BD8C): 0
LogDevObjectVersion:   Dev-Core (375EC13C-06E4-48FB-B500-84F0262A717E): 4
LogDevObjectVersion:   Dev-Editor (E4B068ED-F494-42E9-A231-DA0B2E46BB41): 38
LogDevObjectVersion:   Dev-Framework (CFFC743F-43B0-4480-9391-14DF171D2073): 37
LogDevObjectVersion:   Dev-Mobile (B02B49B5-BB20-44E9-A304-32B752E40360): 2
LogDevObjectVersion:   Dev-Networking (A4E4105C-59A1-49B5-A7C5-40C4547EDFEE): 0
LogDevObjectVersion:   Dev-Online (39C831C9-5AE6-47DC-9A44-9C173E1C8E7C): 0
LogDevObjectVersion:   Dev-Physics (78F01B33-EBEA-4F98-B9B4-84EACCB95AA2): 4
LogDevObjectVersion:   Dev-Platform (6631380F-2D4D-43E0-8009-CF276956A95A): 0
LogDevObjectVersion:   Dev-Rendering (12F88B9F-8875-4AFC-A67C-D90C383ABD29): 43
LogDevObjectVersion:   Dev-Sequencer (7B5AE74C-D270-4C10-A958-57980B212A5A): 12
LogDevObjectVersion:   Dev-VR (D7296918-1DD6-4BDD-9DE2-64A83CC13884): 3
LogDevObjectVersion:   Dev-LoadTimes (C2A15278-BFE7-4AFE-6C17-90FF531DF755): 1
LogDevObjectVersion:   Private-Geometry (6EACA3D4-40EC-4CC1-B786-8BED09428FC5): 3
LogDevObjectVersion:   Dev-AnimPhys (29E575DD-E0A3-4627-9D10-D276232CDCEA): 17
LogDevObjectVersion:   Dev-Anim (AF43A65D-7FD3-4947-9873-3E8ED9C1BB05): 7
LogDevObjectVersion:   Dev-ReflectionCapture (6B266CEC-1EC7-4B8F-A30B-E4D90942FC07): 1
LogDevObjectVersion:   Dev-Automation (0DF73D61-A23F-47EA-B727-89E90C41499A): 1
LogDevObjectVersion:   FortniteMain (601D1886-AC64-4F84-AA16-D3DE0DEAC7D6): 31
LogDevObjectVersion:   Dev-Enterprise (9DFFBCD6-494F-0158-E221-12823C92A888): 10
LogDevObjectVersion:   Dev-Niagara (F2AED0AC-9AFE-416F-8664-AA7FFA26D6FC): 1
LogDevObjectVersion:   Dev-Destruction (174F1F0B-B4C6-45A5-B13F-2EE8D0FB917D): 10
LogDevObjectVersion:   Dev-Physics-Ext (35F94A83-E258-406C-A318-09F59610247C): 37
LogDevObjectVersion:   Dev-PhysicsMaterial-Chaos (B68FC16E-8B1B-42E2-B453-215C058844FE): 1
LogDevObjectVersion:   Dev-CineCamera (B2E18506-4273-CFC2-A54E-F4BB758BBA07): 1
LogInit: Presizing for max 25165824 objects, including 0 objects not considered by GC, pre-allocating 0 bytes for permanent pool.
LogConfig: Applying CVar settings from Section [/Script/Engine.StreamingSettings] File [F:/Alias_desktop/GitHub/JAM_UE4/Jam_UE4/Saved/Config/Windows/Engine.ini]
LogConfig: Setting CVar [[s.MinBulkDataSizeForAsyncLoading:131072]]
LogConfig: Setting CVar [[s.AsyncLoadingThreadEnabled:0]]
LogConfig: Setting CVar [[s.EventDrivenLoaderEnabled:1]]
LogConfig: Setting CVar [[s.WarnIfTimeLimitExceeded:0]]
LogConfig: Setting CVar [[s.TimeLimitExceededMultiplier:1.5]]
LogConfig: Setting CVar [[s.TimeLimitExceededMinTime:0.005]]
LogConfig: Setting CVar [[s.UseBackgroundLevelStreaming:1]]
LogConfig: Setting CVar [[s.PriorityAsyncLoadingExtraTime:15.0]]
LogConfig: Setting CVar [[s.LevelStreamingActorsUpdateTimeLimit:5.0]]
LogConfig: Setting CVar [[s.PriorityLevelStreamingActorsUpdateExtraTime:5.0]]
LogConfig: Setting CVar [[s.LevelStreamingComponentsRegistrationGranularity:10]]
LogConfig: Setting CVar [[s.UnregisterComponentsTimeLimit:1.0]]
LogConfig: Setting CVar [[s.LevelStreamingComponentsUnregistrationGranularity:5]]
LogConfig: Setting CVar [[s.FlushStreamingOnExit:1]]
LogInit: Object subsystem initialized
LogConfig: Setting CVar [[con.DebugEarlyDefault:1]]
LogConfig: Setting CVar [[r.setres:1280x720]]
[2020.10.28-10.58.05:299][  0]LogConfig: Setting CVar [[r.VSync:0]]
[2020.10.28-10.58.05:299][  0]LogConfig: Setting CVar [[r.RHICmdBypass:0]]
[2020.10.28-10.58.05:299][  0]LogConfig: Applying CVar settings from Section [/Script/Engine.RendererSettings] File [F:/Alias_desktop/GitHub/JAM_UE4/Jam_UE4/Saved/Config/Windows/Engine.ini]
[2020.10.28-10.58.05:299][  0]LogConfig: Setting CVar [[r.GPUCrashDebugging:0]]
[2020.10.28-10.58.05:299][  0]LogConfig: Applying CVar settings from Section [/Script/Engine.RendererOverrideSettings] File [F:/Alias_desktop/GitHub/JAM_UE4/Jam_UE4/Saved/Config/Windows/Engine.ini]
[2020.10.28-10.58.05:299][  0]LogConfig: Applying CVar settings from Section [/Script/Engine.StreamingSettings] File [F:/Alias_desktop/GitHub/JAM_UE4/Jam_UE4/Saved/Config/Windows/Engine.ini]
[2020.10.28-10.58.05:299][  0]LogConfig: Setting CVar [[s.MinBulkDataSizeForAsyncLoading:131072]]
[2020.10.28-10.58.05:299][  0]LogConfig: Setting CVar [[s.AsyncLoadingThreadEnabled:0]]
[2020.10.28-10.58.05:299][  0]LogConfig: Setting CVar [[s.EventDrivenLoaderEnabled:1]]
[2020.10.28-10.58.05:299][  0]LogConfig: Setting CVar [[s.WarnIfTimeLimitExceeded:0]]
[2020.10.28-10.58.05:299][  0]LogConfig: Setting CVar [[s.TimeLimitExceededMultiplier:1.5]]
[2020.10.28-10.58.05:299][  0]LogConfig: Setting CVar [[s.TimeLimitExceededMinTime:0.005]]
[2020.10.28-10.58.05:299][  0]LogConfig: Setting CVar [[s.UseBackgroundLevelStreaming:1]]
[2020.10.28-10.58.05:299][  0]LogConfig: Setting CVar [[s.PriorityAsyncLoadingExtraTime:15.0]]
[2020.10.28-10.58.05:299][  0]LogConfig: Setting CVar [[s.LevelStreamingActorsUpdateTimeLimit:5.0]]
[2020.10.28-10.58.05:299][  0]LogConfig: Setting CVar [[s.PriorityLevelStreamingActorsUpdateExtraTime:5.0]]
[2020.10.28-10.58.05:300][  0]LogConfig: Setting CVar [[s.LevelStreamingComponentsRegistrationGranularity:10]]
[2020.10.28-10.58.05:300][  0]LogConfig: Setting CVar [[s.UnregisterComponentsTimeLimit:1.0]]
[2020.10.28-10.58.05:300][  0]LogConfig: Setting CVar [[s.LevelStreamingComponentsUnregistrationGranularity:5]]
[2020.10.28-10.58.05:300][  0]LogConfig: Setting CVar [[s.FlushStreamingOnExit:1]]
[2020.10.28-10.58.05:300][  0]LogConfig: Applying CVar settings from Section [/Script/Engine.GarbageCollectionSettings] File [F:/Alias_desktop/GitHub/JAM_UE4/Jam_UE4/Saved/Config/Windows/Engine.ini]
[2020.10.28-10.58.05:300][  0]LogConfig: Setting CVar [[gc.MaxObjectsNotConsideredByGC:1]]
[2020.10.28-10.58.05:300][  0]LogConfig: Setting CVar [[gc.SizeOfPermanentObjectPool:0]]
[2020.10.28-10.58.05:300][  0]LogConfig: Setting CVar [[gc.FlushStreamingOnGC:0]]
[2020.10.28-10.58.05:300][  0]LogConfig: Setting CVar [[gc.NumRetriesBeforeForcingGC:10]]
[2020.10.28-10.58.05:300][  0]LogConfig: Setting CVar [[gc.AllowParallelGC:1]]
[2020.10.28-10.58.05:300][  0]LogConfig: Setting CVar [[gc.TimeBetweenPurgingPendingKillObjects:61.1]]
[2020.10.28-10.58.05:300][  0]LogConfig: Setting CVar [[gc.MaxObjectsInEditor:25165824]]
[2020.10.28-10.58.05:300][  0]LogConfig: Setting CVar [[gc.IncrementalBeginDestroyEnabled:1]]
[2020.10.28-10.58.05:300][  0]LogConfig: Setting CVar [[gc.CreateGCClusters:1]]
[2020.10.28-10.58.05:300][  0]LogConfig: Setting CVar [[gc.MinGCClusterSize:5]]
[2020.10.28-10.58.05:300][  0]LogConfig: Setting CVar [[gc.ActorClusteringEnabled:0]]
[2020.10.28-10.58.05:300][  0]LogConfig: Setting CVar [[gc.BlueprintClusteringEnabled:0]]
[2020.10.28-10.58.05:300][  0]LogConfig: Setting CVar [[gc.UseDisregardForGCOnDedicatedServers:0]]
[2020.10.28-10.58.05:300][  0]LogConfig: Applying CVar settings from Section [/Script/Engine.NetworkSettings] File [F:/Alias_desktop/GitHub/JAM_UE4/Jam_UE4/Saved/Config/Windows/Engine.ini]
[2020.10.28-10.58.05:300][  0]LogConfig: Applying CVar settings from Section [/Script/UnrealEd.CookerSettings] File [F:/Alias_desktop/GitHub/JAM_UE4/Jam_UE4/Saved/Config/Windows/Engine.ini]
[2020.10.28-10.58.05:302][  0]LogConfig: Applying CVar settings from Section [ViewDistanceQuality@3] File [F:/Alias_desktop/GitHub/JAM_UE4/Jam_UE4/Saved/Config/Windows/Scalability.ini]
[2020.10.28-10.58.05:302][  0]LogConfig: Setting CVar [[r.SkeletalMeshLODBias:0]]
[2020.10.28-10.58.05:302][  0]LogConfig: Setting CVar [[r.ViewDistanceScale:1.0]]
[2020.10.28-10.58.05:302][  0]LogConfig: Applying CVar settings from Section [AntiAliasingQuality@3] File [F:/Alias_desktop/GitHub/JAM_UE4/Jam_UE4/Saved/Config/Windows/Scalability.ini]
[2020.10.28-10.58.05:302][  0]LogConfig: Setting CVar [[r.PostProcessAAQuality:4]]
[2020.10.28-10.58.05:302][  0]LogConfig: Applying CVar settings from Section [ShadowQuality@3] File [F:/Alias_desktop/GitHub/JAM_UE4/Jam_UE4/Saved/Config/Windows/Scalability.ini]
[2020.10.28-10.58.05:302][  0]LogConfig: Setting CVar [[r.LightFunctionQuality:1]]
[2020.10.28-10.58.05:302][  0]LogConfig: Setting CVar [[r.ShadowQuality:5]]
[2020.10.28-10.58.05:302][  0]LogConfig: Setting CVar [[r.Shadow.CSM.MaxCascades:10]]
[2020.10.28-10.58.05:302][  0]LogConfig: Setting CVar [[r.Shadow.MaxResolution:2048]]
[2020.10.28-10.58.05:302][  0]LogConfig: Setting CVar [[r.Shadow.MaxCSMResolution:2048]]
[2020.10.28-10.58.05:302][  0]LogConfig: Setting CVar [[r.Shadow.RadiusThreshold:0.01]]
[2020.10.28-10.58.05:302][  0]LogConfig: Setting CVar [[r.Shadow.DistanceScale:1.0]]
[2020.10.28-10.58.05:302][  0]LogConfig: Setting CVar [[r.Shadow.CSM.TransitionScale:1.0]]
[2020.10.28-10.58.05:302][  0]LogConfig: Setting CVar [[r.Shadow.PreShadowResolutionFactor:1.0]]
[2020.10.28-10.58.05:302][  0]LogConfig: Setting CVar [[r.DistanceFieldShadowing:1]]
[2020.10.28-10.58.05:302][  0]LogConfig: Setting CVar [[r.DistanceFieldAO:1]]
[2020.10.28-10.58.05:302][  0]LogConfig: Setting CVar [[r.AOQuality:2]]
[2020.10.28-10.58.05:302][  0]LogConfig: Setting CVar [[r.VolumetricFog:1]]
[2020.10.28-10.58.05:302][  0]LogConfig: Setting CVar [[r.VolumetricFog.GridPixelSize:8]]
[2020.10.28-10.58.05:302][  0]LogConfig: Setting CVar [[r.VolumetricFog.GridSizeZ:128]]
[2020.10.28-10.58.05:302][  0]LogConfig: Setting CVar [[r.VolumetricFog.HistoryMissSupersampleCount:4]]
[2020.10.28-10.58.05:302][  0]LogConfig: Setting CVar [[r.LightMaxDrawDistanceScale:1]]
[2020.10.28-10.58.05:302][  0]LogConfig: Setting CVar [[r.CapsuleShadows:1]]
[2020.10.28-10.58.05:302][  0]LogConfig: Applying CVar settings from Section [PostProcessQuality@3] File [F:/Alias_desktop/GitHub/JAM_UE4/Jam_UE4/Saved/Config/Windows/Scalability.ini]
[2020.10.28-10.58.05:302][  0]LogConfig: Setting CVar [[r.MotionBlurQuality:4]]
[2020.10.28-10.58.05:302][  0]LogConfig: Setting CVar [[r.AmbientOcclusionMipLevelFactor:0.4]]
[2020.10.28-10.58.05:302][  0]LogConfig: Setting CVar [[r.AmbientOcclusionMaxQuality:100]]
[2020.10.28-10.58.05:302][  0]LogConfig: Setting CVar [[r.AmbientOcclusionLevels:-1]]
[2020.10.28-10.58.05:302][  0]LogConfig: Setting CVar [[r.AmbientOcclusionRadiusScale:1.0]]
[2020.10.28-10.58.05:302][  0]LogConfig: Setting CVar [[r.DepthOfFieldQuality:2]]
[2020.10.28-10.58.05:302][  0]LogConfig: Setting CVar [[r.RenderTargetPoolMin:400]]
[2020.10.28-10.58.05:302][  0]LogConfig: Setting CVar [[r.LensFlareQuality:2]]
[2020.10.28-10.58.05:302][  0]LogConfig: Setting CVar [[r.SceneColorFringeQuality:1]]
[2020.10.28-10.58.05:302][  0]LogConfig: Setting CVar [[r.EyeAdaptationQuality:2]]
[2020.10.28-10.58.05:302][  0]LogConfig: Setting CVar [[r.BloomQuality:5]]
[2020.10.28-10.58.05:302][  0]LogConfig: Setting CVar [[r.FastBlurThreshold:100]]
[2020.10.28-10.58.05:302][  0]LogConfig: Setting CVar [[r.Upscale.Quality:3]]
[2020.10.28-10.58.05:302][  0]LogConfig: Setting CVar [[r.Tonemapper.GrainQuantization:1]]
[2020.10.28-10.58.05:302][  0]LogConfig: Setting CVar [[r.LightShaftQuality:1]]
[2020.10.28-10.58.05:302][  0]LogConfig: Setting CVar [[r.Filter.SizeScale:1]]
[2020.10.28-10.58.05:302][  0]LogConfig: Setting CVar [[r.Tonemapper.Quality:5]]
[2020.10.28-10.58.05:302][  0]LogConfig: Setting CVar [[r.DOF.Gather.AccumulatorQuality:1        ; higher gathering accumulator quality]]
[2020.10.28-10.58.05:302][  0]LogConfig: Setting CVar [[r.DOF.Gather.PostfilterMethod:1          ; Median3x3 postfilering method]]
[2020.10.28-10.58.05:302][  0]LogConfig: Setting CVar [[r.DOF.Gather.EnableBokehSettings:0       ; no bokeh simulation when gathering]]
[2020.10.28-10.58.05:302][  0]LogConfig: Setting CVar [[r.DOF.Gather.RingCount:4                 ; medium number of samples when gathering]]
[2020.10.28-10.58.05:302][  0]LogConfig: Setting CVar [[r.DOF.Scatter.ForegroundCompositing:1    ; additive foreground scattering]]
[2020.10.28-10.58.05:302][  0]LogConfig: Setting CVar [[r.DOF.Scatter.BackgroundCompositing:2    ; additive background scattering]]
[2020.10.28-10.58.05:302][  0]LogConfig: Setting CVar [[r.DOF.Scatter.EnableBokehSettings:1      ; bokeh simulation when scattering]]
[2020.10.28-10.58.05:302][  0]LogConfig: Setting CVar [[r.DOF.Scatter.MaxSpriteRatio:0.1         ; only a maximum of 10% of scattered bokeh]]
[2020.10.28-10.58.05:302][  0]LogConfig: Setting CVar [[r.DOF.Recombine.Quality:1                ; cheap slight out of focus]]
[2020.10.28-10.58.05:302][  0]LogConfig: Setting CVar [[r.DOF.Recombine.EnableBokehSettings:0    ; no bokeh simulation on slight out of focus]]
[2020.10.28-10.58.05:302][  0]LogConfig: Setting CVar [[r.DOF.TemporalAAQuality:1                ; more stable temporal accumulation]]
[2020.10.28-10.58.05:303][  0]LogConfig: Setting CVar [[r.DOF.Kernel.MaxForegroundRadius:0.025]]
[2020.10.28-10.58.05:303][  0]LogConfig: Setting CVar [[r.DOF.Kernel.MaxBackgroundRadius:0.025]]
[2020.10.28-10.58.05:303][  0]LogConfig: Applying CVar settings from Section [TextureQuality@3] File [F:/Alias_desktop/GitHub/JAM_UE4/Jam_UE4/Saved/Config/Windows/Scalability.ini]
[2020.10.28-10.58.05:303][  0]LogConfig: Setting CVar [[r.Streaming.MipBias:0]]
[2020.10.28-10.58.05:303][  0]LogConfig: Setting CVar [[r.Streaming.AmortizeCPUToGPUCopy:0]]
[2020.10.28-10.58.05:303][  0]LogConfig: Setting CVar [[r.Streaming.MaxNumTexturesToStreamPerFrame:0]]
[2020.10.28-10.58.05:303][  0]LogConfig: Setting CVar [[r.Streaming.Boost:1]]
[2020.10.28-10.58.05:303][  0]LogConfig: Setting CVar [[r.MaxAnisotropy:8]]
[2020.10.28-10.58.05:303][  0]LogConfig: Setting CVar [[r.VT.MaxAnisotropy:8]]
[2020.10.28-10.58.05:303][  0]LogConfig: Setting CVar [[r.Streaming.LimitPoolSizeToVRAM:0]]
[2020.10.28-10.58.05:303][  0]LogConfig: Setting CVar [[r.Streaming.PoolSize:1000]]
[2020.10.28-10.58.05:303][  0]LogConfig: Setting CVar [[r.Streaming.MaxEffectiveScreenSize:0]]
[2020.10.28-10.58.05:303][  0]LogConfig: Applying CVar settings from Section [EffectsQuality@3] File [F:/Alias_desktop/GitHub/JAM_UE4/Jam_UE4/Saved/Config/Windows/Scalability.ini]
[2020.10.28-10.58.05:303][  0]LogConfig: Setting CVar [[r.TranslucencyLightingVolumeDim:64]]
[2020.10.28-10.58.05:303][  0]LogConfig: Setting CVar [[r.RefractionQuality:2]]
[2020.10.28-10.58.05:303][  0]LogConfig: Setting CVar [[r.SSR.Quality:3]]
[2020.10.28-10.58.05:303][  0]LogConfig: Setting CVar [[r.SSR.HalfResSceneColor:0]]
[2020.10.28-10.58.05:303][  0]LogConfig: Setting CVar [[r.SceneColorFormat:4]]
[2020.10.28-10.58.05:303][  0]LogConfig: Setting CVar [[r.DetailMode:2]]
[2020.10.28-10.58.05:303][  0]LogConfig: Setting CVar [[r.TranslucencyVolumeBlur:1]]
[2020.10.28-10.58.05:303][  0]LogConfig: Setting CVar [[r.MaterialQualityLevel:1 ; High quality]]
[2020.10.28-10.58.05:303][  0]LogConfig: Setting CVar [[r.SSS.Scale:1]]
[2020.10.28-10.58.05:303][  0]LogConfig: Setting CVar [[r.SSS.SampleSet:2]]
[2020.10.28-10.58.05:303][  0]LogConfig: Setting CVar [[r.SSS.Quality:1]]
[2020.10.28-10.58.05:303][  0]LogConfig: Setting CVar [[r.SSS.HalfRes:0]]
[2020.10.28-10.58.05:303][  0]LogConfig: Setting CVar [[r.SSGI.Quality:3]]
[2020.10.28-10.58.05:303][  0]LogConfig: Setting CVar [[r.EmitterSpawnRateScale:1.0]]
[2020.10.28-10.58.05:303][  0]LogConfig: Setting CVar [[r.ParticleLightQuality:2]]
[2020.10.28-10.58.05:303][  0]LogConfig: Setting CVar [[r.SkyAtmosphere.AerialPerspectiveLUT.FastApplyOnOpaque:1 ; Always have FastSkyLUT 1 in this case to avoid wrong sky]]
[2020.10.28-10.58.05:303][  0]LogConfig: Setting CVar [[r.SkyAtmosphere.AerialPerspectiveLUT.SampleCountPerSlice:1]]
[2020.10.28-10.58.05:303][  0]LogConfig: Setting CVar [[r.SkyAtmosphere.AerialPerspectiveLUT.DepthResolution:16.0]]
[2020.10.28-10.58.05:303][  0]LogConfig: Setting CVar [[r.SkyAtmosphere.FastSkyLUT:1]]
[2020.10.28-10.58.05:303][  0]LogConfig: Setting CVar [[r.SkyAtmosphere.FastSkyLUT.SampleCountMin:4.0]]
[2020.10.28-10.58.05:303][  0]LogConfig: Setting CVar [[r.SkyAtmosphere.FastSkyLUT.SampleCountMax:32.0]]
[2020.10.28-10.58.05:303][  0]LogConfig: Setting CVar [[r.SkyAtmosphere.SampleCountMin:4.0]]
[2020.10.28-10.58.05:303][  0]LogConfig: Setting CVar [[r.SkyAtmosphere.SampleCountMax:32.0]]
[2020.10.28-10.58.05:303][  0]LogConfig: Setting CVar [[r.SkyAtmosphere.TransmittanceLUT.UseSmallFormat:0]]
[2020.10.28-10.58.05:303][  0]LogConfig: Setting CVar [[r.SkyAtmosphere.TransmittanceLUT.SampleCount:10.0]]
[2020.10.28-10.58.05:303][  0]LogConfig: Setting CVar [[r.SkyAtmosphere.MultiScatteringLUT.SampleCount:15.0]]
[2020.10.28-10.58.05:303][  0]LogConfig: Applying CVar settings from Section [FoliageQuality@3] File [F:/Alias_desktop/GitHub/JAM_UE4/Jam_UE4/Saved/Config/Windows/Scalability.ini]
[2020.10.28-10.58.05:303][  0]LogConfig: Setting CVar [[foliage.DensityScale:1.0]]
[2020.10.28-10.58.05:303][  0]LogConfig: Setting CVar [[grass.DensityScale:1.0]]
[2020.10.28-10.58.05:303][  0]LogConfig: Applying CVar settings from Section [ShadingQuality@3] File [F:/Alias_desktop/GitHub/JAM_UE4/Jam_UE4/Saved/Config/Windows/Scalability.ini]
[2020.10.28-10.58.05:303][  0]LogConfig: Setting CVar [[r.HairStrands.SkyLighting.SampleCount:16]]
[2020.10.28-10.58.05:303][  0]LogConfig: Setting CVar [[r.HairStrands.SkyLighting.JitterIntegration:0]]
[2020.10.28-10.58.05:303][  0]LogConfig: Setting CVar [[r.HairStrands.SkyAO.SampleCount:16]]
[2020.10.28-10.58.05:303][  0]LogConfig: Setting CVar [[r.HairStrands.DeepShadow.SuperSampling:0]]
[2020.10.28-10.58.05:303][  0]LogConfig: Setting CVar [[r.HairStrands.VisibilityPPLL:0]]
[2020.10.28-10.58.05:303][  0]LogConfig: Setting CVar [[r.HairStrands.RasterizationScale:0.5]]
[2020.10.28-10.58.05:303][  0]LogConfig: Setting CVar [[r.HairStrands.VelocityRasterizationScale:1]]
[2020.10.28-10.58.05:303][  0]LogInit: Selected Device Profile: [Windows]
[2020.10.28-10.58.05:303][  0]LogInit: Applying CVar settings loaded from the selected device profile: [Windows]
[2020.10.28-10.58.05:303][  0]LogHAL: Display: Platform has ~ 16 GB [17130000384 / 17179869184 / 16], which maps to Larger [LargestMinGB=32, LargerMinGB=12, DefaultMinGB=8, SmallerMinGB=6, SmallestMinGB=0)
[2020.10.28-10.58.05:303][  0]LogInit: Going up to parent DeviceProfile []
[2020.10.28-10.58.05:303][  0]LogConfig: Applying CVar settings from Section [ViewDistanceQuality@3] File [F:/Alias_desktop/GitHub/JAM_UE4/Jam_UE4/Saved/Config/Windows/Scalability.ini]
[2020.10.28-10.58.05:303][  0]LogConfig: Setting CVar [[r.SkeletalMeshLODBias:0]]
[2020.10.28-10.58.05:303][  0]LogConfig: Setting CVar [[r.ViewDistanceScale:1.0]]
[2020.10.28-10.58.05:303][  0]LogConfig: Applying CVar settings from Section [AntiAliasingQuality@3] File [F:/Alias_desktop/GitHub/JAM_UE4/Jam_UE4/Saved/Config/Windows/Scalability.ini]
[2020.10.28-10.58.05:303][  0]LogConfig: Setting CVar [[r.PostProcessAAQuality:4]]
[2020.10.28-10.58.05:303][  0]LogConfig: Applying CVar settings from Section [ShadowQuality@3] File [F:/Alias_desktop/GitHub/JAM_UE4/Jam_UE4/Saved/Config/Windows/Scalability.ini]
[2020.10.28-10.58.05:303][  0]LogConfig: Setting CVar [[r.LightFunctionQuality:1]]
[2020.10.28-10.58.05:303][  0]LogConfig: Setting CVar [[r.ShadowQuality:5]]
[2020.10.28-10.58.05:303][  0]LogConfig: Setting CVar [[r.Shadow.CSM.MaxCascades:10]]
[2020.10.28-10.58.05:303][  0]LogConfig: Setting CVar [[r.Shadow.MaxResolution:2048]]
[2020.10.28-10.58.05:303][  0]LogConfig: Setting CVar [[r.Shadow.MaxCSMResolution:2048]]
[2020.10.28-10.58.05:303][  0]LogConfig: Setting CVar [[r.Shadow.RadiusThreshold:0.01]]
[2020.10.28-10.58.05:303][  0]LogConfig: Setting CVar [[r.Shadow.DistanceScale:1.0]]
[2020.10.28-10.58.05:303][  0]LogConfig: Setting CVar [[r.Shadow.CSM.TransitionScale:1.0]]
[2020.10.28-10.58.05:303][  0]LogConfig: Setting CVar [[r.Shadow.PreShadowResolutionFactor:1.0]]
[2020.10.28-10.58.05:303][  0]LogConfig: Setting CVar [[r.DistanceFieldShadowing:1]]
[2020.10.28-10.58.05:303][  0]LogConfig: Setting CVar [[r.DistanceFieldAO:1]]
[2020.10.28-10.58.05:303][  0]LogConfig: Setting CVar [[r.AOQuality:2]]
[2020.10.28-10.58.05:303][  0]LogConfig: Setting CVar [[r.VolumetricFog:1]]
[2020.10.28-10.58.05:303][  0]LogConfig: Setting CVar [[r.VolumetricFog.GridPixelSize:8]]
[2020.10.28-10.58.05:303][  0]LogConfig: Setting CVar [[r.VolumetricFog.GridSizeZ:128]]
[2020.10.28-10.58.05:303][  0]LogConfig: Setting CVar [[r.VolumetricFog.HistoryMissSupersampleCount:4]]
[2020.10.28-10.58.05:303][  0]LogConfig: Setting CVar [[r.LightMaxDrawDistanceScale:1]]
[2020.10.28-10.58.05:303][  0]LogConfig: Setting CVar [[r.CapsuleShadows:1]]
[2020.10.28-10.58.05:303][  0]LogConfig: Applying CVar settings from Section [PostProcessQuality@3] File [F:/Alias_desktop/GitHub/JAM_UE4/Jam_UE4/Saved/Config/Windows/Scalability.ini]
[2020.10.28-10.58.05:303][  0]LogConfig: Setting CVar [[r.MotionBlurQuality:4]]
[2020.10.28-10.58.05:303][  0]LogConfig: Setting CVar [[r.AmbientOcclusionMipLevelFactor:0.4]]
[2020.10.28-10.58.05:303][  0]LogConfig: Setting CVar [[r.AmbientOcclusionMaxQuality:100]]
[2020.10.28-10.58.05:303][  0]LogConfig: Setting CVar [[r.AmbientOcclusionLevels:-1]]
[2020.10.28-10.58.05:303][  0]LogConfig: Setting CVar [[r.AmbientOcclusionRadiusScale:1.0]]
[2020.10.28-10.58.05:303][  0]LogConfig: Setting CVar [[r.DepthOfFieldQuality:2]]
[2020.10.28-10.58.05:303][  0]LogConfig: Setting CVar [[r.RenderTargetPoolMin:400]]
[2020.10.28-10.58.05:303][  0]LogConfig: Setting CVar [[r.LensFlareQuality:2]]
[2020.10.28-10.58.05:303][  0]LogConfig: Setting CVar [[r.SceneColorFringeQuality:1]]
[2020.10.28-10.58.05:303][  0]LogConfig: Setting CVar [[r.EyeAdaptationQuality:2]]
[2020.10.28-10.58.05:303][  0]LogConfig: Setting CVar [[r.BloomQuality:5]]
[2020.10.28-10.58.05:303][  0]LogConfig: Setting CVar [[r.FastBlurThreshold:100]]
[2020.10.28-10.58.05:303][  0]LogConfig: Setting CVar [[r.Upscale.Quality:3]]
[2020.10.28-10.58.05:303][  0]LogConfig: Setting CVar [[r.Tonemapper.GrainQuantization:1]]
[2020.10.28-10.58.05:303][  0]LogConfig: Setting CVar [[r.LightShaftQuality:1]]
[2020.10.28-10.58.05:304][  0]LogConfig: Setting CVar [[r.Filter.SizeScale:1]]
[2020.10.28-10.58.05:304][  0]LogConfig: Setting CVar [[r.Tonemapper.Quality:5]]
[2020.10.28-10.58.05:304][  0]LogConfig: Setting CVar [[r.DOF.Gather.AccumulatorQuality:1        ; higher gathering accumulator quality]]
[2020.10.28-10.58.05:304][  0]LogConfig: Setting CVar [[r.DOF.Gather.PostfilterMethod:1          ; Median3x3 postfilering method]]
[2020.10.28-10.58.05:304][  0]LogConfig: Setting CVar [[r.DOF.Gather.EnableBokehSettings:0       ; no bokeh simulation when gathering]]
[2020.10.28-10.58.05:304][  0]LogConfig: Setting CVar [[r.DOF.Gather.RingCount:4                 ; medium number of samples when gathering]]
[2020.10.28-10.58.05:304][  0]LogConfig: Setting CVar [[r.DOF.Scatter.ForegroundCompositing:1    ; additive foreground scattering]]
[2020.10.28-10.58.05:304][  0]LogConfig: Setting CVar [[r.DOF.Scatter.BackgroundCompositing:2    ; additive background scattering]]
[2020.10.28-10.58.05:304][  0]LogConfig: Setting CVar [[r.DOF.Scatter.EnableBokehSettings:1      ; bokeh simulation when scattering]]
[2020.10.28-10.58.05:304][  0]LogConfig: Setting CVar [[r.DOF.Scatter.MaxSpriteRatio:0.1         ; only a maximum of 10% of scattered bokeh]]
[2020.10.28-10.58.05:304][  0]LogConfig: Setting CVar [[r.DOF.Recombine.Quality:1                ; cheap slight out of focus]]
[2020.10.28-10.58.05:304][  0]LogConfig: Setting CVar [[r.DOF.Recombine.EnableBokehSettings:0    ; no bokeh simulation on slight out of focus]]
[2020.10.28-10.58.05:304][  0]LogConfig: Setting CVar [[r.DOF.TemporalAAQuality:1                ; more stable temporal accumulation]]
[2020.10.28-10.58.05:304][  0]LogConfig: Setting CVar [[r.DOF.Kernel.MaxForegroundRadius:0.025]]
[2020.10.28-10.58.05:304][  0]LogConfig: Setting CVar [[r.DOF.Kernel.MaxBackgroundRadius:0.025]]
[2020.10.28-10.58.05:304][  0]LogConfig: Applying CVar settings from Section [TextureQuality@3] File [F:/Alias_desktop/GitHub/JAM_UE4/Jam_UE4/Saved/Config/Windows/Scalability.ini]
[2020.10.28-10.58.05:304][  0]LogConfig: Setting CVar [[r.Streaming.MipBias:0]]
[2020.10.28-10.58.05:304][  0]LogConfig: Setting CVar [[r.Streaming.AmortizeCPUToGPUCopy:0]]
[2020.10.28-10.58.05:304][  0]LogConfig: Setting CVar [[r.Streaming.MaxNumTexturesToStreamPerFrame:0]]
[2020.10.28-10.58.05:304][  0]LogConfig: Setting CVar [[r.Streaming.Boost:1]]
[2020.10.28-10.58.05:304][  0]LogConfig: Setting CVar [[r.MaxAnisotropy:8]]
[2020.10.28-10.58.05:304][  0]LogConfig: Setting CVar [[r.VT.MaxAnisotropy:8]]
[2020.10.28-10.58.05:304][  0]LogConfig: Setting CVar [[r.Streaming.LimitPoolSizeToVRAM:0]]
[2020.10.28-10.58.05:304][  0]LogConfig: Setting CVar [[r.Streaming.PoolSize:1000]]
[2020.10.28-10.58.05:304][  0]LogConfig: Setting CVar [[r.Streaming.MaxEffectiveScreenSize:0]]
[2020.10.28-10.58.05:304][  0]LogConfig: Applying CVar settings from Section [EffectsQuality@3] File [F:/Alias_desktop/GitHub/JAM_UE4/Jam_UE4/Saved/Config/Windows/Scalability.ini]
[2020.10.28-10.58.05:304][  0]LogConfig: Setting CVar [[r.TranslucencyLightingVolumeDim:64]]
[2020.10.28-10.58.05:304][  0]LogConfig: Setting CVar [[r.RefractionQuality:2]]
[2020.10.28-10.58.05:304][  0]LogConfig: Setting CVar [[r.SSR.Quality:3]]
[2020.10.28-10.58.05:304][  0]LogConfig: Setting CVar [[r.SSR.HalfResSceneColor:0]]
[2020.10.28-10.58.05:304][  0]LogConfig: Setting CVar [[r.SceneColorFormat:4]]
[2020.10.28-10.58.05:304][  0]LogConfig: Setting CVar [[r.DetailMode:2]]
[2020.10.28-10.58.05:304][  0]LogConfig: Setting CVar [[r.TranslucencyVolumeBlur:1]]
[2020.10.28-10.58.05:304][  0]LogConfig: Setting CVar [[r.MaterialQualityLevel:1 ; High quality]]
[2020.10.28-10.58.05:304][  0]LogConfig: Setting CVar [[r.SSS.Scale:1]]
[2020.10.28-10.58.05:304][  0]LogConfig: Setting CVar [[r.SSS.SampleSet:2]]
[2020.10.28-10.58.05:304][  0]LogConfig: Setting CVar [[r.SSS.Quality:1]]
[2020.10.28-10.58.05:304][  0]LogConfig: Setting CVar [[r.SSS.HalfRes:0]]
[2020.10.28-10.58.05:304][  0]LogConfig: Setting CVar [[r.SSGI.Quality:3]]
[2020.10.28-10.58.05:304][  0]LogConfig: Setting CVar [[r.EmitterSpawnRateScale:1.0]]
[2020.10.28-10.58.05:304][  0]LogConfig: Setting CVar [[r.ParticleLightQuality:2]]
[2020.10.28-10.58.05:304][  0]LogConfig: Setting CVar [[r.SkyAtmosphere.AerialPerspectiveLUT.FastApplyOnOpaque:1 ; Always have FastSkyLUT 1 in this case to avoid wrong sky]]
[2020.10.28-10.58.05:304][  0]LogConfig: Setting CVar [[r.SkyAtmosphere.AerialPerspectiveLUT.SampleCountPerSlice:1]]
[2020.10.28-10.58.05:304][  0]LogConfig: Setting CVar [[r.SkyAtmosphere.AerialPerspectiveLUT.DepthResolution:16.0]]
[2020.10.28-10.58.05:304][  0]LogConfig: Setting CVar [[r.SkyAtmosphere.FastSkyLUT:1]]
[2020.10.28-10.58.05:304][  0]LogConfig: Setting CVar [[r.SkyAtmosphere.FastSkyLUT.SampleCountMin:4.0]]
[2020.10.28-10.58.05:304][  0]LogConfig: Setting CVar [[r.SkyAtmosphere.FastSkyLUT.SampleCountMax:32.0]]
[2020.10.28-10.58.05:304][  0]LogConfig: Setting CVar [[r.SkyAtmosphere.SampleCountMin:4.0]]
[2020.10.28-10.58.05:304][  0]LogConfig: Setting CVar [[r.SkyAtmosphere.SampleCountMax:32.0]]
[2020.10.28-10.58.05:304][  0]LogConfig: Setting CVar [[r.SkyAtmosphere.TransmittanceLUT.UseSmallFormat:0]]
[2020.10.28-10.58.05:304][  0]LogConfig: Setting CVar [[r.SkyAtmosphere.TransmittanceLUT.SampleCount:10.0]]
[2020.10.28-10.58.05:304][  0]LogConfig: Setting CVar [[r.SkyAtmosphere.MultiScatteringLUT.SampleCount:15.0]]
[2020.10.28-10.58.05:304][  0]LogConfig: Applying CVar settings from Section [FoliageQuality@3] File [F:/Alias_desktop/GitHub/JAM_UE4/Jam_UE4/Saved/Config/Windows/Scalability.ini]
[2020.10.28-10.58.05:304][  0]LogConfig: Setting CVar [[foliage.DensityScale:1.0]]
[2020.10.28-10.58.05:304][  0]LogConfig: Setting CVar [[grass.DensityScale:1.0]]
[2020.10.28-10.58.05:304][  0]LogConfig: Applying CVar settings from Section [ShadingQuality@3] File [F:/Alias_desktop/GitHub/JAM_UE4/Jam_UE4/Saved/Config/Windows/Scalability.ini]
[2020.10.28-10.58.05:304][  0]LogConfig: Setting CVar [[r.HairStrands.SkyLighting.SampleCount:16]]
[2020.10.28-10.58.05:304][  0]LogConfig: Setting CVar [[r.HairStrands.SkyLighting.JitterIntegration:0]]
[2020.10.28-10.58.05:304][  0]LogConfig: Setting CVar [[r.HairStrands.SkyAO.SampleCount:16]]
[2020.10.28-10.58.05:304][  0]LogConfig: Setting CVar [[r.HairStrands.DeepShadow.SuperSampling:0]]
[2020.10.28-10.58.05:304][  0]LogConfig: Setting CVar [[r.HairStrands.VisibilityPPLL:0]]
[2020.10.28-10.58.05:304][  0]LogConfig: Setting CVar [[r.HairStrands.RasterizationScale:0.5]]
[2020.10.28-10.58.05:304][  0]LogConfig: Setting CVar [[r.HairStrands.VelocityRasterizationScale:1]]
[2020.10.28-10.58.05:304][  0]LogConfig: Applying CVar settings from Section [Startup] File [../../../Engine/Config/ConsoleVariables.ini]
[2020.10.28-10.58.05:304][  0]LogConfig: Setting CVar [[net.UseAdaptiveNetUpdateFrequency:0]]
[2020.10.28-10.58.05:304][  0]LogConfig: Setting CVar [[p.chaos.AllowCreatePhysxBodies:1]]
[2020.10.28-10.58.05:304][  0]LogConfig: Setting CVar [[fx.SkipVectorVMBackendOptimizations:1]]
[2020.10.28-10.58.05:304][  0]LogConfig: Applying CVar settings from Section [ConsoleVariables] File [F:/Alias_desktop/GitHub/JAM_UE4/Jam_UE4/Saved/Config/Windows/Engine.ini]
[2020.10.28-10.58.05:304][  0]LogInit: Computer: TLSS0124
[2020.10.28-10.58.05:304][  0]LogInit: User: game3
[2020.10.28-10.58.05:304][  0]LogInit: CPU Page size=4096, Cores=4
[2020.10.28-10.58.05:304][  0]LogInit: High frequency timer resolution =10.000000 MHz
[2020.10.28-10.58.05:305][  0]LogMemory: Memory total: Physical=16.0GB (16GB approx)
[2020.10.28-10.58.05:305][  0]LogMemory: Platform Memory Stats for Windows
[2020.10.28-10.58.05:305][  0]LogMemory: Process Physical Memory: 114.29 MB used, 114.29 MB peak
[2020.10.28-10.58.05:305][  0]LogMemory: Process Virtual Memory: 96.41 MB used, 96.41 MB peak
[2020.10.28-10.58.05:305][  0]LogMemory: Physical Memory: 8008.13 MB used,  8328.31 MB free, 16336.44 MB total
[2020.10.28-10.58.05:305][  0]LogMemory: Virtual Memory: 5143.11 MB used,  134212584.00 MB free, 134217728.00 MB total
[2020.10.28-10.58.05:308][  0]LogWindows: WindowsPlatformFeatures enabled
[2020.10.28-10.58.05:333][  0]LogInit: Physics initialised using underlying interface: PhysX
[2020.10.28-10.58.05:333][  0]LogInit: Using OS detected language (fr-FR).
[2020.10.28-10.58.05:333][  0]LogInit: Using OS detected locale (fr-FR).
[2020.10.28-10.58.05:334][  0]LogTextLocalizationManager: No specific localization for 'fr-FR' exists, so the 'fr' localization will be used.
[2020.10.28-10.58.05:334][  0]LogTextLocalizationResource: LocRes '../../../Engine/Content/Localization/Editor/fr/Editor.locres' could not be opened for reading!
[2020.10.28-10.58.05:334][  0]LogTextLocalizationResource: LocRes '../../../Engine/Content/Localization/EditorTutorials/fr/EditorTutorials.locres' could not be opened for reading!
[2020.10.28-10.58.05:334][  0]LogTextLocalizationResource: LocRes '../../../Engine/Content/Localization/Keywords/fr/Keywords.locres' could not be opened for reading!
[2020.10.28-10.58.05:334][  0]LogTextLocalizationResource: LocRes '../../../Engine/Content/Localization/Category/fr/Category.locres' could not be opened for reading!
[2020.10.28-10.58.05:334][  0]LogTextLocalizationResource: LocRes '../../../Engine/Content/Localization/ToolTips/fr/ToolTips.locres' could not be opened for reading!
[2020.10.28-10.58.05:334][  0]LogTextLocalizationResource: LocRes '../../../Engine/Content/Localization/PropertyNames/fr/PropertyNames.locres' could not be opened for reading!
[2020.10.28-10.58.05:334][  0]LogTextLocalizationResource: LocRes '../../../Engine/Content/Localization/Engine/fr/Engine.locres' could not be opened for reading!
[2020.10.28-10.58.05:335][  0]LogInit: Setting process to per monitor DPI aware
[2020.10.28-10.58.05:361][  0]LogSlate: New Slate User Created.  User Index 0, Is Virtual User: 0
[2020.10.28-10.58.05:361][  0]LogSlate: Slate User Registered.  User Index 0, Is Virtual User: 0
[2020.10.28-10.58.05:451][  0]LogHMD: Failed to initialize OpenVR with code 110
[2020.10.28-10.58.05:451][  0]LogD3D11RHI: D3D11 min allowed feature level: 11_0
[2020.10.28-10.58.05:451][  0]LogD3D11RHI: D3D11 max allowed feature level: 11_0
[2020.10.28-10.58.05:451][  0]LogD3D11RHI: D3D11 adapters:
[2020.10.28-10.58.05:509][  0]LogD3D11RHI:    0. 'NVIDIA GeForce GTX 1060 6GB' (Feature Level 11_0)
[2020.10.28-10.58.05:509][  0]LogD3D11RHI:       6052/0/8168 MB DedicatedVideo/DedicatedSystem/SharedSystem, Outputs:1, VendorId:0x10de
[2020.10.28-10.58.05:511][  0]LogD3D11RHI:    1. 'Microsoft Basic Render Driver' (Feature Level 11_0)
[2020.10.28-10.58.05:511][  0]LogD3D11RHI:       0/0/8168 MB DedicatedVideo/DedicatedSystem/SharedSystem, Outputs:0, VendorId:0x1414
[2020.10.28-10.58.05:511][  0]LogD3D11RHI: Chosen D3D11 Adapter: 0
[2020.10.28-10.58.05:518][  0]LogD3D11RHI: Creating new Direct3DDevice
[2020.10.28-10.58.05:518][  0]LogD3D11RHI:     GPU DeviceId: 0x1c03 (for the marketing name, search the web for "GPU Device Id")
[2020.10.28-10.58.05:518][  0]LogWindows: EnumDisplayDevices:
[2020.10.28-10.58.05:518][  0]LogWindows:    0. 'NVIDIA GeForce GTX 1060 6GB' (P:1 D:1)
[2020.10.28-10.58.05:519][  0]LogWindows:    1. 'NVIDIA GeForce GTX 1060 6GB' (P:0 D:0)
[2020.10.28-10.58.05:519][  0]LogWindows:    2. 'NVIDIA GeForce GTX 1060 6GB' (P:0 D:0)
[2020.10.28-10.58.05:519][  0]LogWindows:    3. 'NVIDIA GeForce GTX 1060 6GB' (P:0 D:0)
[2020.10.28-10.58.05:519][  0]LogWindows: DebugString: FoundDriverCount:4 
[2020.10.28-10.58.05:519][  0]LogD3D11RHI:     Adapter Name: NVIDIA GeForce GTX 1060 6GB
[2020.10.28-10.58.05:519][  0]LogD3D11RHI:   Driver Version: 432.00 (internal:26.21.14.3200, unified:432.00)
[2020.10.28-10.58.05:519][  0]LogD3D11RHI:      Driver Date: 7-24-2019
[2020.10.28-10.58.05:519][  0]LogRHI: Texture pool is 4236 MB (70% of 6052 MB)
[2020.10.28-10.58.05:551][  0]LogD3D11RHI: RHI has support for 64 bit atomics
[2020.10.28-10.58.05:551][  0]LogD3D11RHI: Async texture creation enabled
[2020.10.28-10.58.05:551][  0]LogD3D11RHI: Array index from any shader is supported
[2020.10.28-10.58.05:607][  0]LogD3D11RHI: GPU Timing Frequency: 1000.000000 (Debug: 2 1)
[2020.10.28-10.58.06:872][  0]LogTargetPlatformManager: Display: Loaded TargetPlatform 'AllDesktop'
[2020.10.28-10.58.06:888][  0]LogTargetPlatformManager: Display: Loaded TargetPlatform 'Android'
[2020.10.28-10.58.06:888][  0]LogTargetPlatformManager: Display: Loaded TargetPlatform 'Android_ASTC'
[2020.10.28-10.58.06:889][  0]LogTargetPlatformManager: Display: Loaded TargetPlatform 'Android_DXT'
[2020.10.28-10.58.06:889][  0]LogTargetPlatformManager: Display: Loaded TargetPlatform 'Android_ETC2'
[2020.10.28-10.58.06:889][  0]LogTargetPlatformManager: Display: Loaded TargetPlatform 'AndroidClient'
[2020.10.28-10.58.06:889][  0]LogTargetPlatformManager: Display: Loaded TargetPlatform 'Android_ASTCClient'
[2020.10.28-10.58.06:889][  0]LogTargetPlatformManager: Display: Loaded TargetPlatform 'Android_DXTClient'
[2020.10.28-10.58.06:889][  0]LogTargetPlatformManager: Display: Loaded TargetPlatform 'Android_ETC2Client'
[2020.10.28-10.58.06:889][  0]LogTargetPlatformManager: Display: Loaded TargetPlatform 'Android_Multi'
[2020.10.28-10.58.06:889][  0]LogTargetPlatformManager: Display: Loaded TargetPlatform 'Android_MultiClient'
[2020.10.28-10.58.06:906][  0]LogTargetPlatformManager: Display: Loaded TargetPlatform 'IOSClient'
[2020.10.28-10.58.06:906][  0]LogTargetPlatformManager: Display: Loaded TargetPlatform 'IOS'
[2020.10.28-10.58.06:915][  0]LogTargetPlatformManager: Display: Loaded TargetPlatform 'Linux'
[2020.10.28-10.58.06:923][  0]LogTargetPlatformManager: Display: Loaded TargetPlatform 'LinuxNoEditor'
[2020.10.28-10.58.06:931][  0]LogTargetPlatformManager: Display: Loaded TargetPlatform 'LinuxClient'
[2020.10.28-10.58.06:938][  0]LogTargetPlatformManager: Display: Loaded TargetPlatform 'LinuxServer'
[2020.10.28-10.58.06:945][  0]LogTargetPlatformManager: Display: Loaded TargetPlatform 'LinuxAArch64NoEditor'
[2020.10.28-10.58.06:953][  0]LogTargetPlatformManager: Display: Loaded TargetPlatform 'LinuxAArch64Client'
[2020.10.28-10.58.06:960][  0]LogTargetPlatformManager: Display: Loaded TargetPlatform 'LinuxAArch64Server'
[2020.10.28-10.58.06:980][  0]LogTargetPlatformManager: Display: Loaded TargetPlatform 'Lumin'
[2020.10.28-10.58.06:980][  0]LogTargetPlatformManager: Display: Loaded TargetPlatform 'LuminClient'
[2020.10.28-10.58.06:993][  0]LogTargetPlatformManager: Display: Loaded TargetPlatform 'TVOSClient'
[2020.10.28-10.58.06:993][  0]LogTargetPlatformManager: Display: Loaded TargetPlatform 'TVOS'
[2020.10.28-10.58.07:000][  0]LogTargetPlatformManager: Display: Loaded TargetPlatform 'WindowsNoEditor'
[2020.10.28-10.58.07:008][  0]LogTargetPlatformManager: Display: Loaded TargetPlatform 'Windows'
[2020.10.28-10.58.07:016][  0]LogTargetPlatformManager: Display: Loaded TargetPlatform 'WindowsClient'
[2020.10.28-10.58.07:023][  0]LogTargetPlatformManager: Display: Loaded TargetPlatform 'WindowsServer'
[2020.10.28-10.58.07:023][  0]LogTargetPlatformManager: Display: Building Assets For Windows
[2020.10.28-10.58.07:029][  0]LogAudioDebug: Display: Lib vorbis DLL was dynamically loaded.
[2020.10.28-10.58.07:074][  0]LogShaderCompilers: Guid format shader working directory is 0 characters bigger than the processId version (../../../../../Alias_desktop/GitHub/JAM_UE4/Jam_UE4/Intermediate/Shaders/WorkingDirectory/1816/).
[2020.10.28-10.58.07:074][  0]LogShaderCompilers: Cleaned the shader compiler working directory 'C:/Users/game3.ETPA/AppData/Local/Temp/UnrealShaderWorkingDir/06964BD94B56CAF1A4CDB9A8E593D196/'.
[2020.10.28-10.58.07:075][  0]LogXGEController: Cannot use XGE Controller as Incredibuild is not installed on this machine.
[2020.10.28-10.58.07:075][  0]LogShaderCompilers: Cannot use XGE Shader Compiler as Incredibuild is not installed on this machine.
[2020.10.28-10.58.07:075][  0]LogShaderCompilers: Display: Using Local Shader Compiler.
[2020.10.28-10.58.07:755][  0]LogDerivedDataCache: Display: Max Cache Size: 512 MB
[2020.10.28-10.58.07:799][  0]LogDerivedDataCache: Loaded boot cache 0.04s 75MB C:/Users/game3.ETPA/AppData/Local/UnrealEngine/4.25/DerivedDataCache/Boot.ddc.
[2020.10.28-10.58.07:799][  0]LogDerivedDataCache: Display: Loaded Boot cache: C:/Users/game3.ETPA/AppData/Local/UnrealEngine/4.25/DerivedDataCache/Boot.ddc
[2020.10.28-10.58.07:799][  0]LogDerivedDataCache: FDerivedDataBackendGraph:  Pak pak cache file ../../../../../Alias_desktop/GitHub/JAM_UE4/Jam_UE4/DerivedDataCache/DDC.ddp not found, will not use a pak cache.
[2020.10.28-10.58.07:799][  0]LogDerivedDataCache: Unable to find inner node Pak for hierarchical cache Hierarchy.
[2020.10.28-10.58.07:799][  0]LogDerivedDataCache: FDerivedDataBackendGraph:  CompressedPak pak cache file ../../../../../Alias_desktop/GitHub/JAM_UE4/Jam_UE4/DerivedDataCache/Compressed.ddp not found, will not use a pak cache.
[2020.10.28-10.58.07:799][  0]LogDerivedDataCache: Unable to find inner node CompressedPak for hierarchical cache Hierarchy.
[2020.10.28-10.58.07:808][  0]LogDerivedDataCache: Display: Pak cache opened for reading ../../../Engine/DerivedDataCache/Compressed.ddp.
[2020.10.28-10.58.07:808][  0]LogDerivedDataCache: FDerivedDataBackendGraph:  EnterprisePak pak cache file ../../../Enterprise/DerivedDataCache/Compressed.ddp not found, will not use a pak cache.
[2020.10.28-10.58.07:808][  0]LogDerivedDataCache: Unable to find inner node EnterprisePak for hierarchical cache Hierarchy.
[2020.10.28-10.58.07:809][  0]LogDerivedDataCache: Using Local data cache path C:/Users/game3.ETPA/AppData/Local/UnrealEngine/Common/DerivedDataCache: Writable
[2020.10.28-10.58.07:809][  0]LogDerivedDataCache: Shared data cache path not found in *engine.ini, will not use an Shared cache.
[2020.10.28-10.58.07:809][  0]LogDerivedDataCache: Unable to find inner node Shared for hierarchical cache Hierarchy.
[2020.10.28-10.58.07:853][  0]LogSlate: Using FreeType 2.10.0
[2020.10.28-10.58.07:853][  0]LogSlate: SlateFontServices - WITH_FREETYPE: 1, WITH_HARFBUZZ: 1
[2020.10.28-10.58.07:876][  0]LogAssetRegistry: FAssetRegistry took 0.0020 seconds to start up
[2020.10.28-10.58.08:069][  0]LogInit: Selected Device Profile: [Windows]
[2020.10.28-10.58.08:163][  0]LogMeshReduction: Using QuadricMeshReduction for automatic static mesh reduction
[2020.10.28-10.58.08:163][  0]LogMeshReduction: Using SimplygonMeshReduction for automatic skeletal mesh reduction
[2020.10.28-10.58.08:163][  0]LogMeshReduction: Using ProxyLODMeshReduction for automatic mesh merging
[2020.10.28-10.58.08:163][  0]LogMeshReduction: No distributed automatic mesh merging module available
[2020.10.28-10.58.08:163][  0]LogMeshMerging: No distributed automatic mesh merging module available
[2020.10.28-10.58.08:176][  0]LogNetVersion: Jam_UE4 1.0.0, NetCL: 13144385, EngineNetVer: 14, GameNetVer: 0 (Checksum: 1665728394)
[2020.10.28-10.58.08:520][  0]LogAISub: UAISubsystem::UAISubsystem AISubsystem (000001BE33269B40), frame # 0
[2020.10.28-10.58.08:520][  0]LogAISub: UAISubsystem::UAISubsystem AIPerceptionSystem (000001BE331D4A40), frame # 0
[2020.10.28-10.58.08:521][  0]LogAISub: UAISubsystem::UAISubsystem EnvQueryManager (000001BE33214800), frame # 0
[2020.10.28-10.58.08:566][  0]LogPackageLocalizationCache: Processed 19 localized package path(s) for 1 prioritized culture(s) in 0.040211 seconds
[2020.10.28-10.58.08:571][  0]LogUObjectArray: 15917 objects as part of root set at end of initial load.
[2020.10.28-10.58.08:571][  0]LogUObjectAllocator: 3965568 out of 0 bytes used by permanent object pool.
[2020.10.28-10.58.08:571][  0]LogUObjectArray: CloseDisregardForGC: 0/0 objects in disregard for GC pool
[2020.10.28-10.58.08:824][  0]LogTcpMessaging: Initializing TcpMessaging bridge
[2020.10.28-10.58.08:827][  0]LogUdpMessaging: Initializing bridge on interface 0.0.0.0:0 to multicast group 230.0.0.1:6666.
[2020.10.28-10.58.08:866][  0]LogLinker: Warning: Failed to load '/Game/TopDownCPP/TopDownOverview': Can't find file.
[2020.10.28-10.58.08:866][  0]LogLinker: Warning: Failed to load '/Game/TopDownCPP/TopDownOverview': Can't find file.
[2020.10.28-10.58.08:866][  0]LogUObjectGlobals: Warning: Failed to find object 'Class /Game/TopDownCPP/TopDownOverview.TopDownOverview_C'
[2020.10.28-10.58.08:891][  0]SourceControl: Source control is disabled
[2020.10.28-10.58.08:891][  0]SourceControl: Source control is disabled
[2020.10.28-10.58.08:894][  0]SourceControl: Source control is disabled
[2020.10.28-10.58.08:896][  0]SourceControl: Source control is disabled
[2020.10.28-10.58.08:901][  0]SourceControl: Source control is disabled
[2020.10.28-10.58.09:082][  0]LogAndroidPermission: UAndroidPermissionCallbackProxy::GetInstance
[2020.10.28-10.58.09:098][  0]LogAudioCaptureCore: Display: No Audio Capture implementations found. Audio input will be silent.
[2020.10.28-10.58.09:098][  0]LogAudioCaptureCore: Display: No Audio Capture implementations found. Audio input will be silent.
[2020.10.28-10.58.09:138][  0]LogOcInput: OculusInput pre-init called
[2020.10.28-10.58.09:145][  0]LogWindows: Failed to load 'OVRPlugin.dll' (GetLastError=126)
[2020.10.28-10.58.09:145][  0]LogWindows: File 'OVRPlugin.dll' does not exist
[2020.10.28-10.58.09:196][  0]LogEngine: Initializing Engine...
[2020.10.28-10.58.09:197][  0]LogHMD: Failed to initialize OpenVR with code 110
[2020.10.28-10.58.09:197][  0]LogMagicLeap: Warning: VR disabled because ZI is not enabled.  To enable, in the editor, Edit -> Project Settings -> Plugins -> Magic Leap Plugin -> Enable Zero Iteration
[2020.10.28-10.58.09:198][  0]LogStats: UGameplayTagsManager::InitializeManager -  0.000 s
[2020.10.28-10.58.09:295][  0]LogInit: Initializing FReadOnlyCVARCache
[2020.10.28-10.58.09:304][  0]LogAIModule: Creating AISystem for world Untitled
[2020.10.28-10.58.09:304][  0]LogAISub: UAISubsystem::UAISubsystem EnvQueryManager (000001BE352D9C00), frame # 0
[2020.10.28-10.58.09:304][  0]LogAISub: UAISubsystem::UAISubsystem AIPerceptionSystem (000001BE35308A40), frame # 0
[2020.10.28-10.58.09:309][  0]LogAudioMixer: Display: Audio Mixer Platform Settings:
[2020.10.28-10.58.09:309][  0]LogAudioMixer: Display: 	Sample Rate:						  48000
[2020.10.28-10.58.09:309][  0]LogAudioMixer: Display: 	Callback Buffer Frame Size Requested: 1024
[2020.10.28-10.58.09:309][  0]LogAudioMixer: Display: 	Callback Buffer Frame Size To Use:	  1024
[2020.10.28-10.58.09:309][  0]LogAudioMixer: Display: 	Number of buffers to queue:			  2
[2020.10.28-10.58.09:309][  0]LogAudioMixer: Display: 	Max Channels (voices):				  32
[2020.10.28-10.58.09:309][  0]LogAudioMixer: Display: 	Number of Async Source Workers:		  0
[2020.10.28-10.58.09:309][  0]LogAudio: Display: AudioDevice MaxSources: 32
[2020.10.28-10.58.09:310][  0]LogAudio: Display: Using built-in audio occlusion.
[2020.10.28-10.58.09:310][  0]LogAudioMixer: Display: Initializing audio mixer.
[2020.10.28-10.58.09:321][  0]LogAudioMixer: Display: 0: FrontLeft
[2020.10.28-10.58.09:321][  0]LogAudioMixer: Display: 1: FrontRight
[2020.10.28-10.58.09:367][  0]LogAudioMixer: Display: Using Audio Device Haut-parleurs (Realtek(R) Audio)
[2020.10.28-10.58.09:368][  0]LogAudioMixer: Display: Initializing Sound Submixes...
[2020.10.28-10.58.09:370][  0]LogAudioMixer: Display: Creating Master Submix 'MasterSubmixDefault'
[2020.10.28-10.58.09:370][  0]LogAudioMixer: Display: Creating Master Submix 'MasterReverbSubmixDefault'
[2020.10.28-10.58.09:371][  0]LogAudioMixer: Display: Creating Master Submix 'MasterEQSubmixDefault'
[2020.10.28-10.58.09:371][  0]LogInit: FAudioDevice initialized.
[2020.10.28-10.58.09:372][  0]LogNetVersion: Set ProjectVersion to 1.0.0.0. Version Checksum will be recalculated on next use.
[2020.10.28-10.58.09:452][  0]LogDerivedDataCache: Saved boot cache 0.08s 75MB C:/Users/game3.ETPA/AppData/Local/UnrealEngine/4.25/DerivedDataCache/Boot.ddc.
[2020.10.28-10.58.09:454][  0]LogInit: Texture streaming: Enabled
[2020.10.28-10.58.09:468][  0]LogEngineSessionManager: EngineSessionManager initialized
[2020.10.28-10.58.09:468][  0]LogEditorSessionSummary: Verbose: Initializing EditorSessionSummaryWriter for editor session tracking
[2020.10.28-10.58.09:470][  0]LogEditorSessionSummary: EditorSessionSummaryWriter initialized
[2020.10.28-10.58.09:505][  0]LogInit: Transaction tracking system initialized
[2020.10.28-10.58.09:523][  0]BlueprintLog: New page: Editor Load
[2020.10.28-10.58.09:578][  0]LocalizationService: Localization service is disabled
[2020.10.28-10.58.09:694][  0]LogCook: Display: Max memory allowance for cook 16384mb min free memory 0mb
[2020.10.28-10.58.09:694][  0]LogCook: Display: Mobile HDR setting 1
[2020.10.28-10.58.09:794][  0]LogFileCache: Scanning file cache for directory 'F:/Alias_desktop/GitHub/JAM_UE4/Jam_UE4/Content/' took 0.00s
[2020.10.28-10.58.09:981][  0]SourceControl: Source control is disabled
[2020.10.28-10.58.09:981][  0]LogUnrealEdMisc: Loading editor; pre map load, took 5.482
[2020.10.28-10.58.09:981][  0]Cmd: MAP LOAD FILE="../../../../../Alias_desktop/GitHub/JAM_UE4/Jam_UE4/Content/StarterContent/Maps/Minimal_Default.umap" TEMPLATE=0 SHOWPROGRESS=1 FEATURELEVEL=3
[2020.10.28-10.58.09:981][  0]LightingResults: New page: Lighting Build
[2020.10.28-10.58.09:982][  0]LogWorld: UWorld::CleanupWorld for Untitled, bSessionEnded=true, bCleanupResources=true
[2020.10.28-10.58.09:982][  0]LogSlate: InvalidateAllWidgets triggered.  All widgets were invalidated
[2020.10.28-10.58.09:982][  0]MapCheck: New page: Map Check
[2020.10.28-10.58.09:982][  0]LightingResults: New page: Lighting Build
[2020.10.28-10.58.09:990][  0]LogAISub: UAISubsystem::~UAISubsystem EnvQueryManager (000001BE352D9C00), frame # 0
[2020.10.28-10.58.09:990][  0]LogAISub: UAISubsystem::~UAISubsystem AIPerceptionSystem (000001BE35308A40), frame # 0
[2020.10.28-10.58.09:991][  0]LogUObjectHash: Compacting FUObjectHashTables data took   0.60ms
[2020.10.28-10.58.10:078][  0]LogAIModule: Creating AISystem for world Minimal_Default
[2020.10.28-10.58.10:078][  0]LogAISub: UAISubsystem::UAISubsystem EnvQueryManager (000001BE3FD11200), frame # 0
[2020.10.28-10.58.10:078][  0]LogAISub: UAISubsystem::UAISubsystem AIPerceptionSystem (000001BE4035AFC0), frame # 0
[2020.10.28-10.58.10:084][  0]LogEditorServer: Finished looking for orphan Actors (0.000 secs)
[2020.10.28-10.58.10:093][  0]LogUObjectHash: Compacting FUObjectHashTables data took   0.78ms
[2020.10.28-10.58.10:093][  0]Cmd: MAP CHECKDEP NOCLEARLOG
[2020.10.28-10.58.10:093][  0]MapCheck: Map check complete: 0 Error(s), 0 Warning(s), took 0,109ms to complete.
[2020.10.28-10.58.10:093][  0]LogFileHelpers: Loading map 'Minimal_Default' took 0.113
[2020.10.28-10.58.10:095][  0]LogUnrealEdMisc: Total Editor Startup Time, took 5.596
[2020.10.28-10.58.10:239][  0]LogSlate: Updating window title bar state: overlay mode, drag disabled, window buttons hidden, title bar hidden
[2020.10.28-10.58.10:255][  0]LogSlate: Updating window title bar state: overlay mode, drag disabled, window buttons hidden, title bar hidden
[2020.10.28-10.58.10:272][  0]LogSlate: Updating window title bar state: overlay mode, drag disabled, window buttons hidden, title bar hidden
[2020.10.28-10.58.10:291][  0]LogSlate: Updating window title bar state: overlay mode, drag disabled, window buttons hidden, title bar hidden
[2020.10.28-10.58.10:305][  0]LogCollectionManager: Loaded 0 collections in 0.001678 seconds
[2020.10.28-10.58.10:340][  0]LogFileCache: Scanning file cache for directory 'F:/Alias_desktop/GitHub/JAM_UE4/Jam_UE4/Saved/Collections/' took 0.00s
[2020.10.28-10.58.10:340][  0]LogFileCache: Scanning file cache for directory 'F:/Alias_desktop/GitHub/JAM_UE4/Jam_UE4/Content/Developers/game3/Collections/' took 0.00s
[2020.10.28-10.58.10:340][  0]LogFileCache: Scanning file cache for directory 'F:/Alias_desktop/GitHub/JAM_UE4/Jam_UE4/Content/Collections/' took 0.00s
[2020.10.28-10.58.10:340][  0]LogContentBrowser: Native class hierarchy populated in 0.0209 seconds. Added 3430 classes and 823 folders.
[2020.10.28-10.58.10:344][  0]LogContentBrowser: Native class hierarchy updated for 'WidgetCarousel' in 0.0004 seconds. Added 0 classes and 0 folders.
[2020.10.28-10.58.10:403][  0]LogContentBrowser: Native class hierarchy updated for 'AddContentDialog' in 0.0005 seconds. Added 0 classes and 0 folders.
[2020.10.28-10.58.10:404][  0]LogContentBrowser: Native class hierarchy updated for 'SceneOutliner' in 0.0004 seconds. Added 2 classes and 0 folders.
[2020.10.28-10.58.10:446][  0]LogSlate: Took 0.000128 seconds to synchronously load lazily loaded font '../../../Engine/Content/Slate/Fonts/Roboto-Regular.ttf' (155K)
[2020.10.28-10.58.10:447][  0]LogSlate: Took 0.000092 seconds to synchronously load lazily loaded font '../../../Engine/Content/Slate/Fonts/Roboto-Bold.ttf' (160K)
[2020.10.28-10.58.10:451][  0]LogSlate: Took 0.000100 seconds to synchronously load lazily loaded font '../../../Engine/Content/Editor/Slate/Fonts/FontAwesome.ttf' (139K)
[2020.10.28-10.58.10:507][  0]LogRenderer: Reallocating scene render targets to support 1620x620 Format 10 NumSamples 1 (Frame:1).
[2020.10.28-10.58.10:542][  0]LogSlate: Took 0.000112 seconds to synchronously load lazily loaded font '../../../Engine/Content/Slate/Fonts/Roboto-Light.ttf' (167K)
[2020.10.28-10.58.10:601][  0]LogContentBrowser: Native class hierarchy updated for 'HierarchicalLODOutliner' in 0.0003 seconds. Added 0 classes and 0 folders.
[2020.10.28-10.58.10:601][  0]LogLoad: (Engine Initialization) Total time: 6.10 seconds
[2020.10.28-10.58.10:601][  0]LogLoad: (Engine Initialization) Total Blueprint compile time: 0.00 seconds
[2020.10.28-10.58.10:635][  0]LogAssetRegistry: Asset discovery search completed in 2.7600 seconds
[2020.10.28-10.58.10:638][  0]LogCollectionManager: Fixed up redirectors for 0 collections in 0.000002 seconds (updated 0 objects)
[2020.10.28-10.58.10:640][  0]LogContentStreaming: Texture pool size now 1000 MB
[2020.10.28-10.58.11:619][105]LogSlate: Took 0.000113 seconds to synchronously load lazily loaded font '../../../Engine/Content/Slate/Fonts/Roboto-Light.ttf' (167K)
[2020.10.28-10.58.16:335][616]LogSlate: Took 0.000105 seconds to synchronously load lazily loaded font '../../../Engine/Content/Slate/Fonts/DroidSansMono.ttf' (77K)
[2020.10.28-10.58.31:338][407]LogTemp: Repeating last play command: Selected Viewport
[2020.10.28-10.58.31:344][407]LogPlayLevel: PlayLevel: No blueprints needed recompiling
[2020.10.28-10.58.31:345][407]PIE: New page: PIE session: Minimal_Default (28 oct. 2020 à 12:58:31)
[2020.10.28-10.58.31:346][407]LogOnline: OSS: Creating online subsystem instance for: NULL
[2020.10.28-10.58.31:347][407]LogOnline: OSS: TryLoadSubsystemAndSetDefault: Loaded subsystem for module [NULL]
[2020.10.28-10.58.31:347][407]LogPlayLevel: Creating play world package: /Game/StarterContent/Maps/UEDPIE_0_Minimal_Default
[2020.10.28-10.58.31:350][407]LogPlayLevel: PIE: StaticDuplicateObject took: (0.002754s)
[2020.10.28-10.58.31:351][407]LogAIModule: Creating AISystem for world Minimal_Default
[2020.10.28-10.58.31:351][407]LogAISub: UAISubsystem::UAISubsystem EnvQueryManager (000001BE4C544600), frame # 2407
[2020.10.28-10.58.31:351][407]LogAISub: UAISubsystem::UAISubsystem AIPerceptionSystem (000001BE747B1BC0), frame # 2407
[2020.10.28-10.58.31:351][407]LogPlayLevel: PIE: World Init took: (0.001515s)
[2020.10.28-10.58.31:351][407]LogPlayLevel: PIE: Created PIE world by copying editor world from /Game/StarterContent/Maps/Minimal_Default.Minimal_Default to /Game/StarterContent/Maps/UEDPIE_0_Minimal_Default.Minimal_Default (0.004464s)
[2020.10.28-10.58.31:360][407]LogUObjectHash: Compacting FUObjectHashTables data took   0.51ms
[2020.10.28-10.58.31:362][407]LogAudioMixer: Display: Audio Mixer Platform Settings:
[2020.10.28-10.58.31:362][407]LogAudioMixer: Display: 	Sample Rate:						  48000
[2020.10.28-10.58.31:362][407]LogAudioMixer: Display: 	Callback Buffer Frame Size Requested: 1024
[2020.10.28-10.58.31:362][407]LogAudioMixer: Display: 	Callback Buffer Frame Size To Use:	  1024
[2020.10.28-10.58.31:362][407]LogAudioMixer: Display: 	Number of buffers to queue:			  2
[2020.10.28-10.58.31:362][407]LogAudioMixer: Display: 	Max Channels (voices):				  32
[2020.10.28-10.58.31:362][407]LogAudioMixer: Display: 	Number of Async Source Workers:		  0
[2020.10.28-10.58.31:362][407]LogAudio: Display: AudioDevice MaxSources: 32
[2020.10.28-10.58.31:362][407]LogAudio: Display: Using built-in audio occlusion.
[2020.10.28-10.58.31:362][407]LogAudioMixer: Display: Initializing audio mixer.
[2020.10.28-10.58.31:369][407]LogAudioMixer: Display: 0: FrontLeft
[2020.10.28-10.58.31:369][407]LogAudioMixer: Display: 1: FrontRight
[2020.10.28-10.58.31:399][407]LogAudioMixer: Display: Using Audio Device Haut-parleurs (Realtek(R) Audio)
[2020.10.28-10.58.31:399][407]LogAudioMixer: Display: Initializing Sound Submixes...
[2020.10.28-10.58.31:399][407]LogAudioMixer: Display: Creating Master Submix 'MasterSubmixDefault'
[2020.10.28-10.58.31:399][407]LogAudioMixer: Display: Creating Master Submix 'MasterReverbSubmixDefault'
[2020.10.28-10.58.31:399][407]LogAudioMixer: Display: Creating Master Submix 'MasterEQSubmixDefault'
[2020.10.28-10.58.31:411][407]LogInit: FAudioDevice initialized.
[2020.10.28-10.58.31:421][407]LogLoad: Game class is 'GameModeBase'
[2020.10.28-10.58.31:422][407]LogWorld: Bringing World /Game/StarterContent/Maps/UEDPIE_0_Minimal_Default.Minimal_Default up for play (max tick rate 0) at 2020.10.28-11.58.31
[2020.10.28-10.58.31:422][407]LogWorld: Bringing up level for play took: 0.000520
[2020.10.28-10.58.31:422][407]LogOnline: OSS: Creating online subsystem instance for: :Context_1
[2020.10.28-10.58.31:448][407]LogContentBrowser: Native class hierarchy updated for 'MovieSceneCapture' in 0.0004 seconds. Added 20 classes and 0 folders.
[2020.10.28-10.58.31:449][407]PIE: Server logged in
[2020.10.28-10.58.31:450][407]PIE: Play in editor total start time 0,107 seconds.
[2020.10.28-10.58.39:200][326]LogSlate: Updating window title bar state: overlay mode, drag disabled, window buttons hidden, title bar hidden
[2020.10.28-10.58.39:200][326]LogWorld: BeginTearingDown for /Game/StarterContent/Maps/UEDPIE_0_Minimal_Default
[2020.10.28-10.58.39:200][326]LogWorld: UWorld::CleanupWorld for Minimal_Default, bSessionEnded=true, bCleanupResources=true
[2020.10.28-10.58.39:200][326]LogSlate: InvalidateAllWidgets triggered.  All widgets were invalidated
[2020.10.28-10.58.39:207][326]LogPlayLevel: Display: Shutting down PIE online subsystems
[2020.10.28-10.58.39:208][326]LogSlate: InvalidateAllWidgets triggered.  All widgets were invalidated
[2020.10.28-10.58.39:233][326]LogSlate: Updating window title bar state: overlay mode, drag disabled, window buttons hidden, title bar hidden
[2020.10.28-10.58.39:234][326]LogAISub: UAISubsystem::~UAISubsystem AIPerceptionSystem (000001BE747B1BC0), frame # 3326
[2020.10.28-10.58.39:234][326]LogAISub: UAISubsystem::~UAISubsystem EnvQueryManager (000001BE4C544600), frame # 3326
[2020.10.28-10.58.39:235][326]LogUObjectHash: Compacting FUObjectHashTables data took   0.51ms
[2020.10.28-10.58.39:279][328]LogPlayLevel: Display: Destroying online subsystem :Context_1
[2020.10.28-10.59.08:401][718]LogTemp: Repeating last play command: Selected Viewport
[2020.10.28-10.59.08:407][718]LogPlayLevel: PlayLevel: No blueprints needed recompiling
[2020.10.28-10.59.08:408][718]PIE: New page: PIE session: Minimal_Default (28 oct. 2020 à 12:59:08)
[2020.10.28-10.59.08:449][718]LogPlayLevel: Creating play world package: /Game/StarterContent/Maps/UEDPIE_0_Minimal_Default
[2020.10.28-10.59.08:452][718]LogPlayLevel: PIE: StaticDuplicateObject took: (0.002745s)
[2020.10.28-10.59.08:454][718]LogAIModule: Creating AISystem for world Minimal_Default
[2020.10.28-10.59.08:454][718]LogAISub: UAISubsystem::UAISubsystem EnvQueryManager (000001BE4CB6CA00), frame # 3718
[2020.10.28-10.59.08:454][718]LogAISub: UAISubsystem::UAISubsystem AIPerceptionSystem (000001BE21E1F380), frame # 3718
[2020.10.28-10.59.08:454][718]LogPlayLevel: PIE: World Init took: (0.001517s)
[2020.10.28-10.59.08:454][718]LogPlayLevel: PIE: Created PIE world by copying editor world from /Game/StarterContent/Maps/Minimal_Default.Minimal_Default to /Game/StarterContent/Maps/UEDPIE_0_Minimal_Default.Minimal_Default (0.004445s)
[2020.10.28-10.59.08:462][718]LogUObjectHash: Compacting FUObjectHashTables data took   0.47ms
[2020.10.28-10.59.08:463][718]LogAudioMixer: Display: Audio Mixer Platform Settings:
[2020.10.28-10.59.08:463][718]LogAudioMixer: Display: 	Sample Rate:						  48000
[2020.10.28-10.59.08:463][718]LogAudioMixer: Display: 	Callback Buffer Frame Size Requested: 1024
[2020.10.28-10.59.08:463][718]LogAudioMixer: Display: 	Callback Buffer Frame Size To Use:	  1024
[2020.10.28-10.59.08:463][718]LogAudioMixer: Display: 	Number of buffers to queue:			  2
[2020.10.28-10.59.08:463][718]LogAudioMixer: Display: 	Max Channels (voices):				  32
[2020.10.28-10.59.08:463][718]LogAudioMixer: Display: 	Number of Async Source Workers:		  0
[2020.10.28-10.59.08:463][718]LogAudio: Display: AudioDevice MaxSources: 32
[2020.10.28-10.59.08:463][718]LogAudio: Display: Using built-in audio occlusion.
[2020.10.28-10.59.08:463][718]LogAudioMixer: Display: Initializing audio mixer.
[2020.10.28-10.59.08:470][718]LogAudioMixer: Display: 0: FrontLeft
[2020.10.28-10.59.08:471][718]LogAudioMixer: Display: 1: FrontRight
[2020.10.28-10.59.08:502][718]LogAudioMixer: Display: Using Audio Device Haut-parleurs (Realtek(R) Audio)
[2020.10.28-10.59.08:502][718]LogAudioMixer: Display: Initializing Sound Submixes...
[2020.10.28-10.59.08:502][718]LogAudioMixer: Display: Creating Master Submix 'MasterSubmixDefault'
[2020.10.28-10.59.08:502][718]LogAudioMixer: Display: Creating Master Submix 'MasterReverbSubmixDefault'
[2020.10.28-10.59.08:503][718]LogAudioMixer: Display: Creating Master Submix 'MasterEQSubmixDefault'
[2020.10.28-10.59.08:515][718]LogInit: FAudioDevice initialized.
[2020.10.28-10.59.08:524][718]LogLoad: Game class is 'GameModeBase'
[2020.10.28-10.59.08:525][718]LogWorld: Bringing World /Game/StarterContent/Maps/UEDPIE_0_Minimal_Default.Minimal_Default up for play (max tick rate 0) at 2020.10.28-11.59.08
[2020.10.28-10.59.08:526][718]LogWorld: Bringing up level for play took: 0.000695
[2020.10.28-10.59.08:526][718]LogOnline: OSS: Creating online subsystem instance for: :Context_2
[2020.10.28-10.59.08:528][718]PIE: Server logged in
[2020.10.28-10.59.08:528][718]PIE: Play in editor total start time 0,122 seconds.
[2020.10.28-10.59.18:141][864]LogSlate: Updating window title bar state: overlay mode, drag disabled, window buttons hidden, title bar hidden
[2020.10.28-10.59.18:141][864]LogWorld: BeginTearingDown for /Game/StarterContent/Maps/UEDPIE_0_Minimal_Default
[2020.10.28-10.59.18:142][864]LogWorld: UWorld::CleanupWorld for Minimal_Default, bSessionEnded=true, bCleanupResources=true
[2020.10.28-10.59.18:142][864]LogSlate: InvalidateAllWidgets triggered.  All widgets were invalidated
[2020.10.28-10.59.18:152][864]LogPlayLevel: Display: Shutting down PIE online subsystems
[2020.10.28-10.59.18:154][864]LogSlate: InvalidateAllWidgets triggered.  All widgets were invalidated
[2020.10.28-10.59.18:175][864]LogSlate: Updating window title bar state: overlay mode, drag disabled, window buttons hidden, title bar hidden
[2020.10.28-10.59.18:207][864]LogAISub: UAISubsystem::~UAISubsystem AIPerceptionSystem (000001BE21E1F380), frame # 4864
[2020.10.28-10.59.18:207][864]LogAISub: UAISubsystem::~UAISubsystem EnvQueryManager (000001BE4CB6CA00), frame # 4864
[2020.10.28-10.59.18:208][864]LogUObjectHash: Compacting FUObjectHashTables data took   0.82ms
[2020.10.28-10.59.18:233][865]LogPlayLevel: Display: Destroying online subsystem :Context_2
[2020.10.28-11.02.19:079][551]LogAssetEditorSubsystem: Opening Asset editor for Blueprint /Game/StarterContent/Blueprints/Gems/Gem_BP.Gem_BP
[2020.10.28-11.02.19:248][551]LogContentBrowser: Native class hierarchy updated for 'BlueprintGraph' in 0.0005 seconds. Added 125 classes and 0 folders.
[2020.10.28-11.02.20:001][551]LogActor: Warning: Gem_BP_C /Engine/Transient.World_0:PersistentLevel.Gem_BP_C_0 has natively added scene component(s), but none of them were set as the actor's RootComponent - picking one arbitrarily
[2020.10.28-11.02.20:005][551]LogSlate: Took 0.000135 seconds to synchronously load lazily loaded font '../../../Engine/Content/Slate/Fonts/Roboto-BoldCondensed.ttf' (158K)
[2020.10.28-11.02.22:356][819]LogSlate: Window 'Gem_BP' being destroyed
[2020.10.28-11.02.22:567][843]LogSlate: Took 0.000119 seconds to synchronously load lazily loaded font '../../../Engine/Content/Slate/Fonts/Roboto-Italic.ttf' (157K)
[2020.10.28-11.07.46:264][244]LogUObjectHash: Compacting FUObjectHashTables data took   1.67ms
[2020.10.28-11.07.46:281][244]LogSavePackage: Moving '../../../../../Alias_desktop/GitHub/JAM_UE4/Jam_UE4/Saved/Minimal_Default907D103648BB5C325786299E38BDB5F2.tmp' to '../../../../../Alias_desktop/GitHub/JAM_UE4/Jam_UE4/Content/StarterContent/Maps/Minimal_Default.umap'
[2020.10.28-11.07.46:334][244]LogSavePackage: Moving '../../../../../Alias_desktop/GitHub/JAM_UE4/Jam_UE4/Saved/Minimal_Default_BuiltDataB3D023A046CB20212EB693A601F7A83C.tmp' to '../../../../../Alias_desktop/GitHub/JAM_UE4/Jam_UE4/Content/StarterContent/Maps/Minimal_Default_BuiltData.uasset'
[2020.10.28-11.07.46:347][244]AssetCheck: New page: Asset Save: multiple assets
[2020.10.28-11.07.46:347][244]LogContentValidation: Display: Validating World /Game/StarterContent/Maps/Minimal_Default.Minimal_Default
[2020.10.28-11.07.46:347][244]LogContentValidation: Display: Validating MapBuildDataRegistry /Game/StarterContent/Maps/Minimal_Default_BuiltData.Minimal_Default_BuiltData
[2020.10.28-11.10.11:131][906]LogHttp: Warning: 000001BE6EB85600: invalid HTTP response code received. URL: https://datarouter.ol.epicgames.com/datarouter/api/v1/public/data?SessionID=%7BD39B4972-4198-3DAD-3016-6883268B620F%7D&AppID=UEEditor.Rocket.Release&AppVersion=4.25.4-14469661%2B%2B%2BUE4%2BRelease-4.25&UserID=4deb30824ae5b8ff8b5b5eb362db95fd%7Ce255ba8a8c4a44ea94ddaaf96be303ad%7Cdf8de1d6-3ec5-41a2-8774-1aa9a693d685&AppEnvironment=datacollector-source&UploadType=eteventstream, HTTP code: 0, content length: 0, actual payload size: 0
[2020.10.28-11.10.11:131][906]LogHttp: Warning: 000001BE6EB85600: request failed, libcurl error: 56 (Failure when receiving data from the peer)
[2020.10.28-11.10.11:131][906]LogHttp: Warning: 000001BE6EB85600: libcurl info message cache 0 (Found bundle for host datarouter.ol.epicgames.com: 0x1be7658ff70 [can pipeline])
[2020.10.28-11.10.11:131][906]LogHttp: Warning: 000001BE6EB85600: libcurl info message cache 1 (Re-using existing connection! (#3) with host datarouter.ol.epicgames.com)
[2020.10.28-11.10.11:131][906]LogHttp: Warning: 000001BE6EB85600: libcurl info message cache 2 (Connected to datarouter.ol.epicgames.com (18.235.122.237) port 443 (#3))
[2020.10.28-11.10.11:131][906]LogHttp: Warning: 000001BE6EB85600: libcurl info message cache 3 (We are completely uploaded and fine)
[2020.10.28-11.10.11:131][906]LogHttp: Warning: 000001BE6EB85600: libcurl info message cache 4 (OpenSSL SSL_read: SSL_ERROR_SYSCALL, errno 10054)
[2020.10.28-11.10.11:131][906]LogHttp: Warning: 000001BE6EB85600: libcurl info message cache 5 (Connection died, retrying a fresh connect)
[2020.10.28-11.10.11:131][906]LogHttp: Warning: 000001BE6EB85600: libcurl info message cache 6 (necessary data rewind wasn't possible)
[2020.10.28-11.10.11:131][906]LogHttp: Warning: 000001BE6EB85600: libcurl info message cache 7 (Closing connection 3)
[2020.10.28-11.10.11:131][906]LogHttp: Warning: Retry exhausted on https://datarouter.ol.epicgames.com/datarouter/api/v1/public/data?SessionID=%7BD39B4972-4198-3DAD-3016-6883268B620F%7D&AppID=UEEditor.Rocket.Release&AppVersion=4.25.4-14469661%2B%2B%2BUE4%2BRelease-4.25&UserID=4deb30824ae5b8ff8b5b5eb362db95fd%7Ce255ba8a8c4a44ea94ddaaf96be303ad%7Cdf8de1d6-3ec5-41a2-8774-1aa9a693d685&AppEnvironment=datacollector-source&UploadType=eteventstream
[2020.10.28-11.20.35:978][433]LogHotReload: New module detected: UE4Editor-Jam_UE4-0019.dll
[2020.10.28-11.20.37:332][438]LogHotReload: Starting Hot-Reload from IDE
[2020.10.28-11.20.37:357][438]LogClass: Could not find existing class Gem in package /Script/Jam_UE4 for HotReload, assuming new class
[2020.10.28-11.20.37:357][438]LogClass: Function InstantiateGem is new.
[2020.10.28-11.20.37:357][438]LogClass: Function NotifyActorBeginOverlap is new.
[2020.10.28-11.20.37:364][438]LogHotReload: Re-instancing Gem after hot-reload.
[2020.10.28-11.20.37:368][438]LogActor: Warning: Gem_BP_C /Game/StarterContent/Maps/Minimal_Default.Minimal_Default:PersistentLevel.Gem_BP_2 has natively added scene component(s), but none of them were set as the actor's RootComponent - picking one arbitrarily
[2020.10.28-11.20.37:368][438]LogActor: Warning: Gem_BP_C /Engine/Transient.World_0:PersistentLevel.Gem_BP_C_0 has natively added scene component(s), but none of them were set as the actor's RootComponent - picking one arbitrarily
[2020.10.28-11.20.37:397][438]LogContentBrowser: Native class hierarchy updated for 'Jam_UE4' in 0.0003 seconds. Added 3 classes and 2 folders.
[2020.10.28-11.20.37:399][438]Display: HotReload successful (0 functions remapped  0 scriptstructs remapped)
[2020.10.28-11.20.37:466][438]LogContentBrowser: Native class hierarchy populated in 0.0088 seconds. Added 3430 classes and 823 folders.
[2020.10.28-11.20.37:470][438]Display: HotReload took  0.1s.
[2020.10.28-11.28.52:796][ 79]LogHotReload: New module detected: UE4Editor-Jam_UE4-0021.dll
[2020.10.28-11.28.54:821][ 86]LogHotReload: Starting Hot-Reload from IDE
[2020.10.28-11.28.54:857][ 86]LogHotReload: Re-instancing Gem after hot-reload.
[2020.10.28-11.28.54:861][ 86]LogActor: Warning: Gem_BP_C /Game/StarterContent/Maps/Minimal_Default.Minimal_Default:PersistentLevel.Gem_BP_2 has natively added scene component(s), but none of them were set as the actor's RootComponent - picking one arbitrarily
[2020.10.28-11.28.54:861][ 86]LogActor: Warning: Gem_BP_C /Engine/Transient.World_0:PersistentLevel.Gem_BP_C_0 has natively added scene component(s), but none of them were set as the actor's RootComponent - picking one arbitrarily
[2020.10.28-11.28.54:893][ 86]LogContentBrowser: Native class hierarchy updated for 'Jam_UE4' in 0.0004 seconds. Added 3 classes and 2 folders.
[2020.10.28-11.28.54:896][ 86]Display: HotReload successful (2 functions remapped  0 scriptstructs remapped)
[2020.10.28-11.28.54:983][ 86]LogContentBrowser: Native class hierarchy populated in 0.0077 seconds. Added 3430 classes and 823 folders.
[2020.10.28-11.28.54:987][ 86]Display: HotReload took  0.2s.
[2020.10.28-12.42.10:248][483]LogSlate: WidgetSwitcher ('None') active index changed to -1
[2020.10.28-12.42.10:248][483]LogSlate: WidgetSwitcher ('None') active index changed to 0
[2020.10.28-12.42.12:034][664]LogSlate: Took 0.001286 seconds to synchronously load lazily loaded font '../../../Engine/Content/Slate/Fonts/DroidSansFallback.ttf' (3848K)
[2020.10.28-12.42.26:619][263]LogSlate: Window 'Add C++ Class' being destroyed
[2020.10.28-12.42.32:732][937]LogSlate: WidgetSwitcher ('None') active index changed to -1
[2020.10.28-12.42.32:732][937]LogSlate: WidgetSwitcher ('None') active index changed to 0
[2020.10.28-12.42.42:341][937]LogSlate: WidgetSwitcher ('None') active index changed to 1
[2020.10.28-12.43.11:291][937]Running F:/Program Files/UE_4.25/Engine/Binaries/DotNET/UnrealBuildTool.exe  -projectfiles -project="F:/Alias_desktop/GitHub/JAM_UE4/Jam_UE4/Jam_UE4.uproject" -game -rocket -progress
[2020.10.28-12.43.11:883][937]Discovering modules, targets and source code for project...
[2020.10.28-12.43.12:991][937]Binding IntelliSense data...
[2020.10.28-12.43.15:422][937]Binding IntelliSense data... 100%
[2020.10.28-12.43.15:422][937]Writing project files...
[2020.10.28-12.43.19:050][937]Writing project files... 100%
[2020.10.28-12.43.19:279][937]Candidate modules for hot reload:
[2020.10.28-12.43.19:279][937]  Jam_UE4
[2020.10.28-12.43.19:279][937]Launching UnrealBuildTool... [F:/Program Files/UE_4.25/Engine/Binaries/DotNET/UnrealBuildTool.exe  -ModuleWithSuffix=Jam_UE4,5509 Jam_UE4Editor Win64 Development -Project="F:/Alias_desktop/GitHub/JAM_UE4/Jam_UE4/Jam_UE4.uproject" "F:/Alias_desktop/GitHub/JAM_UE4/Jam_UE4/Jam_UE4.uproject"  -IgnoreJunk]
[2020.10.28-12.43.32:896][937]CompilerResultsLog: New page: Compilation - 28 oct. 2020 à 14:43:32
[2020.10.28-12.43.32:896][937]CompilerResultsLog: Using 'git status' to determine working set for adaptive non-unity build (F:\Alias_desktop\GitHub\JAM_UE4).
[2020.10.28-12.43.32:896][937]CompilerResultsLog: Creating makefile for Jam_UE4Editor (no existing makefile)
[2020.10.28-12.43.32:896][937]CompilerResultsLog: Parsing headers for Jam_UE4Editor
[2020.10.28-12.43.32:896][937]CompilerResultsLog:   Running UnrealHeaderTool "F:\Alias_desktop\GitHub\JAM_UE4\Jam_UE4\Jam_UE4.uproject" "F:\Alias_desktop\GitHub\JAM_UE4\Jam_UE4\Intermediate\Build\Win64\Jam_UE4Editor\Development\Jam_UE4Editor.uhtmanifest" -LogCmds="loginit warning, logexit warning, logdatabase error" -Unattended -WarningsAsErrors -abslog="C:\Users\game3.ETPA\AppData\Local\UnrealBuildTool\Log_UHT.txt" -installed
[2020.10.28-12.43.32:896][937]CompilerResultsLog: Reflection code generated for Jam_UE4Editor in 6,2548223 seconds
[2020.10.28-12.43.32:896][937]CompilerResultsLog: Building Jam_UE4Editor...
[2020.10.28-12.43.32:896][937]CompilerResultsLog: Using Visual Studio 2019 14.27.29111 toolchain (C:\Program Files (x86)\Microsoft Visual Studio\2019\Community\VC\Tools\MSVC\14.27.29110) and Windows 10.0.18362.0 SDK (C:\Program Files (x86)\Windows Kits\10).
[2020.10.28-12.43.32:896][937]CompilerResultsLog: Building 9 actions with 8 processes...
[2020.10.28-12.43.32:896][937]CompilerResultsLog:   [1/9] DropGem.cpp
[2020.10.28-12.43.32:896][937]CompilerResultsLog:   [2/9] Jam_UE4.init.gen.cpp
[2020.10.28-12.43.32:896][937]CompilerResultsLog:   [3/9] ScoreHandler.cpp
[2020.10.28-12.43.32:896][937]CompilerResultsLog:   [4/9] Gem.cpp
[2020.10.28-12.43.32:896][937]CompilerResultsLog:   [5/9] Gem.gen.cpp
[2020.10.28-12.43.32:896][937]CompilerResultsLog:   [6/9] ScoreHandler.gen.cpp
[2020.10.28-12.43.32:896][937]CompilerResultsLog:   [7/9] UE4Editor-Jam_UE4-5509.lib
[2020.10.28-12.43.32:896][937]CompilerResultsLog:      Cr?ation de la biblioth?que F:\Alias_desktop\GitHub\JAM_UE4\Jam_UE4\Intermediate\Build\Win64\UE4Editor\Development\Jam_UE4\UE4Editor-Jam_UE4-5509.lib et de l'objet F:\Alias_desktop\GitHub\JAM_UE4\Jam_UE4\Intermediate\Build\Win64\UE4Editor\Development\Jam_UE4\UE4Editor-Jam_UE4-5509.exp
[2020.10.28-12.43.32:896][937]CompilerResultsLog:   [8/9] UE4Editor-Jam_UE4-5509.dll
[2020.10.28-12.43.32:896][937]CompilerResultsLog:      Cr?ation de la biblioth?que F:\Alias_desktop\GitHub\JAM_UE4\Jam_UE4\Intermediate\Build\Win64\UE4Editor\Development\Jam_UE4\UE4Editor-Jam_UE4-5509.suppressed.lib et de l'objet F:\Alias_desktop\GitHub\JAM_UE4\Jam_UE4\Intermediate\Build\Win64\UE4Editor\Development\Jam_UE4\UE4Editor-Jam_UE4-5509.suppressed.exp
[2020.10.28-12.43.32:896][937]CompilerResultsLog:   [9/9] Jam_UE4Editor.target
[2020.10.28-12.43.32:896][937]CompilerResultsLog: Total time in Parallel executor: 5,04 seconds
[2020.10.28-12.43.32:896][937]CompilerResultsLog: Total execution time: 13,34 seconds
[2020.10.28-12.43.32:896][937]LogMainFrame: MainFrame: Module compiling took 13.621 seconds
[2020.10.28-12.43.32:922][937]LogClass: Could not find existing class ScoreHandler in package /Script/Jam_UE4 for HotReload, assuming new class
[2020.10.28-12.43.32:927][937]LogHotReload: Re-instancing Gem after hot-reload.
[2020.10.28-12.43.32:931][937]LogActor: Warning: Gem_BP_C /Game/StarterContent/Maps/Minimal_Default.Minimal_Default:PersistentLevel.Gem_BP_2 has natively added scene component(s), but none of them were set as the actor's RootComponent - picking one arbitrarily
[2020.10.28-12.43.32:932][937]LogActor: Warning: Gem_BP_C /Engine/Transient.World_0:PersistentLevel.Gem_BP_C_0 has natively added scene component(s), but none of them were set as the actor's RootComponent - picking one arbitrarily
[2020.10.28-12.43.32:972][937]LogContentBrowser: Native class hierarchy updated for 'Jam_UE4' in 0.0004 seconds. Added 4 classes and 2 folders.
[2020.10.28-12.43.32:977][937]Display: HotReload successful (2 functions remapped  0 scriptstructs remapped)
[2020.10.28-12.43.33:085][937]LogContentBrowser: Native class hierarchy populated in 0.0076 seconds. Added 3431 classes and 823 folders.
[2020.10.28-12.43.33:085][937]Display: HotReload took 13.8s.
[2020.10.28-12.43.33:101][937]Warning: HotReload operation took 13.8s.
[2020.10.28-12.43.34:177][937]LogVSAccessor: Warning: Couldn't goto line number '1' in 'F:/Alias_desktop/GitHub/JAM_UE4/Jam_UE4/Source/Jam_UE4/ScoreHandler.h'
[2020.10.28-12.43.34:362][937]LogVSAccessor: Warning: Couldn't goto line number '1' in 'F:/Alias_desktop/GitHub/JAM_UE4/Jam_UE4/Source/Jam_UE4/ScoreHandler.cpp'
[2020.10.28-12.43.34:370][937]LogSlate: Window 'Add C++ Component' being destroyed
[2020.10.28-12.43.34:755][937]LogHotReload: New module detected: UE4Editor-Jam_UE4-5509.dll
[2020.10.28-12.43.34:823][938]LogHotReload: Starting Hot-Reload from IDE
[2020.10.28-12.43.34:848][938]LogSlate: Warning: Ignoring SetUserFocus because it's not an active modal Window (user 0 not set to SAssetTileView [SAssetView.cpp(1862)].
[2020.10.28-12.43.34:864][938]LogContentBrowser: Native class hierarchy updated for 'Jam_UE4' in 0.0003 seconds. Added 4 classes and 2 folders.
[2020.10.28-12.43.34:871][938]Display: HotReload successful (0 functions remapped  0 scriptstructs remapped)
[2020.10.28-12.43.34:888][938]LogContentBrowser: Native class hierarchy populated in 0.0099 seconds. Added 3431 classes and 823 folders.
[2020.10.28-12.43.34:891][938]Display: HotReload took  0.1s.
[2020.10.28-12.43.44:762][  5]LogOutputDevice: Warning: 

Script Stack (0 frames):

[2020.10.28-12.43.44:762][  5]LogWindows: Windows GetLastError: L’opération a réussi. (0)
[2020.10.28-12.43.45:835][  5]LogWindows: Error: === Critical error: ===
[2020.10.28-12.43.45:835][  5]LogWindows: Error: 
[2020.10.28-12.43.45:835][  5]LogWindows: Error: Fatal error: [File:D:/Build/++UE4/Sync/Engine/Source/Runtime/CoreUObject/Private/UObject/Obj.cpp] [Line: 993] 
[2020.10.28-12.43.45:835][  5]LogWindows: Error: DropGem /Engine/Transient.BPGC_ARCH_FOR_CDO_DropGem_0 failed to route BeginDestroy
[2020.10.28-12.43.45:835][  5]LogWindows: Error: 
[2020.10.28-12.43.45:835][  5]LogWindows: Error: 
[2020.10.28-12.43.45:835][  5]LogWindows: Error: [Callstack] 0x00007ffdb5753b29 KERNELBASE.dll!UnknownFunction []
[2020.10.28-12.43.45:835][  5]LogWindows: Error: [Callstack] 0x00007ffd6978ec66 UE4Editor-Core.dll!UnknownFunction []
[2020.10.28-12.43.45:835][  5]LogWindows: Error: [Callstack] 0x00007ffd69792048 UE4Editor-Core.dll!UnknownFunction []
[2020.10.28-12.43.45:835][  5]LogWindows: Error: [Callstack] 0x00007ffd6951e52d UE4Editor-Core.dll!UnknownFunction []
[2020.10.28-12.43.45:835][  5]LogWindows: Error: [Callstack] 0x00007ffd68e3be5d UE4Editor-CoreUObject.dll!UnknownFunction []
[2020.10.28-12.43.45:835][  5]LogWindows: Error: [Callstack] 0x00007ffd68e1a02b UE4Editor-CoreUObject.dll!UnknownFunction []
[2020.10.28-12.43.45:835][  5]LogWindows: Error: [Callstack] 0x00007ffd68da9da3 UE4Editor-CoreUObject.dll!UnknownFunction []
[2020.10.28-12.43.45:835][  5]LogWindows: Error: [Callstack] 0x00007ffd68da900c UE4Editor-CoreUObject.dll!UnknownFunction []
[2020.10.28-12.43.45:835][  5]LogWindows: Error: [Callstack] 0x00007ffd63ac5a7b UE4Editor-UnrealEd.dll!UnknownFunction []
[2020.10.28-12.43.45:835][  5]LogWindows: Error: [Callstack] 0x00007ffd63c84bfc UE4Editor-UnrealEd.dll!UnknownFunction []
[2020.10.28-12.43.45:835][  5]LogWindows: Error: [Callstack] 0x00007ffd64033861 UE4Editor-UnrealEd.dll!UnknownFunction []
[2020.10.28-12.43.45:835][  5]LogWindows: Error: [Callstack] 0x00007ff787b27800 UE4Editor.exe!UnknownFunction []
[2020.10.28-12.43.45:835][  5]LogWindows: Error: [Callstack] 0x00007ff787b3ba7c UE4Editor.exe!UnknownFunction []
[2020.10.28-12.43.45:835][  5]LogWindows: Error: [Callstack] 0x00007ff787b3bb5a UE4Editor.exe!UnknownFunction []
[2020.10.28-12.43.45:835][  5]LogWindows: Error: [Callstack] 0x00007ff787b4e31d UE4Editor.exe!UnknownFunction []
[2020.10.28-12.43.45:835][  5]LogWindows: Error: [Callstack] 0x00007ff787b5145a UE4Editor.exe!UnknownFunction []
[2020.10.28-12.43.45:835][  5]LogWindows: Error: [Callstack] 0x00007ffdb69f7c24 KERNEL32.DLL!UnknownFunction []
[2020.10.28-12.43.45:835][  5]LogWindows: Error: [Callstack] 0x00007ffdb834cea1 ntdll.dll!UnknownFunction []
[2020.10.28-12.43.45:835][  5]LogWindows: Error: 
[2020.10.28-12.43.45:865][  5]LogExit: Executing StaticShutdownAfterError
[2020.10.28-12.43.45:874][  5]LogWindows: FPlatformMisc::RequestExit(1)
[2020.10.28-12.43.45:874][  5]LogCore: Engine exit requested (reason: Win RequestExit)
[2020.10.28-12.43.45:897][  5]Log file closed, 10/28/20 13:43:45
