Log file open, 10/28/20 11:54:31
LogInit: Display: Running engine for game: Jam_UE4
LogPlatformFile: Not using cached read wrapper
LogTaskGraph: Started task graph with 5 named threads and 23 total threads with 3 sets of task threads.
LogStats: Stats thread started at 0.176658
LogD3D11RHI: Loaded GFSDK_Aftermath_Lib.x64.dll
LogICUInternationalization: ICU TimeZone Detection - Raw Offset: +1:00, Platform Override: ''
LogPluginManager: Mounting plugin Paper2D
LogPluginManager: Mounting plugin AISupport
LogPluginManager: Mounting plugin LightPropagationVolume
LogPluginManager: Mounting plugin CameraShakePreviewer
LogPluginManager: Mounting plugin ActorLayerUtilities
LogPluginManager: Mounting plugin AnimationSharing
LogPluginManager: Mounting plugin CLionSourceCodeAccess
LogPluginManager: Mounting plugin CodeLiteSourceCodeAccess
LogPluginManager: Mounting plugin GitSourceControl
LogPluginManager: Mounting plugin KDevelopSourceCodeAccess
LogPluginManager: Mounting plugin NullSourceCodeAccess
LogPluginManager: Mounting plugin PerforceSourceControl
LogPluginManager: Mounting plugin PlasticSourceControl
LogPluginManager: Mounting plugin RiderSourceCodeAccess
LogPluginManager: Mounting plugin SubversionSourceControl
LogPluginManager: Mounting plugin UObjectPlugin
LogPluginManager: Mounting plugin VisualStudioCodeSourceCodeAccess
LogPluginManager: Mounting plugin VisualStudioSourceCodeAccess
LogPluginManager: Mounting plugin XCodeSourceCodeAccess
LogPluginManager: Mounting plugin AssetManagerEditor
LogPluginManager: Mounting plugin CryptoKeys
LogPluginManager: Mounting plugin CurveEditorTools
LogPluginManager: Mounting plugin DataValidation
LogPluginManager: Mounting plugin EditorScriptingUtilities
LogPluginManager: Mounting plugin FacialAnimation
LogPluginManager: Mounting plugin GameplayTagsEditor
LogPluginManager: Mounting plugin GeometryMode
LogPluginManager: Mounting plugin MacGraphicsSwitching
LogPluginManager: Mounting plugin MaterialAnalyzer
LogPluginManager: Mounting plugin MobileLauncherProfileWizard
LogPluginManager: Mounting plugin PluginBrowser
LogPluginManager: Mounting plugin SpeedTreeImporter
LogPluginManager: Mounting plugin DatasmithContent
LogPluginManager: Mounting plugin VariantManagerContent
LogPluginManager: Mounting plugin AlembicImporter
LogPluginManager: Mounting plugin AutomationUtils
LogPluginManager: Mounting plugin BackChannel
LogPluginManager: Mounting plugin ChaosCloth
LogPluginManager: Mounting plugin ChaosClothEditor
LogPluginManager: Mounting plugin ChaosEditor
LogPluginManager: Mounting plugin ChaosNiagara
LogPluginManager: Mounting plugin ChaosSolverPlugin
LogPluginManager: Mounting plugin CharacterAI
LogPluginManager: Mounting plugin GeometryCache
LogPluginManager: Mounting plugin GeometryCollectionPlugin
LogPluginManager: Mounting plugin GeometryProcessing
LogPluginManager: Mounting plugin PlanarCut
LogPluginManager: Mounting plugin PlatformCrypto
LogPluginManager: Mounting plugin ProxyLODPlugin
LogPluginManager: Mounting plugin SkeletalReduction
LogPluginManager: Mounting plugin Niagara
LogPluginManager: Mounting plugin MagicLeap
LogPluginManager: Mounting plugin MagicLeapLightEstimation
LogPluginManager: Mounting plugin MagicLeapMedia
LogPluginManager: Mounting plugin MagicLeapPassableWorld
LogPluginManager: Mounting plugin MLSDK
LogPluginManager: Mounting plugin AndroidMedia
LogPluginManager: Mounting plugin AvfMedia
LogPluginManager: Mounting plugin ImgMedia
LogPluginManager: Mounting plugin MediaCompositing
LogPluginManager: Mounting plugin MediaPlayerEditor
LogPluginManager: Mounting plugin WebMMedia
LogPluginManager: Mounting plugin WmfMedia
LogPluginManager: Mounting plugin MeshPainting
LogPluginManager: Mounting plugin TcpMessaging
LogPluginManager: Mounting plugin UdpMessaging
LogPluginManager: Mounting plugin ActorSequence
LogPluginManager: Mounting plugin LevelSequenceEditor
LogPluginManager: Mounting plugin MatineeToLevelSequence
LogPluginManager: Mounting plugin MovieRenderPipeline
LogPluginManager: Mounting plugin TemplateSequence
LogPluginManager: Mounting plugin NetcodeUnitTest
LogPluginManager: Mounting plugin NUTUnrealEngine4
LogPluginManager: Mounting plugin OnlineSubsystemGooglePlay
LogPluginManager: Mounting plugin OnlineSubsystemIOS
LogPluginManager: Mounting plugin OnlineSubsystem
LogPluginManager: Mounting plugin OnlineSubsystemNull
LogPluginManager: Mounting plugin OnlineSubsystemUtils
LogPluginManager: Mounting plugin LauncherChunkInstaller
LogPluginManager: Mounting plugin AndroidDeviceProfileSelector
LogPluginManager: Mounting plugin AndroidMoviePlayer
LogPluginManager: Mounting plugin AndroidPermission
LogPluginManager: Mounting plugin AppleImageUtils
LogPluginManager: Mounting plugin AppleMoviePlayer
LogPluginManager: Mounting plugin ArchVisCharacter
LogPluginManager: Mounting plugin AssetTags
LogPluginManager: Mounting plugin AudioCapture
LogPluginManager: Mounting plugin CableComponent
LogPluginManager: Mounting plugin CustomMeshComponent
LogPluginManager: Mounting plugin EditableMesh
LogPluginManager: Mounting plugin ExampleDeviceProfileSelector
LogPluginManager: Mounting plugin GoogleCloudMessaging
LogPluginManager: Mounting plugin GooglePAD
LogPluginManager: Mounting plugin IOSDeviceProfileSelector
LogPluginManager: Mounting plugin LinuxDeviceProfileSelector
LogPluginManager: Mounting plugin LocationServicesBPLibrary
LogPluginManager: Mounting plugin MobilePatchingUtils
LogPluginManager: Mounting plugin OculusVR
LogPluginManager: Mounting plugin PhysXVehicles
LogPluginManager: Mounting plugin PostSplashScreen
LogPluginManager: Mounting plugin ProceduralMeshComponent
LogPluginManager: Mounting plugin RuntimePhysXCooking
LogPluginManager: Mounting plugin SignificanceManager
LogPluginManager: Mounting plugin SoundFields
LogPluginManager: Mounting plugin SteamVR
LogPluginManager: Mounting plugin Synthesis
LogPluginManager: Mounting plugin WebMMoviePlayer
LogPluginManager: Mounting plugin WindowsMoviePlayer
LogPluginManager: Mounting plugin ScreenshotTools
LogInit: Using libcurl 7.55.1-DEV
LogInit:  - built for x86_64-pc-win32
LogInit:  - supports SSL with OpenSSL/1.1.1
LogInit:  - supports HTTP deflate (compression) using libz 1.2.8
LogInit:  - other features:
LogInit:      CURL_VERSION_SSL
LogInit:      CURL_VERSION_LIBZ
LogInit:      CURL_VERSION_IPV6
LogInit:      CURL_VERSION_ASYNCHDNS
LogInit:      CURL_VERSION_LARGEFILE
LogInit:      CURL_VERSION_IDN
LogInit:  CurlRequestOptions (configurable via config and command line):
LogInit:  - bVerifyPeer = true  - Libcurl will verify peer certificate
LogInit:  - bUseHttpProxy = false  - Libcurl will NOT use HTTP proxy
LogInit:  - bDontReuseConnections = false  - Libcurl will reuse connections
LogInit:  - MaxHostConnections = 16  - Libcurl will limit the number of connections to a host
LogInit:  - LocalHostAddr = Default
LogInit:  - BufferSize = 65536
LogOnline: OSS: Creating online subsystem instance for: NULL
LogInit: WinSock: version 1.1 (2.2), MaxSocks=32767, MaxUdp=65467
LogOnline: OSS: TryLoadSubsystemAndSetDefault: Loaded subsystem for module [NULL]
LogInit: Build: ++UE4+Release-4.25-CL-14469661
LogInit: Engine Version: 4.25.4-14469661+++UE4+Release-4.25
LogInit: Compatible Engine Version: 4.25.0-13144385+++UE4+Release-4.25
LogInit: Net CL: 13144385
LogInit: OS: Windows 10 (Release 1903) (), CPU: Intel(R) Core(TM) i7-7700 CPU @ 3.60GHz, GPU: NVIDIA GeForce GTX 1060 6GB
LogInit: Compiled (64-bit): Oct 11 2020 08:10:49
LogInit: Compiled with Visual C++: 19.24.28315.00
LogInit: Build Configuration: Development
LogInit: Branch Name: ++UE4+Release-4.25
LogInit: Command Line: 
LogInit: Base Directory: F:/Program Files/UE_4.25/Engine/Binaries/Win64/
LogInit: Allocator: TBB
LogInit: Installed Engine Build: 1
LogDevObjectVersion: Number of dev versions registered: 26
LogDevObjectVersion:   Dev-Blueprints (B0D832E4-1F89-4F0D-ACCF-7EB736FD4AA2): 10
LogDevObjectVersion:   Dev-Build (E1C64328-A22C-4D53-A36C-8E866417BD8C): 0
LogDevObjectVersion:   Dev-Core (375EC13C-06E4-48FB-B500-84F0262A717E): 4
LogDevObjectVersion:   Dev-Editor (E4B068ED-F494-42E9-A231-DA0B2E46BB41): 38
LogDevObjectVersion:   Dev-Framework (CFFC743F-43B0-4480-9391-14DF171D2073): 37
LogDevObjectVersion:   Dev-Mobile (B02B49B5-BB20-44E9-A304-32B752E40360): 2
LogDevObjectVersion:   Dev-Networking (A4E4105C-59A1-49B5-A7C5-40C4547EDFEE): 0
LogDevObjectVersion:   Dev-Online (39C831C9-5AE6-47DC-9A44-9C173E1C8E7C): 0
LogDevObjectVersion:   Dev-Physics (78F01B33-EBEA-4F98-B9B4-84EACCB95AA2): 4
LogDevObjectVersion:   Dev-Platform (6631380F-2D4D-43E0-8009-CF276956A95A): 0
LogDevObjectVersion:   Dev-Rendering (12F88B9F-8875-4AFC-A67C-D90C383ABD29): 43
LogDevObjectVersion:   Dev-Sequencer (7B5AE74C-D270-4C10-A958-57980B212A5A): 12
LogDevObjectVersion:   Dev-VR (D7296918-1DD6-4BDD-9DE2-64A83CC13884): 3
LogDevObjectVersion:   Dev-LoadTimes (C2A15278-BFE7-4AFE-6C17-90FF531DF755): 1
LogDevObjectVersion:   Private-Geometry (6EACA3D4-40EC-4CC1-B786-8BED09428FC5): 3
LogDevObjectVersion:   Dev-AnimPhys (29E575DD-E0A3-4627-9D10-D276232CDCEA): 17
LogDevObjectVersion:   Dev-Anim (AF43A65D-7FD3-4947-9873-3E8ED9C1BB05): 7
LogDevObjectVersion:   Dev-ReflectionCapture (6B266CEC-1EC7-4B8F-A30B-E4D90942FC07): 1
LogDevObjectVersion:   Dev-Automation (0DF73D61-A23F-47EA-B727-89E90C41499A): 1
LogDevObjectVersion:   FortniteMain (601D1886-AC64-4F84-AA16-D3DE0DEAC7D6): 31
LogDevObjectVersion:   Dev-Enterprise (9DFFBCD6-494F-0158-E221-12823C92A888): 10
LogDevObjectVersion:   Dev-Niagara (F2AED0AC-9AFE-416F-8664-AA7FFA26D6FC): 1
LogDevObjectVersion:   Dev-Destruction (174F1F0B-B4C6-45A5-B13F-2EE8D0FB917D): 10
LogDevObjectVersion:   Dev-Physics-Ext (35F94A83-E258-406C-A318-09F59610247C): 37
LogDevObjectVersion:   Dev-PhysicsMaterial-Chaos (B68FC16E-8B1B-42E2-B453-215C058844FE): 1
LogDevObjectVersion:   Dev-CineCamera (B2E18506-4273-CFC2-A54E-F4BB758BBA07): 1
LogInit: Presizing for max 25165824 objects, including 0 objects not considered by GC, pre-allocating 0 bytes for permanent pool.
LogConfig: Applying CVar settings from Section [/Script/Engine.StreamingSettings] File [F:/Alias_desktop/GitHub/JAM_UE4/Jam_UE4/Saved/Config/Windows/Engine.ini]
LogConfig: Setting CVar [[s.MinBulkDataSizeForAsyncLoading:131072]]
LogConfig: Setting CVar [[s.AsyncLoadingThreadEnabled:0]]
LogConfig: Setting CVar [[s.EventDrivenLoaderEnabled:1]]
LogConfig: Setting CVar [[s.WarnIfTimeLimitExceeded:0]]
LogConfig: Setting CVar [[s.TimeLimitExceededMultiplier:1.5]]
LogConfig: Setting CVar [[s.TimeLimitExceededMinTime:0.005]]
LogConfig: Setting CVar [[s.UseBackgroundLevelStreaming:1]]
LogConfig: Setting CVar [[s.PriorityAsyncLoadingExtraTime:15.0]]
LogConfig: Setting CVar [[s.LevelStreamingActorsUpdateTimeLimit:5.0]]
LogConfig: Setting CVar [[s.PriorityLevelStreamingActorsUpdateExtraTime:5.0]]
LogConfig: Setting CVar [[s.LevelStreamingComponentsRegistrationGranularity:10]]
LogConfig: Setting CVar [[s.UnregisterComponentsTimeLimit:1.0]]
LogConfig: Setting CVar [[s.LevelStreamingComponentsUnregistrationGranularity:5]]
LogConfig: Setting CVar [[s.FlushStreamingOnExit:1]]
LogInit: Object subsystem initialized
LogConfig: Setting CVar [[con.DebugEarlyDefault:1]]
LogConfig: Setting CVar [[r.setres:1280x720]]
[2020.10.28-10.54.31:660][  0]LogConfig: Setting CVar [[r.VSync:0]]
[2020.10.28-10.54.31:660][  0]LogConfig: Setting CVar [[r.RHICmdBypass:0]]
[2020.10.28-10.54.31:660][  0]LogConfig: Applying CVar settings from Section [/Script/Engine.RendererSettings] File [F:/Alias_desktop/GitHub/JAM_UE4/Jam_UE4/Saved/Config/Windows/Engine.ini]
[2020.10.28-10.54.31:660][  0]LogConfig: Setting CVar [[r.GPUCrashDebugging:0]]
[2020.10.28-10.54.31:660][  0]LogConfig: Applying CVar settings from Section [/Script/Engine.RendererOverrideSettings] File [F:/Alias_desktop/GitHub/JAM_UE4/Jam_UE4/Saved/Config/Windows/Engine.ini]
[2020.10.28-10.54.31:660][  0]LogConfig: Applying CVar settings from Section [/Script/Engine.StreamingSettings] File [F:/Alias_desktop/GitHub/JAM_UE4/Jam_UE4/Saved/Config/Windows/Engine.ini]
[2020.10.28-10.54.31:660][  0]LogConfig: Setting CVar [[s.MinBulkDataSizeForAsyncLoading:131072]]
[2020.10.28-10.54.31:660][  0]LogConfig: Setting CVar [[s.AsyncLoadingThreadEnabled:0]]
[2020.10.28-10.54.31:660][  0]LogConfig: Setting CVar [[s.EventDrivenLoaderEnabled:1]]
[2020.10.28-10.54.31:660][  0]LogConfig: Setting CVar [[s.WarnIfTimeLimitExceeded:0]]
[2020.10.28-10.54.31:660][  0]LogConfig: Setting CVar [[s.TimeLimitExceededMultiplier:1.5]]
[2020.10.28-10.54.31:660][  0]LogConfig: Setting CVar [[s.TimeLimitExceededMinTime:0.005]]
[2020.10.28-10.54.31:660][  0]LogConfig: Setting CVar [[s.UseBackgroundLevelStreaming:1]]
[2020.10.28-10.54.31:660][  0]LogConfig: Setting CVar [[s.PriorityAsyncLoadingExtraTime:15.0]]
[2020.10.28-10.54.31:660][  0]LogConfig: Setting CVar [[s.LevelStreamingActorsUpdateTimeLimit:5.0]]
[2020.10.28-10.54.31:660][  0]LogConfig: Setting CVar [[s.PriorityLevelStreamingActorsUpdateExtraTime:5.0]]
[2020.10.28-10.54.31:660][  0]LogConfig: Setting CVar [[s.LevelStreamingComponentsRegistrationGranularity:10]]
[2020.10.28-10.54.31:660][  0]LogConfig: Setting CVar [[s.UnregisterComponentsTimeLimit:1.0]]
[2020.10.28-10.54.31:660][  0]LogConfig: Setting CVar [[s.LevelStreamingComponentsUnregistrationGranularity:5]]
[2020.10.28-10.54.31:660][  0]LogConfig: Setting CVar [[s.FlushStreamingOnExit:1]]
[2020.10.28-10.54.31:660][  0]LogConfig: Applying CVar settings from Section [/Script/Engine.GarbageCollectionSettings] File [F:/Alias_desktop/GitHub/JAM_UE4/Jam_UE4/Saved/Config/Windows/Engine.ini]
[2020.10.28-10.54.31:660][  0]LogConfig: Setting CVar [[gc.MaxObjectsNotConsideredByGC:1]]
[2020.10.28-10.54.31:660][  0]LogConfig: Setting CVar [[gc.SizeOfPermanentObjectPool:0]]
[2020.10.28-10.54.31:660][  0]LogConfig: Setting CVar [[gc.FlushStreamingOnGC:0]]
[2020.10.28-10.54.31:660][  0]LogConfig: Setting CVar [[gc.NumRetriesBeforeForcingGC:10]]
[2020.10.28-10.54.31:660][  0]LogConfig: Setting CVar [[gc.AllowParallelGC:1]]
[2020.10.28-10.54.31:660][  0]LogConfig: Setting CVar [[gc.TimeBetweenPurgingPendingKillObjects:61.1]]
[2020.10.28-10.54.31:660][  0]LogConfig: Setting CVar [[gc.MaxObjectsInEditor:25165824]]
[2020.10.28-10.54.31:660][  0]LogConfig: Setting CVar [[gc.IncrementalBeginDestroyEnabled:1]]
[2020.10.28-10.54.31:660][  0]LogConfig: Setting CVar [[gc.CreateGCClusters:1]]
[2020.10.28-10.54.31:660][  0]LogConfig: Setting CVar [[gc.MinGCClusterSize:5]]
[2020.10.28-10.54.31:660][  0]LogConfig: Setting CVar [[gc.ActorClusteringEnabled:0]]
[2020.10.28-10.54.31:660][  0]LogConfig: Setting CVar [[gc.BlueprintClusteringEnabled:0]]
[2020.10.28-10.54.31:660][  0]LogConfig: Setting CVar [[gc.UseDisregardForGCOnDedicatedServers:0]]
[2020.10.28-10.54.31:660][  0]LogConfig: Applying CVar settings from Section [/Script/Engine.NetworkSettings] File [F:/Alias_desktop/GitHub/JAM_UE4/Jam_UE4/Saved/Config/Windows/Engine.ini]
[2020.10.28-10.54.31:660][  0]LogConfig: Applying CVar settings from Section [/Script/UnrealEd.CookerSettings] File [F:/Alias_desktop/GitHub/JAM_UE4/Jam_UE4/Saved/Config/Windows/Engine.ini]
[2020.10.28-10.54.31:662][  0]LogConfig: Applying CVar settings from Section [ViewDistanceQuality@3] File [F:/Alias_desktop/GitHub/JAM_UE4/Jam_UE4/Saved/Config/Windows/Scalability.ini]
[2020.10.28-10.54.31:662][  0]LogConfig: Setting CVar [[r.SkeletalMeshLODBias:0]]
[2020.10.28-10.54.31:662][  0]LogConfig: Setting CVar [[r.ViewDistanceScale:1.0]]
[2020.10.28-10.54.31:662][  0]LogConfig: Applying CVar settings from Section [AntiAliasingQuality@3] File [F:/Alias_desktop/GitHub/JAM_UE4/Jam_UE4/Saved/Config/Windows/Scalability.ini]
[2020.10.28-10.54.31:662][  0]LogConfig: Setting CVar [[r.PostProcessAAQuality:4]]
[2020.10.28-10.54.31:662][  0]LogConfig: Applying CVar settings from Section [ShadowQuality@3] File [F:/Alias_desktop/GitHub/JAM_UE4/Jam_UE4/Saved/Config/Windows/Scalability.ini]
[2020.10.28-10.54.31:662][  0]LogConfig: Setting CVar [[r.LightFunctionQuality:1]]
[2020.10.28-10.54.31:662][  0]LogConfig: Setting CVar [[r.ShadowQuality:5]]
[2020.10.28-10.54.31:662][  0]LogConfig: Setting CVar [[r.Shadow.CSM.MaxCascades:10]]
[2020.10.28-10.54.31:662][  0]LogConfig: Setting CVar [[r.Shadow.MaxResolution:2048]]
[2020.10.28-10.54.31:662][  0]LogConfig: Setting CVar [[r.Shadow.MaxCSMResolution:2048]]
[2020.10.28-10.54.31:662][  0]LogConfig: Setting CVar [[r.Shadow.RadiusThreshold:0.01]]
[2020.10.28-10.54.31:662][  0]LogConfig: Setting CVar [[r.Shadow.DistanceScale:1.0]]
[2020.10.28-10.54.31:662][  0]LogConfig: Setting CVar [[r.Shadow.CSM.TransitionScale:1.0]]
[2020.10.28-10.54.31:662][  0]LogConfig: Setting CVar [[r.Shadow.PreShadowResolutionFactor:1.0]]
[2020.10.28-10.54.31:662][  0]LogConfig: Setting CVar [[r.DistanceFieldShadowing:1]]
[2020.10.28-10.54.31:662][  0]LogConfig: Setting CVar [[r.DistanceFieldAO:1]]
[2020.10.28-10.54.31:662][  0]LogConfig: Setting CVar [[r.AOQuality:2]]
[2020.10.28-10.54.31:662][  0]LogConfig: Setting CVar [[r.VolumetricFog:1]]
[2020.10.28-10.54.31:662][  0]LogConfig: Setting CVar [[r.VolumetricFog.GridPixelSize:8]]
[2020.10.28-10.54.31:662][  0]LogConfig: Setting CVar [[r.VolumetricFog.GridSizeZ:128]]
[2020.10.28-10.54.31:662][  0]LogConfig: Setting CVar [[r.VolumetricFog.HistoryMissSupersampleCount:4]]
[2020.10.28-10.54.31:662][  0]LogConfig: Setting CVar [[r.LightMaxDrawDistanceScale:1]]
[2020.10.28-10.54.31:662][  0]LogConfig: Setting CVar [[r.CapsuleShadows:1]]
[2020.10.28-10.54.31:662][  0]LogConfig: Applying CVar settings from Section [PostProcessQuality@3] File [F:/Alias_desktop/GitHub/JAM_UE4/Jam_UE4/Saved/Config/Windows/Scalability.ini]
[2020.10.28-10.54.31:662][  0]LogConfig: Setting CVar [[r.MotionBlurQuality:4]]
[2020.10.28-10.54.31:662][  0]LogConfig: Setting CVar [[r.AmbientOcclusionMipLevelFactor:0.4]]
[2020.10.28-10.54.31:662][  0]LogConfig: Setting CVar [[r.AmbientOcclusionMaxQuality:100]]
[2020.10.28-10.54.31:662][  0]LogConfig: Setting CVar [[r.AmbientOcclusionLevels:-1]]
[2020.10.28-10.54.31:662][  0]LogConfig: Setting CVar [[r.AmbientOcclusionRadiusScale:1.0]]
[2020.10.28-10.54.31:662][  0]LogConfig: Setting CVar [[r.DepthOfFieldQuality:2]]
[2020.10.28-10.54.31:662][  0]LogConfig: Setting CVar [[r.RenderTargetPoolMin:400]]
[2020.10.28-10.54.31:662][  0]LogConfig: Setting CVar [[r.LensFlareQuality:2]]
[2020.10.28-10.54.31:662][  0]LogConfig: Setting CVar [[r.SceneColorFringeQuality:1]]
[2020.10.28-10.54.31:662][  0]LogConfig: Setting CVar [[r.EyeAdaptationQuality:2]]
[2020.10.28-10.54.31:662][  0]LogConfig: Setting CVar [[r.BloomQuality:5]]
[2020.10.28-10.54.31:662][  0]LogConfig: Setting CVar [[r.FastBlurThreshold:100]]
[2020.10.28-10.54.31:662][  0]LogConfig: Setting CVar [[r.Upscale.Quality:3]]
[2020.10.28-10.54.31:662][  0]LogConfig: Setting CVar [[r.Tonemapper.GrainQuantization:1]]
[2020.10.28-10.54.31:662][  0]LogConfig: Setting CVar [[r.LightShaftQuality:1]]
[2020.10.28-10.54.31:662][  0]LogConfig: Setting CVar [[r.Filter.SizeScale:1]]
[2020.10.28-10.54.31:662][  0]LogConfig: Setting CVar [[r.Tonemapper.Quality:5]]
[2020.10.28-10.54.31:662][  0]LogConfig: Setting CVar [[r.DOF.Gather.AccumulatorQuality:1        ; higher gathering accumulator quality]]
[2020.10.28-10.54.31:662][  0]LogConfig: Setting CVar [[r.DOF.Gather.PostfilterMethod:1          ; Median3x3 postfilering method]]
[2020.10.28-10.54.31:662][  0]LogConfig: Setting CVar [[r.DOF.Gather.EnableBokehSettings:0       ; no bokeh simulation when gathering]]
[2020.10.28-10.54.31:662][  0]LogConfig: Setting CVar [[r.DOF.Gather.RingCount:4                 ; medium number of samples when gathering]]
[2020.10.28-10.54.31:662][  0]LogConfig: Setting CVar [[r.DOF.Scatter.ForegroundCompositing:1    ; additive foreground scattering]]
[2020.10.28-10.54.31:662][  0]LogConfig: Setting CVar [[r.DOF.Scatter.BackgroundCompositing:2    ; additive background scattering]]
[2020.10.28-10.54.31:662][  0]LogConfig: Setting CVar [[r.DOF.Scatter.EnableBokehSettings:1      ; bokeh simulation when scattering]]
[2020.10.28-10.54.31:662][  0]LogConfig: Setting CVar [[r.DOF.Scatter.MaxSpriteRatio:0.1         ; only a maximum of 10% of scattered bokeh]]
[2020.10.28-10.54.31:662][  0]LogConfig: Setting CVar [[r.DOF.Recombine.Quality:1                ; cheap slight out of focus]]
[2020.10.28-10.54.31:662][  0]LogConfig: Setting CVar [[r.DOF.Recombine.EnableBokehSettings:0    ; no bokeh simulation on slight out of focus]]
[2020.10.28-10.54.31:662][  0]LogConfig: Setting CVar [[r.DOF.TemporalAAQuality:1                ; more stable temporal accumulation]]
[2020.10.28-10.54.31:662][  0]LogConfig: Setting CVar [[r.DOF.Kernel.MaxForegroundRadius:0.025]]
[2020.10.28-10.54.31:662][  0]LogConfig: Setting CVar [[r.DOF.Kernel.MaxBackgroundRadius:0.025]]
[2020.10.28-10.54.31:662][  0]LogConfig: Applying CVar settings from Section [TextureQuality@3] File [F:/Alias_desktop/GitHub/JAM_UE4/Jam_UE4/Saved/Config/Windows/Scalability.ini]
[2020.10.28-10.54.31:662][  0]LogConfig: Setting CVar [[r.Streaming.MipBias:0]]
[2020.10.28-10.54.31:662][  0]LogConfig: Setting CVar [[r.Streaming.AmortizeCPUToGPUCopy:0]]
[2020.10.28-10.54.31:662][  0]LogConfig: Setting CVar [[r.Streaming.MaxNumTexturesToStreamPerFrame:0]]
[2020.10.28-10.54.31:662][  0]LogConfig: Setting CVar [[r.Streaming.Boost:1]]
[2020.10.28-10.54.31:662][  0]LogConfig: Setting CVar [[r.MaxAnisotropy:8]]
[2020.10.28-10.54.31:662][  0]LogConfig: Setting CVar [[r.VT.MaxAnisotropy:8]]
[2020.10.28-10.54.31:662][  0]LogConfig: Setting CVar [[r.Streaming.LimitPoolSizeToVRAM:0]]
[2020.10.28-10.54.31:662][  0]LogConfig: Setting CVar [[r.Streaming.PoolSize:1000]]
[2020.10.28-10.54.31:662][  0]LogConfig: Setting CVar [[r.Streaming.MaxEffectiveScreenSize:0]]
[2020.10.28-10.54.31:662][  0]LogConfig: Applying CVar settings from Section [EffectsQuality@3] File [F:/Alias_desktop/GitHub/JAM_UE4/Jam_UE4/Saved/Config/Windows/Scalability.ini]
[2020.10.28-10.54.31:662][  0]LogConfig: Setting CVar [[r.TranslucencyLightingVolumeDim:64]]
[2020.10.28-10.54.31:662][  0]LogConfig: Setting CVar [[r.RefractionQuality:2]]
[2020.10.28-10.54.31:662][  0]LogConfig: Setting CVar [[r.SSR.Quality:3]]
[2020.10.28-10.54.31:663][  0]LogConfig: Setting CVar [[r.SSR.HalfResSceneColor:0]]
[2020.10.28-10.54.31:663][  0]LogConfig: Setting CVar [[r.SceneColorFormat:4]]
[2020.10.28-10.54.31:663][  0]LogConfig: Setting CVar [[r.DetailMode:2]]
[2020.10.28-10.54.31:663][  0]LogConfig: Setting CVar [[r.TranslucencyVolumeBlur:1]]
[2020.10.28-10.54.31:663][  0]LogConfig: Setting CVar [[r.MaterialQualityLevel:1 ; High quality]]
[2020.10.28-10.54.31:663][  0]LogConfig: Setting CVar [[r.SSS.Scale:1]]
[2020.10.28-10.54.31:663][  0]LogConfig: Setting CVar [[r.SSS.SampleSet:2]]
[2020.10.28-10.54.31:663][  0]LogConfig: Setting CVar [[r.SSS.Quality:1]]
[2020.10.28-10.54.31:663][  0]LogConfig: Setting CVar [[r.SSS.HalfRes:0]]
[2020.10.28-10.54.31:663][  0]LogConfig: Setting CVar [[r.SSGI.Quality:3]]
[2020.10.28-10.54.31:663][  0]LogConfig: Setting CVar [[r.EmitterSpawnRateScale:1.0]]
[2020.10.28-10.54.31:663][  0]LogConfig: Setting CVar [[r.ParticleLightQuality:2]]
[2020.10.28-10.54.31:663][  0]LogConfig: Setting CVar [[r.SkyAtmosphere.AerialPerspectiveLUT.FastApplyOnOpaque:1 ; Always have FastSkyLUT 1 in this case to avoid wrong sky]]
[2020.10.28-10.54.31:663][  0]LogConfig: Setting CVar [[r.SkyAtmosphere.AerialPerspectiveLUT.SampleCountPerSlice:1]]
[2020.10.28-10.54.31:663][  0]LogConfig: Setting CVar [[r.SkyAtmosphere.AerialPerspectiveLUT.DepthResolution:16.0]]
[2020.10.28-10.54.31:663][  0]LogConfig: Setting CVar [[r.SkyAtmosphere.FastSkyLUT:1]]
[2020.10.28-10.54.31:663][  0]LogConfig: Setting CVar [[r.SkyAtmosphere.FastSkyLUT.SampleCountMin:4.0]]
[2020.10.28-10.54.31:663][  0]LogConfig: Setting CVar [[r.SkyAtmosphere.FastSkyLUT.SampleCountMax:32.0]]
[2020.10.28-10.54.31:663][  0]LogConfig: Setting CVar [[r.SkyAtmosphere.SampleCountMin:4.0]]
[2020.10.28-10.54.31:663][  0]LogConfig: Setting CVar [[r.SkyAtmosphere.SampleCountMax:32.0]]
[2020.10.28-10.54.31:663][  0]LogConfig: Setting CVar [[r.SkyAtmosphere.TransmittanceLUT.UseSmallFormat:0]]
[2020.10.28-10.54.31:663][  0]LogConfig: Setting CVar [[r.SkyAtmosphere.TransmittanceLUT.SampleCount:10.0]]
[2020.10.28-10.54.31:663][  0]LogConfig: Setting CVar [[r.SkyAtmosphere.MultiScatteringLUT.SampleCount:15.0]]
[2020.10.28-10.54.31:663][  0]LogConfig: Applying CVar settings from Section [FoliageQuality@3] File [F:/Alias_desktop/GitHub/JAM_UE4/Jam_UE4/Saved/Config/Windows/Scalability.ini]
[2020.10.28-10.54.31:663][  0]LogConfig: Setting CVar [[foliage.DensityScale:1.0]]
[2020.10.28-10.54.31:663][  0]LogConfig: Setting CVar [[grass.DensityScale:1.0]]
[2020.10.28-10.54.31:663][  0]LogConfig: Applying CVar settings from Section [ShadingQuality@3] File [F:/Alias_desktop/GitHub/JAM_UE4/Jam_UE4/Saved/Config/Windows/Scalability.ini]
[2020.10.28-10.54.31:663][  0]LogConfig: Setting CVar [[r.HairStrands.SkyLighting.SampleCount:16]]
[2020.10.28-10.54.31:663][  0]LogConfig: Setting CVar [[r.HairStrands.SkyLighting.JitterIntegration:0]]
[2020.10.28-10.54.31:663][  0]LogConfig: Setting CVar [[r.HairStrands.SkyAO.SampleCount:16]]
[2020.10.28-10.54.31:663][  0]LogConfig: Setting CVar [[r.HairStrands.DeepShadow.SuperSampling:0]]
[2020.10.28-10.54.31:663][  0]LogConfig: Setting CVar [[r.HairStrands.VisibilityPPLL:0]]
[2020.10.28-10.54.31:663][  0]LogConfig: Setting CVar [[r.HairStrands.RasterizationScale:0.5]]
[2020.10.28-10.54.31:663][  0]LogConfig: Setting CVar [[r.HairStrands.VelocityRasterizationScale:1]]
[2020.10.28-10.54.31:663][  0]LogInit: Selected Device Profile: [Windows]
[2020.10.28-10.54.31:663][  0]LogInit: Applying CVar settings loaded from the selected device profile: [Windows]
[2020.10.28-10.54.31:663][  0]LogHAL: Display: Platform has ~ 16 GB [17130000384 / 17179869184 / 16], which maps to Larger [LargestMinGB=32, LargerMinGB=12, DefaultMinGB=8, SmallerMinGB=6, SmallestMinGB=0)
[2020.10.28-10.54.31:663][  0]LogInit: Going up to parent DeviceProfile []
[2020.10.28-10.54.31:663][  0]LogConfig: Applying CVar settings from Section [ViewDistanceQuality@3] File [F:/Alias_desktop/GitHub/JAM_UE4/Jam_UE4/Saved/Config/Windows/Scalability.ini]
[2020.10.28-10.54.31:663][  0]LogConfig: Setting CVar [[r.SkeletalMeshLODBias:0]]
[2020.10.28-10.54.31:663][  0]LogConfig: Setting CVar [[r.ViewDistanceScale:1.0]]
[2020.10.28-10.54.31:663][  0]LogConfig: Applying CVar settings from Section [AntiAliasingQuality@3] File [F:/Alias_desktop/GitHub/JAM_UE4/Jam_UE4/Saved/Config/Windows/Scalability.ini]
[2020.10.28-10.54.31:663][  0]LogConfig: Setting CVar [[r.PostProcessAAQuality:4]]
[2020.10.28-10.54.31:663][  0]LogConfig: Applying CVar settings from Section [ShadowQuality@3] File [F:/Alias_desktop/GitHub/JAM_UE4/Jam_UE4/Saved/Config/Windows/Scalability.ini]
[2020.10.28-10.54.31:663][  0]LogConfig: Setting CVar [[r.LightFunctionQuality:1]]
[2020.10.28-10.54.31:663][  0]LogConfig: Setting CVar [[r.ShadowQuality:5]]
[2020.10.28-10.54.31:663][  0]LogConfig: Setting CVar [[r.Shadow.CSM.MaxCascades:10]]
[2020.10.28-10.54.31:663][  0]LogConfig: Setting CVar [[r.Shadow.MaxResolution:2048]]
[2020.10.28-10.54.31:663][  0]LogConfig: Setting CVar [[r.Shadow.MaxCSMResolution:2048]]
[2020.10.28-10.54.31:663][  0]LogConfig: Setting CVar [[r.Shadow.RadiusThreshold:0.01]]
[2020.10.28-10.54.31:663][  0]LogConfig: Setting CVar [[r.Shadow.DistanceScale:1.0]]
[2020.10.28-10.54.31:663][  0]LogConfig: Setting CVar [[r.Shadow.CSM.TransitionScale:1.0]]
[2020.10.28-10.54.31:663][  0]LogConfig: Setting CVar [[r.Shadow.PreShadowResolutionFactor:1.0]]
[2020.10.28-10.54.31:663][  0]LogConfig: Setting CVar [[r.DistanceFieldShadowing:1]]
[2020.10.28-10.54.31:663][  0]LogConfig: Setting CVar [[r.DistanceFieldAO:1]]
[2020.10.28-10.54.31:663][  0]LogConfig: Setting CVar [[r.AOQuality:2]]
[2020.10.28-10.54.31:663][  0]LogConfig: Setting CVar [[r.VolumetricFog:1]]
[2020.10.28-10.54.31:663][  0]LogConfig: Setting CVar [[r.VolumetricFog.GridPixelSize:8]]
[2020.10.28-10.54.31:663][  0]LogConfig: Setting CVar [[r.VolumetricFog.GridSizeZ:128]]
[2020.10.28-10.54.31:663][  0]LogConfig: Setting CVar [[r.VolumetricFog.HistoryMissSupersampleCount:4]]
[2020.10.28-10.54.31:663][  0]LogConfig: Setting CVar [[r.LightMaxDrawDistanceScale:1]]
[2020.10.28-10.54.31:663][  0]LogConfig: Setting CVar [[r.CapsuleShadows:1]]
[2020.10.28-10.54.31:663][  0]LogConfig: Applying CVar settings from Section [PostProcessQuality@3] File [F:/Alias_desktop/GitHub/JAM_UE4/Jam_UE4/Saved/Config/Windows/Scalability.ini]
[2020.10.28-10.54.31:663][  0]LogConfig: Setting CVar [[r.MotionBlurQuality:4]]
[2020.10.28-10.54.31:663][  0]LogConfig: Setting CVar [[r.AmbientOcclusionMipLevelFactor:0.4]]
[2020.10.28-10.54.31:663][  0]LogConfig: Setting CVar [[r.AmbientOcclusionMaxQuality:100]]
[2020.10.28-10.54.31:663][  0]LogConfig: Setting CVar [[r.AmbientOcclusionLevels:-1]]
[2020.10.28-10.54.31:663][  0]LogConfig: Setting CVar [[r.AmbientOcclusionRadiusScale:1.0]]
[2020.10.28-10.54.31:663][  0]LogConfig: Setting CVar [[r.DepthOfFieldQuality:2]]
[2020.10.28-10.54.31:663][  0]LogConfig: Setting CVar [[r.RenderTargetPoolMin:400]]
[2020.10.28-10.54.31:663][  0]LogConfig: Setting CVar [[r.LensFlareQuality:2]]
[2020.10.28-10.54.31:663][  0]LogConfig: Setting CVar [[r.SceneColorFringeQuality:1]]
[2020.10.28-10.54.31:663][  0]LogConfig: Setting CVar [[r.EyeAdaptationQuality:2]]
[2020.10.28-10.54.31:663][  0]LogConfig: Setting CVar [[r.BloomQuality:5]]
[2020.10.28-10.54.31:663][  0]LogConfig: Setting CVar [[r.FastBlurThreshold:100]]
[2020.10.28-10.54.31:663][  0]LogConfig: Setting CVar [[r.Upscale.Quality:3]]
[2020.10.28-10.54.31:663][  0]LogConfig: Setting CVar [[r.Tonemapper.GrainQuantization:1]]
[2020.10.28-10.54.31:663][  0]LogConfig: Setting CVar [[r.LightShaftQuality:1]]
[2020.10.28-10.54.31:663][  0]LogConfig: Setting CVar [[r.Filter.SizeScale:1]]
[2020.10.28-10.54.31:663][  0]LogConfig: Setting CVar [[r.Tonemapper.Quality:5]]
[2020.10.28-10.54.31:663][  0]LogConfig: Setting CVar [[r.DOF.Gather.AccumulatorQuality:1        ; higher gathering accumulator quality]]
[2020.10.28-10.54.31:663][  0]LogConfig: Setting CVar [[r.DOF.Gather.PostfilterMethod:1          ; Median3x3 postfilering method]]
[2020.10.28-10.54.31:663][  0]LogConfig: Setting CVar [[r.DOF.Gather.EnableBokehSettings:0       ; no bokeh simulation when gathering]]
[2020.10.28-10.54.31:663][  0]LogConfig: Setting CVar [[r.DOF.Gather.RingCount:4                 ; medium number of samples when gathering]]
[2020.10.28-10.54.31:663][  0]LogConfig: Setting CVar [[r.DOF.Scatter.ForegroundCompositing:1    ; additive foreground scattering]]
[2020.10.28-10.54.31:663][  0]LogConfig: Setting CVar [[r.DOF.Scatter.BackgroundCompositing:2    ; additive background scattering]]
[2020.10.28-10.54.31:663][  0]LogConfig: Setting CVar [[r.DOF.Scatter.EnableBokehSettings:1      ; bokeh simulation when scattering]]
[2020.10.28-10.54.31:663][  0]LogConfig: Setting CVar [[r.DOF.Scatter.MaxSpriteRatio:0.1         ; only a maximum of 10% of scattered bokeh]]
[2020.10.28-10.54.31:663][  0]LogConfig: Setting CVar [[r.DOF.Recombine.Quality:1                ; cheap slight out of focus]]
[2020.10.28-10.54.31:663][  0]LogConfig: Setting CVar [[r.DOF.Recombine.EnableBokehSettings:0    ; no bokeh simulation on slight out of focus]]
[2020.10.28-10.54.31:663][  0]LogConfig: Setting CVar [[r.DOF.TemporalAAQuality:1                ; more stable temporal accumulation]]
[2020.10.28-10.54.31:663][  0]LogConfig: Setting CVar [[r.DOF.Kernel.MaxForegroundRadius:0.025]]
[2020.10.28-10.54.31:664][  0]LogConfig: Setting CVar [[r.DOF.Kernel.MaxBackgroundRadius:0.025]]
[2020.10.28-10.54.31:664][  0]LogConfig: Applying CVar settings from Section [TextureQuality@3] File [F:/Alias_desktop/GitHub/JAM_UE4/Jam_UE4/Saved/Config/Windows/Scalability.ini]
[2020.10.28-10.54.31:664][  0]LogConfig: Setting CVar [[r.Streaming.MipBias:0]]
[2020.10.28-10.54.31:664][  0]LogConfig: Setting CVar [[r.Streaming.AmortizeCPUToGPUCopy:0]]
[2020.10.28-10.54.31:664][  0]LogConfig: Setting CVar [[r.Streaming.MaxNumTexturesToStreamPerFrame:0]]
[2020.10.28-10.54.31:664][  0]LogConfig: Setting CVar [[r.Streaming.Boost:1]]
[2020.10.28-10.54.31:664][  0]LogConfig: Setting CVar [[r.MaxAnisotropy:8]]
[2020.10.28-10.54.31:664][  0]LogConfig: Setting CVar [[r.VT.MaxAnisotropy:8]]
[2020.10.28-10.54.31:664][  0]LogConfig: Setting CVar [[r.Streaming.LimitPoolSizeToVRAM:0]]
[2020.10.28-10.54.31:664][  0]LogConfig: Setting CVar [[r.Streaming.PoolSize:1000]]
[2020.10.28-10.54.31:664][  0]LogConfig: Setting CVar [[r.Streaming.MaxEffectiveScreenSize:0]]
[2020.10.28-10.54.31:664][  0]LogConfig: Applying CVar settings from Section [EffectsQuality@3] File [F:/Alias_desktop/GitHub/JAM_UE4/Jam_UE4/Saved/Config/Windows/Scalability.ini]
[2020.10.28-10.54.31:664][  0]LogConfig: Setting CVar [[r.TranslucencyLightingVolumeDim:64]]
[2020.10.28-10.54.31:664][  0]LogConfig: Setting CVar [[r.RefractionQuality:2]]
[2020.10.28-10.54.31:664][  0]LogConfig: Setting CVar [[r.SSR.Quality:3]]
[2020.10.28-10.54.31:664][  0]LogConfig: Setting CVar [[r.SSR.HalfResSceneColor:0]]
[2020.10.28-10.54.31:664][  0]LogConfig: Setting CVar [[r.SceneColorFormat:4]]
[2020.10.28-10.54.31:664][  0]LogConfig: Setting CVar [[r.DetailMode:2]]
[2020.10.28-10.54.31:664][  0]LogConfig: Setting CVar [[r.TranslucencyVolumeBlur:1]]
[2020.10.28-10.54.31:664][  0]LogConfig: Setting CVar [[r.MaterialQualityLevel:1 ; High quality]]
[2020.10.28-10.54.31:664][  0]LogConfig: Setting CVar [[r.SSS.Scale:1]]
[2020.10.28-10.54.31:664][  0]LogConfig: Setting CVar [[r.SSS.SampleSet:2]]
[2020.10.28-10.54.31:664][  0]LogConfig: Setting CVar [[r.SSS.Quality:1]]
[2020.10.28-10.54.31:664][  0]LogConfig: Setting CVar [[r.SSS.HalfRes:0]]
[2020.10.28-10.54.31:664][  0]LogConfig: Setting CVar [[r.SSGI.Quality:3]]
[2020.10.28-10.54.31:664][  0]LogConfig: Setting CVar [[r.EmitterSpawnRateScale:1.0]]
[2020.10.28-10.54.31:664][  0]LogConfig: Setting CVar [[r.ParticleLightQuality:2]]
[2020.10.28-10.54.31:664][  0]LogConfig: Setting CVar [[r.SkyAtmosphere.AerialPerspectiveLUT.FastApplyOnOpaque:1 ; Always have FastSkyLUT 1 in this case to avoid wrong sky]]
[2020.10.28-10.54.31:664][  0]LogConfig: Setting CVar [[r.SkyAtmosphere.AerialPerspectiveLUT.SampleCountPerSlice:1]]
[2020.10.28-10.54.31:664][  0]LogConfig: Setting CVar [[r.SkyAtmosphere.AerialPerspectiveLUT.DepthResolution:16.0]]
[2020.10.28-10.54.31:664][  0]LogConfig: Setting CVar [[r.SkyAtmosphere.FastSkyLUT:1]]
[2020.10.28-10.54.31:664][  0]LogConfig: Setting CVar [[r.SkyAtmosphere.FastSkyLUT.SampleCountMin:4.0]]
[2020.10.28-10.54.31:664][  0]LogConfig: Setting CVar [[r.SkyAtmosphere.FastSkyLUT.SampleCountMax:32.0]]
[2020.10.28-10.54.31:664][  0]LogConfig: Setting CVar [[r.SkyAtmosphere.SampleCountMin:4.0]]
[2020.10.28-10.54.31:664][  0]LogConfig: Setting CVar [[r.SkyAtmosphere.SampleCountMax:32.0]]
[2020.10.28-10.54.31:664][  0]LogConfig: Setting CVar [[r.SkyAtmosphere.TransmittanceLUT.UseSmallFormat:0]]
[2020.10.28-10.54.31:664][  0]LogConfig: Setting CVar [[r.SkyAtmosphere.TransmittanceLUT.SampleCount:10.0]]
[2020.10.28-10.54.31:664][  0]LogConfig: Setting CVar [[r.SkyAtmosphere.MultiScatteringLUT.SampleCount:15.0]]
[2020.10.28-10.54.31:664][  0]LogConfig: Applying CVar settings from Section [FoliageQuality@3] File [F:/Alias_desktop/GitHub/JAM_UE4/Jam_UE4/Saved/Config/Windows/Scalability.ini]
[2020.10.28-10.54.31:664][  0]LogConfig: Setting CVar [[foliage.DensityScale:1.0]]
[2020.10.28-10.54.31:664][  0]LogConfig: Setting CVar [[grass.DensityScale:1.0]]
[2020.10.28-10.54.31:664][  0]LogConfig: Applying CVar settings from Section [ShadingQuality@3] File [F:/Alias_desktop/GitHub/JAM_UE4/Jam_UE4/Saved/Config/Windows/Scalability.ini]
[2020.10.28-10.54.31:664][  0]LogConfig: Setting CVar [[r.HairStrands.SkyLighting.SampleCount:16]]
[2020.10.28-10.54.31:664][  0]LogConfig: Setting CVar [[r.HairStrands.SkyLighting.JitterIntegration:0]]
[2020.10.28-10.54.31:664][  0]LogConfig: Setting CVar [[r.HairStrands.SkyAO.SampleCount:16]]
[2020.10.28-10.54.31:664][  0]LogConfig: Setting CVar [[r.HairStrands.DeepShadow.SuperSampling:0]]
[2020.10.28-10.54.31:664][  0]LogConfig: Setting CVar [[r.HairStrands.VisibilityPPLL:0]]
[2020.10.28-10.54.31:664][  0]LogConfig: Setting CVar [[r.HairStrands.RasterizationScale:0.5]]
[2020.10.28-10.54.31:664][  0]LogConfig: Setting CVar [[r.HairStrands.VelocityRasterizationScale:1]]
[2020.10.28-10.54.31:664][  0]LogConfig: Applying CVar settings from Section [Startup] File [../../../Engine/Config/ConsoleVariables.ini]
[2020.10.28-10.54.31:664][  0]LogConfig: Setting CVar [[net.UseAdaptiveNetUpdateFrequency:0]]
[2020.10.28-10.54.31:664][  0]LogConfig: Setting CVar [[p.chaos.AllowCreatePhysxBodies:1]]
[2020.10.28-10.54.31:664][  0]LogConfig: Setting CVar [[fx.SkipVectorVMBackendOptimizations:1]]
[2020.10.28-10.54.31:664][  0]LogConfig: Applying CVar settings from Section [ConsoleVariables] File [F:/Alias_desktop/GitHub/JAM_UE4/Jam_UE4/Saved/Config/Windows/Engine.ini]
[2020.10.28-10.54.31:664][  0]LogInit: Computer: TLSS0124
[2020.10.28-10.54.31:664][  0]LogInit: User: game3
[2020.10.28-10.54.31:664][  0]LogInit: CPU Page size=4096, Cores=4
[2020.10.28-10.54.31:664][  0]LogInit: High frequency timer resolution =10.000000 MHz
[2020.10.28-10.54.31:664][  0]LogMemory: Memory total: Physical=16.0GB (16GB approx)
[2020.10.28-10.54.31:664][  0]LogMemory: Platform Memory Stats for Windows
[2020.10.28-10.54.31:664][  0]LogMemory: Process Physical Memory: 114.00 MB used, 114.00 MB peak
[2020.10.28-10.54.31:664][  0]LogMemory: Process Virtual Memory: 96.16 MB used, 96.16 MB peak
[2020.10.28-10.54.31:664][  0]LogMemory: Physical Memory: 8007.30 MB used,  8329.14 MB free, 16336.44 MB total
[2020.10.28-10.54.31:664][  0]LogMemory: Virtual Memory: 5143.11 MB used,  134212584.00 MB free, 134217728.00 MB total
[2020.10.28-10.54.31:669][  0]LogWindows: WindowsPlatformFeatures enabled
[2020.10.28-10.54.31:695][  0]LogInit: Physics initialised using underlying interface: PhysX
[2020.10.28-10.54.31:695][  0]LogInit: Using OS detected language (fr-FR).
[2020.10.28-10.54.31:695][  0]LogInit: Using OS detected locale (fr-FR).
[2020.10.28-10.54.31:696][  0]LogTextLocalizationManager: No specific localization for 'fr-FR' exists, so the 'fr' localization will be used.
[2020.10.28-10.54.31:696][  0]LogTextLocalizationResource: LocRes '../../../Engine/Content/Localization/Editor/fr/Editor.locres' could not be opened for reading!
[2020.10.28-10.54.31:697][  0]LogTextLocalizationResource: LocRes '../../../Engine/Content/Localization/EditorTutorials/fr/EditorTutorials.locres' could not be opened for reading!
[2020.10.28-10.54.31:697][  0]LogTextLocalizationResource: LocRes '../../../Engine/Content/Localization/Keywords/fr/Keywords.locres' could not be opened for reading!
[2020.10.28-10.54.31:697][  0]LogTextLocalizationResource: LocRes '../../../Engine/Content/Localization/Category/fr/Category.locres' could not be opened for reading!
[2020.10.28-10.54.31:697][  0]LogTextLocalizationResource: LocRes '../../../Engine/Content/Localization/ToolTips/fr/ToolTips.locres' could not be opened for reading!
[2020.10.28-10.54.31:697][  0]LogTextLocalizationResource: LocRes '../../../Engine/Content/Localization/PropertyNames/fr/PropertyNames.locres' could not be opened for reading!
[2020.10.28-10.54.31:697][  0]LogTextLocalizationResource: LocRes '../../../Engine/Content/Localization/Engine/fr/Engine.locres' could not be opened for reading!
[2020.10.28-10.54.31:697][  0]LogInit: Setting process to per monitor DPI aware
[2020.10.28-10.54.31:725][  0]LogSlate: New Slate User Created.  User Index 0, Is Virtual User: 0
[2020.10.28-10.54.31:725][  0]LogSlate: Slate User Registered.  User Index 0, Is Virtual User: 0
[2020.10.28-10.54.31:811][  0]LogHMD: Failed to initialize OpenVR with code 110
[2020.10.28-10.54.31:811][  0]LogD3D11RHI: D3D11 min allowed feature level: 11_0
[2020.10.28-10.54.31:811][  0]LogD3D11RHI: D3D11 max allowed feature level: 11_0
[2020.10.28-10.54.31:811][  0]LogD3D11RHI: D3D11 adapters:
[2020.10.28-10.54.31:863][  0]LogD3D11RHI:    0. 'NVIDIA GeForce GTX 1060 6GB' (Feature Level 11_0)
[2020.10.28-10.54.31:863][  0]LogD3D11RHI:       6052/0/8168 MB DedicatedVideo/DedicatedSystem/SharedSystem, Outputs:1, VendorId:0x10de
[2020.10.28-10.54.31:865][  0]LogD3D11RHI:    1. 'Microsoft Basic Render Driver' (Feature Level 11_0)
[2020.10.28-10.54.31:865][  0]LogD3D11RHI:       0/0/8168 MB DedicatedVideo/DedicatedSystem/SharedSystem, Outputs:0, VendorId:0x1414
[2020.10.28-10.54.31:865][  0]LogD3D11RHI: Chosen D3D11 Adapter: 0
[2020.10.28-10.54.31:873][  0]LogD3D11RHI: Creating new Direct3DDevice
[2020.10.28-10.54.31:873][  0]LogD3D11RHI:     GPU DeviceId: 0x1c03 (for the marketing name, search the web for "GPU Device Id")
[2020.10.28-10.54.31:873][  0]LogWindows: EnumDisplayDevices:
[2020.10.28-10.54.31:873][  0]LogWindows:    0. 'NVIDIA GeForce GTX 1060 6GB' (P:1 D:1)
[2020.10.28-10.54.31:873][  0]LogWindows:    1. 'NVIDIA GeForce GTX 1060 6GB' (P:0 D:0)
[2020.10.28-10.54.31:873][  0]LogWindows:    2. 'NVIDIA GeForce GTX 1060 6GB' (P:0 D:0)
[2020.10.28-10.54.31:874][  0]LogWindows:    3. 'NVIDIA GeForce GTX 1060 6GB' (P:0 D:0)
[2020.10.28-10.54.31:874][  0]LogWindows: DebugString: FoundDriverCount:4 
[2020.10.28-10.54.31:874][  0]LogD3D11RHI:     Adapter Name: NVIDIA GeForce GTX 1060 6GB
[2020.10.28-10.54.31:874][  0]LogD3D11RHI:   Driver Version: 432.00 (internal:26.21.14.3200, unified:432.00)
[2020.10.28-10.54.31:874][  0]LogD3D11RHI:      Driver Date: 7-24-2019
[2020.10.28-10.54.31:874][  0]LogRHI: Texture pool is 4236 MB (70% of 6052 MB)
[2020.10.28-10.54.31:906][  0]LogD3D11RHI: RHI has support for 64 bit atomics
[2020.10.28-10.54.31:906][  0]LogD3D11RHI: Async texture creation enabled
[2020.10.28-10.54.31:906][  0]LogD3D11RHI: Array index from any shader is supported
[2020.10.28-10.54.31:962][  0]LogD3D11RHI: GPU Timing Frequency: 1000.000000 (Debug: 2 1)
[2020.10.28-10.54.32:360][  0]LogTargetPlatformManager: Display: Loaded TargetPlatform 'AllDesktop'
[2020.10.28-10.54.32:377][  0]LogTargetPlatformManager: Display: Loaded TargetPlatform 'Android'
[2020.10.28-10.54.32:377][  0]LogTargetPlatformManager: Display: Loaded TargetPlatform 'Android_ASTC'
[2020.10.28-10.54.32:377][  0]LogTargetPlatformManager: Display: Loaded TargetPlatform 'Android_DXT'
[2020.10.28-10.54.32:377][  0]LogTargetPlatformManager: Display: Loaded TargetPlatform 'Android_ETC2'
[2020.10.28-10.54.32:377][  0]LogTargetPlatformManager: Display: Loaded TargetPlatform 'AndroidClient'
[2020.10.28-10.54.32:377][  0]LogTargetPlatformManager: Display: Loaded TargetPlatform 'Android_ASTCClient'
[2020.10.28-10.54.32:377][  0]LogTargetPlatformManager: Display: Loaded TargetPlatform 'Android_DXTClient'
[2020.10.28-10.54.32:377][  0]LogTargetPlatformManager: Display: Loaded TargetPlatform 'Android_ETC2Client'
[2020.10.28-10.54.32:377][  0]LogTargetPlatformManager: Display: Loaded TargetPlatform 'Android_Multi'
[2020.10.28-10.54.32:377][  0]LogTargetPlatformManager: Display: Loaded TargetPlatform 'Android_MultiClient'
[2020.10.28-10.54.32:395][  0]LogTargetPlatformManager: Display: Loaded TargetPlatform 'IOSClient'
[2020.10.28-10.54.32:395][  0]LogTargetPlatformManager: Display: Loaded TargetPlatform 'IOS'
[2020.10.28-10.54.32:403][  0]LogTargetPlatformManager: Display: Loaded TargetPlatform 'Linux'
[2020.10.28-10.54.32:411][  0]LogTargetPlatformManager: Display: Loaded TargetPlatform 'LinuxNoEditor'
[2020.10.28-10.54.32:418][  0]LogTargetPlatformManager: Display: Loaded TargetPlatform 'LinuxClient'
[2020.10.28-10.54.32:424][  0]LogTargetPlatformManager: Display: Loaded TargetPlatform 'LinuxServer'
[2020.10.28-10.54.32:431][  0]LogTargetPlatformManager: Display: Loaded TargetPlatform 'LinuxAArch64NoEditor'
[2020.10.28-10.54.32:439][  0]LogTargetPlatformManager: Display: Loaded TargetPlatform 'LinuxAArch64Client'
[2020.10.28-10.54.32:446][  0]LogTargetPlatformManager: Display: Loaded TargetPlatform 'LinuxAArch64Server'
[2020.10.28-10.54.32:465][  0]LogTargetPlatformManager: Display: Loaded TargetPlatform 'Lumin'
[2020.10.28-10.54.32:466][  0]LogTargetPlatformManager: Display: Loaded TargetPlatform 'LuminClient'
[2020.10.28-10.54.32:477][  0]LogTargetPlatformManager: Display: Loaded TargetPlatform 'TVOSClient'
[2020.10.28-10.54.32:477][  0]LogTargetPlatformManager: Display: Loaded TargetPlatform 'TVOS'
[2020.10.28-10.54.32:485][  0]LogTargetPlatformManager: Display: Loaded TargetPlatform 'WindowsNoEditor'
[2020.10.28-10.54.32:492][  0]LogTargetPlatformManager: Display: Loaded TargetPlatform 'Windows'
[2020.10.28-10.54.32:499][  0]LogTargetPlatformManager: Display: Loaded TargetPlatform 'WindowsClient'
[2020.10.28-10.54.32:506][  0]LogTargetPlatformManager: Display: Loaded TargetPlatform 'WindowsServer'
[2020.10.28-10.54.32:506][  0]LogTargetPlatformManager: Display: Building Assets For Windows
[2020.10.28-10.54.32:512][  0]LogAudioDebug: Display: Lib vorbis DLL was dynamically loaded.
[2020.10.28-10.54.32:555][  0]LogShaderCompilers: Guid format shader working directory is -1 characters bigger than the processId version (../../../../../Alias_desktop/GitHub/JAM_UE4/Jam_UE4/Intermediate/Shaders/WorkingDirectory/15424/).
[2020.10.28-10.54.32:555][  0]LogShaderCompilers: Cleaned the shader compiler working directory 'C:/Users/game3.ETPA/AppData/Local/Temp/UnrealShaderWorkingDir/F210C7CB4FF524828141F795AE5068A7/'.
[2020.10.28-10.54.32:556][  0]LogXGEController: Cannot use XGE Controller as Incredibuild is not installed on this machine.
[2020.10.28-10.54.32:556][  0]LogShaderCompilers: Cannot use XGE Shader Compiler as Incredibuild is not installed on this machine.
[2020.10.28-10.54.32:556][  0]LogShaderCompilers: Display: Using Local Shader Compiler.
[2020.10.28-10.54.33:204][  0]LogDerivedDataCache: Display: Max Cache Size: 512 MB
[2020.10.28-10.54.33:257][  0]LogDerivedDataCache: Loaded boot cache 0.05s 75MB C:/Users/game3.ETPA/AppData/Local/UnrealEngine/4.25/DerivedDataCache/Boot.ddc.
[2020.10.28-10.54.33:257][  0]LogDerivedDataCache: Display: Loaded Boot cache: C:/Users/game3.ETPA/AppData/Local/UnrealEngine/4.25/DerivedDataCache/Boot.ddc
[2020.10.28-10.54.33:257][  0]LogDerivedDataCache: FDerivedDataBackendGraph:  Pak pak cache file ../../../../../Alias_desktop/GitHub/JAM_UE4/Jam_UE4/DerivedDataCache/DDC.ddp not found, will not use a pak cache.
[2020.10.28-10.54.33:257][  0]LogDerivedDataCache: Unable to find inner node Pak for hierarchical cache Hierarchy.
[2020.10.28-10.54.33:257][  0]LogDerivedDataCache: FDerivedDataBackendGraph:  CompressedPak pak cache file ../../../../../Alias_desktop/GitHub/JAM_UE4/Jam_UE4/DerivedDataCache/Compressed.ddp not found, will not use a pak cache.
[2020.10.28-10.54.33:257][  0]LogDerivedDataCache: Unable to find inner node CompressedPak for hierarchical cache Hierarchy.
[2020.10.28-10.54.33:266][  0]LogDerivedDataCache: Display: Pak cache opened for reading ../../../Engine/DerivedDataCache/Compressed.ddp.
[2020.10.28-10.54.33:266][  0]LogDerivedDataCache: FDerivedDataBackendGraph:  EnterprisePak pak cache file ../../../Enterprise/DerivedDataCache/Compressed.ddp not found, will not use a pak cache.
[2020.10.28-10.54.33:266][  0]LogDerivedDataCache: Unable to find inner node EnterprisePak for hierarchical cache Hierarchy.
[2020.10.28-10.54.33:268][  0]LogDerivedDataCache: Using Local data cache path C:/Users/game3.ETPA/AppData/Local/UnrealEngine/Common/DerivedDataCache: Writable
[2020.10.28-10.54.33:268][  0]LogDerivedDataCache: Shared data cache path not found in *engine.ini, will not use an Shared cache.
[2020.10.28-10.54.33:268][  0]LogDerivedDataCache: Unable to find inner node Shared for hierarchical cache Hierarchy.
[2020.10.28-10.54.33:316][  0]LogSlate: Using FreeType 2.10.0
[2020.10.28-10.54.33:317][  0]LogSlate: SlateFontServices - WITH_FREETYPE: 1, WITH_HARFBUZZ: 1
[2020.10.28-10.54.33:338][  0]LogAssetRegistry: FAssetRegistry took 0.0022 seconds to start up
[2020.10.28-10.54.33:533][  0]LogInit: Selected Device Profile: [Windows]
[2020.10.28-10.54.33:634][  0]LogMeshReduction: Using QuadricMeshReduction for automatic static mesh reduction
[2020.10.28-10.54.33:634][  0]LogMeshReduction: Using SimplygonMeshReduction for automatic skeletal mesh reduction
[2020.10.28-10.54.33:634][  0]LogMeshReduction: Using ProxyLODMeshReduction for automatic mesh merging
[2020.10.28-10.54.33:634][  0]LogMeshReduction: No distributed automatic mesh merging module available
[2020.10.28-10.54.33:634][  0]LogMeshMerging: No distributed automatic mesh merging module available
[2020.10.28-10.54.33:645][  0]LogNetVersion: Jam_UE4 1.0.0, NetCL: 13144385, EngineNetVer: 14, GameNetVer: 0 (Checksum: 1665728394)
[2020.10.28-10.54.33:996][  0]LogAISub: UAISubsystem::UAISubsystem AISubsystem (0000020F95985B40), frame # 0
[2020.10.28-10.54.33:996][  0]LogAISub: UAISubsystem::UAISubsystem AIPerceptionSystem (0000020F95908A40), frame # 0
[2020.10.28-10.54.33:998][  0]LogAISub: UAISubsystem::UAISubsystem EnvQueryManager (0000020F95944800), frame # 0
[2020.10.28-10.54.34:045][  0]LogPackageLocalizationCache: Processed 19 localized package path(s) for 1 prioritized culture(s) in 0.042264 seconds
[2020.10.28-10.54.34:050][  0]LogUObjectArray: 15917 objects as part of root set at end of initial load.
[2020.10.28-10.54.34:050][  0]LogUObjectAllocator: 3965568 out of 0 bytes used by permanent object pool.
[2020.10.28-10.54.34:050][  0]LogUObjectArray: CloseDisregardForGC: 0/0 objects in disregard for GC pool
[2020.10.28-10.54.34:303][  0]LogTcpMessaging: Initializing TcpMessaging bridge
[2020.10.28-10.54.34:306][  0]LogUdpMessaging: Initializing bridge on interface 0.0.0.0:0 to multicast group 230.0.0.1:6666.
[2020.10.28-10.54.34:343][  0]LogLinker: Warning: Failed to load '/Game/TopDownCPP/TopDownOverview': Can't find file.
[2020.10.28-10.54.34:343][  0]LogLinker: Warning: Failed to load '/Game/TopDownCPP/TopDownOverview': Can't find file.
[2020.10.28-10.54.34:343][  0]LogUObjectGlobals: Warning: Failed to find object 'Class /Game/TopDownCPP/TopDownOverview.TopDownOverview_C'
[2020.10.28-10.54.34:368][  0]SourceControl: Source control is disabled
[2020.10.28-10.54.34:368][  0]SourceControl: Source control is disabled
[2020.10.28-10.54.34:370][  0]SourceControl: Source control is disabled
[2020.10.28-10.54.34:372][  0]SourceControl: Source control is disabled
[2020.10.28-10.54.34:377][  0]SourceControl: Source control is disabled
[2020.10.28-10.54.34:556][  0]LogAndroidPermission: UAndroidPermissionCallbackProxy::GetInstance
[2020.10.28-10.54.34:572][  0]LogAudioCaptureCore: Display: No Audio Capture implementations found. Audio input will be silent.
[2020.10.28-10.54.34:572][  0]LogAudioCaptureCore: Display: No Audio Capture implementations found. Audio input will be silent.
[2020.10.28-10.54.34:610][  0]LogOcInput: OculusInput pre-init called
[2020.10.28-10.54.34:618][  0]LogWindows: Failed to load 'OVRPlugin.dll' (GetLastError=126)
[2020.10.28-10.54.34:618][  0]LogWindows: File 'OVRPlugin.dll' does not exist
[2020.10.28-10.54.34:671][  0]LogEngine: Initializing Engine...
[2020.10.28-10.54.34:672][  0]LogHMD: Failed to initialize OpenVR with code 110
[2020.10.28-10.54.34:672][  0]LogMagicLeap: Warning: VR disabled because ZI is not enabled.  To enable, in the editor, Edit -> Project Settings -> Plugins -> Magic Leap Plugin -> Enable Zero Iteration
[2020.10.28-10.54.34:673][  0]LogStats: UGameplayTagsManager::InitializeManager -  0.000 s
[2020.10.28-10.54.34:772][  0]LogInit: Initializing FReadOnlyCVARCache
[2020.10.28-10.54.34:779][  0]LogAIModule: Creating AISystem for world Untitled
[2020.10.28-10.54.34:779][  0]LogAISub: UAISubsystem::UAISubsystem EnvQueryManager (0000020F96145C00), frame # 0
[2020.10.28-10.54.34:779][  0]LogAISub: UAISubsystem::UAISubsystem AIPerceptionSystem (0000020F96174B80), frame # 0
[2020.10.28-10.54.34:788][  0]LogAudioMixer: Display: Audio Mixer Platform Settings:
[2020.10.28-10.54.34:788][  0]LogAudioMixer: Display: 	Sample Rate:						  48000
[2020.10.28-10.54.34:788][  0]LogAudioMixer: Display: 	Callback Buffer Frame Size Requested: 1024
[2020.10.28-10.54.34:788][  0]LogAudioMixer: Display: 	Callback Buffer Frame Size To Use:	  1024
[2020.10.28-10.54.34:788][  0]LogAudioMixer: Display: 	Number of buffers to queue:			  2
[2020.10.28-10.54.34:788][  0]LogAudioMixer: Display: 	Max Channels (voices):				  32
[2020.10.28-10.54.34:788][  0]LogAudioMixer: Display: 	Number of Async Source Workers:		  0
[2020.10.28-10.54.34:788][  0]LogAudio: Display: AudioDevice MaxSources: 32
[2020.10.28-10.54.34:788][  0]LogAudio: Display: Using built-in audio occlusion.
[2020.10.28-10.54.34:788][  0]LogAudioMixer: Display: Initializing audio mixer.
[2020.10.28-10.54.34:800][  0]LogAudioMixer: Display: 0: FrontLeft
[2020.10.28-10.54.34:800][  0]LogAudioMixer: Display: 1: FrontRight
[2020.10.28-10.54.34:847][  0]LogAudioMixer: Display: Using Audio Device Haut-parleurs (Realtek(R) Audio)
[2020.10.28-10.54.34:847][  0]LogAudioMixer: Display: Initializing Sound Submixes...
[2020.10.28-10.54.34:849][  0]LogAudioMixer: Display: Creating Master Submix 'MasterSubmixDefault'
[2020.10.28-10.54.34:849][  0]LogAudioMixer: Display: Creating Master Submix 'MasterReverbSubmixDefault'
[2020.10.28-10.54.34:850][  0]LogAudioMixer: Display: Creating Master Submix 'MasterEQSubmixDefault'
[2020.10.28-10.54.34:851][  0]LogInit: FAudioDevice initialized.
[2020.10.28-10.54.34:851][  0]LogNetVersion: Set ProjectVersion to 1.0.0.0. Version Checksum will be recalculated on next use.
[2020.10.28-10.54.35:311][  0]LogDerivedDataCache: Saved boot cache 0.46s 75MB C:/Users/game3.ETPA/AppData/Local/UnrealEngine/4.25/DerivedDataCache/Boot.ddc.
[2020.10.28-10.54.35:317][  0]LogInit: Texture streaming: Enabled
[2020.10.28-10.54.35:356][  0]LogEngineSessionManager: EngineSessionManager initialized
[2020.10.28-10.54.35:356][  0]LogEditorSessionSummary: Verbose: Initializing EditorSessionSummaryWriter for editor session tracking
[2020.10.28-10.54.35:358][  0]LogEditorSessionSummary: EditorSessionSummaryWriter initialized
[2020.10.28-10.54.35:400][  0]LogInit: Transaction tracking system initialized
[2020.10.28-10.54.35:417][  0]BlueprintLog: New page: Editor Load
[2020.10.28-10.54.35:469][  0]LocalizationService: Localization service is disabled
[2020.10.28-10.54.35:582][  0]LogCook: Display: Max memory allowance for cook 16384mb min free memory 0mb
[2020.10.28-10.54.35:582][  0]LogCook: Display: Mobile HDR setting 1
[2020.10.28-10.54.35:689][  0]LogFileCache: Scanning file cache for directory 'F:/Alias_desktop/GitHub/JAM_UE4/Jam_UE4/Content/' took 0.00s
[2020.10.28-10.54.35:868][  0]SourceControl: Source control is disabled
[2020.10.28-10.54.35:868][  0]LogUnrealEdMisc: Loading editor; pre map load, took 5.017
[2020.10.28-10.54.35:868][  0]Cmd: MAP LOAD FILE="../../../../../Alias_desktop/GitHub/JAM_UE4/Jam_UE4/Content/StarterContent/Maps/Minimal_Default.umap" TEMPLATE=0 SHOWPROGRESS=1 FEATURELEVEL=3
[2020.10.28-10.54.35:868][  0]LightingResults: New page: Lighting Build
[2020.10.28-10.54.35:869][  0]LogWorld: UWorld::CleanupWorld for Untitled, bSessionEnded=true, bCleanupResources=true
[2020.10.28-10.54.35:869][  0]LogSlate: InvalidateAllWidgets triggered.  All widgets were invalidated
[2020.10.28-10.54.35:869][  0]MapCheck: New page: Map Check
[2020.10.28-10.54.35:869][  0]LightingResults: New page: Lighting Build
[2020.10.28-10.54.35:877][  0]LogAISub: UAISubsystem::~UAISubsystem EnvQueryManager (0000020F96145C00), frame # 0
[2020.10.28-10.54.35:877][  0]LogAISub: UAISubsystem::~UAISubsystem AIPerceptionSystem (0000020F96174B80), frame # 0
[2020.10.28-10.54.35:878][  0]LogUObjectHash: Compacting FUObjectHashTables data took   0.56ms
[2020.10.28-10.54.35:972][  0]LogAIModule: Creating AISystem for world Minimal_Default
[2020.10.28-10.54.35:972][  0]LogAISub: UAISubsystem::UAISubsystem EnvQueryManager (0000020FA2EC8600), frame # 0
[2020.10.28-10.54.35:972][  0]LogAISub: UAISubsystem::UAISubsystem AIPerceptionSystem (0000020FA3405300), frame # 0
[2020.10.28-10.54.35:978][  0]LogEditorServer: Finished looking for orphan Actors (0.000 secs)
[2020.10.28-10.54.35:987][  0]LogUObjectHash: Compacting FUObjectHashTables data took   0.97ms
[2020.10.28-10.54.35:988][  0]Cmd: MAP CHECKDEP NOCLEARLOG
[2020.10.28-10.54.35:988][  0]MapCheck: Map check complete: 0 Error(s), 0 Warning(s), took 0,101ms to complete.
[2020.10.28-10.54.35:988][  0]LogFileHelpers: Loading map 'Minimal_Default' took 0.120
[2020.10.28-10.54.35:990][  0]LogUnrealEdMisc: Total Editor Startup Time, took 5.139
[2020.10.28-10.54.36:089][  0]LogSlate: Updating window title bar state: overlay mode, drag disabled, window buttons hidden, title bar hidden
[2020.10.28-10.54.36:095][  0]LogSlate: Updating window title bar state: overlay mode, drag disabled, window buttons hidden, title bar hidden
[2020.10.28-10.54.36:102][  0]LogSlate: Updating window title bar state: overlay mode, drag disabled, window buttons hidden, title bar hidden
[2020.10.28-10.54.36:108][  0]LogSlate: Updating window title bar state: overlay mode, drag disabled, window buttons hidden, title bar hidden
[2020.10.28-10.54.36:112][  0]LogCollectionManager: Loaded 0 collections in 0.000487 seconds
[2020.10.28-10.54.36:125][  0]LogFileCache: Scanning file cache for directory 'F:/Alias_desktop/GitHub/JAM_UE4/Jam_UE4/Saved/Collections/' took 0.00s
[2020.10.28-10.54.36:125][  0]LogFileCache: Scanning file cache for directory 'F:/Alias_desktop/GitHub/JAM_UE4/Jam_UE4/Content/Developers/game3/Collections/' took 0.00s
[2020.10.28-10.54.36:125][  0]LogFileCache: Scanning file cache for directory 'F:/Alias_desktop/GitHub/JAM_UE4/Jam_UE4/Content/Collections/' took 0.00s
[2020.10.28-10.54.36:125][  0]LogContentBrowser: Native class hierarchy populated in 0.0088 seconds. Added 3430 classes and 823 folders.
[2020.10.28-10.54.36:128][  0]LogContentBrowser: Native class hierarchy updated for 'WidgetCarousel' in 0.0003 seconds. Added 0 classes and 0 folders.
[2020.10.28-10.54.36:161][  0]LogContentBrowser: Native class hierarchy updated for 'AddContentDialog' in 0.0003 seconds. Added 0 classes and 0 folders.
[2020.10.28-10.54.36:161][  0]LogContentBrowser: Native class hierarchy updated for 'SceneOutliner' in 0.0002 seconds. Added 2 classes and 0 folders.
[2020.10.28-10.54.36:197][  0]LogSlate: Took 0.000113 seconds to synchronously load lazily loaded font '../../../Engine/Content/Slate/Fonts/Roboto-Regular.ttf' (155K)
[2020.10.28-10.54.36:199][  0]LogSlate: Took 0.000120 seconds to synchronously load lazily loaded font '../../../Engine/Content/Slate/Fonts/Roboto-Bold.ttf' (160K)
[2020.10.28-10.54.36:202][  0]LogSlate: Took 0.000087 seconds to synchronously load lazily loaded font '../../../Engine/Content/Editor/Slate/Fonts/FontAwesome.ttf' (139K)
[2020.10.28-10.54.36:256][  0]LogRenderer: Reallocating scene render targets to support 1620x620 Format 10 NumSamples 1 (Frame:1).
[2020.10.28-10.54.36:292][  0]LogSlate: Took 0.000118 seconds to synchronously load lazily loaded font '../../../Engine/Content/Slate/Fonts/Roboto-Light.ttf' (167K)
[2020.10.28-10.54.36:355][  0]LogContentBrowser: Native class hierarchy updated for 'HierarchicalLODOutliner' in 0.0003 seconds. Added 0 classes and 0 folders.
[2020.10.28-10.54.36:355][  0]LogLoad: (Engine Initialization) Total time: 5.50 seconds
[2020.10.28-10.54.36:355][  0]LogLoad: (Engine Initialization) Total Blueprint compile time: 0.00 seconds
[2020.10.28-10.54.36:390][  0]LogAssetRegistry: Asset discovery search completed in 3.0540 seconds
[2020.10.28-10.54.36:393][  0]LogCollectionManager: Fixed up redirectors for 0 collections in 0.000002 seconds (updated 0 objects)
[2020.10.28-10.54.36:395][  0]LogContentStreaming: Texture pool size now 1000 MB
[2020.10.28-10.54.37:374][100]LogSlate: Took 0.000129 seconds to synchronously load lazily loaded font '../../../Engine/Content/Slate/Fonts/Roboto-Light.ttf' (167K)
[2020.10.28-10.54.40:435][420]LogAssetEditorSubsystem: Opening Asset editor for Blueprint /Game/StarterContent/Blueprints/Gems/Gem_BP.Gem_BP
[2020.10.28-10.54.40:584][420]LogContentBrowser: Native class hierarchy updated for 'BlueprintGraph' in 0.0005 seconds. Added 125 classes and 0 folders.
[2020.10.28-10.54.41:749][420]LogActor: Warning: Gem_BP_C /Engine/Transient.World_0:PersistentLevel.Gem_BP_C_0 has natively added scene component(s), but none of them were set as the actor's RootComponent - picking one arbitrarily
[2020.10.28-10.54.41:753][420]LogSlate: Took 0.000161 seconds to synchronously load lazily loaded font '../../../Engine/Content/Slate/Fonts/Roboto-BoldCondensed.ttf' (158K)
[2020.10.28-10.54.42:821][520]LogSlate: Took 0.000177 seconds to synchronously load lazily loaded font '../../../Engine/Content/Slate/Fonts/Roboto-Italic.ttf' (157K)
[2020.10.28-10.54.44:137][657]LogSlate: Window 'Gem_BP' being destroyed
[2020.10.28-10.54.51:032][468]LogTemp: Repeating last play command: Selected Viewport
[2020.10.28-10.54.51:039][468]LogPlayLevel: PlayLevel: No blueprints needed recompiling
[2020.10.28-10.54.51:039][468]PIE: New page: PIE session: Minimal_Default (28 oct. 2020 à 12:54:51)
[2020.10.28-10.54.51:040][468]LogOnline: OSS: Creating online subsystem instance for: NULL
[2020.10.28-10.54.51:041][468]LogOnline: OSS: TryLoadSubsystemAndSetDefault: Loaded subsystem for module [NULL]
[2020.10.28-10.54.51:041][468]LogPlayLevel: Creating play world package: /Game/StarterContent/Maps/UEDPIE_0_Minimal_Default
[2020.10.28-10.54.51:044][468]LogPlayLevel: PIE: StaticDuplicateObject took: (0.002662s)
[2020.10.28-10.54.51:045][468]LogAIModule: Creating AISystem for world Minimal_Default
[2020.10.28-10.54.51:045][468]LogAISub: UAISubsystem::UAISubsystem EnvQueryManager (0000020FD35BBE00), frame # 1468
[2020.10.28-10.54.51:045][468]LogAISub: UAISubsystem::UAISubsystem AIPerceptionSystem (0000020FD360CB80), frame # 1468
[2020.10.28-10.54.51:045][468]LogPlayLevel: PIE: World Init took: (0.001317s)
[2020.10.28-10.54.51:045][468]LogPlayLevel: PIE: Created PIE world by copying editor world from /Game/StarterContent/Maps/Minimal_Default.Minimal_Default to /Game/StarterContent/Maps/UEDPIE_0_Minimal_Default.Minimal_Default (0.004128s)
[2020.10.28-10.54.51:064][468]LogUObjectHash: Compacting FUObjectHashTables data took   1.55ms
[2020.10.28-10.54.51:066][468]LogAudioMixer: Display: Audio Mixer Platform Settings:
[2020.10.28-10.54.51:066][468]LogAudioMixer: Display: 	Sample Rate:						  48000
[2020.10.28-10.54.51:066][468]LogAudioMixer: Display: 	Callback Buffer Frame Size Requested: 1024
[2020.10.28-10.54.51:066][468]LogAudioMixer: Display: 	Callback Buffer Frame Size To Use:	  1024
[2020.10.28-10.54.51:066][468]LogAudioMixer: Display: 	Number of buffers to queue:			  2
[2020.10.28-10.54.51:066][468]LogAudioMixer: Display: 	Max Channels (voices):				  32
[2020.10.28-10.54.51:066][468]LogAudioMixer: Display: 	Number of Async Source Workers:		  0
[2020.10.28-10.54.51:066][468]LogAudio: Display: AudioDevice MaxSources: 32
[2020.10.28-10.54.51:067][468]LogAudio: Display: Using built-in audio occlusion.
[2020.10.28-10.54.51:067][468]LogAudioMixer: Display: Initializing audio mixer.
[2020.10.28-10.54.51:073][468]LogAudioMixer: Display: 0: FrontLeft
[2020.10.28-10.54.51:073][468]LogAudioMixer: Display: 1: FrontRight
[2020.10.28-10.54.51:101][468]LogAudioMixer: Display: Using Audio Device Haut-parleurs (Realtek(R) Audio)
[2020.10.28-10.54.51:101][468]LogAudioMixer: Display: Initializing Sound Submixes...
[2020.10.28-10.54.51:101][468]LogAudioMixer: Display: Creating Master Submix 'MasterSubmixDefault'
[2020.10.28-10.54.51:102][468]LogAudioMixer: Display: Creating Master Submix 'MasterReverbSubmixDefault'
[2020.10.28-10.54.51:102][468]LogAudioMixer: Display: Creating Master Submix 'MasterEQSubmixDefault'
[2020.10.28-10.54.51:114][468]LogInit: FAudioDevice initialized.
[2020.10.28-10.54.51:123][468]LogLoad: Game class is 'GameModeBase'
[2020.10.28-10.54.51:124][468]LogWorld: Bringing World /Game/StarterContent/Maps/UEDPIE_0_Minimal_Default.Minimal_Default up for play (max tick rate 0) at 2020.10.28-11.54.51
[2020.10.28-10.54.51:124][468]LogWorld: Bringing up level for play took: 0.000518
[2020.10.28-10.54.51:124][468]LogOnline: OSS: Creating online subsystem instance for: :Context_2
[2020.10.28-10.54.51:126][468]LogContentBrowser: Native class hierarchy updated for 'MovieSceneCapture' in 0.0003 seconds. Added 20 classes and 0 folders.
[2020.10.28-10.54.51:127][468]PIE: Server logged in
[2020.10.28-10.54.51:129][468]PIE: Play in editor total start time 0,09 seconds.
[2020.10.28-10.55.06:407][239]LogSlate: Updating window title bar state: overlay mode, drag disabled, window buttons hidden, title bar hidden
[2020.10.28-10.55.06:407][239]LogWorld: BeginTearingDown for /Game/StarterContent/Maps/UEDPIE_0_Minimal_Default
[2020.10.28-10.55.06:407][239]LogWorld: UWorld::CleanupWorld for Minimal_Default, bSessionEnded=true, bCleanupResources=true
[2020.10.28-10.55.06:408][239]LogSlate: InvalidateAllWidgets triggered.  All widgets were invalidated
[2020.10.28-10.55.06:417][239]LogPlayLevel: Display: Shutting down PIE online subsystems
[2020.10.28-10.55.06:421][239]LogSlate: InvalidateAllWidgets triggered.  All widgets were invalidated
[2020.10.28-10.55.06:461][239]LogSlate: Updating window title bar state: overlay mode, drag disabled, window buttons hidden, title bar hidden
[2020.10.28-10.55.06:475][239]LogAISub: UAISubsystem::~UAISubsystem EnvQueryManager (0000020FD35BBE00), frame # 3239
[2020.10.28-10.55.06:475][239]LogAISub: UAISubsystem::~UAISubsystem AIPerceptionSystem (0000020FD360CB80), frame # 3239
[2020.10.28-10.55.06:478][239]LogUObjectHash: Compacting FUObjectHashTables data took   3.17ms
[2020.10.28-10.55.06:499][240]LogPlayLevel: Display: Destroying online subsystem :Context_2
[2020.10.28-10.55.20:501][878]LogSlate: Took 0.000121 seconds to synchronously load lazily loaded font '../../../Engine/Content/Slate/Fonts/DroidSansMono.ttf' (77K)
[2020.10.28-10.55.28:699][856]LogTemp: Repeating last play command: Selected Viewport
[2020.10.28-10.55.28:705][856]LogPlayLevel: PlayLevel: No blueprints needed recompiling
[2020.10.28-10.55.28:705][856]PIE: New page: PIE session: Minimal_Default (28 oct. 2020 à 12:55:28)
[2020.10.28-10.55.28:737][856]LogPlayLevel: Creating play world package: /Game/StarterContent/Maps/UEDPIE_0_Minimal_Default
[2020.10.28-10.55.28:739][856]LogPlayLevel: PIE: StaticDuplicateObject took: (0.002632s)
[2020.10.28-10.55.28:741][856]LogAIModule: Creating AISystem for world Minimal_Default
[2020.10.28-10.55.28:741][856]LogAISub: UAISubsystem::UAISubsystem EnvQueryManager (0000020FA573FC00), frame # 5856
[2020.10.28-10.55.28:741][856]LogAISub: UAISubsystem::UAISubsystem AIPerceptionSystem (0000020FAEFE25C0), frame # 5856
[2020.10.28-10.55.28:741][856]LogPlayLevel: PIE: World Init took: (0.001463s)
[2020.10.28-10.55.28:741][856]LogPlayLevel: PIE: Created PIE world by copying editor world from /Game/StarterContent/Maps/Minimal_Default.Minimal_Default to /Game/StarterContent/Maps/UEDPIE_0_Minimal_Default.Minimal_Default (0.004305s)
[2020.10.28-10.55.28:765][856]LogUObjectHash: Compacting FUObjectHashTables data took   2.13ms
[2020.10.28-10.55.28:768][856]LogAudioMixer: Display: Audio Mixer Platform Settings:
[2020.10.28-10.55.28:768][856]LogAudioMixer: Display: 	Sample Rate:						  48000
[2020.10.28-10.55.28:768][856]LogAudioMixer: Display: 	Callback Buffer Frame Size Requested: 1024
[2020.10.28-10.55.28:768][856]LogAudioMixer: Display: 	Callback Buffer Frame Size To Use:	  1024
[2020.10.28-10.55.28:768][856]LogAudioMixer: Display: 	Number of buffers to queue:			  2
[2020.10.28-10.55.28:768][856]LogAudioMixer: Display: 	Max Channels (voices):				  32
[2020.10.28-10.55.28:768][856]LogAudioMixer: Display: 	Number of Async Source Workers:		  0
[2020.10.28-10.55.28:768][856]LogAudio: Display: AudioDevice MaxSources: 32
[2020.10.28-10.55.28:769][856]LogAudio: Display: Using built-in audio occlusion.
[2020.10.28-10.55.28:769][856]LogAudioMixer: Display: Initializing audio mixer.
[2020.10.28-10.55.28:775][856]LogAudioMixer: Display: 0: FrontLeft
[2020.10.28-10.55.28:775][856]LogAudioMixer: Display: 1: FrontRight
[2020.10.28-10.55.28:802][856]LogAudioMixer: Display: Using Audio Device Haut-parleurs (Realtek(R) Audio)
[2020.10.28-10.55.28:802][856]LogAudioMixer: Display: Initializing Sound Submixes...
[2020.10.28-10.55.28:802][856]LogAudioMixer: Display: Creating Master Submix 'MasterSubmixDefault'
[2020.10.28-10.55.28:802][856]LogAudioMixer: Display: Creating Master Submix 'MasterReverbSubmixDefault'
[2020.10.28-10.55.28:803][856]LogAudioMixer: Display: Creating Master Submix 'MasterEQSubmixDefault'
[2020.10.28-10.55.28:816][856]LogInit: FAudioDevice initialized.
[2020.10.28-10.55.28:827][856]LogLoad: Game class is 'GameModeBase'
[2020.10.28-10.55.28:829][856]LogWorld: Bringing World /Game/StarterContent/Maps/UEDPIE_0_Minimal_Default.Minimal_Default up for play (max tick rate 0) at 2020.10.28-11.55.28
[2020.10.28-10.55.28:829][856]LogWorld: Bringing up level for play took: 0.000658
[2020.10.28-10.55.28:829][856]LogOnline: OSS: Creating online subsystem instance for: :Context_3
[2020.10.28-10.55.28:831][856]PIE: Server logged in
[2020.10.28-10.55.28:832][856]PIE: Play in editor total start time 0,127 seconds.
[2020.10.28-10.55.40:758][280]LogSlate: Updating window title bar state: overlay mode, drag disabled, window buttons hidden, title bar hidden
[2020.10.28-10.55.40:758][280]LogWorld: BeginTearingDown for /Game/StarterContent/Maps/UEDPIE_0_Minimal_Default
[2020.10.28-10.55.40:758][280]LogWorld: UWorld::CleanupWorld for Minimal_Default, bSessionEnded=true, bCleanupResources=true
[2020.10.28-10.55.40:758][280]LogSlate: InvalidateAllWidgets triggered.  All widgets were invalidated
[2020.10.28-10.55.40:764][280]LogPlayLevel: Display: Shutting down PIE online subsystems
[2020.10.28-10.55.40:768][280]LogSlate: InvalidateAllWidgets triggered.  All widgets were invalidated
[2020.10.28-10.55.40:787][280]LogSlate: Updating window title bar state: overlay mode, drag disabled, window buttons hidden, title bar hidden
[2020.10.28-10.55.40:803][280]LogAISub: UAISubsystem::~UAISubsystem AIPerceptionSystem (0000020FAEFE25C0), frame # 7280
[2020.10.28-10.55.40:803][280]LogAISub: UAISubsystem::~UAISubsystem EnvQueryManager (0000020FA573FC00), frame # 7280
[2020.10.28-10.55.40:805][280]LogUObjectHash: Compacting FUObjectHashTables data took   2.02ms
[2020.10.28-10.55.40:848][282]LogPlayLevel: Display: Destroying online subsystem :Context_3
[2020.10.28-10.57.32:943][181]Candidate modules for hot reload:
[2020.10.28-10.57.32:943][181]  Jam_UE4
[2020.10.28-10.57.32:943][181]Launching UnrealBuildTool... [F:/Program Files/UE_4.25/Engine/Binaries/DotNET/UnrealBuildTool.exe  -ModuleWithSuffix=Jam_UE4,5485 Jam_UE4Editor Win64 Development -Project="F:/Alias_desktop/GitHub/JAM_UE4/Jam_UE4/Jam_UE4.uproject" "F:/Alias_desktop/GitHub/JAM_UE4/Jam_UE4/Jam_UE4.uproject"  -IgnoreJunk]
[2020.10.28-10.57.32:975][181]Warning: Starting HotReload took  0.0s.
[2020.10.28-10.57.36:296][538]CompilerResultsLog: New page: Compilation - 28 oct. 2020 à 12:57:36
[2020.10.28-10.57.36:297][538]CompilerResultsLog: Using 'git status' to determine working set for adaptive non-unity build (F:\Alias_desktop\GitHub\JAM_UE4).
[2020.10.28-10.57.36:297][538]CompilerResultsLog: Building Jam_UE4Editor...
[2020.10.28-10.57.36:297][538]CompilerResultsLog: Using Visual Studio 2019 14.27.29111 toolchain (C:\Program Files (x86)\Microsoft Visual Studio\2019\Community\VC\Tools\MSVC\14.27.29110) and Windows 10.0.18362.0 SDK (C:\Program Files (x86)\Windows Kits\10).
[2020.10.28-10.57.36:297][538]CompilerResultsLog: Building 4 actions with 8 processes...
[2020.10.28-10.57.36:297][538]CompilerResultsLog:   [1/4] Gem.cpp
[2020.10.28-10.57.36:297][538]CompilerResultsLog:   [2/4] UE4Editor-Jam_UE4-5485.lib
[2020.10.28-10.57.36:297][538]CompilerResultsLog:      Cr?ation de la biblioth?que F:\Alias_desktop\GitHub\JAM_UE4\Jam_UE4\Intermediate\Build\Win64\UE4Editor\Development\Jam_UE4\UE4Editor-Jam_UE4-5485.lib et de l'objet F:\Alias_desktop\GitHub\JAM_UE4\Jam_UE4\Intermediate\Build\Win64\UE4Editor\Development\Jam_UE4\UE4Editor-Jam_UE4-5485.exp
[2020.10.28-10.57.36:297][538]CompilerResultsLog:   [3/4] UE4Editor-Jam_UE4-5485.dll
[2020.10.28-10.57.36:297][538]CompilerResultsLog:      Cr?ation de la biblioth?que F:\Alias_desktop\GitHub\JAM_UE4\Jam_UE4\Intermediate\Build\Win64\UE4Editor\Development\Jam_UE4\UE4Editor-Jam_UE4-5485.suppressed.lib et de l'objet F:\Alias_desktop\GitHub\JAM_UE4\Jam_UE4\Intermediate\Build\Win64\UE4Editor\Development\Jam_UE4\UE4Editor-Jam_UE4-5485.suppressed.exp
[2020.10.28-10.57.36:297][538]CompilerResultsLog:   [4/4] Jam_UE4Editor.target
[2020.10.28-10.57.36:297][538]CompilerResultsLog: Total time in Parallel executor: 2,50 seconds
[2020.10.28-10.57.36:297][538]CompilerResultsLog: Total execution time: 3,09 seconds
[2020.10.28-10.57.36:297][538]LogMainFrame: MainFrame: Module compiling took 3.356 seconds
[2020.10.28-10.57.36:314][538]LogContentBrowser: Native class hierarchy updated for 'Jam_UE4' in 0.0004 seconds. Added 3 classes and 2 folders.
[2020.10.28-10.57.36:319][538]Display: HotReload successful (2 functions remapped  0 scriptstructs remapped)
[2020.10.28-10.57.36:403][538]LogContentBrowser: Native class hierarchy populated in 0.0084 seconds. Added 3430 classes and 823 folders.
[2020.10.28-10.57.36:403][538]Display: HotReload took  3.5s.
[2020.10.28-10.57.47:021][747]LogTemp: Repeating last play command: Selected Viewport
[2020.10.28-10.57.47:031][747]LogPlayLevel: PlayLevel: No blueprints needed recompiling
[2020.10.28-10.57.47:031][747]PIE: New page: PIE session: Minimal_Default (28 oct. 2020 à 12:57:47)
[2020.10.28-10.57.47:068][747]LogPlayLevel: Creating play world package: /Game/StarterContent/Maps/UEDPIE_0_Minimal_Default
[2020.10.28-10.57.47:072][747]LogPlayLevel: PIE: StaticDuplicateObject took: (0.004449s)
[2020.10.28-10.57.47:074][747]LogAIModule: Creating AISystem for world Minimal_Default
[2020.10.28-10.57.47:074][747]LogAISub: UAISubsystem::UAISubsystem EnvQueryManager (0000021008DDBE00), frame # 9747
[2020.10.28-10.57.47:074][747]LogAISub: UAISubsystem::UAISubsystem AIPerceptionSystem (0000021008D8BD80), frame # 9747
[2020.10.28-10.57.47:074][747]LogPlayLevel: PIE: World Init took: (0.001794s)
[2020.10.28-10.57.47:074][747]LogPlayLevel: PIE: Created PIE world by copying editor world from /Game/StarterContent/Maps/Minimal_Default.Minimal_Default to /Game/StarterContent/Maps/UEDPIE_0_Minimal_Default.Minimal_Default (0.006478s)
[2020.10.28-10.57.47:095][747]LogOutputDevice: Warning: 

Script Stack (0 frames):

[2020.10.28-10.57.47:095][747]LogWindows: Windows GetLastError: L’opération a réussi. (0)
[2020.10.28-10.57.48:147][747]LogWindows: Error: === Critical error: ===
[2020.10.28-10.57.48:147][747]LogWindows: Error: 
[2020.10.28-10.57.48:147][747]LogWindows: Error: Fatal error: [File:D:/Build/++UE4/Sync/Engine/Source/Runtime/CoreUObject/Private/UObject/Obj.cpp] [Line: 993] 
[2020.10.28-10.57.48:147][747]LogWindows: Error: DropGem /Engine/Transient.BPGC_ARCH_FOR_CDO_DropGem_0 failed to route BeginDestroy
[2020.10.28-10.57.48:147][747]LogWindows: Error: 
[2020.10.28-10.57.48:147][747]LogWindows: Error: 
[2020.10.28-10.57.48:147][747]LogWindows: Error: [Callstack] 0x00007ffdb5753b29 KERNELBASE.dll!UnknownFunction []
[2020.10.28-10.57.48:147][747]LogWindows: Error: [Callstack] 0x00007ffd6978ec66 UE4Editor-Core.dll!UnknownFunction []
[2020.10.28-10.57.48:147][747]LogWindows: Error: [Callstack] 0x00007ffd69792048 UE4Editor-Core.dll!UnknownFunction []
[2020.10.28-10.57.48:147][747]LogWindows: Error: [Callstack] 0x00007ffd6951e52d UE4Editor-Core.dll!UnknownFunction []
[2020.10.28-10.57.48:147][747]LogWindows: Error: [Callstack] 0x00007ffd68e3be5d UE4Editor-CoreUObject.dll!UnknownFunction []
[2020.10.28-10.57.48:147][747]LogWindows: Error: [Callstack] 0x00007ffd68e1a02b UE4Editor-CoreUObject.dll!UnknownFunction []
[2020.10.28-10.57.48:147][747]LogWindows: Error: [Callstack] 0x00007ffd68da9da3 UE4Editor-CoreUObject.dll!UnknownFunction []
[2020.10.28-10.57.48:147][747]LogWindows: Error: [Callstack] 0x00007ffd68da900c UE4Editor-CoreUObject.dll!UnknownFunction []
[2020.10.28-10.57.48:147][747]LogWindows: Error: [Callstack] 0x00007ffd6660af02 UE4Editor-Engine.dll!UnknownFunction []
[2020.10.28-10.57.48:147][747]LogWindows: Error: [Callstack] 0x00007ffd63c94c5b UE4Editor-UnrealEd.dll!UnknownFunction []
[2020.10.28-10.57.48:147][747]LogWindows: Error: [Callstack] 0x00007ffd63cb682c UE4Editor-UnrealEd.dll!UnknownFunction []
[2020.10.28-10.57.48:147][747]LogWindows: Error: [Callstack] 0x00007ffd63c96899 UE4Editor-UnrealEd.dll!UnknownFunction []
[2020.10.28-10.57.48:147][747]LogWindows: Error: [Callstack] 0x00007ffd63cd23da UE4Editor-UnrealEd.dll!UnknownFunction []
[2020.10.28-10.57.48:147][747]LogWindows: Error: [Callstack] 0x00007ffd63cd569d UE4Editor-UnrealEd.dll!UnknownFunction []
[2020.10.28-10.57.48:147][747]LogWindows: Error: [Callstack] 0x00007ffd63cd5078 UE4Editor-UnrealEd.dll!UnknownFunction []
[2020.10.28-10.57.48:147][747]LogWindows: Error: [Callstack] 0x00007ffd6375a854 UE4Editor-UnrealEd.dll!UnknownFunction []
[2020.10.28-10.57.48:147][747]LogWindows: Error: [Callstack] 0x00007ffd640337e6 UE4Editor-UnrealEd.dll!UnknownFunction []
[2020.10.28-10.57.48:147][747]LogWindows: Error: [Callstack] 0x00007ff787b27800 UE4Editor.exe!UnknownFunction []
[2020.10.28-10.57.48:147][747]LogWindows: Error: [Callstack] 0x00007ff787b3ba7c UE4Editor.exe!UnknownFunction []
[2020.10.28-10.57.48:147][747]LogWindows: Error: [Callstack] 0x00007ff787b3bb5a UE4Editor.exe!UnknownFunction []
[2020.10.28-10.57.48:147][747]LogWindows: Error: [Callstack] 0x00007ff787b4e31d UE4Editor.exe!UnknownFunction []
[2020.10.28-10.57.48:147][747]LogWindows: Error: [Callstack] 0x00007ff787b5145a UE4Editor.exe!UnknownFunction []
[2020.10.28-10.57.48:147][747]LogWindows: Error: [Callstack] 0x00007ffdb69f7c24 KERNEL32.DLL!UnknownFunction []
[2020.10.28-10.57.48:147][747]LogWindows: Error: [Callstack] 0x00007ffdb834cea1 ntdll.dll!UnknownFunction []
[2020.10.28-10.57.48:147][747]LogWindows: Error: 
[2020.10.28-10.57.48:183][747]LogExit: Executing StaticShutdownAfterError
[2020.10.28-10.57.48:185][747]LogWindows: FPlatformMisc::RequestExit(1)
[2020.10.28-10.57.48:186][747]LogCore: Engine exit requested (reason: Win RequestExit)
[2020.10.28-10.57.48:204][747]Log file closed, 10/28/20 11:57:48
