Log file open, 10/28/20 11:41:00
LogInit: Display: Running engine for game: Jam_UE4
LogPlatformFile: Not using cached read wrapper
LogTaskGraph: Started task graph with 5 named threads and 23 total threads with 3 sets of task threads.
LogStats: Stats thread started at 0.164341
LogD3D11RHI: Loaded GFSDK_Aftermath_Lib.x64.dll
LogICUInternationalization: ICU TimeZone Detection - Raw Offset: +1:00, Platform Override: ''
LogPluginManager: Mounting plugin Paper2D
LogPluginManager: Mounting plugin AISupport
LogPluginManager: Mounting plugin LightPropagationVolume
LogPluginManager: Mounting plugin CameraShakePreviewer
LogPluginManager: Mounting plugin ActorLayerUtilities
LogPluginManager: Mounting plugin AnimationSharing
LogPluginManager: Mounting plugin CLionSourceCodeAccess
LogPluginManager: Mounting plugin CodeLiteSourceCodeAccess
LogPluginManager: Mounting plugin GitSourceControl
LogPluginManager: Mounting plugin KDevelopSourceCodeAccess
LogPluginManager: Mounting plugin NullSourceCodeAccess
LogPluginManager: Mounting plugin PerforceSourceControl
LogPluginManager: Mounting plugin PlasticSourceControl
LogPluginManager: Mounting plugin RiderSourceCodeAccess
LogPluginManager: Mounting plugin SubversionSourceControl
LogPluginManager: Mounting plugin UObjectPlugin
LogPluginManager: Mounting plugin VisualStudioCodeSourceCodeAccess
LogPluginManager: Mounting plugin VisualStudioSourceCodeAccess
LogPluginManager: Mounting plugin XCodeSourceCodeAccess
LogPluginManager: Mounting plugin AssetManagerEditor
LogPluginManager: Mounting plugin CryptoKeys
LogPluginManager: Mounting plugin CurveEditorTools
LogPluginManager: Mounting plugin DataValidation
LogPluginManager: Mounting plugin EditorScriptingUtilities
LogPluginManager: Mounting plugin FacialAnimation
LogPluginManager: Mounting plugin GameplayTagsEditor
LogPluginManager: Mounting plugin GeometryMode
LogPluginManager: Mounting plugin MacGraphicsSwitching
LogPluginManager: Mounting plugin MaterialAnalyzer
LogPluginManager: Mounting plugin MobileLauncherProfileWizard
LogPluginManager: Mounting plugin PluginBrowser
LogPluginManager: Mounting plugin SpeedTreeImporter
LogPluginManager: Mounting plugin DatasmithContent
LogPluginManager: Mounting plugin VariantManagerContent
LogPluginManager: Mounting plugin AlembicImporter
LogPluginManager: Mounting plugin AutomationUtils
LogPluginManager: Mounting plugin BackChannel
LogPluginManager: Mounting plugin ChaosCloth
LogPluginManager: Mounting plugin ChaosClothEditor
LogPluginManager: Mounting plugin ChaosEditor
LogPluginManager: Mounting plugin ChaosNiagara
LogPluginManager: Mounting plugin ChaosSolverPlugin
LogPluginManager: Mounting plugin CharacterAI
LogPluginManager: Mounting plugin GeometryCache
LogPluginManager: Mounting plugin GeometryCollectionPlugin
LogPluginManager: Mounting plugin GeometryProcessing
LogPluginManager: Mounting plugin PlanarCut
LogPluginManager: Mounting plugin PlatformCrypto
LogPluginManager: Mounting plugin ProxyLODPlugin
LogPluginManager: Mounting plugin SkeletalReduction
LogPluginManager: Mounting plugin Niagara
LogPluginManager: Mounting plugin MagicLeap
LogPluginManager: Mounting plugin MagicLeapLightEstimation
LogPluginManager: Mounting plugin MagicLeapMedia
LogPluginManager: Mounting plugin MagicLeapPassableWorld
LogPluginManager: Mounting plugin MLSDK
LogPluginManager: Mounting plugin AndroidMedia
LogPluginManager: Mounting plugin AvfMedia
LogPluginManager: Mounting plugin ImgMedia
LogPluginManager: Mounting plugin MediaCompositing
LogPluginManager: Mounting plugin MediaPlayerEditor
LogPluginManager: Mounting plugin WebMMedia
LogPluginManager: Mounting plugin WmfMedia
LogPluginManager: Mounting plugin MeshPainting
LogPluginManager: Mounting plugin TcpMessaging
LogPluginManager: Mounting plugin UdpMessaging
LogPluginManager: Mounting plugin ActorSequence
LogPluginManager: Mounting plugin LevelSequenceEditor
LogPluginManager: Mounting plugin MatineeToLevelSequence
LogPluginManager: Mounting plugin MovieRenderPipeline
LogPluginManager: Mounting plugin TemplateSequence
LogPluginManager: Mounting plugin NetcodeUnitTest
LogPluginManager: Mounting plugin NUTUnrealEngine4
LogPluginManager: Mounting plugin OnlineSubsystemGooglePlay
LogPluginManager: Mounting plugin OnlineSubsystemIOS
LogPluginManager: Mounting plugin OnlineSubsystem
LogPluginManager: Mounting plugin OnlineSubsystemNull
LogPluginManager: Mounting plugin OnlineSubsystemUtils
LogPluginManager: Mounting plugin LauncherChunkInstaller
LogPluginManager: Mounting plugin AndroidDeviceProfileSelector
LogPluginManager: Mounting plugin AndroidMoviePlayer
LogPluginManager: Mounting plugin AndroidPermission
LogPluginManager: Mounting plugin AppleImageUtils
LogPluginManager: Mounting plugin AppleMoviePlayer
LogPluginManager: Mounting plugin ArchVisCharacter
LogPluginManager: Mounting plugin AssetTags
LogPluginManager: Mounting plugin AudioCapture
LogPluginManager: Mounting plugin CableComponent
LogPluginManager: Mounting plugin CustomMeshComponent
LogPluginManager: Mounting plugin EditableMesh
LogPluginManager: Mounting plugin ExampleDeviceProfileSelector
LogPluginManager: Mounting plugin GoogleCloudMessaging
LogPluginManager: Mounting plugin GooglePAD
LogPluginManager: Mounting plugin IOSDeviceProfileSelector
LogPluginManager: Mounting plugin LinuxDeviceProfileSelector
LogPluginManager: Mounting plugin LocationServicesBPLibrary
LogPluginManager: Mounting plugin MobilePatchingUtils
LogPluginManager: Mounting plugin OculusVR
LogPluginManager: Mounting plugin PhysXVehicles
LogPluginManager: Mounting plugin PostSplashScreen
LogPluginManager: Mounting plugin ProceduralMeshComponent
LogPluginManager: Mounting plugin RuntimePhysXCooking
LogPluginManager: Mounting plugin SignificanceManager
LogPluginManager: Mounting plugin SoundFields
LogPluginManager: Mounting plugin SteamVR
LogPluginManager: Mounting plugin Synthesis
LogPluginManager: Mounting plugin WebMMoviePlayer
LogPluginManager: Mounting plugin WindowsMoviePlayer
LogPluginManager: Mounting plugin ScreenshotTools
LogInit: Using libcurl 7.55.1-DEV
LogInit:  - built for x86_64-pc-win32
LogInit:  - supports SSL with OpenSSL/1.1.1
LogInit:  - supports HTTP deflate (compression) using libz 1.2.8
LogInit:  - other features:
LogInit:      CURL_VERSION_SSL
LogInit:      CURL_VERSION_LIBZ
LogInit:      CURL_VERSION_IPV6
LogInit:      CURL_VERSION_ASYNCHDNS
LogInit:      CURL_VERSION_LARGEFILE
LogInit:      CURL_VERSION_IDN
LogInit:  CurlRequestOptions (configurable via config and command line):
LogInit:  - bVerifyPeer = true  - Libcurl will verify peer certificate
LogInit:  - bUseHttpProxy = false  - Libcurl will NOT use HTTP proxy
LogInit:  - bDontReuseConnections = false  - Libcurl will reuse connections
LogInit:  - MaxHostConnections = 16  - Libcurl will limit the number of connections to a host
LogInit:  - LocalHostAddr = Default
LogInit:  - BufferSize = 65536
LogOnline: OSS: Creating online subsystem instance for: NULL
LogInit: WinSock: version 1.1 (2.2), MaxSocks=32767, MaxUdp=65467
LogOnline: OSS: TryLoadSubsystemAndSetDefault: Loaded subsystem for module [NULL]
LogInit: Build: ++UE4+Release-4.25-CL-14469661
LogInit: Engine Version: 4.25.4-14469661+++UE4+Release-4.25
LogInit: Compatible Engine Version: 4.25.0-13144385+++UE4+Release-4.25
LogInit: Net CL: 13144385
LogInit: OS: Windows 10 (Release 1903) (), CPU: Intel(R) Core(TM) i7-7700 CPU @ 3.60GHz, GPU: NVIDIA GeForce GTX 1060 6GB
LogInit: Compiled (64-bit): Oct 11 2020 08:10:49
LogInit: Compiled with Visual C++: 19.24.28315.00
LogInit: Build Configuration: Development
LogInit: Branch Name: ++UE4+Release-4.25
LogInit: Command Line: 
LogInit: Base Directory: F:/Program Files/UE_4.25/Engine/Binaries/Win64/
LogInit: Allocator: TBB
LogInit: Installed Engine Build: 1
LogDevObjectVersion: Number of dev versions registered: 26
LogDevObjectVersion:   Dev-Blueprints (B0D832E4-1F89-4F0D-ACCF-7EB736FD4AA2): 10
LogDevObjectVersion:   Dev-Build (E1C64328-A22C-4D53-A36C-8E866417BD8C): 0
LogDevObjectVersion:   Dev-Core (375EC13C-06E4-48FB-B500-84F0262A717E): 4
LogDevObjectVersion:   Dev-Editor (E4B068ED-F494-42E9-A231-DA0B2E46BB41): 38
LogDevObjectVersion:   Dev-Framework (CFFC743F-43B0-4480-9391-14DF171D2073): 37
LogDevObjectVersion:   Dev-Mobile (B02B49B5-BB20-44E9-A304-32B752E40360): 2
LogDevObjectVersion:   Dev-Networking (A4E4105C-59A1-49B5-A7C5-40C4547EDFEE): 0
LogDevObjectVersion:   Dev-Online (39C831C9-5AE6-47DC-9A44-9C173E1C8E7C): 0
LogDevObjectVersion:   Dev-Physics (78F01B33-EBEA-4F98-B9B4-84EACCB95AA2): 4
LogDevObjectVersion:   Dev-Platform (6631380F-2D4D-43E0-8009-CF276956A95A): 0
LogDevObjectVersion:   Dev-Rendering (12F88B9F-8875-4AFC-A67C-D90C383ABD29): 43
LogDevObjectVersion:   Dev-Sequencer (7B5AE74C-D270-4C10-A958-57980B212A5A): 12
LogDevObjectVersion:   Dev-VR (D7296918-1DD6-4BDD-9DE2-64A83CC13884): 3
LogDevObjectVersion:   Dev-LoadTimes (C2A15278-BFE7-4AFE-6C17-90FF531DF755): 1
LogDevObjectVersion:   Private-Geometry (6EACA3D4-40EC-4CC1-B786-8BED09428FC5): 3
LogDevObjectVersion:   Dev-AnimPhys (29E575DD-E0A3-4627-9D10-D276232CDCEA): 17
LogDevObjectVersion:   Dev-Anim (AF43A65D-7FD3-4947-9873-3E8ED9C1BB05): 7
LogDevObjectVersion:   Dev-ReflectionCapture (6B266CEC-1EC7-4B8F-A30B-E4D90942FC07): 1
LogDevObjectVersion:   Dev-Automation (0DF73D61-A23F-47EA-B727-89E90C41499A): 1
LogDevObjectVersion:   FortniteMain (601D1886-AC64-4F84-AA16-D3DE0DEAC7D6): 31
LogDevObjectVersion:   Dev-Enterprise (9DFFBCD6-494F-0158-E221-12823C92A888): 10
LogDevObjectVersion:   Dev-Niagara (F2AED0AC-9AFE-416F-8664-AA7FFA26D6FC): 1
LogDevObjectVersion:   Dev-Destruction (174F1F0B-B4C6-45A5-B13F-2EE8D0FB917D): 10
LogDevObjectVersion:   Dev-Physics-Ext (35F94A83-E258-406C-A318-09F59610247C): 37
LogDevObjectVersion:   Dev-PhysicsMaterial-Chaos (B68FC16E-8B1B-42E2-B453-215C058844FE): 1
LogDevObjectVersion:   Dev-CineCamera (B2E18506-4273-CFC2-A54E-F4BB758BBA07): 1
LogInit: Presizing for max 25165824 objects, including 0 objects not considered by GC, pre-allocating 0 bytes for permanent pool.
LogConfig: Applying CVar settings from Section [/Script/Engine.StreamingSettings] File [F:/Alias_desktop/GitHub/JAM_UE4/Jam_UE4/Saved/Config/Windows/Engine.ini]
LogConfig: Setting CVar [[s.MinBulkDataSizeForAsyncLoading:131072]]
LogConfig: Setting CVar [[s.AsyncLoadingThreadEnabled:0]]
LogConfig: Setting CVar [[s.EventDrivenLoaderEnabled:1]]
LogConfig: Setting CVar [[s.WarnIfTimeLimitExceeded:0]]
LogConfig: Setting CVar [[s.TimeLimitExceededMultiplier:1.5]]
LogConfig: Setting CVar [[s.TimeLimitExceededMinTime:0.005]]
LogConfig: Setting CVar [[s.UseBackgroundLevelStreaming:1]]
LogConfig: Setting CVar [[s.PriorityAsyncLoadingExtraTime:15.0]]
LogConfig: Setting CVar [[s.LevelStreamingActorsUpdateTimeLimit:5.0]]
LogConfig: Setting CVar [[s.PriorityLevelStreamingActorsUpdateExtraTime:5.0]]
LogConfig: Setting CVar [[s.LevelStreamingComponentsRegistrationGranularity:10]]
LogConfig: Setting CVar [[s.UnregisterComponentsTimeLimit:1.0]]
LogConfig: Setting CVar [[s.LevelStreamingComponentsUnregistrationGranularity:5]]
LogConfig: Setting CVar [[s.FlushStreamingOnExit:1]]
LogInit: Object subsystem initialized
LogConfig: Setting CVar [[con.DebugEarlyDefault:1]]
LogConfig: Setting CVar [[r.setres:1280x720]]
[2020.10.28-10.41.00:281][  0]LogConfig: Setting CVar [[r.VSync:0]]
[2020.10.28-10.41.00:281][  0]LogConfig: Setting CVar [[r.RHICmdBypass:0]]
[2020.10.28-10.41.00:281][  0]LogConfig: Applying CVar settings from Section [/Script/Engine.RendererSettings] File [F:/Alias_desktop/GitHub/JAM_UE4/Jam_UE4/Saved/Config/Windows/Engine.ini]
[2020.10.28-10.41.00:281][  0]LogConfig: Setting CVar [[r.GPUCrashDebugging:0]]
[2020.10.28-10.41.00:281][  0]LogConfig: Applying CVar settings from Section [/Script/Engine.RendererOverrideSettings] File [F:/Alias_desktop/GitHub/JAM_UE4/Jam_UE4/Saved/Config/Windows/Engine.ini]
[2020.10.28-10.41.00:281][  0]LogConfig: Applying CVar settings from Section [/Script/Engine.StreamingSettings] File [F:/Alias_desktop/GitHub/JAM_UE4/Jam_UE4/Saved/Config/Windows/Engine.ini]
[2020.10.28-10.41.00:281][  0]LogConfig: Setting CVar [[s.MinBulkDataSizeForAsyncLoading:131072]]
[2020.10.28-10.41.00:281][  0]LogConfig: Setting CVar [[s.AsyncLoadingThreadEnabled:0]]
[2020.10.28-10.41.00:281][  0]LogConfig: Setting CVar [[s.EventDrivenLoaderEnabled:1]]
[2020.10.28-10.41.00:281][  0]LogConfig: Setting CVar [[s.WarnIfTimeLimitExceeded:0]]
[2020.10.28-10.41.00:281][  0]LogConfig: Setting CVar [[s.TimeLimitExceededMultiplier:1.5]]
[2020.10.28-10.41.00:281][  0]LogConfig: Setting CVar [[s.TimeLimitExceededMinTime:0.005]]
[2020.10.28-10.41.00:281][  0]LogConfig: Setting CVar [[s.UseBackgroundLevelStreaming:1]]
[2020.10.28-10.41.00:281][  0]LogConfig: Setting CVar [[s.PriorityAsyncLoadingExtraTime:15.0]]
[2020.10.28-10.41.00:281][  0]LogConfig: Setting CVar [[s.LevelStreamingActorsUpdateTimeLimit:5.0]]
[2020.10.28-10.41.00:281][  0]LogConfig: Setting CVar [[s.PriorityLevelStreamingActorsUpdateExtraTime:5.0]]
[2020.10.28-10.41.00:281][  0]LogConfig: Setting CVar [[s.LevelStreamingComponentsRegistrationGranularity:10]]
[2020.10.28-10.41.00:281][  0]LogConfig: Setting CVar [[s.UnregisterComponentsTimeLimit:1.0]]
[2020.10.28-10.41.00:281][  0]LogConfig: Setting CVar [[s.LevelStreamingComponentsUnregistrationGranularity:5]]
[2020.10.28-10.41.00:281][  0]LogConfig: Setting CVar [[s.FlushStreamingOnExit:1]]
[2020.10.28-10.41.00:281][  0]LogConfig: Applying CVar settings from Section [/Script/Engine.GarbageCollectionSettings] File [F:/Alias_desktop/GitHub/JAM_UE4/Jam_UE4/Saved/Config/Windows/Engine.ini]
[2020.10.28-10.41.00:281][  0]LogConfig: Setting CVar [[gc.MaxObjectsNotConsideredByGC:1]]
[2020.10.28-10.41.00:281][  0]LogConfig: Setting CVar [[gc.SizeOfPermanentObjectPool:0]]
[2020.10.28-10.41.00:281][  0]LogConfig: Setting CVar [[gc.FlushStreamingOnGC:0]]
[2020.10.28-10.41.00:281][  0]LogConfig: Setting CVar [[gc.NumRetriesBeforeForcingGC:10]]
[2020.10.28-10.41.00:281][  0]LogConfig: Setting CVar [[gc.AllowParallelGC:1]]
[2020.10.28-10.41.00:281][  0]LogConfig: Setting CVar [[gc.TimeBetweenPurgingPendingKillObjects:61.1]]
[2020.10.28-10.41.00:281][  0]LogConfig: Setting CVar [[gc.MaxObjectsInEditor:25165824]]
[2020.10.28-10.41.00:281][  0]LogConfig: Setting CVar [[gc.IncrementalBeginDestroyEnabled:1]]
[2020.10.28-10.41.00:281][  0]LogConfig: Setting CVar [[gc.CreateGCClusters:1]]
[2020.10.28-10.41.00:281][  0]LogConfig: Setting CVar [[gc.MinGCClusterSize:5]]
[2020.10.28-10.41.00:281][  0]LogConfig: Setting CVar [[gc.ActorClusteringEnabled:0]]
[2020.10.28-10.41.00:281][  0]LogConfig: Setting CVar [[gc.BlueprintClusteringEnabled:0]]
[2020.10.28-10.41.00:281][  0]LogConfig: Setting CVar [[gc.UseDisregardForGCOnDedicatedServers:0]]
[2020.10.28-10.41.00:281][  0]LogConfig: Applying CVar settings from Section [/Script/Engine.NetworkSettings] File [F:/Alias_desktop/GitHub/JAM_UE4/Jam_UE4/Saved/Config/Windows/Engine.ini]
[2020.10.28-10.41.00:281][  0]LogConfig: Applying CVar settings from Section [/Script/UnrealEd.CookerSettings] File [F:/Alias_desktop/GitHub/JAM_UE4/Jam_UE4/Saved/Config/Windows/Engine.ini]
[2020.10.28-10.41.00:283][  0]LogConfig: Applying CVar settings from Section [ViewDistanceQuality@3] File [F:/Alias_desktop/GitHub/JAM_UE4/Jam_UE4/Saved/Config/Windows/Scalability.ini]
[2020.10.28-10.41.00:283][  0]LogConfig: Setting CVar [[r.SkeletalMeshLODBias:0]]
[2020.10.28-10.41.00:283][  0]LogConfig: Setting CVar [[r.ViewDistanceScale:1.0]]
[2020.10.28-10.41.00:283][  0]LogConfig: Applying CVar settings from Section [AntiAliasingQuality@3] File [F:/Alias_desktop/GitHub/JAM_UE4/Jam_UE4/Saved/Config/Windows/Scalability.ini]
[2020.10.28-10.41.00:283][  0]LogConfig: Setting CVar [[r.PostProcessAAQuality:4]]
[2020.10.28-10.41.00:283][  0]LogConfig: Applying CVar settings from Section [ShadowQuality@3] File [F:/Alias_desktop/GitHub/JAM_UE4/Jam_UE4/Saved/Config/Windows/Scalability.ini]
[2020.10.28-10.41.00:283][  0]LogConfig: Setting CVar [[r.LightFunctionQuality:1]]
[2020.10.28-10.41.00:283][  0]LogConfig: Setting CVar [[r.ShadowQuality:5]]
[2020.10.28-10.41.00:283][  0]LogConfig: Setting CVar [[r.Shadow.CSM.MaxCascades:10]]
[2020.10.28-10.41.00:283][  0]LogConfig: Setting CVar [[r.Shadow.MaxResolution:2048]]
[2020.10.28-10.41.00:283][  0]LogConfig: Setting CVar [[r.Shadow.MaxCSMResolution:2048]]
[2020.10.28-10.41.00:283][  0]LogConfig: Setting CVar [[r.Shadow.RadiusThreshold:0.01]]
[2020.10.28-10.41.00:283][  0]LogConfig: Setting CVar [[r.Shadow.DistanceScale:1.0]]
[2020.10.28-10.41.00:283][  0]LogConfig: Setting CVar [[r.Shadow.CSM.TransitionScale:1.0]]
[2020.10.28-10.41.00:283][  0]LogConfig: Setting CVar [[r.Shadow.PreShadowResolutionFactor:1.0]]
[2020.10.28-10.41.00:283][  0]LogConfig: Setting CVar [[r.DistanceFieldShadowing:1]]
[2020.10.28-10.41.00:283][  0]LogConfig: Setting CVar [[r.DistanceFieldAO:1]]
[2020.10.28-10.41.00:283][  0]LogConfig: Setting CVar [[r.AOQuality:2]]
[2020.10.28-10.41.00:283][  0]LogConfig: Setting CVar [[r.VolumetricFog:1]]
[2020.10.28-10.41.00:283][  0]LogConfig: Setting CVar [[r.VolumetricFog.GridPixelSize:8]]
[2020.10.28-10.41.00:283][  0]LogConfig: Setting CVar [[r.VolumetricFog.GridSizeZ:128]]
[2020.10.28-10.41.00:283][  0]LogConfig: Setting CVar [[r.VolumetricFog.HistoryMissSupersampleCount:4]]
[2020.10.28-10.41.00:283][  0]LogConfig: Setting CVar [[r.LightMaxDrawDistanceScale:1]]
[2020.10.28-10.41.00:283][  0]LogConfig: Setting CVar [[r.CapsuleShadows:1]]
[2020.10.28-10.41.00:283][  0]LogConfig: Applying CVar settings from Section [PostProcessQuality@3] File [F:/Alias_desktop/GitHub/JAM_UE4/Jam_UE4/Saved/Config/Windows/Scalability.ini]
[2020.10.28-10.41.00:283][  0]LogConfig: Setting CVar [[r.MotionBlurQuality:4]]
[2020.10.28-10.41.00:283][  0]LogConfig: Setting CVar [[r.AmbientOcclusionMipLevelFactor:0.4]]
[2020.10.28-10.41.00:283][  0]LogConfig: Setting CVar [[r.AmbientOcclusionMaxQuality:100]]
[2020.10.28-10.41.00:283][  0]LogConfig: Setting CVar [[r.AmbientOcclusionLevels:-1]]
[2020.10.28-10.41.00:283][  0]LogConfig: Setting CVar [[r.AmbientOcclusionRadiusScale:1.0]]
[2020.10.28-10.41.00:283][  0]LogConfig: Setting CVar [[r.DepthOfFieldQuality:2]]
[2020.10.28-10.41.00:283][  0]LogConfig: Setting CVar [[r.RenderTargetPoolMin:400]]
[2020.10.28-10.41.00:283][  0]LogConfig: Setting CVar [[r.LensFlareQuality:2]]
[2020.10.28-10.41.00:283][  0]LogConfig: Setting CVar [[r.SceneColorFringeQuality:1]]
[2020.10.28-10.41.00:283][  0]LogConfig: Setting CVar [[r.EyeAdaptationQuality:2]]
[2020.10.28-10.41.00:283][  0]LogConfig: Setting CVar [[r.BloomQuality:5]]
[2020.10.28-10.41.00:283][  0]LogConfig: Setting CVar [[r.FastBlurThreshold:100]]
[2020.10.28-10.41.00:283][  0]LogConfig: Setting CVar [[r.Upscale.Quality:3]]
[2020.10.28-10.41.00:283][  0]LogConfig: Setting CVar [[r.Tonemapper.GrainQuantization:1]]
[2020.10.28-10.41.00:283][  0]LogConfig: Setting CVar [[r.LightShaftQuality:1]]
[2020.10.28-10.41.00:283][  0]LogConfig: Setting CVar [[r.Filter.SizeScale:1]]
[2020.10.28-10.41.00:283][  0]LogConfig: Setting CVar [[r.Tonemapper.Quality:5]]
[2020.10.28-10.41.00:284][  0]LogConfig: Setting CVar [[r.DOF.Gather.AccumulatorQuality:1        ; higher gathering accumulator quality]]
[2020.10.28-10.41.00:284][  0]LogConfig: Setting CVar [[r.DOF.Gather.PostfilterMethod:1          ; Median3x3 postfilering method]]
[2020.10.28-10.41.00:284][  0]LogConfig: Setting CVar [[r.DOF.Gather.EnableBokehSettings:0       ; no bokeh simulation when gathering]]
[2020.10.28-10.41.00:284][  0]LogConfig: Setting CVar [[r.DOF.Gather.RingCount:4                 ; medium number of samples when gathering]]
[2020.10.28-10.41.00:284][  0]LogConfig: Setting CVar [[r.DOF.Scatter.ForegroundCompositing:1    ; additive foreground scattering]]
[2020.10.28-10.41.00:284][  0]LogConfig: Setting CVar [[r.DOF.Scatter.BackgroundCompositing:2    ; additive background scattering]]
[2020.10.28-10.41.00:284][  0]LogConfig: Setting CVar [[r.DOF.Scatter.EnableBokehSettings:1      ; bokeh simulation when scattering]]
[2020.10.28-10.41.00:284][  0]LogConfig: Setting CVar [[r.DOF.Scatter.MaxSpriteRatio:0.1         ; only a maximum of 10% of scattered bokeh]]
[2020.10.28-10.41.00:284][  0]LogConfig: Setting CVar [[r.DOF.Recombine.Quality:1                ; cheap slight out of focus]]
[2020.10.28-10.41.00:284][  0]LogConfig: Setting CVar [[r.DOF.Recombine.EnableBokehSettings:0    ; no bokeh simulation on slight out of focus]]
[2020.10.28-10.41.00:284][  0]LogConfig: Setting CVar [[r.DOF.TemporalAAQuality:1                ; more stable temporal accumulation]]
[2020.10.28-10.41.00:284][  0]LogConfig: Setting CVar [[r.DOF.Kernel.MaxForegroundRadius:0.025]]
[2020.10.28-10.41.00:284][  0]LogConfig: Setting CVar [[r.DOF.Kernel.MaxBackgroundRadius:0.025]]
[2020.10.28-10.41.00:284][  0]LogConfig: Applying CVar settings from Section [TextureQuality@3] File [F:/Alias_desktop/GitHub/JAM_UE4/Jam_UE4/Saved/Config/Windows/Scalability.ini]
[2020.10.28-10.41.00:284][  0]LogConfig: Setting CVar [[r.Streaming.MipBias:0]]
[2020.10.28-10.41.00:284][  0]LogConfig: Setting CVar [[r.Streaming.AmortizeCPUToGPUCopy:0]]
[2020.10.28-10.41.00:284][  0]LogConfig: Setting CVar [[r.Streaming.MaxNumTexturesToStreamPerFrame:0]]
[2020.10.28-10.41.00:284][  0]LogConfig: Setting CVar [[r.Streaming.Boost:1]]
[2020.10.28-10.41.00:284][  0]LogConfig: Setting CVar [[r.MaxAnisotropy:8]]
[2020.10.28-10.41.00:284][  0]LogConfig: Setting CVar [[r.VT.MaxAnisotropy:8]]
[2020.10.28-10.41.00:284][  0]LogConfig: Setting CVar [[r.Streaming.LimitPoolSizeToVRAM:0]]
[2020.10.28-10.41.00:284][  0]LogConfig: Setting CVar [[r.Streaming.PoolSize:1000]]
[2020.10.28-10.41.00:284][  0]LogConfig: Setting CVar [[r.Streaming.MaxEffectiveScreenSize:0]]
[2020.10.28-10.41.00:284][  0]LogConfig: Applying CVar settings from Section [EffectsQuality@3] File [F:/Alias_desktop/GitHub/JAM_UE4/Jam_UE4/Saved/Config/Windows/Scalability.ini]
[2020.10.28-10.41.00:284][  0]LogConfig: Setting CVar [[r.TranslucencyLightingVolumeDim:64]]
[2020.10.28-10.41.00:284][  0]LogConfig: Setting CVar [[r.RefractionQuality:2]]
[2020.10.28-10.41.00:284][  0]LogConfig: Setting CVar [[r.SSR.Quality:3]]
[2020.10.28-10.41.00:284][  0]LogConfig: Setting CVar [[r.SSR.HalfResSceneColor:0]]
[2020.10.28-10.41.00:284][  0]LogConfig: Setting CVar [[r.SceneColorFormat:4]]
[2020.10.28-10.41.00:284][  0]LogConfig: Setting CVar [[r.DetailMode:2]]
[2020.10.28-10.41.00:284][  0]LogConfig: Setting CVar [[r.TranslucencyVolumeBlur:1]]
[2020.10.28-10.41.00:284][  0]LogConfig: Setting CVar [[r.MaterialQualityLevel:1 ; High quality]]
[2020.10.28-10.41.00:284][  0]LogConfig: Setting CVar [[r.SSS.Scale:1]]
[2020.10.28-10.41.00:284][  0]LogConfig: Setting CVar [[r.SSS.SampleSet:2]]
[2020.10.28-10.41.00:284][  0]LogConfig: Setting CVar [[r.SSS.Quality:1]]
[2020.10.28-10.41.00:284][  0]LogConfig: Setting CVar [[r.SSS.HalfRes:0]]
[2020.10.28-10.41.00:284][  0]LogConfig: Setting CVar [[r.SSGI.Quality:3]]
[2020.10.28-10.41.00:284][  0]LogConfig: Setting CVar [[r.EmitterSpawnRateScale:1.0]]
[2020.10.28-10.41.00:284][  0]LogConfig: Setting CVar [[r.ParticleLightQuality:2]]
[2020.10.28-10.41.00:284][  0]LogConfig: Setting CVar [[r.SkyAtmosphere.AerialPerspectiveLUT.FastApplyOnOpaque:1 ; Always have FastSkyLUT 1 in this case to avoid wrong sky]]
[2020.10.28-10.41.00:284][  0]LogConfig: Setting CVar [[r.SkyAtmosphere.AerialPerspectiveLUT.SampleCountPerSlice:1]]
[2020.10.28-10.41.00:284][  0]LogConfig: Setting CVar [[r.SkyAtmosphere.AerialPerspectiveLUT.DepthResolution:16.0]]
[2020.10.28-10.41.00:284][  0]LogConfig: Setting CVar [[r.SkyAtmosphere.FastSkyLUT:1]]
[2020.10.28-10.41.00:284][  0]LogConfig: Setting CVar [[r.SkyAtmosphere.FastSkyLUT.SampleCountMin:4.0]]
[2020.10.28-10.41.00:284][  0]LogConfig: Setting CVar [[r.SkyAtmosphere.FastSkyLUT.SampleCountMax:32.0]]
[2020.10.28-10.41.00:284][  0]LogConfig: Setting CVar [[r.SkyAtmosphere.SampleCountMin:4.0]]
[2020.10.28-10.41.00:284][  0]LogConfig: Setting CVar [[r.SkyAtmosphere.SampleCountMax:32.0]]
[2020.10.28-10.41.00:284][  0]LogConfig: Setting CVar [[r.SkyAtmosphere.TransmittanceLUT.UseSmallFormat:0]]
[2020.10.28-10.41.00:284][  0]LogConfig: Setting CVar [[r.SkyAtmosphere.TransmittanceLUT.SampleCount:10.0]]
[2020.10.28-10.41.00:284][  0]LogConfig: Setting CVar [[r.SkyAtmosphere.MultiScatteringLUT.SampleCount:15.0]]
[2020.10.28-10.41.00:284][  0]LogConfig: Applying CVar settings from Section [FoliageQuality@3] File [F:/Alias_desktop/GitHub/JAM_UE4/Jam_UE4/Saved/Config/Windows/Scalability.ini]
[2020.10.28-10.41.00:284][  0]LogConfig: Setting CVar [[foliage.DensityScale:1.0]]
[2020.10.28-10.41.00:284][  0]LogConfig: Setting CVar [[grass.DensityScale:1.0]]
[2020.10.28-10.41.00:284][  0]LogConfig: Applying CVar settings from Section [ShadingQuality@3] File [F:/Alias_desktop/GitHub/JAM_UE4/Jam_UE4/Saved/Config/Windows/Scalability.ini]
[2020.10.28-10.41.00:284][  0]LogConfig: Setting CVar [[r.HairStrands.SkyLighting.SampleCount:16]]
[2020.10.28-10.41.00:284][  0]LogConfig: Setting CVar [[r.HairStrands.SkyLighting.JitterIntegration:0]]
[2020.10.28-10.41.00:284][  0]LogConfig: Setting CVar [[r.HairStrands.SkyAO.SampleCount:16]]
[2020.10.28-10.41.00:284][  0]LogConfig: Setting CVar [[r.HairStrands.DeepShadow.SuperSampling:0]]
[2020.10.28-10.41.00:284][  0]LogConfig: Setting CVar [[r.HairStrands.VisibilityPPLL:0]]
[2020.10.28-10.41.00:284][  0]LogConfig: Setting CVar [[r.HairStrands.RasterizationScale:0.5]]
[2020.10.28-10.41.00:284][  0]LogConfig: Setting CVar [[r.HairStrands.VelocityRasterizationScale:1]]
[2020.10.28-10.41.00:284][  0]LogInit: Selected Device Profile: [Windows]
[2020.10.28-10.41.00:284][  0]LogInit: Applying CVar settings loaded from the selected device profile: [Windows]
[2020.10.28-10.41.00:284][  0]LogHAL: Display: Platform has ~ 16 GB [17130000384 / 17179869184 / 16], which maps to Larger [LargestMinGB=32, LargerMinGB=12, DefaultMinGB=8, SmallerMinGB=6, SmallestMinGB=0)
[2020.10.28-10.41.00:284][  0]LogInit: Going up to parent DeviceProfile []
[2020.10.28-10.41.00:284][  0]LogConfig: Applying CVar settings from Section [ViewDistanceQuality@3] File [F:/Alias_desktop/GitHub/JAM_UE4/Jam_UE4/Saved/Config/Windows/Scalability.ini]
[2020.10.28-10.41.00:284][  0]LogConfig: Setting CVar [[r.SkeletalMeshLODBias:0]]
[2020.10.28-10.41.00:284][  0]LogConfig: Setting CVar [[r.ViewDistanceScale:1.0]]
[2020.10.28-10.41.00:284][  0]LogConfig: Applying CVar settings from Section [AntiAliasingQuality@3] File [F:/Alias_desktop/GitHub/JAM_UE4/Jam_UE4/Saved/Config/Windows/Scalability.ini]
[2020.10.28-10.41.00:284][  0]LogConfig: Setting CVar [[r.PostProcessAAQuality:4]]
[2020.10.28-10.41.00:284][  0]LogConfig: Applying CVar settings from Section [ShadowQuality@3] File [F:/Alias_desktop/GitHub/JAM_UE4/Jam_UE4/Saved/Config/Windows/Scalability.ini]
[2020.10.28-10.41.00:284][  0]LogConfig: Setting CVar [[r.LightFunctionQuality:1]]
[2020.10.28-10.41.00:284][  0]LogConfig: Setting CVar [[r.ShadowQuality:5]]
[2020.10.28-10.41.00:284][  0]LogConfig: Setting CVar [[r.Shadow.CSM.MaxCascades:10]]
[2020.10.28-10.41.00:284][  0]LogConfig: Setting CVar [[r.Shadow.MaxResolution:2048]]
[2020.10.28-10.41.00:284][  0]LogConfig: Setting CVar [[r.Shadow.MaxCSMResolution:2048]]
[2020.10.28-10.41.00:284][  0]LogConfig: Setting CVar [[r.Shadow.RadiusThreshold:0.01]]
[2020.10.28-10.41.00:284][  0]LogConfig: Setting CVar [[r.Shadow.DistanceScale:1.0]]
[2020.10.28-10.41.00:284][  0]LogConfig: Setting CVar [[r.Shadow.CSM.TransitionScale:1.0]]
[2020.10.28-10.41.00:284][  0]LogConfig: Setting CVar [[r.Shadow.PreShadowResolutionFactor:1.0]]
[2020.10.28-10.41.00:284][  0]LogConfig: Setting CVar [[r.DistanceFieldShadowing:1]]
[2020.10.28-10.41.00:284][  0]LogConfig: Setting CVar [[r.DistanceFieldAO:1]]
[2020.10.28-10.41.00:284][  0]LogConfig: Setting CVar [[r.AOQuality:2]]
[2020.10.28-10.41.00:284][  0]LogConfig: Setting CVar [[r.VolumetricFog:1]]
[2020.10.28-10.41.00:284][  0]LogConfig: Setting CVar [[r.VolumetricFog.GridPixelSize:8]]
[2020.10.28-10.41.00:284][  0]LogConfig: Setting CVar [[r.VolumetricFog.GridSizeZ:128]]
[2020.10.28-10.41.00:284][  0]LogConfig: Setting CVar [[r.VolumetricFog.HistoryMissSupersampleCount:4]]
[2020.10.28-10.41.00:284][  0]LogConfig: Setting CVar [[r.LightMaxDrawDistanceScale:1]]
[2020.10.28-10.41.00:284][  0]LogConfig: Setting CVar [[r.CapsuleShadows:1]]
[2020.10.28-10.41.00:284][  0]LogConfig: Applying CVar settings from Section [PostProcessQuality@3] File [F:/Alias_desktop/GitHub/JAM_UE4/Jam_UE4/Saved/Config/Windows/Scalability.ini]
[2020.10.28-10.41.00:284][  0]LogConfig: Setting CVar [[r.MotionBlurQuality:4]]
[2020.10.28-10.41.00:284][  0]LogConfig: Setting CVar [[r.AmbientOcclusionMipLevelFactor:0.4]]
[2020.10.28-10.41.00:284][  0]LogConfig: Setting CVar [[r.AmbientOcclusionMaxQuality:100]]
[2020.10.28-10.41.00:284][  0]LogConfig: Setting CVar [[r.AmbientOcclusionLevels:-1]]
[2020.10.28-10.41.00:285][  0]LogConfig: Setting CVar [[r.AmbientOcclusionRadiusScale:1.0]]
[2020.10.28-10.41.00:285][  0]LogConfig: Setting CVar [[r.DepthOfFieldQuality:2]]
[2020.10.28-10.41.00:285][  0]LogConfig: Setting CVar [[r.RenderTargetPoolMin:400]]
[2020.10.28-10.41.00:285][  0]LogConfig: Setting CVar [[r.LensFlareQuality:2]]
[2020.10.28-10.41.00:285][  0]LogConfig: Setting CVar [[r.SceneColorFringeQuality:1]]
[2020.10.28-10.41.00:285][  0]LogConfig: Setting CVar [[r.EyeAdaptationQuality:2]]
[2020.10.28-10.41.00:285][  0]LogConfig: Setting CVar [[r.BloomQuality:5]]
[2020.10.28-10.41.00:285][  0]LogConfig: Setting CVar [[r.FastBlurThreshold:100]]
[2020.10.28-10.41.00:285][  0]LogConfig: Setting CVar [[r.Upscale.Quality:3]]
[2020.10.28-10.41.00:285][  0]LogConfig: Setting CVar [[r.Tonemapper.GrainQuantization:1]]
[2020.10.28-10.41.00:285][  0]LogConfig: Setting CVar [[r.LightShaftQuality:1]]
[2020.10.28-10.41.00:285][  0]LogConfig: Setting CVar [[r.Filter.SizeScale:1]]
[2020.10.28-10.41.00:285][  0]LogConfig: Setting CVar [[r.Tonemapper.Quality:5]]
[2020.10.28-10.41.00:285][  0]LogConfig: Setting CVar [[r.DOF.Gather.AccumulatorQuality:1        ; higher gathering accumulator quality]]
[2020.10.28-10.41.00:285][  0]LogConfig: Setting CVar [[r.DOF.Gather.PostfilterMethod:1          ; Median3x3 postfilering method]]
[2020.10.28-10.41.00:285][  0]LogConfig: Setting CVar [[r.DOF.Gather.EnableBokehSettings:0       ; no bokeh simulation when gathering]]
[2020.10.28-10.41.00:285][  0]LogConfig: Setting CVar [[r.DOF.Gather.RingCount:4                 ; medium number of samples when gathering]]
[2020.10.28-10.41.00:285][  0]LogConfig: Setting CVar [[r.DOF.Scatter.ForegroundCompositing:1    ; additive foreground scattering]]
[2020.10.28-10.41.00:285][  0]LogConfig: Setting CVar [[r.DOF.Scatter.BackgroundCompositing:2    ; additive background scattering]]
[2020.10.28-10.41.00:285][  0]LogConfig: Setting CVar [[r.DOF.Scatter.EnableBokehSettings:1      ; bokeh simulation when scattering]]
[2020.10.28-10.41.00:285][  0]LogConfig: Setting CVar [[r.DOF.Scatter.MaxSpriteRatio:0.1         ; only a maximum of 10% of scattered bokeh]]
[2020.10.28-10.41.00:285][  0]LogConfig: Setting CVar [[r.DOF.Recombine.Quality:1                ; cheap slight out of focus]]
[2020.10.28-10.41.00:285][  0]LogConfig: Setting CVar [[r.DOF.Recombine.EnableBokehSettings:0    ; no bokeh simulation on slight out of focus]]
[2020.10.28-10.41.00:285][  0]LogConfig: Setting CVar [[r.DOF.TemporalAAQuality:1                ; more stable temporal accumulation]]
[2020.10.28-10.41.00:285][  0]LogConfig: Setting CVar [[r.DOF.Kernel.MaxForegroundRadius:0.025]]
[2020.10.28-10.41.00:285][  0]LogConfig: Setting CVar [[r.DOF.Kernel.MaxBackgroundRadius:0.025]]
[2020.10.28-10.41.00:285][  0]LogConfig: Applying CVar settings from Section [TextureQuality@3] File [F:/Alias_desktop/GitHub/JAM_UE4/Jam_UE4/Saved/Config/Windows/Scalability.ini]
[2020.10.28-10.41.00:285][  0]LogConfig: Setting CVar [[r.Streaming.MipBias:0]]
[2020.10.28-10.41.00:285][  0]LogConfig: Setting CVar [[r.Streaming.AmortizeCPUToGPUCopy:0]]
[2020.10.28-10.41.00:285][  0]LogConfig: Setting CVar [[r.Streaming.MaxNumTexturesToStreamPerFrame:0]]
[2020.10.28-10.41.00:285][  0]LogConfig: Setting CVar [[r.Streaming.Boost:1]]
[2020.10.28-10.41.00:285][  0]LogConfig: Setting CVar [[r.MaxAnisotropy:8]]
[2020.10.28-10.41.00:285][  0]LogConfig: Setting CVar [[r.VT.MaxAnisotropy:8]]
[2020.10.28-10.41.00:285][  0]LogConfig: Setting CVar [[r.Streaming.LimitPoolSizeToVRAM:0]]
[2020.10.28-10.41.00:285][  0]LogConfig: Setting CVar [[r.Streaming.PoolSize:1000]]
[2020.10.28-10.41.00:285][  0]LogConfig: Setting CVar [[r.Streaming.MaxEffectiveScreenSize:0]]
[2020.10.28-10.41.00:285][  0]LogConfig: Applying CVar settings from Section [EffectsQuality@3] File [F:/Alias_desktop/GitHub/JAM_UE4/Jam_UE4/Saved/Config/Windows/Scalability.ini]
[2020.10.28-10.41.00:285][  0]LogConfig: Setting CVar [[r.TranslucencyLightingVolumeDim:64]]
[2020.10.28-10.41.00:285][  0]LogConfig: Setting CVar [[r.RefractionQuality:2]]
[2020.10.28-10.41.00:285][  0]LogConfig: Setting CVar [[r.SSR.Quality:3]]
[2020.10.28-10.41.00:285][  0]LogConfig: Setting CVar [[r.SSR.HalfResSceneColor:0]]
[2020.10.28-10.41.00:285][  0]LogConfig: Setting CVar [[r.SceneColorFormat:4]]
[2020.10.28-10.41.00:285][  0]LogConfig: Setting CVar [[r.DetailMode:2]]
[2020.10.28-10.41.00:285][  0]LogConfig: Setting CVar [[r.TranslucencyVolumeBlur:1]]
[2020.10.28-10.41.00:285][  0]LogConfig: Setting CVar [[r.MaterialQualityLevel:1 ; High quality]]
[2020.10.28-10.41.00:285][  0]LogConfig: Setting CVar [[r.SSS.Scale:1]]
[2020.10.28-10.41.00:285][  0]LogConfig: Setting CVar [[r.SSS.SampleSet:2]]
[2020.10.28-10.41.00:285][  0]LogConfig: Setting CVar [[r.SSS.Quality:1]]
[2020.10.28-10.41.00:285][  0]LogConfig: Setting CVar [[r.SSS.HalfRes:0]]
[2020.10.28-10.41.00:285][  0]LogConfig: Setting CVar [[r.SSGI.Quality:3]]
[2020.10.28-10.41.00:285][  0]LogConfig: Setting CVar [[r.EmitterSpawnRateScale:1.0]]
[2020.10.28-10.41.00:285][  0]LogConfig: Setting CVar [[r.ParticleLightQuality:2]]
[2020.10.28-10.41.00:285][  0]LogConfig: Setting CVar [[r.SkyAtmosphere.AerialPerspectiveLUT.FastApplyOnOpaque:1 ; Always have FastSkyLUT 1 in this case to avoid wrong sky]]
[2020.10.28-10.41.00:285][  0]LogConfig: Setting CVar [[r.SkyAtmosphere.AerialPerspectiveLUT.SampleCountPerSlice:1]]
[2020.10.28-10.41.00:285][  0]LogConfig: Setting CVar [[r.SkyAtmosphere.AerialPerspectiveLUT.DepthResolution:16.0]]
[2020.10.28-10.41.00:285][  0]LogConfig: Setting CVar [[r.SkyAtmosphere.FastSkyLUT:1]]
[2020.10.28-10.41.00:285][  0]LogConfig: Setting CVar [[r.SkyAtmosphere.FastSkyLUT.SampleCountMin:4.0]]
[2020.10.28-10.41.00:285][  0]LogConfig: Setting CVar [[r.SkyAtmosphere.FastSkyLUT.SampleCountMax:32.0]]
[2020.10.28-10.41.00:285][  0]LogConfig: Setting CVar [[r.SkyAtmosphere.SampleCountMin:4.0]]
[2020.10.28-10.41.00:285][  0]LogConfig: Setting CVar [[r.SkyAtmosphere.SampleCountMax:32.0]]
[2020.10.28-10.41.00:285][  0]LogConfig: Setting CVar [[r.SkyAtmosphere.TransmittanceLUT.UseSmallFormat:0]]
[2020.10.28-10.41.00:285][  0]LogConfig: Setting CVar [[r.SkyAtmosphere.TransmittanceLUT.SampleCount:10.0]]
[2020.10.28-10.41.00:285][  0]LogConfig: Setting CVar [[r.SkyAtmosphere.MultiScatteringLUT.SampleCount:15.0]]
[2020.10.28-10.41.00:285][  0]LogConfig: Applying CVar settings from Section [FoliageQuality@3] File [F:/Alias_desktop/GitHub/JAM_UE4/Jam_UE4/Saved/Config/Windows/Scalability.ini]
[2020.10.28-10.41.00:285][  0]LogConfig: Setting CVar [[foliage.DensityScale:1.0]]
[2020.10.28-10.41.00:285][  0]LogConfig: Setting CVar [[grass.DensityScale:1.0]]
[2020.10.28-10.41.00:285][  0]LogConfig: Applying CVar settings from Section [ShadingQuality@3] File [F:/Alias_desktop/GitHub/JAM_UE4/Jam_UE4/Saved/Config/Windows/Scalability.ini]
[2020.10.28-10.41.00:285][  0]LogConfig: Setting CVar [[r.HairStrands.SkyLighting.SampleCount:16]]
[2020.10.28-10.41.00:285][  0]LogConfig: Setting CVar [[r.HairStrands.SkyLighting.JitterIntegration:0]]
[2020.10.28-10.41.00:285][  0]LogConfig: Setting CVar [[r.HairStrands.SkyAO.SampleCount:16]]
[2020.10.28-10.41.00:285][  0]LogConfig: Setting CVar [[r.HairStrands.DeepShadow.SuperSampling:0]]
[2020.10.28-10.41.00:285][  0]LogConfig: Setting CVar [[r.HairStrands.VisibilityPPLL:0]]
[2020.10.28-10.41.00:285][  0]LogConfig: Setting CVar [[r.HairStrands.RasterizationScale:0.5]]
[2020.10.28-10.41.00:285][  0]LogConfig: Setting CVar [[r.HairStrands.VelocityRasterizationScale:1]]
[2020.10.28-10.41.00:285][  0]LogConfig: Applying CVar settings from Section [Startup] File [../../../Engine/Config/ConsoleVariables.ini]
[2020.10.28-10.41.00:285][  0]LogConfig: Setting CVar [[net.UseAdaptiveNetUpdateFrequency:0]]
[2020.10.28-10.41.00:285][  0]LogConfig: Setting CVar [[p.chaos.AllowCreatePhysxBodies:1]]
[2020.10.28-10.41.00:285][  0]LogConfig: Setting CVar [[fx.SkipVectorVMBackendOptimizations:1]]
[2020.10.28-10.41.00:285][  0]LogConfig: Applying CVar settings from Section [ConsoleVariables] File [F:/Alias_desktop/GitHub/JAM_UE4/Jam_UE4/Saved/Config/Windows/Engine.ini]
[2020.10.28-10.41.00:285][  0]LogInit: Computer: TLSS0124
[2020.10.28-10.41.00:285][  0]LogInit: User: game3
[2020.10.28-10.41.00:285][  0]LogInit: CPU Page size=4096, Cores=4
[2020.10.28-10.41.00:285][  0]LogInit: High frequency timer resolution =10.000000 MHz
[2020.10.28-10.41.00:286][  0]LogMemory: Memory total: Physical=16.0GB (16GB approx)
[2020.10.28-10.41.00:286][  0]LogMemory: Platform Memory Stats for Windows
[2020.10.28-10.41.00:286][  0]LogMemory: Process Physical Memory: 114.25 MB used, 114.25 MB peak
[2020.10.28-10.41.00:286][  0]LogMemory: Process Virtual Memory: 96.41 MB used, 96.41 MB peak
[2020.10.28-10.41.00:286][  0]LogMemory: Physical Memory: 7707.92 MB used,  8628.52 MB free, 16336.44 MB total
[2020.10.28-10.41.00:286][  0]LogMemory: Virtual Memory: 5143.11 MB used,  134212584.00 MB free, 134217728.00 MB total
[2020.10.28-10.41.00:289][  0]LogWindows: WindowsPlatformFeatures enabled
[2020.10.28-10.41.00:311][  0]LogInit: Physics initialised using underlying interface: PhysX
[2020.10.28-10.41.00:312][  0]LogInit: Using OS detected language (fr-FR).
[2020.10.28-10.41.00:312][  0]LogInit: Using OS detected locale (fr-FR).
[2020.10.28-10.41.00:313][  0]LogTextLocalizationManager: No specific localization for 'fr-FR' exists, so the 'fr' localization will be used.
[2020.10.28-10.41.00:313][  0]LogTextLocalizationResource: LocRes '../../../Engine/Content/Localization/Editor/fr/Editor.locres' could not be opened for reading!
[2020.10.28-10.41.00:313][  0]LogTextLocalizationResource: LocRes '../../../Engine/Content/Localization/EditorTutorials/fr/EditorTutorials.locres' could not be opened for reading!
[2020.10.28-10.41.00:313][  0]LogTextLocalizationResource: LocRes '../../../Engine/Content/Localization/Keywords/fr/Keywords.locres' could not be opened for reading!
[2020.10.28-10.41.00:314][  0]LogTextLocalizationResource: LocRes '../../../Engine/Content/Localization/Category/fr/Category.locres' could not be opened for reading!
[2020.10.28-10.41.00:314][  0]LogTextLocalizationResource: LocRes '../../../Engine/Content/Localization/ToolTips/fr/ToolTips.locres' could not be opened for reading!
[2020.10.28-10.41.00:314][  0]LogTextLocalizationResource: LocRes '../../../Engine/Content/Localization/PropertyNames/fr/PropertyNames.locres' could not be opened for reading!
[2020.10.28-10.41.00:314][  0]LogTextLocalizationResource: LocRes '../../../Engine/Content/Localization/Engine/fr/Engine.locres' could not be opened for reading!
[2020.10.28-10.41.00:314][  0]LogInit: Setting process to per monitor DPI aware
[2020.10.28-10.41.00:343][  0]LogSlate: New Slate User Created.  User Index 0, Is Virtual User: 0
[2020.10.28-10.41.00:343][  0]LogSlate: Slate User Registered.  User Index 0, Is Virtual User: 0
[2020.10.28-10.41.00:438][  0]LogHMD: Failed to initialize OpenVR with code 110
[2020.10.28-10.41.00:438][  0]LogD3D11RHI: D3D11 min allowed feature level: 11_0
[2020.10.28-10.41.00:438][  0]LogD3D11RHI: D3D11 max allowed feature level: 11_0
[2020.10.28-10.41.00:438][  0]LogD3D11RHI: D3D11 adapters:
[2020.10.28-10.41.00:494][  0]LogD3D11RHI:    0. 'NVIDIA GeForce GTX 1060 6GB' (Feature Level 11_0)
[2020.10.28-10.41.00:494][  0]LogD3D11RHI:       6052/0/8168 MB DedicatedVideo/DedicatedSystem/SharedSystem, Outputs:1, VendorId:0x10de
[2020.10.28-10.41.00:495][  0]LogD3D11RHI:    1. 'Microsoft Basic Render Driver' (Feature Level 11_0)
[2020.10.28-10.41.00:495][  0]LogD3D11RHI:       0/0/8168 MB DedicatedVideo/DedicatedSystem/SharedSystem, Outputs:0, VendorId:0x1414
[2020.10.28-10.41.00:495][  0]LogD3D11RHI: Chosen D3D11 Adapter: 0
[2020.10.28-10.41.00:503][  0]LogD3D11RHI: Creating new Direct3DDevice
[2020.10.28-10.41.00:503][  0]LogD3D11RHI:     GPU DeviceId: 0x1c03 (for the marketing name, search the web for "GPU Device Id")
[2020.10.28-10.41.00:503][  0]LogWindows: EnumDisplayDevices:
[2020.10.28-10.41.00:504][  0]LogWindows:    0. 'NVIDIA GeForce GTX 1060 6GB' (P:1 D:1)
[2020.10.28-10.41.00:504][  0]LogWindows:    1. 'NVIDIA GeForce GTX 1060 6GB' (P:0 D:0)
[2020.10.28-10.41.00:504][  0]LogWindows:    2. 'NVIDIA GeForce GTX 1060 6GB' (P:0 D:0)
[2020.10.28-10.41.00:505][  0]LogWindows:    3. 'NVIDIA GeForce GTX 1060 6GB' (P:0 D:0)
[2020.10.28-10.41.00:505][  0]LogWindows: DebugString: FoundDriverCount:4 
[2020.10.28-10.41.00:505][  0]LogD3D11RHI:     Adapter Name: NVIDIA GeForce GTX 1060 6GB
[2020.10.28-10.41.00:505][  0]LogD3D11RHI:   Driver Version: 432.00 (internal:26.21.14.3200, unified:432.00)
[2020.10.28-10.41.00:505][  0]LogD3D11RHI:      Driver Date: 7-24-2019
[2020.10.28-10.41.00:505][  0]LogRHI: Texture pool is 4236 MB (70% of 6052 MB)
[2020.10.28-10.41.00:536][  0]LogD3D11RHI: RHI has support for 64 bit atomics
[2020.10.28-10.41.00:537][  0]LogD3D11RHI: Async texture creation enabled
[2020.10.28-10.41.00:537][  0]LogD3D11RHI: Array index from any shader is supported
[2020.10.28-10.41.00:604][  0]LogD3D11RHI: GPU Timing Frequency: 1000.000000 (Debug: 2 1)
[2020.10.28-10.41.01:338][  0]LogTargetPlatformManager: Display: Loaded TargetPlatform 'AllDesktop'
[2020.10.28-10.41.01:356][  0]LogTargetPlatformManager: Display: Loaded TargetPlatform 'Android'
[2020.10.28-10.41.01:356][  0]LogTargetPlatformManager: Display: Loaded TargetPlatform 'Android_ASTC'
[2020.10.28-10.41.01:356][  0]LogTargetPlatformManager: Display: Loaded TargetPlatform 'Android_DXT'
[2020.10.28-10.41.01:356][  0]LogTargetPlatformManager: Display: Loaded TargetPlatform 'Android_ETC2'
[2020.10.28-10.41.01:356][  0]LogTargetPlatformManager: Display: Loaded TargetPlatform 'AndroidClient'
[2020.10.28-10.41.01:356][  0]LogTargetPlatformManager: Display: Loaded TargetPlatform 'Android_ASTCClient'
[2020.10.28-10.41.01:356][  0]LogTargetPlatformManager: Display: Loaded TargetPlatform 'Android_DXTClient'
[2020.10.28-10.41.01:356][  0]LogTargetPlatformManager: Display: Loaded TargetPlatform 'Android_ETC2Client'
[2020.10.28-10.41.01:356][  0]LogTargetPlatformManager: Display: Loaded TargetPlatform 'Android_Multi'
[2020.10.28-10.41.01:357][  0]LogTargetPlatformManager: Display: Loaded TargetPlatform 'Android_MultiClient'
[2020.10.28-10.41.01:375][  0]LogTargetPlatformManager: Display: Loaded TargetPlatform 'IOSClient'
[2020.10.28-10.41.01:375][  0]LogTargetPlatformManager: Display: Loaded TargetPlatform 'IOS'
[2020.10.28-10.41.01:383][  0]LogTargetPlatformManager: Display: Loaded TargetPlatform 'Linux'
[2020.10.28-10.41.01:390][  0]LogTargetPlatformManager: Display: Loaded TargetPlatform 'LinuxNoEditor'
[2020.10.28-10.41.01:398][  0]LogTargetPlatformManager: Display: Loaded TargetPlatform 'LinuxClient'
[2020.10.28-10.41.01:405][  0]LogTargetPlatformManager: Display: Loaded TargetPlatform 'LinuxServer'
[2020.10.28-10.41.01:412][  0]LogTargetPlatformManager: Display: Loaded TargetPlatform 'LinuxAArch64NoEditor'
[2020.10.28-10.41.01:419][  0]LogTargetPlatformManager: Display: Loaded TargetPlatform 'LinuxAArch64Client'
[2020.10.28-10.41.01:426][  0]LogTargetPlatformManager: Display: Loaded TargetPlatform 'LinuxAArch64Server'
[2020.10.28-10.41.01:446][  0]LogTargetPlatformManager: Display: Loaded TargetPlatform 'Lumin'
[2020.10.28-10.41.01:446][  0]LogTargetPlatformManager: Display: Loaded TargetPlatform 'LuminClient'
[2020.10.28-10.41.01:459][  0]LogTargetPlatformManager: Display: Loaded TargetPlatform 'TVOSClient'
[2020.10.28-10.41.01:459][  0]LogTargetPlatformManager: Display: Loaded TargetPlatform 'TVOS'
[2020.10.28-10.41.01:467][  0]LogTargetPlatformManager: Display: Loaded TargetPlatform 'WindowsNoEditor'
[2020.10.28-10.41.01:475][  0]LogTargetPlatformManager: Display: Loaded TargetPlatform 'Windows'
[2020.10.28-10.41.01:483][  0]LogTargetPlatformManager: Display: Loaded TargetPlatform 'WindowsClient'
[2020.10.28-10.41.01:490][  0]LogTargetPlatformManager: Display: Loaded TargetPlatform 'WindowsServer'
[2020.10.28-10.41.01:490][  0]LogTargetPlatformManager: Display: Building Assets For Windows
[2020.10.28-10.41.01:495][  0]LogAudioDebug: Display: Lib vorbis DLL was dynamically loaded.
[2020.10.28-10.41.01:537][  0]LogShaderCompilers: Guid format shader working directory is 1 characters bigger than the processId version (../../../../../Alias_desktop/GitHub/JAM_UE4/Jam_UE4/Intermediate/Shaders/WorkingDirectory/268/).
[2020.10.28-10.41.01:537][  0]LogShaderCompilers: Cleaned the shader compiler working directory 'C:/Users/game3.ETPA/AppData/Local/Temp/UnrealShaderWorkingDir/747E6F994664E7FCE378E2A3D118E7AE/'.
[2020.10.28-10.41.01:538][  0]LogXGEController: Cannot use XGE Controller as Incredibuild is not installed on this machine.
[2020.10.28-10.41.01:538][  0]LogShaderCompilers: Cannot use XGE Shader Compiler as Incredibuild is not installed on this machine.
[2020.10.28-10.41.01:538][  0]LogShaderCompilers: Display: Using Local Shader Compiler.
[2020.10.28-10.41.02:188][  0]LogDerivedDataCache: Display: Max Cache Size: 512 MB
[2020.10.28-10.41.02:232][  0]LogDerivedDataCache: Loaded boot cache 0.04s 75MB C:/Users/game3.ETPA/AppData/Local/UnrealEngine/4.25/DerivedDataCache/Boot.ddc.
[2020.10.28-10.41.02:232][  0]LogDerivedDataCache: Display: Loaded Boot cache: C:/Users/game3.ETPA/AppData/Local/UnrealEngine/4.25/DerivedDataCache/Boot.ddc
[2020.10.28-10.41.02:232][  0]LogDerivedDataCache: FDerivedDataBackendGraph:  Pak pak cache file ../../../../../Alias_desktop/GitHub/JAM_UE4/Jam_UE4/DerivedDataCache/DDC.ddp not found, will not use a pak cache.
[2020.10.28-10.41.02:232][  0]LogDerivedDataCache: Unable to find inner node Pak for hierarchical cache Hierarchy.
[2020.10.28-10.41.02:232][  0]LogDerivedDataCache: FDerivedDataBackendGraph:  CompressedPak pak cache file ../../../../../Alias_desktop/GitHub/JAM_UE4/Jam_UE4/DerivedDataCache/Compressed.ddp not found, will not use a pak cache.
[2020.10.28-10.41.02:232][  0]LogDerivedDataCache: Unable to find inner node CompressedPak for hierarchical cache Hierarchy.
[2020.10.28-10.41.02:241][  0]LogDerivedDataCache: Display: Pak cache opened for reading ../../../Engine/DerivedDataCache/Compressed.ddp.
[2020.10.28-10.41.02:241][  0]LogDerivedDataCache: FDerivedDataBackendGraph:  EnterprisePak pak cache file ../../../Enterprise/DerivedDataCache/Compressed.ddp not found, will not use a pak cache.
[2020.10.28-10.41.02:241][  0]LogDerivedDataCache: Unable to find inner node EnterprisePak for hierarchical cache Hierarchy.
[2020.10.28-10.41.02:242][  0]LogDerivedDataCache: Using Local data cache path C:/Users/game3.ETPA/AppData/Local/UnrealEngine/Common/DerivedDataCache: Writable
[2020.10.28-10.41.02:242][  0]LogDerivedDataCache: Shared data cache path not found in *engine.ini, will not use an Shared cache.
[2020.10.28-10.41.02:242][  0]LogDerivedDataCache: Unable to find inner node Shared for hierarchical cache Hierarchy.
[2020.10.28-10.41.02:288][  0]LogSlate: Using FreeType 2.10.0
[2020.10.28-10.41.02:289][  0]LogSlate: SlateFontServices - WITH_FREETYPE: 1, WITH_HARFBUZZ: 1
[2020.10.28-10.41.02:310][  0]LogAssetRegistry: FAssetRegistry took 0.0020 seconds to start up
[2020.10.28-10.41.02:510][  0]LogInit: Selected Device Profile: [Windows]
[2020.10.28-10.41.02:600][  0]LogMeshReduction: Using QuadricMeshReduction for automatic static mesh reduction
[2020.10.28-10.41.02:600][  0]LogMeshReduction: Using SimplygonMeshReduction for automatic skeletal mesh reduction
[2020.10.28-10.41.02:600][  0]LogMeshReduction: Using ProxyLODMeshReduction for automatic mesh merging
[2020.10.28-10.41.02:600][  0]LogMeshReduction: No distributed automatic mesh merging module available
[2020.10.28-10.41.02:600][  0]LogMeshMerging: No distributed automatic mesh merging module available
[2020.10.28-10.41.02:612][  0]LogNetVersion: Jam_UE4 1.0.0, NetCL: 13144385, EngineNetVer: 14, GameNetVer: 0 (Checksum: 1665728394)
[2020.10.28-10.41.02:961][  0]LogAISub: UAISubsystem::UAISubsystem AISubsystem (0000027A4B625B40), frame # 0
[2020.10.28-10.41.02:961][  0]LogAISub: UAISubsystem::UAISubsystem AIPerceptionSystem (0000027A4B5A8A40), frame # 0
[2020.10.28-10.41.02:963][  0]LogAISub: UAISubsystem::UAISubsystem EnvQueryManager (0000027A4B5E4800), frame # 0
[2020.10.28-10.41.03:018][  0]LogPackageLocalizationCache: Processed 19 localized package path(s) for 1 prioritized culture(s) in 0.049817 seconds
[2020.10.28-10.41.03:024][  0]LogUObjectArray: 15917 objects as part of root set at end of initial load.
[2020.10.28-10.41.03:024][  0]LogUObjectAllocator: 3965568 out of 0 bytes used by permanent object pool.
[2020.10.28-10.41.03:024][  0]LogUObjectArray: CloseDisregardForGC: 0/0 objects in disregard for GC pool
[2020.10.28-10.41.03:285][  0]LogTcpMessaging: Initializing TcpMessaging bridge
[2020.10.28-10.41.03:287][  0]LogUdpMessaging: Initializing bridge on interface 0.0.0.0:0 to multicast group 230.0.0.1:6666.
[2020.10.28-10.41.03:327][  0]LogLinker: Warning: Failed to load '/Game/TopDownCPP/TopDownOverview': Can't find file.
[2020.10.28-10.41.03:327][  0]LogLinker: Warning: Failed to load '/Game/TopDownCPP/TopDownOverview': Can't find file.
[2020.10.28-10.41.03:327][  0]LogUObjectGlobals: Warning: Failed to find object 'Class /Game/TopDownCPP/TopDownOverview.TopDownOverview_C'
[2020.10.28-10.41.03:352][  0]SourceControl: Source control is disabled
[2020.10.28-10.41.03:352][  0]SourceControl: Source control is disabled
[2020.10.28-10.41.03:355][  0]SourceControl: Source control is disabled
[2020.10.28-10.41.03:357][  0]SourceControl: Source control is disabled
[2020.10.28-10.41.03:362][  0]SourceControl: Source control is disabled
[2020.10.28-10.41.03:602][  0]LogAndroidPermission: UAndroidPermissionCallbackProxy::GetInstance
[2020.10.28-10.41.03:619][  0]LogAudioCaptureCore: Display: No Audio Capture implementations found. Audio input will be silent.
[2020.10.28-10.41.03:619][  0]LogAudioCaptureCore: Display: No Audio Capture implementations found. Audio input will be silent.
[2020.10.28-10.41.03:659][  0]LogOcInput: OculusInput pre-init called
[2020.10.28-10.41.03:667][  0]LogWindows: Failed to load 'OVRPlugin.dll' (GetLastError=126)
[2020.10.28-10.41.03:667][  0]LogWindows: File 'OVRPlugin.dll' does not exist
[2020.10.28-10.41.03:721][  0]LogEngine: Initializing Engine...
[2020.10.28-10.41.03:722][  0]LogHMD: Failed to initialize OpenVR with code 110
[2020.10.28-10.41.03:722][  0]LogMagicLeap: Warning: VR disabled because ZI is not enabled.  To enable, in the editor, Edit -> Project Settings -> Plugins -> Magic Leap Plugin -> Enable Zero Iteration
[2020.10.28-10.41.03:723][  0]LogStats: UGameplayTagsManager::InitializeManager -  0.000 s
[2020.10.28-10.41.03:827][  0]LogInit: Initializing FReadOnlyCVARCache
[2020.10.28-10.41.03:837][  0]LogAIModule: Creating AISystem for world Untitled
[2020.10.28-10.41.03:837][  0]LogAISub: UAISubsystem::UAISubsystem EnvQueryManager (0000027A4E2EDC00), frame # 0
[2020.10.28-10.41.03:837][  0]LogAISub: UAISubsystem::UAISubsystem AIPerceptionSystem (0000027A4E31CA40), frame # 0
[2020.10.28-10.41.03:841][  0]LogAudioMixer: Display: Audio Mixer Platform Settings:
[2020.10.28-10.41.03:841][  0]LogAudioMixer: Display: 	Sample Rate:						  48000
[2020.10.28-10.41.03:841][  0]LogAudioMixer: Display: 	Callback Buffer Frame Size Requested: 1024
[2020.10.28-10.41.03:841][  0]LogAudioMixer: Display: 	Callback Buffer Frame Size To Use:	  1024
[2020.10.28-10.41.03:841][  0]LogAudioMixer: Display: 	Number of buffers to queue:			  2
[2020.10.28-10.41.03:841][  0]LogAudioMixer: Display: 	Max Channels (voices):				  32
[2020.10.28-10.41.03:841][  0]LogAudioMixer: Display: 	Number of Async Source Workers:		  0
[2020.10.28-10.41.03:841][  0]LogAudio: Display: AudioDevice MaxSources: 32
[2020.10.28-10.41.03:841][  0]LogAudio: Display: Using built-in audio occlusion.
[2020.10.28-10.41.03:841][  0]LogAudioMixer: Display: Initializing audio mixer.
[2020.10.28-10.41.03:852][  0]LogAudioMixer: Display: 0: FrontLeft
[2020.10.28-10.41.03:852][  0]LogAudioMixer: Display: 1: FrontRight
[2020.10.28-10.41.03:895][  0]LogAudioMixer: Display: Using Audio Device Haut-parleurs (Realtek(R) Audio)
[2020.10.28-10.41.03:897][  0]LogAudioMixer: Display: Initializing Sound Submixes...
[2020.10.28-10.41.03:899][  0]LogAudioMixer: Display: Creating Master Submix 'MasterSubmixDefault'
[2020.10.28-10.41.03:899][  0]LogAudioMixer: Display: Creating Master Submix 'MasterReverbSubmixDefault'
[2020.10.28-10.41.03:900][  0]LogAudioMixer: Display: Creating Master Submix 'MasterEQSubmixDefault'
[2020.10.28-10.41.03:907][  0]LogInit: FAudioDevice initialized.
[2020.10.28-10.41.03:907][  0]LogNetVersion: Set ProjectVersion to 1.0.0.0. Version Checksum will be recalculated on next use.
[2020.10.28-10.41.03:984][  0]LogDerivedDataCache: Saved boot cache 0.08s 75MB C:/Users/game3.ETPA/AppData/Local/UnrealEngine/4.25/DerivedDataCache/Boot.ddc.
[2020.10.28-10.41.03:986][  0]LogInit: Texture streaming: Enabled
[2020.10.28-10.41.04:000][  0]LogEngineSessionManager: EngineSessionManager initialized
[2020.10.28-10.41.04:000][  0]LogEditorSessionSummary: Verbose: Initializing EditorSessionSummaryWriter for editor session tracking
[2020.10.28-10.41.04:001][  0]LogEditorSessionSummary: EditorSessionSummaryWriter initialized
[2020.10.28-10.41.04:041][  0]LogInit: Transaction tracking system initialized
[2020.10.28-10.41.04:059][  0]BlueprintLog: New page: Editor Load
[2020.10.28-10.41.04:124][  0]LocalizationService: Localization service is disabled
[2020.10.28-10.41.04:261][  0]LogCook: Display: Max memory allowance for cook 16384mb min free memory 0mb
[2020.10.28-10.41.04:261][  0]LogCook: Display: Mobile HDR setting 1
[2020.10.28-10.41.04:377][  0]LogFileCache: Scanning file cache for directory 'F:/Alias_desktop/GitHub/JAM_UE4/Jam_UE4/Content/' took 0.00s
[2020.10.28-10.41.04:552][  0]SourceControl: Source control is disabled
[2020.10.28-10.41.04:552][  0]LogUnrealEdMisc: Loading editor; pre map load, took 5.101
[2020.10.28-10.41.04:552][  0]Cmd: MAP LOAD FILE="../../../../../Alias_desktop/GitHub/JAM_UE4/Jam_UE4/Content/StarterContent/Maps/Minimal_Default.umap" TEMPLATE=0 SHOWPROGRESS=1 FEATURELEVEL=3
[2020.10.28-10.41.04:552][  0]LightingResults: New page: Lighting Build
[2020.10.28-10.41.04:553][  0]LogWorld: UWorld::CleanupWorld for Untitled, bSessionEnded=true, bCleanupResources=true
[2020.10.28-10.41.04:553][  0]LogSlate: InvalidateAllWidgets triggered.  All widgets were invalidated
[2020.10.28-10.41.04:553][  0]MapCheck: New page: Map Check
[2020.10.28-10.41.04:553][  0]LightingResults: New page: Lighting Build
[2020.10.28-10.41.04:561][  0]LogAISub: UAISubsystem::~UAISubsystem EnvQueryManager (0000027A4E2EDC00), frame # 0
[2020.10.28-10.41.04:561][  0]LogAISub: UAISubsystem::~UAISubsystem AIPerceptionSystem (0000027A4E31CA40), frame # 0
[2020.10.28-10.41.04:561][  0]LogUObjectHash: Compacting FUObjectHashTables data took   0.67ms
[2020.10.28-10.41.04:676][  0]LogAIModule: Creating AISystem for world Minimal_Default
[2020.10.28-10.41.04:676][  0]LogAISub: UAISubsystem::UAISubsystem EnvQueryManager (0000027A55550200), frame # 0
[2020.10.28-10.41.04:676][  0]LogAISub: UAISubsystem::UAISubsystem AIPerceptionSystem (0000027A55401440), frame # 0
[2020.10.28-10.41.04:680][  0]LogEditorServer: Finished looking for orphan Actors (0.000 secs)
[2020.10.28-10.41.04:689][  0]LogUObjectHash: Compacting FUObjectHashTables data took   0.65ms
[2020.10.28-10.41.04:689][  0]Cmd: MAP CHECKDEP NOCLEARLOG
[2020.10.28-10.41.04:690][  0]MapCheck: Map check complete: 0 Error(s), 0 Warning(s), took 0,097ms to complete.
[2020.10.28-10.41.04:690][  0]LogFileHelpers: Loading map 'Minimal_Default' took 0.138
[2020.10.28-10.41.04:691][  0]LogUnrealEdMisc: Total Editor Startup Time, took 5.241
[2020.10.28-10.41.04:823][  0]LogSlate: Updating window title bar state: overlay mode, drag disabled, window buttons hidden, title bar hidden
[2020.10.28-10.41.04:833][  0]LogSlate: Updating window title bar state: overlay mode, drag disabled, window buttons hidden, title bar hidden
[2020.10.28-10.41.04:841][  0]LogSlate: Updating window title bar state: overlay mode, drag disabled, window buttons hidden, title bar hidden
[2020.10.28-10.41.04:850][  0]LogSlate: Updating window title bar state: overlay mode, drag disabled, window buttons hidden, title bar hidden
[2020.10.28-10.41.04:856][  0]LogCollectionManager: Loaded 0 collections in 0.000757 seconds
[2020.10.28-10.41.04:888][  0]LogFileCache: Scanning file cache for directory 'F:/Alias_desktop/GitHub/JAM_UE4/Jam_UE4/Saved/Collections/' took 0.00s
[2020.10.28-10.41.04:888][  0]LogFileCache: Scanning file cache for directory 'F:/Alias_desktop/GitHub/JAM_UE4/Jam_UE4/Content/Developers/game3/Collections/' took 0.00s
[2020.10.28-10.41.04:888][  0]LogFileCache: Scanning file cache for directory 'F:/Alias_desktop/GitHub/JAM_UE4/Jam_UE4/Content/Collections/' took 0.00s
[2020.10.28-10.41.04:888][  0]LogContentBrowser: Native class hierarchy populated in 0.0252 seconds. Added 3430 classes and 823 folders.
[2020.10.28-10.41.04:892][  0]LogContentBrowser: Native class hierarchy updated for 'WidgetCarousel' in 0.0005 seconds. Added 0 classes and 0 folders.
[2020.10.28-10.41.04:949][  0]LogContentBrowser: Native class hierarchy updated for 'AddContentDialog' in 0.0005 seconds. Added 0 classes and 0 folders.
[2020.10.28-10.41.04:951][  0]LogContentBrowser: Native class hierarchy updated for 'SceneOutliner' in 0.0004 seconds. Added 2 classes and 0 folders.
[2020.10.28-10.41.04:988][  0]LogSlate: Took 0.000173 seconds to synchronously load lazily loaded font '../../../Engine/Content/Slate/Fonts/Roboto-Regular.ttf' (155K)
[2020.10.28-10.41.04:990][  0]LogSlate: Took 0.000083 seconds to synchronously load lazily loaded font '../../../Engine/Content/Slate/Fonts/Roboto-Bold.ttf' (160K)
[2020.10.28-10.41.04:993][  0]LogSlate: Took 0.000071 seconds to synchronously load lazily loaded font '../../../Engine/Content/Editor/Slate/Fonts/FontAwesome.ttf' (139K)
[2020.10.28-10.41.05:051][  0]LogRenderer: Reallocating scene render targets to support 1620x620 Format 10 NumSamples 1 (Frame:1).
[2020.10.28-10.41.05:083][  0]LogSlate: Took 0.000198 seconds to synchronously load lazily loaded font '../../../Engine/Content/Slate/Fonts/Roboto-Light.ttf' (167K)
[2020.10.28-10.41.05:120][  0]LogContentBrowser: Native class hierarchy updated for 'HierarchicalLODOutliner' in 0.0004 seconds. Added 0 classes and 0 folders.
[2020.10.28-10.41.05:120][  0]LogLoad: (Engine Initialization) Total time: 5.67 seconds
[2020.10.28-10.41.05:120][  0]LogLoad: (Engine Initialization) Total Blueprint compile time: 0.00 seconds
[2020.10.28-10.41.05:153][  0]LogAssetRegistry: Asset discovery search completed in 2.8445 seconds
[2020.10.28-10.41.05:157][  0]LogCollectionManager: Fixed up redirectors for 0 collections in 0.000002 seconds (updated 0 objects)
[2020.10.28-10.41.05:159][  0]LogContentStreaming: Texture pool size now 1000 MB
[2020.10.28-10.41.06:138][114]LogSlate: Took 0.000173 seconds to synchronously load lazily loaded font '../../../Engine/Content/Slate/Fonts/Roboto-Light.ttf' (167K)
[2020.10.28-10.42.16:185][465]LogEditorViewport: Clicking on Actor (LMB): StaticMeshActor (Table)
[2020.10.28-10.42.17:937][592]Cmd: DELETE
[2020.10.28-10.42.17:937][592]Cmd: ACTOR DELETE
[2020.10.28-10.42.17:939][592]LogEditorActor: Deleted Actor: StaticMeshActor
[2020.10.28-10.42.17:960][592]LogUObjectHash: Compacting FUObjectHashTables data took   0.50ms
[2020.10.28-10.42.17:962][592]LogEditorActor: Deleted 1 Actors (0.025 secs)
[2020.10.28-10.42.19:395][764]LogEditorViewport: Clicking on Actor (LMB): StaticMeshActor (Chair)
[2020.10.28-10.42.20:369][877]Cmd: DELETE
[2020.10.28-10.42.20:369][877]Cmd: ACTOR DELETE
[2020.10.28-10.42.20:371][877]LogEditorActor: Deleted Actor: StaticMeshActor
[2020.10.28-10.42.20:379][877]LogUObjectHash: Compacting FUObjectHashTables data took   0.22ms
[2020.10.28-10.42.20:380][877]LogEditorActor: Deleted 1 Actors (0.011 secs)
[2020.10.28-10.42.21:172][972]LogEditorViewport: Clicking on Actor (LMB): StaticMeshActor (Chair)
[2020.10.28-10.42.21:259][979]Cmd: DELETE
[2020.10.28-10.42.21:259][979]Cmd: ACTOR DELETE
[2020.10.28-10.42.21:260][979]LogEditorActor: Deleted Actor: StaticMeshActor
[2020.10.28-10.42.21:268][979]LogUObjectHash: Compacting FUObjectHashTables data took   0.21ms
[2020.10.28-10.42.21:268][979]LogEditorActor: Deleted 1 Actors (0.010 secs)
[2020.10.28-10.42.24:730][392]LogEditorViewport: Clicking on Actor (LMB): SphereReflectionCapture (SphereReflectionCapture10)
[2020.10.28-10.42.26:040][546]LogEditorViewport: Clicking on Actor (CTRL LMB): SphereReflectionCapture (SphereReflectionCapture)
[2020.10.28-10.42.28:001][777]LogEditorViewport: Clicking on Actor (LMB): BP_Sky_Sphere_C (BP_Sky_Sphere)
[2020.10.28-10.42.32:935][356]LogEditorViewport: Clicking on Actor (LMB): StaticMeshActor (Statue)
[2020.10.28-10.42.33:769][451]Cmd: DELETE
[2020.10.28-10.42.33:769][451]Cmd: ACTOR DELETE
[2020.10.28-10.42.33:770][451]LogEditorActor: Deleted Actor: StaticMeshActor
[2020.10.28-10.42.33:778][451]LogUObjectHash: Compacting FUObjectHashTables data took   0.19ms
[2020.10.28-10.42.33:779][451]LogEditorActor: Deleted 1 Actors (0.009 secs)
[2020.10.28-10.42.43:740][610]LogActor: Warning: Gem_BP_C /Engine/Transient.World_2:PersistentLevel.Gem_BP_C_0 has natively added scene component(s), but none of them were set as the actor's RootComponent - picking one arbitrarily
[2020.10.28-10.42.43:912][627]LogActor: Warning: Gem_BP_C /Game/StarterContent/Maps/Minimal_Default.Minimal_Default:PersistentLevel.Gem_BP_C_0 has natively added scene component(s), but none of them were set as the actor's RootComponent - picking one arbitrarily
[2020.10.28-10.42.44:670][714]LogActor: Warning: Gem_BP_C /Game/StarterContent/Maps/Minimal_Default.Minimal_Default:PersistentLevel.Gem_BP_C_1 has natively added scene component(s), but none of them were set as the actor's RootComponent - picking one arbitrarily
[2020.10.28-10.42.47:595][ 59]LogEditorViewport: Clicking on Actor (LMB): PlayerStart (Player Start)
[2020.10.28-10.42.49:138][239]LogEditorViewport: Clicking on Actor (LMB): Gem_BP_C (Gem_BP)
[2020.10.28-10.42.55:120][944]LogUObjectHash: Compacting FUObjectHashTables data took   0.62ms
[2020.10.28-10.42.55:136][944]LogSavePackage: Moving '../../../../../Alias_desktop/GitHub/JAM_UE4/Jam_UE4/Saved/Minimal_DefaultF2A20F3E492F1686224067B7B44E0AE1.tmp' to '../../../../../Alias_desktop/GitHub/JAM_UE4/Jam_UE4/Content/StarterContent/Maps/Minimal_Default.umap'
[2020.10.28-10.42.55:207][944]LogSavePackage: Moving '../../../../../Alias_desktop/GitHub/JAM_UE4/Jam_UE4/Saved/Minimal_Default_BuiltDataBD4B9A884DC85641630118BEAEA72A3A.tmp' to '../../../../../Alias_desktop/GitHub/JAM_UE4/Jam_UE4/Content/StarterContent/Maps/Minimal_Default_BuiltData.uasset'
[2020.10.28-10.42.55:219][944]AssetCheck: New page: Asset Save: multiple assets
[2020.10.28-10.42.55:219][944]LogContentValidation: Display: Validating World /Game/StarterContent/Maps/Minimal_Default.Minimal_Default
[2020.10.28-10.42.55:219][944]LogContentValidation: Display: Validating MapBuildDataRegistry /Game/StarterContent/Maps/Minimal_Default_BuiltData.Minimal_Default_BuiltData
[2020.10.28-10.42.56:534][ 97]LogUObjectHash: Compacting FUObjectHashTables data took   0.56ms
[2020.10.28-10.42.56:549][ 97]LogSavePackage: Moving '../../../../../Alias_desktop/GitHub/JAM_UE4/Jam_UE4/Saved/Minimal_DefaultA51F2C574D53E21C468067A59CF37707.tmp' to '../../../../../Alias_desktop/GitHub/JAM_UE4/Jam_UE4/Content/StarterContent/Maps/Minimal_Default.umap'
[2020.10.28-10.42.56:588][ 97]LogSavePackage: Moving '../../../../../Alias_desktop/GitHub/JAM_UE4/Jam_UE4/Saved/Minimal_Default_BuiltData03C562C94DAB40D5B7B5D7B23141B318.tmp' to '../../../../../Alias_desktop/GitHub/JAM_UE4/Jam_UE4/Content/StarterContent/Maps/Minimal_Default_BuiltData.uasset'
[2020.10.28-10.42.56:597][ 97]AssetCheck: New page: Asset Save: multiple assets
[2020.10.28-10.42.56:597][ 97]LogContentValidation: Display: Validating World /Game/StarterContent/Maps/Minimal_Default.Minimal_Default
[2020.10.28-10.42.56:597][ 97]LogContentValidation: Display: Validating MapBuildDataRegistry /Game/StarterContent/Maps/Minimal_Default_BuiltData.Minimal_Default_BuiltData
[2020.10.28-10.42.56:949][135]LogUObjectHash: Compacting FUObjectHashTables data took   0.19ms
[2020.10.28-10.42.56:961][135]LogSavePackage: Moving '../../../../../Alias_desktop/GitHub/JAM_UE4/Jam_UE4/Saved/Minimal_Default9124C4EE44942D97EA8D9B84F4A6DD51.tmp' to '../../../../../Alias_desktop/GitHub/JAM_UE4/Jam_UE4/Content/StarterContent/Maps/Minimal_Default.umap'
[2020.10.28-10.42.56:998][135]LogSavePackage: Moving '../../../../../Alias_desktop/GitHub/JAM_UE4/Jam_UE4/Saved/Minimal_Default_BuiltData1B672FCC4AB5AF7EA77258AC7AF2A519.tmp' to '../../../../../Alias_desktop/GitHub/JAM_UE4/Jam_UE4/Content/StarterContent/Maps/Minimal_Default_BuiltData.uasset'
[2020.10.28-10.42.57:007][135]AssetCheck: New page: Asset Save: multiple assets
[2020.10.28-10.42.57:007][135]LogContentValidation: Display: Validating World /Game/StarterContent/Maps/Minimal_Default.Minimal_Default
[2020.10.28-10.42.57:007][135]LogContentValidation: Display: Validating MapBuildDataRegistry /Game/StarterContent/Maps/Minimal_Default_BuiltData.Minimal_Default_BuiltData
[2020.10.28-10.42.57:750][220]LogUObjectHash: Compacting FUObjectHashTables data took   0.21ms
[2020.10.28-10.42.57:763][220]LogSavePackage: Moving '../../../../../Alias_desktop/GitHub/JAM_UE4/Jam_UE4/Saved/Minimal_DefaultE677BE2C44B2B459B8F6438CCB0176F1.tmp' to '../../../../../Alias_desktop/GitHub/JAM_UE4/Jam_UE4/Content/StarterContent/Maps/Minimal_Default.umap'
[2020.10.28-10.42.57:803][220]LogSavePackage: Moving '../../../../../Alias_desktop/GitHub/JAM_UE4/Jam_UE4/Saved/Minimal_Default_BuiltData38D22EE54B6415D40DD598B92B97218D.tmp' to '../../../../../Alias_desktop/GitHub/JAM_UE4/Jam_UE4/Content/StarterContent/Maps/Minimal_Default_BuiltData.uasset'
[2020.10.28-10.42.57:812][220]AssetCheck: New page: Asset Save: multiple assets
[2020.10.28-10.42.57:812][220]LogContentValidation: Display: Validating World /Game/StarterContent/Maps/Minimal_Default.Minimal_Default
[2020.10.28-10.42.57:812][220]LogContentValidation: Display: Validating MapBuildDataRegistry /Game/StarterContent/Maps/Minimal_Default_BuiltData.Minimal_Default_BuiltData
[2020.10.28-10.42.59:142][377]LogTemp: Repeating last play command: Selected Viewport
[2020.10.28-10.42.59:214][377]LogPlayLevel: PlayLevel: No blueprints needed recompiling
[2020.10.28-10.42.59:230][377]PIE: New page: PIE session: Minimal_Default (28 oct. 2020 à 12:42:59)
[2020.10.28-10.42.59:246][377]LogOnline: OSS: Creating online subsystem instance for: NULL
[2020.10.28-10.42.59:260][377]LogOnline: OSS: TryLoadSubsystemAndSetDefault: Loaded subsystem for module [NULL]
[2020.10.28-10.42.59:265][377]LogPlayLevel: Creating play world package: /Game/StarterContent/Maps/UEDPIE_0_Minimal_Default
[2020.10.28-10.42.59:305][377]LogPlayLevel: PIE: StaticDuplicateObject took: (0.039813s)
[2020.10.28-10.42.59:308][377]LogAIModule: Creating AISystem for world Minimal_Default
[2020.10.28-10.42.59:308][377]LogAISub: UAISubsystem::UAISubsystem EnvQueryManager (0000027A5D10B200), frame # 13377
[2020.10.28-10.42.59:309][377]LogAISub: UAISubsystem::UAISubsystem AIPerceptionSystem (0000027A65022D40), frame # 13377
[2020.10.28-10.42.59:309][377]LogPlayLevel: PIE: World Init took: (0.003522s)
[2020.10.28-10.42.59:338][377]LogPlayLevel: PIE: Created PIE world by copying editor world from /Game/StarterContent/Maps/Minimal_Default.Minimal_Default to /Game/StarterContent/Maps/UEDPIE_0_Minimal_Default.Minimal_Default (0.072970s)
[2020.10.28-10.42.59:373][377]LogUObjectHash: Compacting FUObjectHashTables data took   0.94ms
[2020.10.28-10.42.59:375][377]LogAudioMixer: Display: Audio Mixer Platform Settings:
[2020.10.28-10.42.59:375][377]LogAudioMixer: Display: 	Sample Rate:						  48000
[2020.10.28-10.42.59:375][377]LogAudioMixer: Display: 	Callback Buffer Frame Size Requested: 1024
[2020.10.28-10.42.59:375][377]LogAudioMixer: Display: 	Callback Buffer Frame Size To Use:	  1024
[2020.10.28-10.42.59:375][377]LogAudioMixer: Display: 	Number of buffers to queue:			  2
[2020.10.28-10.42.59:375][377]LogAudioMixer: Display: 	Max Channels (voices):				  32
[2020.10.28-10.42.59:375][377]LogAudioMixer: Display: 	Number of Async Source Workers:		  0
[2020.10.28-10.42.59:376][377]LogAudio: Display: AudioDevice MaxSources: 32
[2020.10.28-10.42.59:376][377]LogAudio: Display: Using built-in audio occlusion.
[2020.10.28-10.42.59:376][377]LogAudioMixer: Display: Initializing audio mixer.
[2020.10.28-10.42.59:389][377]LogAudioMixer: Display: 0: FrontLeft
[2020.10.28-10.42.59:389][377]LogAudioMixer: Display: 1: FrontRight
[2020.10.28-10.42.59:420][377]LogAudioMixer: Display: Using Audio Device Haut-parleurs (Realtek(R) Audio)
[2020.10.28-10.42.59:420][377]LogAudioMixer: Display: Initializing Sound Submixes...
[2020.10.28-10.42.59:420][377]LogAudioMixer: Display: Creating Master Submix 'MasterSubmixDefault'
[2020.10.28-10.42.59:420][377]LogAudioMixer: Display: Creating Master Submix 'MasterReverbSubmixDefault'
[2020.10.28-10.42.59:421][377]LogAudioMixer: Display: Creating Master Submix 'MasterEQSubmixDefault'
[2020.10.28-10.42.59:421][377]LogInit: FAudioDevice initialized.
[2020.10.28-10.42.59:446][377]LogLoad: Game class is 'GameModeBase'
[2020.10.28-10.42.59:483][377]LogWorld: Bringing World /Game/StarterContent/Maps/UEDPIE_0_Minimal_Default.Minimal_Default up for play (max tick rate 0) at 2020.10.28-11.42.59
[2020.10.28-10.42.59:497][377]LogWorld: Bringing up level for play took: 0.011558
[2020.10.28-10.42.59:498][377]LogOnline: OSS: Creating online subsystem instance for: :Context_4
[2020.10.28-10.42.59:611][377]LogContentBrowser: Native class hierarchy updated for 'MovieSceneCapture' in 0.0011 seconds. Added 20 classes and 0 folders.
[2020.10.28-10.42.59:647][377]PIE: Server logged in
[2020.10.28-10.42.59:651][377]PIE: Play in editor total start time 0,483 seconds.
[2020.10.28-10.43.17:089][439]LogSlate: Updating window title bar state: overlay mode, drag disabled, window buttons hidden, title bar hidden
[2020.10.28-10.43.17:089][439]LogWorld: BeginTearingDown for /Game/StarterContent/Maps/UEDPIE_0_Minimal_Default
[2020.10.28-10.43.17:089][439]LogWorld: UWorld::CleanupWorld for Minimal_Default, bSessionEnded=true, bCleanupResources=true
[2020.10.28-10.43.17:089][439]LogSlate: InvalidateAllWidgets triggered.  All widgets were invalidated
[2020.10.28-10.43.17:095][439]LogPlayLevel: Display: Shutting down PIE online subsystems
[2020.10.28-10.43.17:104][439]LogSlate: InvalidateAllWidgets triggered.  All widgets were invalidated
[2020.10.28-10.43.17:154][439]LogSlate: Updating window title bar state: overlay mode, drag disabled, window buttons hidden, title bar hidden
[2020.10.28-10.43.17:156][439]LogAISub: UAISubsystem::~UAISubsystem AIPerceptionSystem (0000027A65022D40), frame # 15439
[2020.10.28-10.43.17:156][439]LogAISub: UAISubsystem::~UAISubsystem EnvQueryManager (0000027A5D10B200), frame # 15439
[2020.10.28-10.43.17:157][439]LogUObjectHash: Compacting FUObjectHashTables data took   1.08ms
[2020.10.28-10.43.17:188][440]LogPlayLevel: Display: Destroying online subsystem :Context_4
[2020.10.28-10.43.19:748][744]LogSlate: Took 0.000112 seconds to synchronously load lazily loaded font '../../../Engine/Content/Slate/Fonts/DroidSansMono.ttf' (77K)
[2020.10.28-10.48.14:164][ 19]LogTemp: Repeating last play command: Selected Viewport
[2020.10.28-10.48.14:171][ 19]LogPlayLevel: PlayLevel: No blueprints needed recompiling
[2020.10.28-10.48.14:171][ 19]PIE: New page: PIE session: Minimal_Default (28 oct. 2020 à 12:48:14)
[2020.10.28-10.48.14:206][ 19]LogPlayLevel: Creating play world package: /Game/StarterContent/Maps/UEDPIE_0_Minimal_Default
[2020.10.28-10.48.14:209][ 19]LogPlayLevel: PIE: StaticDuplicateObject took: (0.002843s)
[2020.10.28-10.48.14:210][ 19]LogAIModule: Creating AISystem for world Minimal_Default
[2020.10.28-10.48.14:210][ 19]LogAISub: UAISubsystem::UAISubsystem EnvQueryManager (0000027A00BA4A00), frame # 23019
[2020.10.28-10.48.14:210][ 19]LogAISub: UAISubsystem::UAISubsystem AIPerceptionSystem (0000027A5D3C5300), frame # 23019
[2020.10.28-10.48.14:211][ 19]LogPlayLevel: PIE: World Init took: (0.001620s)
[2020.10.28-10.48.14:211][ 19]LogPlayLevel: PIE: Created PIE world by copying editor world from /Game/StarterContent/Maps/Minimal_Default.Minimal_Default to /Game/StarterContent/Maps/UEDPIE_0_Minimal_Default.Minimal_Default (0.004631s)
[2020.10.28-10.48.14:219][ 19]LogUObjectHash: Compacting FUObjectHashTables data took   0.51ms
[2020.10.28-10.48.14:220][ 19]LogAudioMixer: Display: Audio Mixer Platform Settings:
[2020.10.28-10.48.14:220][ 19]LogAudioMixer: Display: 	Sample Rate:						  48000
[2020.10.28-10.48.14:220][ 19]LogAudioMixer: Display: 	Callback Buffer Frame Size Requested: 1024
[2020.10.28-10.48.14:221][ 19]LogAudioMixer: Display: 	Callback Buffer Frame Size To Use:	  1024
[2020.10.28-10.48.14:221][ 19]LogAudioMixer: Display: 	Number of buffers to queue:			  2
[2020.10.28-10.48.14:221][ 19]LogAudioMixer: Display: 	Max Channels (voices):				  32
[2020.10.28-10.48.14:221][ 19]LogAudioMixer: Display: 	Number of Async Source Workers:		  0
[2020.10.28-10.48.14:221][ 19]LogAudio: Display: AudioDevice MaxSources: 32
[2020.10.28-10.48.14:221][ 19]LogAudio: Display: Using built-in audio occlusion.
[2020.10.28-10.48.14:221][ 19]LogAudioMixer: Display: Initializing audio mixer.
[2020.10.28-10.48.14:227][ 19]LogAudioMixer: Display: 0: FrontLeft
[2020.10.28-10.48.14:227][ 19]LogAudioMixer: Display: 1: FrontRight
[2020.10.28-10.48.14:255][ 19]LogAudioMixer: Display: Using Audio Device Haut-parleurs (Realtek(R) Audio)
[2020.10.28-10.48.14:255][ 19]LogAudioMixer: Display: Initializing Sound Submixes...
[2020.10.28-10.48.14:255][ 19]LogAudioMixer: Display: Creating Master Submix 'MasterSubmixDefault'
[2020.10.28-10.48.14:255][ 19]LogAudioMixer: Display: Creating Master Submix 'MasterReverbSubmixDefault'
[2020.10.28-10.48.14:256][ 19]LogAudioMixer: Display: Creating Master Submix 'MasterEQSubmixDefault'
[2020.10.28-10.48.14:268][ 19]LogInit: FAudioDevice initialized.
[2020.10.28-10.48.14:277][ 19]LogLoad: Game class is 'GameModeBase'
[2020.10.28-10.48.14:278][ 19]LogWorld: Bringing World /Game/StarterContent/Maps/UEDPIE_0_Minimal_Default.Minimal_Default up for play (max tick rate 0) at 2020.10.28-11.48.14
[2020.10.28-10.48.14:278][ 19]LogWorld: Bringing up level for play took: 0.000644
[2020.10.28-10.48.14:278][ 19]LogOnline: OSS: Creating online subsystem instance for: :Context_5
[2020.10.28-10.48.14:280][ 19]PIE: Server logged in
[2020.10.28-10.48.14:281][ 19]PIE: Play in editor total start time 0,11 seconds.
[2020.10.28-10.48.24:558][242]LogSlate: Updating window title bar state: overlay mode, drag disabled, window buttons hidden, title bar hidden
[2020.10.28-10.48.24:558][242]LogWorld: BeginTearingDown for /Game/StarterContent/Maps/UEDPIE_0_Minimal_Default
[2020.10.28-10.48.24:558][242]LogWorld: UWorld::CleanupWorld for Minimal_Default, bSessionEnded=true, bCleanupResources=true
[2020.10.28-10.48.24:559][242]LogSlate: InvalidateAllWidgets triggered.  All widgets were invalidated
[2020.10.28-10.48.24:572][242]LogPlayLevel: Display: Shutting down PIE online subsystems
[2020.10.28-10.48.24:574][242]LogSlate: InvalidateAllWidgets triggered.  All widgets were invalidated
[2020.10.28-10.48.24:624][242]LogSlate: Updating window title bar state: overlay mode, drag disabled, window buttons hidden, title bar hidden
[2020.10.28-10.48.24:625][242]LogAISub: UAISubsystem::~UAISubsystem AIPerceptionSystem (0000027A5D3C5300), frame # 24242
[2020.10.28-10.48.24:625][242]LogAISub: UAISubsystem::~UAISubsystem EnvQueryManager (0000027A00BA4A00), frame # 24242
[2020.10.28-10.48.24:626][242]LogUObjectHash: Compacting FUObjectHashTables data took   0.85ms
[2020.10.28-10.48.24:649][243]LogPlayLevel: Display: Destroying online subsystem :Context_5
[2020.10.28-10.48.35:353][456]LogActor: Warning: Gem_BP_C /Game/StarterContent/Maps/Minimal_Default.Minimal_Default:PersistentLevel.Gem_BP_C_3 has natively added scene component(s), but none of them were set as the actor's RootComponent - picking one arbitrarily
[2020.10.28-10.48.40:069][  4]LogAssetEditorSubsystem: Opening Asset editor for Blueprint /Game/StarterContent/Blueprints/Gems/Gem_BP.Gem_BP
[2020.10.28-10.48.40:221][  4]LogContentBrowser: Native class hierarchy updated for 'BlueprintGraph' in 0.0005 seconds. Added 125 classes and 0 folders.
[2020.10.28-10.48.41:242][  4]LogActor: Warning: Gem_BP_C /Engine/Transient.World_3:PersistentLevel.Gem_BP_C_0 has natively added scene component(s), but none of them were set as the actor's RootComponent - picking one arbitrarily
[2020.10.28-10.48.41:284][  4]LogSlate: Took 0.000268 seconds to synchronously load lazily loaded font '../../../Engine/Content/Slate/Fonts/Roboto-BoldCondensed.ttf' (158K)
[2020.10.28-10.48.43:485][229]LogSlate: Window 'Gem_BP' being destroyed
[2020.10.28-10.48.44:351][331]LogSlate: Took 0.000115 seconds to synchronously load lazily loaded font '../../../Engine/Content/Slate/Fonts/Roboto-Italic.ttf' (157K)
[2020.10.28-10.53.39:361][599]Cmd: OBJ SAVEPACKAGE PACKAGE="/Game/StarterContent/Blueprints/Gems/Gem_BP" FILE="../../../../../Alias_desktop/GitHub/JAM_UE4/Jam_UE4/Content/StarterContent/Blueprints/Gems/Gem_BP.uasset" SILENT=true
[2020.10.28-10.53.39:374][599]LogSavePackage: Moving '../../../../../Alias_desktop/GitHub/JAM_UE4/Jam_UE4/Saved/Gem_BP3B53874D436B5EADD8FB1B807612F628.tmp' to '../../../../../Alias_desktop/GitHub/JAM_UE4/Jam_UE4/Content/StarterContent/Blueprints/Gems/Gem_BP.uasset'
[2020.10.28-10.53.39:385][599]AssetCheck: New page: Asset Save: Gem_BP
[2020.10.28-10.53.39:385][599]LogContentValidation: Display: Validating Blueprint /Game/StarterContent/Blueprints/Gems/Gem_BP.Gem_BP
[2020.10.28-10.53.41:194][807]BlueprintLog: New page: Compile Gem_BP
[2020.10.28-10.53.41:196][807]LogActor: Warning: Gem_BP_C /Engine/Transient.World_2:PersistentLevel.Gem_BP_C_0 has natively added scene component(s), but none of them were set as the actor's RootComponent - picking one arbitrarily
[2020.10.28-10.53.41:196][807]LogActor: Warning: Gem_BP_C /Game/StarterContent/Maps/Minimal_Default.Minimal_Default:PersistentLevel.Gem_BP_2 has natively added scene component(s), but none of them were set as the actor's RootComponent - picking one arbitrarily
[2020.10.28-10.53.41:196][807]LogActor: Warning: Gem_BP_C /Engine/Transient.World_3:PersistentLevel.Gem_BP_C_0 has natively added scene component(s), but none of them were set as the actor's RootComponent - picking one arbitrarily
[2020.10.28-10.53.41:226][807]LogUObjectHash: Compacting FUObjectHashTables data took   1.87ms
[2020.10.28-10.53.41:229][807]LogActor: Warning: Gem_BP_C /Engine/Transient.World_2:PersistentLevel.Gem_BP_C_1 has natively added scene component(s), but none of them were set as the actor's RootComponent - picking one arbitrarily
[2020.10.28-10.53.53:072][204]LogUObjectHash: Compacting FUObjectHashTables data took   1.53ms
[2020.10.28-10.53.53:088][204]LogSavePackage: Moving '../../../../../Alias_desktop/GitHub/JAM_UE4/Jam_UE4/Saved/Minimal_Default922A839B4539C84164ADA0AD5A50B7CD.tmp' to '../../../../../Alias_desktop/GitHub/JAM_UE4/Jam_UE4/Content/StarterContent/Maps/Minimal_Default.umap'
[2020.10.28-10.53.53:130][204]LogSavePackage: Moving '../../../../../Alias_desktop/GitHub/JAM_UE4/Jam_UE4/Saved/Minimal_Default_BuiltDataA8030D2C40B3DBF8201B13ACDD2D1AE6.tmp' to '../../../../../Alias_desktop/GitHub/JAM_UE4/Jam_UE4/Content/StarterContent/Maps/Minimal_Default_BuiltData.uasset'
[2020.10.28-10.53.53:141][204]AssetCheck: New page: Asset Save: multiple assets
[2020.10.28-10.53.53:141][204]LogContentValidation: Display: Validating World /Game/StarterContent/Maps/Minimal_Default.Minimal_Default
[2020.10.28-10.53.53:141][204]LogContentValidation: Display: Validating MapBuildDataRegistry /Game/StarterContent/Maps/Minimal_Default_BuiltData.Minimal_Default_BuiltData
[2020.10.28-10.54.09:657][386]LogHotReload: New module detected: UE4Editor-Jam_UE4-0017.dll
[2020.10.28-10.54.11:350][392]LogHotReload: Starting Hot-Reload from IDE
[2020.10.28-10.54.11:380][392]LogContentBrowser: Native class hierarchy updated for 'Jam_UE4' in 0.0004 seconds. Added 3 classes and 2 folders.
[2020.10.28-10.54.11:383][392]Display: HotReload successful (2 functions remapped  0 scriptstructs remapped)
[2020.10.28-10.54.11:455][392]LogContentBrowser: Native class hierarchy populated in 0.0098 seconds. Added 3430 classes and 823 folders.
[2020.10.28-10.54.11:458][392]Display: HotReload took  0.1s.
[2020.10.28-10.54.14:408][541]LogTemp: Repeating last play command: Selected Viewport
[2020.10.28-10.54.14:435][541]LogPlayLevel: PlayLevel: No blueprints needed recompiling
[2020.10.28-10.54.14:435][541]PIE: New page: PIE session: Minimal_Default (28 oct. 2020 à 12:54:14)
[2020.10.28-10.54.14:466][541]LogPlayLevel: Creating play world package: /Game/StarterContent/Maps/UEDPIE_0_Minimal_Default
[2020.10.28-10.54.14:470][541]LogPlayLevel: PIE: StaticDuplicateObject took: (0.004730s)
[2020.10.28-10.54.14:472][541]LogAIModule: Creating AISystem for world Minimal_Default
[2020.10.28-10.54.14:472][541]LogAISub: UAISubsystem::UAISubsystem EnvQueryManager (0000027A02ADE000), frame # 35541
[2020.10.28-10.54.14:472][541]LogAISub: UAISubsystem::UAISubsystem AIPerceptionSystem (0000027A98C0C680), frame # 35541
[2020.10.28-10.54.14:472][541]LogPlayLevel: PIE: World Init took: (0.001811s)
[2020.10.28-10.54.14:472][541]LogPlayLevel: PIE: Created PIE world by copying editor world from /Game/StarterContent/Maps/Minimal_Default.Minimal_Default to /Game/StarterContent/Maps/UEDPIE_0_Minimal_Default.Minimal_Default (0.006789s)
[2020.10.28-10.54.14:490][541]LogOutputDevice: Warning: 

Script Stack (0 frames):

[2020.10.28-10.54.14:491][541]LogWindows: Windows GetLastError: L’opération a réussi. (0)
[2020.10.28-10.54.15:584][541]LogWindows: Error: === Critical error: ===
[2020.10.28-10.54.15:584][541]LogWindows: Error: 
[2020.10.28-10.54.15:584][541]LogWindows: Error: Fatal error: [File:D:/Build/++UE4/Sync/Engine/Source/Runtime/CoreUObject/Private/UObject/Obj.cpp] [Line: 993] 
[2020.10.28-10.54.15:584][541]LogWindows: Error: DropGem /Engine/Transient.BPGC_ARCH_FOR_CDO_DropGem_0 failed to route BeginDestroy
[2020.10.28-10.54.15:584][541]LogWindows: Error: 
[2020.10.28-10.54.15:584][541]LogWindows: Error: 
[2020.10.28-10.54.15:584][541]LogWindows: Error: [Callstack] 0x00007ffdb5753b29 KERNELBASE.dll!UnknownFunction []
[2020.10.28-10.54.15:584][541]LogWindows: Error: [Callstack] 0x00007ffd6978ec66 UE4Editor-Core.dll!UnknownFunction []
[2020.10.28-10.54.15:584][541]LogWindows: Error: [Callstack] 0x00007ffd69792048 UE4Editor-Core.dll!UnknownFunction []
[2020.10.28-10.54.15:584][541]LogWindows: Error: [Callstack] 0x00007ffd6951e52d UE4Editor-Core.dll!UnknownFunction []
[2020.10.28-10.54.15:584][541]LogWindows: Error: [Callstack] 0x00007ffd68e3be5d UE4Editor-CoreUObject.dll!UnknownFunction []
[2020.10.28-10.54.15:584][541]LogWindows: Error: [Callstack] 0x00007ffd68e1a02b UE4Editor-CoreUObject.dll!UnknownFunction []
[2020.10.28-10.54.15:584][541]LogWindows: Error: [Callstack] 0x00007ffd68da9da3 UE4Editor-CoreUObject.dll!UnknownFunction []
[2020.10.28-10.54.15:584][541]LogWindows: Error: [Callstack] 0x00007ffd68da900c UE4Editor-CoreUObject.dll!UnknownFunction []
[2020.10.28-10.54.15:584][541]LogWindows: Error: [Callstack] 0x00007ffd6660af02 UE4Editor-Engine.dll!UnknownFunction []
[2020.10.28-10.54.15:584][541]LogWindows: Error: [Callstack] 0x00007ffd63c94c5b UE4Editor-UnrealEd.dll!UnknownFunction []
[2020.10.28-10.54.15:584][541]LogWindows: Error: [Callstack] 0x00007ffd63cb682c UE4Editor-UnrealEd.dll!UnknownFunction []
[2020.10.28-10.54.15:584][541]LogWindows: Error: [Callstack] 0x00007ffd63c96899 UE4Editor-UnrealEd.dll!UnknownFunction []
[2020.10.28-10.54.15:584][541]LogWindows: Error: [Callstack] 0x00007ffd63cd23da UE4Editor-UnrealEd.dll!UnknownFunction []
[2020.10.28-10.54.15:584][541]LogWindows: Error: [Callstack] 0x00007ffd63cd569d UE4Editor-UnrealEd.dll!UnknownFunction []
[2020.10.28-10.54.15:584][541]LogWindows: Error: [Callstack] 0x00007ffd63cd5078 UE4Editor-UnrealEd.dll!UnknownFunction []
[2020.10.28-10.54.15:584][541]LogWindows: Error: [Callstack] 0x00007ffd6375a854 UE4Editor-UnrealEd.dll!UnknownFunction []
[2020.10.28-10.54.15:584][541]LogWindows: Error: [Callstack] 0x00007ffd640337e6 UE4Editor-UnrealEd.dll!UnknownFunction []
[2020.10.28-10.54.15:584][541]LogWindows: Error: [Callstack] 0x00007ff787b27800 UE4Editor.exe!UnknownFunction []
[2020.10.28-10.54.15:584][541]LogWindows: Error: [Callstack] 0x00007ff787b3ba7c UE4Editor.exe!UnknownFunction []
[2020.10.28-10.54.15:584][541]LogWindows: Error: [Callstack] 0x00007ff787b3bb5a UE4Editor.exe!UnknownFunction []
[2020.10.28-10.54.15:584][541]LogWindows: Error: [Callstack] 0x00007ff787b4e31d UE4Editor.exe!UnknownFunction []
[2020.10.28-10.54.15:584][541]LogWindows: Error: [Callstack] 0x00007ff787b5145a UE4Editor.exe!UnknownFunction []
[2020.10.28-10.54.15:584][541]LogWindows: Error: [Callstack] 0x00007ffdb69f7c24 KERNEL32.DLL!UnknownFunction []
[2020.10.28-10.54.15:584][541]LogWindows: Error: [Callstack] 0x00007ffdb834cea1 ntdll.dll!UnknownFunction []
[2020.10.28-10.54.15:584][541]LogWindows: Error: 
[2020.10.28-10.54.15:622][541]LogExit: Executing StaticShutdownAfterError
[2020.10.28-10.54.15:625][541]LogWindows: FPlatformMisc::RequestExit(1)
[2020.10.28-10.54.15:625][541]LogCore: Engine exit requested (reason: Win RequestExit)
[2020.10.28-10.54.15:637][541]Log file closed, 10/28/20 11:54:15
