Log file open, 10/28/20 14:12:38
LogInit: Display: Running engine for game: Jam_UE4
LogPlatformFile: Not using cached read wrapper
LogTaskGraph: Started task graph with 5 named threads and 23 total threads with 3 sets of task threads.
LogStats: Stats thread started at 0.182418
LogD3D11RHI: Loaded GFSDK_Aftermath_Lib.x64.dll
LogICUInternationalization: ICU TimeZone Detection - Raw Offset: +1:00, Platform Override: ''
LogPluginManager: Mounting plugin Paper2D
LogPluginManager: Mounting plugin AISupport
LogPluginManager: Mounting plugin LightPropagationVolume
LogPluginManager: Mounting plugin CameraShakePreviewer
LogPluginManager: Mounting plugin ActorLayerUtilities
LogPluginManager: Mounting plugin AnimationSharing
LogPluginManager: Mounting plugin CLionSourceCodeAccess
LogPluginManager: Mounting plugin CodeLiteSourceCodeAccess
LogPluginManager: Mounting plugin GitSourceControl
LogPluginManager: Mounting plugin KDevelopSourceCodeAccess
LogPluginManager: Mounting plugin NullSourceCodeAccess
LogPluginManager: Mounting plugin PerforceSourceControl
LogPluginManager: Mounting plugin PlasticSourceControl
LogPluginManager: Mounting plugin RiderSourceCodeAccess
LogPluginManager: Mounting plugin SubversionSourceControl
LogPluginManager: Mounting plugin UObjectPlugin
LogPluginManager: Mounting plugin VisualStudioCodeSourceCodeAccess
LogPluginManager: Mounting plugin VisualStudioSourceCodeAccess
LogPluginManager: Mounting plugin XCodeSourceCodeAccess
LogPluginManager: Mounting plugin AssetManagerEditor
LogPluginManager: Mounting plugin CryptoKeys
LogPluginManager: Mounting plugin CurveEditorTools
LogPluginManager: Mounting plugin DataValidation
LogPluginManager: Mounting plugin EditorScriptingUtilities
LogPluginManager: Mounting plugin FacialAnimation
LogPluginManager: Mounting plugin GameplayTagsEditor
LogPluginManager: Mounting plugin GeometryMode
LogPluginManager: Mounting plugin MacGraphicsSwitching
LogPluginManager: Mounting plugin MaterialAnalyzer
LogPluginManager: Mounting plugin MobileLauncherProfileWizard
LogPluginManager: Mounting plugin PluginBrowser
LogPluginManager: Mounting plugin SpeedTreeImporter
LogPluginManager: Mounting plugin DatasmithContent
LogPluginManager: Mounting plugin VariantManagerContent
LogPluginManager: Mounting plugin AlembicImporter
LogPluginManager: Mounting plugin AutomationUtils
LogPluginManager: Mounting plugin BackChannel
LogPluginManager: Mounting plugin ChaosCloth
LogPluginManager: Mounting plugin ChaosClothEditor
LogPluginManager: Mounting plugin ChaosEditor
LogPluginManager: Mounting plugin ChaosNiagara
LogPluginManager: Mounting plugin ChaosSolverPlugin
LogPluginManager: Mounting plugin CharacterAI
LogPluginManager: Mounting plugin GeometryCache
LogPluginManager: Mounting plugin GeometryCollectionPlugin
LogPluginManager: Mounting plugin GeometryProcessing
LogPluginManager: Mounting plugin PlanarCut
LogPluginManager: Mounting plugin PlatformCrypto
LogPluginManager: Mounting plugin ProxyLODPlugin
LogPluginManager: Mounting plugin SkeletalReduction
LogPluginManager: Mounting plugin Niagara
LogPluginManager: Mounting plugin MagicLeap
LogPluginManager: Mounting plugin MagicLeapLightEstimation
LogPluginManager: Mounting plugin MagicLeapMedia
LogPluginManager: Mounting plugin MagicLeapPassableWorld
LogPluginManager: Mounting plugin MLSDK
LogPluginManager: Mounting plugin AndroidMedia
LogPluginManager: Mounting plugin AvfMedia
LogPluginManager: Mounting plugin ImgMedia
LogPluginManager: Mounting plugin MediaCompositing
LogPluginManager: Mounting plugin MediaPlayerEditor
LogPluginManager: Mounting plugin WebMMedia
LogPluginManager: Mounting plugin WmfMedia
LogPluginManager: Mounting plugin MeshPainting
LogPluginManager: Mounting plugin TcpMessaging
LogPluginManager: Mounting plugin UdpMessaging
LogPluginManager: Mounting plugin ActorSequence
LogPluginManager: Mounting plugin LevelSequenceEditor
LogPluginManager: Mounting plugin MatineeToLevelSequence
LogPluginManager: Mounting plugin MovieRenderPipeline
LogPluginManager: Mounting plugin TemplateSequence
LogPluginManager: Mounting plugin NetcodeUnitTest
LogPluginManager: Mounting plugin NUTUnrealEngine4
LogPluginManager: Mounting plugin OnlineSubsystemGooglePlay
LogPluginManager: Mounting plugin OnlineSubsystemIOS
LogPluginManager: Mounting plugin OnlineSubsystem
LogPluginManager: Mounting plugin OnlineSubsystemNull
LogPluginManager: Mounting plugin OnlineSubsystemUtils
LogPluginManager: Mounting plugin LauncherChunkInstaller
LogPluginManager: Mounting plugin AndroidDeviceProfileSelector
LogPluginManager: Mounting plugin AndroidMoviePlayer
LogPluginManager: Mounting plugin AndroidPermission
LogPluginManager: Mounting plugin AppleImageUtils
LogPluginManager: Mounting plugin AppleMoviePlayer
LogPluginManager: Mounting plugin ArchVisCharacter
LogPluginManager: Mounting plugin AssetTags
LogPluginManager: Mounting plugin AudioCapture
LogPluginManager: Mounting plugin CableComponent
LogPluginManager: Mounting plugin CustomMeshComponent
LogPluginManager: Mounting plugin EditableMesh
LogPluginManager: Mounting plugin ExampleDeviceProfileSelector
LogPluginManager: Mounting plugin GoogleCloudMessaging
LogPluginManager: Mounting plugin GooglePAD
LogPluginManager: Mounting plugin IOSDeviceProfileSelector
LogPluginManager: Mounting plugin LinuxDeviceProfileSelector
LogPluginManager: Mounting plugin LocationServicesBPLibrary
LogPluginManager: Mounting plugin MobilePatchingUtils
LogPluginManager: Mounting plugin OculusVR
LogPluginManager: Mounting plugin PhysXVehicles
LogPluginManager: Mounting plugin PostSplashScreen
LogPluginManager: Mounting plugin ProceduralMeshComponent
LogPluginManager: Mounting plugin RuntimePhysXCooking
LogPluginManager: Mounting plugin SignificanceManager
LogPluginManager: Mounting plugin SoundFields
LogPluginManager: Mounting plugin SteamVR
LogPluginManager: Mounting plugin Synthesis
LogPluginManager: Mounting plugin WebMMoviePlayer
LogPluginManager: Mounting plugin WindowsMoviePlayer
LogPluginManager: Mounting plugin ScreenshotTools
LogInit: Using libcurl 7.55.1-DEV
LogInit:  - built for x86_64-pc-win32
LogInit:  - supports SSL with OpenSSL/1.1.1
LogInit:  - supports HTTP deflate (compression) using libz 1.2.8
LogInit:  - other features:
LogInit:      CURL_VERSION_SSL
LogInit:      CURL_VERSION_LIBZ
LogInit:      CURL_VERSION_IPV6
LogInit:      CURL_VERSION_ASYNCHDNS
LogInit:      CURL_VERSION_LARGEFILE
LogInit:      CURL_VERSION_IDN
LogInit:  CurlRequestOptions (configurable via config and command line):
LogInit:  - bVerifyPeer = true  - Libcurl will verify peer certificate
LogInit:  - bUseHttpProxy = false  - Libcurl will NOT use HTTP proxy
LogInit:  - bDontReuseConnections = false  - Libcurl will reuse connections
LogInit:  - MaxHostConnections = 16  - Libcurl will limit the number of connections to a host
LogInit:  - LocalHostAddr = Default
LogInit:  - BufferSize = 65536
LogOnline: OSS: Creating online subsystem instance for: NULL
LogInit: WinSock: version 1.1 (2.2), MaxSocks=32767, MaxUdp=65467
LogOnline: OSS: TryLoadSubsystemAndSetDefault: Loaded subsystem for module [NULL]
LogInit: Build: ++UE4+Release-4.25-CL-14469661
LogInit: Engine Version: 4.25.4-14469661+++UE4+Release-4.25
LogInit: Compatible Engine Version: 4.25.0-13144385+++UE4+Release-4.25
LogInit: Net CL: 13144385
LogInit: OS: Windows 10 (Release 1903) (), CPU: Intel(R) Core(TM) i7-7700 CPU @ 3.60GHz, GPU: NVIDIA GeForce GTX 1060 6GB
LogInit: Compiled (64-bit): Oct 11 2020 08:10:49
LogInit: Compiled with Visual C++: 19.24.28315.00
LogInit: Build Configuration: Development
LogInit: Branch Name: ++UE4+Release-4.25
LogInit: Command Line: 
LogInit: Base Directory: F:/Program Files/UE_4.25/Engine/Binaries/Win64/
LogInit: Allocator: TBB
LogInit: Installed Engine Build: 1
LogDevObjectVersion: Number of dev versions registered: 26
LogDevObjectVersion:   Dev-Blueprints (B0D832E4-1F89-4F0D-ACCF-7EB736FD4AA2): 10
LogDevObjectVersion:   Dev-Build (E1C64328-A22C-4D53-A36C-8E866417BD8C): 0
LogDevObjectVersion:   Dev-Core (375EC13C-06E4-48FB-B500-84F0262A717E): 4
LogDevObjectVersion:   Dev-Editor (E4B068ED-F494-42E9-A231-DA0B2E46BB41): 38
LogDevObjectVersion:   Dev-Framework (CFFC743F-43B0-4480-9391-14DF171D2073): 37
LogDevObjectVersion:   Dev-Mobile (B02B49B5-BB20-44E9-A304-32B752E40360): 2
LogDevObjectVersion:   Dev-Networking (A4E4105C-59A1-49B5-A7C5-40C4547EDFEE): 0
LogDevObjectVersion:   Dev-Online (39C831C9-5AE6-47DC-9A44-9C173E1C8E7C): 0
LogDevObjectVersion:   Dev-Physics (78F01B33-EBEA-4F98-B9B4-84EACCB95AA2): 4
LogDevObjectVersion:   Dev-Platform (6631380F-2D4D-43E0-8009-CF276956A95A): 0
LogDevObjectVersion:   Dev-Rendering (12F88B9F-8875-4AFC-A67C-D90C383ABD29): 43
LogDevObjectVersion:   Dev-Sequencer (7B5AE74C-D270-4C10-A958-57980B212A5A): 12
LogDevObjectVersion:   Dev-VR (D7296918-1DD6-4BDD-9DE2-64A83CC13884): 3
LogDevObjectVersion:   Dev-LoadTimes (C2A15278-BFE7-4AFE-6C17-90FF531DF755): 1
LogDevObjectVersion:   Private-Geometry (6EACA3D4-40EC-4CC1-B786-8BED09428FC5): 3
LogDevObjectVersion:   Dev-AnimPhys (29E575DD-E0A3-4627-9D10-D276232CDCEA): 17
LogDevObjectVersion:   Dev-Anim (AF43A65D-7FD3-4947-9873-3E8ED9C1BB05): 7
LogDevObjectVersion:   Dev-ReflectionCapture (6B266CEC-1EC7-4B8F-A30B-E4D90942FC07): 1
LogDevObjectVersion:   Dev-Automation (0DF73D61-A23F-47EA-B727-89E90C41499A): 1
LogDevObjectVersion:   FortniteMain (601D1886-AC64-4F84-AA16-D3DE0DEAC7D6): 31
LogDevObjectVersion:   Dev-Enterprise (9DFFBCD6-494F-0158-E221-12823C92A888): 10
LogDevObjectVersion:   Dev-Niagara (F2AED0AC-9AFE-416F-8664-AA7FFA26D6FC): 1
LogDevObjectVersion:   Dev-Destruction (174F1F0B-B4C6-45A5-B13F-2EE8D0FB917D): 10
LogDevObjectVersion:   Dev-Physics-Ext (35F94A83-E258-406C-A318-09F59610247C): 37
LogDevObjectVersion:   Dev-PhysicsMaterial-Chaos (B68FC16E-8B1B-42E2-B453-215C058844FE): 1
LogDevObjectVersion:   Dev-CineCamera (B2E18506-4273-CFC2-A54E-F4BB758BBA07): 1
LogInit: Presizing for max 25165824 objects, including 0 objects not considered by GC, pre-allocating 0 bytes for permanent pool.
LogConfig: Applying CVar settings from Section [/Script/Engine.StreamingSettings] File [F:/Alias_desktop/GitHub/JAM_UE4/Jam_UE4/Saved/Config/Windows/Engine.ini]
LogConfig: Setting CVar [[s.MinBulkDataSizeForAsyncLoading:131072]]
LogConfig: Setting CVar [[s.AsyncLoadingThreadEnabled:0]]
LogConfig: Setting CVar [[s.EventDrivenLoaderEnabled:1]]
LogConfig: Setting CVar [[s.WarnIfTimeLimitExceeded:0]]
LogConfig: Setting CVar [[s.TimeLimitExceededMultiplier:1.5]]
LogConfig: Setting CVar [[s.TimeLimitExceededMinTime:0.005]]
LogConfig: Setting CVar [[s.UseBackgroundLevelStreaming:1]]
LogConfig: Setting CVar [[s.PriorityAsyncLoadingExtraTime:15.0]]
LogConfig: Setting CVar [[s.LevelStreamingActorsUpdateTimeLimit:5.0]]
LogConfig: Setting CVar [[s.PriorityLevelStreamingActorsUpdateExtraTime:5.0]]
LogConfig: Setting CVar [[s.LevelStreamingComponentsRegistrationGranularity:10]]
LogConfig: Setting CVar [[s.UnregisterComponentsTimeLimit:1.0]]
LogConfig: Setting CVar [[s.LevelStreamingComponentsUnregistrationGranularity:5]]
LogConfig: Setting CVar [[s.FlushStreamingOnExit:1]]
LogInit: Object subsystem initialized
LogConfig: Setting CVar [[con.DebugEarlyDefault:1]]
LogConfig: Setting CVar [[r.setres:1280x720]]
[2020.10.28-13.12.38:708][  0]LogConfig: Setting CVar [[r.VSync:0]]
[2020.10.28-13.12.38:708][  0]LogConfig: Setting CVar [[r.RHICmdBypass:0]]
[2020.10.28-13.12.38:708][  0]LogConfig: Applying CVar settings from Section [/Script/Engine.RendererSettings] File [F:/Alias_desktop/GitHub/JAM_UE4/Jam_UE4/Saved/Config/Windows/Engine.ini]
[2020.10.28-13.12.38:708][  0]LogConfig: Setting CVar [[r.GPUCrashDebugging:0]]
[2020.10.28-13.12.38:708][  0]LogConfig: Applying CVar settings from Section [/Script/Engine.RendererOverrideSettings] File [F:/Alias_desktop/GitHub/JAM_UE4/Jam_UE4/Saved/Config/Windows/Engine.ini]
[2020.10.28-13.12.38:708][  0]LogConfig: Applying CVar settings from Section [/Script/Engine.StreamingSettings] File [F:/Alias_desktop/GitHub/JAM_UE4/Jam_UE4/Saved/Config/Windows/Engine.ini]
[2020.10.28-13.12.38:708][  0]LogConfig: Setting CVar [[s.MinBulkDataSizeForAsyncLoading:131072]]
[2020.10.28-13.12.38:708][  0]LogConfig: Setting CVar [[s.AsyncLoadingThreadEnabled:0]]
[2020.10.28-13.12.38:708][  0]LogConfig: Setting CVar [[s.EventDrivenLoaderEnabled:1]]
[2020.10.28-13.12.38:708][  0]LogConfig: Setting CVar [[s.WarnIfTimeLimitExceeded:0]]
[2020.10.28-13.12.38:708][  0]LogConfig: Setting CVar [[s.TimeLimitExceededMultiplier:1.5]]
[2020.10.28-13.12.38:708][  0]LogConfig: Setting CVar [[s.TimeLimitExceededMinTime:0.005]]
[2020.10.28-13.12.38:708][  0]LogConfig: Setting CVar [[s.UseBackgroundLevelStreaming:1]]
[2020.10.28-13.12.38:708][  0]LogConfig: Setting CVar [[s.PriorityAsyncLoadingExtraTime:15.0]]
[2020.10.28-13.12.38:708][  0]LogConfig: Setting CVar [[s.LevelStreamingActorsUpdateTimeLimit:5.0]]
[2020.10.28-13.12.38:708][  0]LogConfig: Setting CVar [[s.PriorityLevelStreamingActorsUpdateExtraTime:5.0]]
[2020.10.28-13.12.38:708][  0]LogConfig: Setting CVar [[s.LevelStreamingComponentsRegistrationGranularity:10]]
[2020.10.28-13.12.38:708][  0]LogConfig: Setting CVar [[s.UnregisterComponentsTimeLimit:1.0]]
[2020.10.28-13.12.38:708][  0]LogConfig: Setting CVar [[s.LevelStreamingComponentsUnregistrationGranularity:5]]
[2020.10.28-13.12.38:708][  0]LogConfig: Setting CVar [[s.FlushStreamingOnExit:1]]
[2020.10.28-13.12.38:708][  0]LogConfig: Applying CVar settings from Section [/Script/Engine.GarbageCollectionSettings] File [F:/Alias_desktop/GitHub/JAM_UE4/Jam_UE4/Saved/Config/Windows/Engine.ini]
[2020.10.28-13.12.38:708][  0]LogConfig: Setting CVar [[gc.MaxObjectsNotConsideredByGC:1]]
[2020.10.28-13.12.38:708][  0]LogConfig: Setting CVar [[gc.SizeOfPermanentObjectPool:0]]
[2020.10.28-13.12.38:708][  0]LogConfig: Setting CVar [[gc.FlushStreamingOnGC:0]]
[2020.10.28-13.12.38:708][  0]LogConfig: Setting CVar [[gc.NumRetriesBeforeForcingGC:10]]
[2020.10.28-13.12.38:708][  0]LogConfig: Setting CVar [[gc.AllowParallelGC:1]]
[2020.10.28-13.12.38:708][  0]LogConfig: Setting CVar [[gc.TimeBetweenPurgingPendingKillObjects:61.1]]
[2020.10.28-13.12.38:708][  0]LogConfig: Setting CVar [[gc.MaxObjectsInEditor:25165824]]
[2020.10.28-13.12.38:708][  0]LogConfig: Setting CVar [[gc.IncrementalBeginDestroyEnabled:1]]
[2020.10.28-13.12.38:708][  0]LogConfig: Setting CVar [[gc.CreateGCClusters:1]]
[2020.10.28-13.12.38:708][  0]LogConfig: Setting CVar [[gc.MinGCClusterSize:5]]
[2020.10.28-13.12.38:708][  0]LogConfig: Setting CVar [[gc.ActorClusteringEnabled:0]]
[2020.10.28-13.12.38:708][  0]LogConfig: Setting CVar [[gc.BlueprintClusteringEnabled:0]]
[2020.10.28-13.12.38:708][  0]LogConfig: Setting CVar [[gc.UseDisregardForGCOnDedicatedServers:0]]
[2020.10.28-13.12.38:708][  0]LogConfig: Applying CVar settings from Section [/Script/Engine.NetworkSettings] File [F:/Alias_desktop/GitHub/JAM_UE4/Jam_UE4/Saved/Config/Windows/Engine.ini]
[2020.10.28-13.12.38:708][  0]LogConfig: Applying CVar settings from Section [/Script/UnrealEd.CookerSettings] File [F:/Alias_desktop/GitHub/JAM_UE4/Jam_UE4/Saved/Config/Windows/Engine.ini]
[2020.10.28-13.12.38:710][  0]LogConfig: Applying CVar settings from Section [ViewDistanceQuality@3] File [F:/Alias_desktop/GitHub/JAM_UE4/Jam_UE4/Saved/Config/Windows/Scalability.ini]
[2020.10.28-13.12.38:710][  0]LogConfig: Setting CVar [[r.SkeletalMeshLODBias:0]]
[2020.10.28-13.12.38:710][  0]LogConfig: Setting CVar [[r.ViewDistanceScale:1.0]]
[2020.10.28-13.12.38:710][  0]LogConfig: Applying CVar settings from Section [AntiAliasingQuality@3] File [F:/Alias_desktop/GitHub/JAM_UE4/Jam_UE4/Saved/Config/Windows/Scalability.ini]
[2020.10.28-13.12.38:710][  0]LogConfig: Setting CVar [[r.PostProcessAAQuality:4]]
[2020.10.28-13.12.38:710][  0]LogConfig: Applying CVar settings from Section [ShadowQuality@3] File [F:/Alias_desktop/GitHub/JAM_UE4/Jam_UE4/Saved/Config/Windows/Scalability.ini]
[2020.10.28-13.12.38:710][  0]LogConfig: Setting CVar [[r.LightFunctionQuality:1]]
[2020.10.28-13.12.38:710][  0]LogConfig: Setting CVar [[r.ShadowQuality:5]]
[2020.10.28-13.12.38:710][  0]LogConfig: Setting CVar [[r.Shadow.CSM.MaxCascades:10]]
[2020.10.28-13.12.38:710][  0]LogConfig: Setting CVar [[r.Shadow.MaxResolution:2048]]
[2020.10.28-13.12.38:710][  0]LogConfig: Setting CVar [[r.Shadow.MaxCSMResolution:2048]]
[2020.10.28-13.12.38:710][  0]LogConfig: Setting CVar [[r.Shadow.RadiusThreshold:0.01]]
[2020.10.28-13.12.38:710][  0]LogConfig: Setting CVar [[r.Shadow.DistanceScale:1.0]]
[2020.10.28-13.12.38:710][  0]LogConfig: Setting CVar [[r.Shadow.CSM.TransitionScale:1.0]]
[2020.10.28-13.12.38:710][  0]LogConfig: Setting CVar [[r.Shadow.PreShadowResolutionFactor:1.0]]
[2020.10.28-13.12.38:710][  0]LogConfig: Setting CVar [[r.DistanceFieldShadowing:1]]
[2020.10.28-13.12.38:710][  0]LogConfig: Setting CVar [[r.DistanceFieldAO:1]]
[2020.10.28-13.12.38:710][  0]LogConfig: Setting CVar [[r.AOQuality:2]]
[2020.10.28-13.12.38:710][  0]LogConfig: Setting CVar [[r.VolumetricFog:1]]
[2020.10.28-13.12.38:710][  0]LogConfig: Setting CVar [[r.VolumetricFog.GridPixelSize:8]]
[2020.10.28-13.12.38:710][  0]LogConfig: Setting CVar [[r.VolumetricFog.GridSizeZ:128]]
[2020.10.28-13.12.38:710][  0]LogConfig: Setting CVar [[r.VolumetricFog.HistoryMissSupersampleCount:4]]
[2020.10.28-13.12.38:710][  0]LogConfig: Setting CVar [[r.LightMaxDrawDistanceScale:1]]
[2020.10.28-13.12.38:710][  0]LogConfig: Setting CVar [[r.CapsuleShadows:1]]
[2020.10.28-13.12.38:710][  0]LogConfig: Applying CVar settings from Section [PostProcessQuality@3] File [F:/Alias_desktop/GitHub/JAM_UE4/Jam_UE4/Saved/Config/Windows/Scalability.ini]
[2020.10.28-13.12.38:710][  0]LogConfig: Setting CVar [[r.MotionBlurQuality:4]]
[2020.10.28-13.12.38:710][  0]LogConfig: Setting CVar [[r.AmbientOcclusionMipLevelFactor:0.4]]
[2020.10.28-13.12.38:710][  0]LogConfig: Setting CVar [[r.AmbientOcclusionMaxQuality:100]]
[2020.10.28-13.12.38:710][  0]LogConfig: Setting CVar [[r.AmbientOcclusionLevels:-1]]
[2020.10.28-13.12.38:710][  0]LogConfig: Setting CVar [[r.AmbientOcclusionRadiusScale:1.0]]
[2020.10.28-13.12.38:710][  0]LogConfig: Setting CVar [[r.DepthOfFieldQuality:2]]
[2020.10.28-13.12.38:710][  0]LogConfig: Setting CVar [[r.RenderTargetPoolMin:400]]
[2020.10.28-13.12.38:710][  0]LogConfig: Setting CVar [[r.LensFlareQuality:2]]
[2020.10.28-13.12.38:710][  0]LogConfig: Setting CVar [[r.SceneColorFringeQuality:1]]
[2020.10.28-13.12.38:710][  0]LogConfig: Setting CVar [[r.EyeAdaptationQuality:2]]
[2020.10.28-13.12.38:710][  0]LogConfig: Setting CVar [[r.BloomQuality:5]]
[2020.10.28-13.12.38:710][  0]LogConfig: Setting CVar [[r.FastBlurThreshold:100]]
[2020.10.28-13.12.38:710][  0]LogConfig: Setting CVar [[r.Upscale.Quality:3]]
[2020.10.28-13.12.38:710][  0]LogConfig: Setting CVar [[r.Tonemapper.GrainQuantization:1]]
[2020.10.28-13.12.38:710][  0]LogConfig: Setting CVar [[r.LightShaftQuality:1]]
[2020.10.28-13.12.38:710][  0]LogConfig: Setting CVar [[r.Filter.SizeScale:1]]
[2020.10.28-13.12.38:710][  0]LogConfig: Setting CVar [[r.Tonemapper.Quality:5]]
[2020.10.28-13.12.38:710][  0]LogConfig: Setting CVar [[r.DOF.Gather.AccumulatorQuality:1        ; higher gathering accumulator quality]]
[2020.10.28-13.12.38:710][  0]LogConfig: Setting CVar [[r.DOF.Gather.PostfilterMethod:1          ; Median3x3 postfilering method]]
[2020.10.28-13.12.38:710][  0]LogConfig: Setting CVar [[r.DOF.Gather.EnableBokehSettings:0       ; no bokeh simulation when gathering]]
[2020.10.28-13.12.38:710][  0]LogConfig: Setting CVar [[r.DOF.Gather.RingCount:4                 ; medium number of samples when gathering]]
[2020.10.28-13.12.38:710][  0]LogConfig: Setting CVar [[r.DOF.Scatter.ForegroundCompositing:1    ; additive foreground scattering]]
[2020.10.28-13.12.38:710][  0]LogConfig: Setting CVar [[r.DOF.Scatter.BackgroundCompositing:2    ; additive background scattering]]
[2020.10.28-13.12.38:710][  0]LogConfig: Setting CVar [[r.DOF.Scatter.EnableBokehSettings:1      ; bokeh simulation when scattering]]
[2020.10.28-13.12.38:710][  0]LogConfig: Setting CVar [[r.DOF.Scatter.MaxSpriteRatio:0.1         ; only a maximum of 10% of scattered bokeh]]
[2020.10.28-13.12.38:710][  0]LogConfig: Setting CVar [[r.DOF.Recombine.Quality:1                ; cheap slight out of focus]]
[2020.10.28-13.12.38:710][  0]LogConfig: Setting CVar [[r.DOF.Recombine.EnableBokehSettings:0    ; no bokeh simulation on slight out of focus]]
[2020.10.28-13.12.38:710][  0]LogConfig: Setting CVar [[r.DOF.TemporalAAQuality:1                ; more stable temporal accumulation]]
[2020.10.28-13.12.38:710][  0]LogConfig: Setting CVar [[r.DOF.Kernel.MaxForegroundRadius:0.025]]
[2020.10.28-13.12.38:710][  0]LogConfig: Setting CVar [[r.DOF.Kernel.MaxBackgroundRadius:0.025]]
[2020.10.28-13.12.38:710][  0]LogConfig: Applying CVar settings from Section [TextureQuality@3] File [F:/Alias_desktop/GitHub/JAM_UE4/Jam_UE4/Saved/Config/Windows/Scalability.ini]
[2020.10.28-13.12.38:710][  0]LogConfig: Setting CVar [[r.Streaming.MipBias:0]]
[2020.10.28-13.12.38:710][  0]LogConfig: Setting CVar [[r.Streaming.AmortizeCPUToGPUCopy:0]]
[2020.10.28-13.12.38:710][  0]LogConfig: Setting CVar [[r.Streaming.MaxNumTexturesToStreamPerFrame:0]]
[2020.10.28-13.12.38:710][  0]LogConfig: Setting CVar [[r.Streaming.Boost:1]]
[2020.10.28-13.12.38:710][  0]LogConfig: Setting CVar [[r.MaxAnisotropy:8]]
[2020.10.28-13.12.38:710][  0]LogConfig: Setting CVar [[r.VT.MaxAnisotropy:8]]
[2020.10.28-13.12.38:710][  0]LogConfig: Setting CVar [[r.Streaming.LimitPoolSizeToVRAM:0]]
[2020.10.28-13.12.38:710][  0]LogConfig: Setting CVar [[r.Streaming.PoolSize:1000]]
[2020.10.28-13.12.38:710][  0]LogConfig: Setting CVar [[r.Streaming.MaxEffectiveScreenSize:0]]
[2020.10.28-13.12.38:710][  0]LogConfig: Applying CVar settings from Section [EffectsQuality@3] File [F:/Alias_desktop/GitHub/JAM_UE4/Jam_UE4/Saved/Config/Windows/Scalability.ini]
[2020.10.28-13.12.38:710][  0]LogConfig: Setting CVar [[r.TranslucencyLightingVolumeDim:64]]
[2020.10.28-13.12.38:710][  0]LogConfig: Setting CVar [[r.RefractionQuality:2]]
[2020.10.28-13.12.38:710][  0]LogConfig: Setting CVar [[r.SSR.Quality:3]]
[2020.10.28-13.12.38:710][  0]LogConfig: Setting CVar [[r.SSR.HalfResSceneColor:0]]
[2020.10.28-13.12.38:710][  0]LogConfig: Setting CVar [[r.SceneColorFormat:4]]
[2020.10.28-13.12.38:710][  0]LogConfig: Setting CVar [[r.DetailMode:2]]
[2020.10.28-13.12.38:710][  0]LogConfig: Setting CVar [[r.TranslucencyVolumeBlur:1]]
[2020.10.28-13.12.38:711][  0]LogConfig: Setting CVar [[r.MaterialQualityLevel:1 ; High quality]]
[2020.10.28-13.12.38:711][  0]LogConfig: Setting CVar [[r.SSS.Scale:1]]
[2020.10.28-13.12.38:711][  0]LogConfig: Setting CVar [[r.SSS.SampleSet:2]]
[2020.10.28-13.12.38:711][  0]LogConfig: Setting CVar [[r.SSS.Quality:1]]
[2020.10.28-13.12.38:711][  0]LogConfig: Setting CVar [[r.SSS.HalfRes:0]]
[2020.10.28-13.12.38:711][  0]LogConfig: Setting CVar [[r.SSGI.Quality:3]]
[2020.10.28-13.12.38:711][  0]LogConfig: Setting CVar [[r.EmitterSpawnRateScale:1.0]]
[2020.10.28-13.12.38:711][  0]LogConfig: Setting CVar [[r.ParticleLightQuality:2]]
[2020.10.28-13.12.38:711][  0]LogConfig: Setting CVar [[r.SkyAtmosphere.AerialPerspectiveLUT.FastApplyOnOpaque:1 ; Always have FastSkyLUT 1 in this case to avoid wrong sky]]
[2020.10.28-13.12.38:711][  0]LogConfig: Setting CVar [[r.SkyAtmosphere.AerialPerspectiveLUT.SampleCountPerSlice:1]]
[2020.10.28-13.12.38:711][  0]LogConfig: Setting CVar [[r.SkyAtmosphere.AerialPerspectiveLUT.DepthResolution:16.0]]
[2020.10.28-13.12.38:711][  0]LogConfig: Setting CVar [[r.SkyAtmosphere.FastSkyLUT:1]]
[2020.10.28-13.12.38:711][  0]LogConfig: Setting CVar [[r.SkyAtmosphere.FastSkyLUT.SampleCountMin:4.0]]
[2020.10.28-13.12.38:711][  0]LogConfig: Setting CVar [[r.SkyAtmosphere.FastSkyLUT.SampleCountMax:32.0]]
[2020.10.28-13.12.38:711][  0]LogConfig: Setting CVar [[r.SkyAtmosphere.SampleCountMin:4.0]]
[2020.10.28-13.12.38:711][  0]LogConfig: Setting CVar [[r.SkyAtmosphere.SampleCountMax:32.0]]
[2020.10.28-13.12.38:711][  0]LogConfig: Setting CVar [[r.SkyAtmosphere.TransmittanceLUT.UseSmallFormat:0]]
[2020.10.28-13.12.38:711][  0]LogConfig: Setting CVar [[r.SkyAtmosphere.TransmittanceLUT.SampleCount:10.0]]
[2020.10.28-13.12.38:711][  0]LogConfig: Setting CVar [[r.SkyAtmosphere.MultiScatteringLUT.SampleCount:15.0]]
[2020.10.28-13.12.38:711][  0]LogConfig: Applying CVar settings from Section [FoliageQuality@3] File [F:/Alias_desktop/GitHub/JAM_UE4/Jam_UE4/Saved/Config/Windows/Scalability.ini]
[2020.10.28-13.12.38:711][  0]LogConfig: Setting CVar [[foliage.DensityScale:1.0]]
[2020.10.28-13.12.38:711][  0]LogConfig: Setting CVar [[grass.DensityScale:1.0]]
[2020.10.28-13.12.38:711][  0]LogConfig: Applying CVar settings from Section [ShadingQuality@3] File [F:/Alias_desktop/GitHub/JAM_UE4/Jam_UE4/Saved/Config/Windows/Scalability.ini]
[2020.10.28-13.12.38:711][  0]LogConfig: Setting CVar [[r.HairStrands.SkyLighting.SampleCount:16]]
[2020.10.28-13.12.38:711][  0]LogConfig: Setting CVar [[r.HairStrands.SkyLighting.JitterIntegration:0]]
[2020.10.28-13.12.38:711][  0]LogConfig: Setting CVar [[r.HairStrands.SkyAO.SampleCount:16]]
[2020.10.28-13.12.38:711][  0]LogConfig: Setting CVar [[r.HairStrands.DeepShadow.SuperSampling:0]]
[2020.10.28-13.12.38:711][  0]LogConfig: Setting CVar [[r.HairStrands.VisibilityPPLL:0]]
[2020.10.28-13.12.38:711][  0]LogConfig: Setting CVar [[r.HairStrands.RasterizationScale:0.5]]
[2020.10.28-13.12.38:711][  0]LogConfig: Setting CVar [[r.HairStrands.VelocityRasterizationScale:1]]
[2020.10.28-13.12.38:711][  0]LogInit: Selected Device Profile: [Windows]
[2020.10.28-13.12.38:711][  0]LogInit: Applying CVar settings loaded from the selected device profile: [Windows]
[2020.10.28-13.12.38:711][  0]LogHAL: Display: Platform has ~ 16 GB [17130000384 / 17179869184 / 16], which maps to Larger [LargestMinGB=32, LargerMinGB=12, DefaultMinGB=8, SmallerMinGB=6, SmallestMinGB=0)
[2020.10.28-13.12.38:711][  0]LogInit: Going up to parent DeviceProfile []
[2020.10.28-13.12.38:711][  0]LogConfig: Applying CVar settings from Section [ViewDistanceQuality@3] File [F:/Alias_desktop/GitHub/JAM_UE4/Jam_UE4/Saved/Config/Windows/Scalability.ini]
[2020.10.28-13.12.38:711][  0]LogConfig: Setting CVar [[r.SkeletalMeshLODBias:0]]
[2020.10.28-13.12.38:711][  0]LogConfig: Setting CVar [[r.ViewDistanceScale:1.0]]
[2020.10.28-13.12.38:711][  0]LogConfig: Applying CVar settings from Section [AntiAliasingQuality@3] File [F:/Alias_desktop/GitHub/JAM_UE4/Jam_UE4/Saved/Config/Windows/Scalability.ini]
[2020.10.28-13.12.38:711][  0]LogConfig: Setting CVar [[r.PostProcessAAQuality:4]]
[2020.10.28-13.12.38:711][  0]LogConfig: Applying CVar settings from Section [ShadowQuality@3] File [F:/Alias_desktop/GitHub/JAM_UE4/Jam_UE4/Saved/Config/Windows/Scalability.ini]
[2020.10.28-13.12.38:711][  0]LogConfig: Setting CVar [[r.LightFunctionQuality:1]]
[2020.10.28-13.12.38:711][  0]LogConfig: Setting CVar [[r.ShadowQuality:5]]
[2020.10.28-13.12.38:711][  0]LogConfig: Setting CVar [[r.Shadow.CSM.MaxCascades:10]]
[2020.10.28-13.12.38:711][  0]LogConfig: Setting CVar [[r.Shadow.MaxResolution:2048]]
[2020.10.28-13.12.38:711][  0]LogConfig: Setting CVar [[r.Shadow.MaxCSMResolution:2048]]
[2020.10.28-13.12.38:711][  0]LogConfig: Setting CVar [[r.Shadow.RadiusThreshold:0.01]]
[2020.10.28-13.12.38:711][  0]LogConfig: Setting CVar [[r.Shadow.DistanceScale:1.0]]
[2020.10.28-13.12.38:711][  0]LogConfig: Setting CVar [[r.Shadow.CSM.TransitionScale:1.0]]
[2020.10.28-13.12.38:711][  0]LogConfig: Setting CVar [[r.Shadow.PreShadowResolutionFactor:1.0]]
[2020.10.28-13.12.38:711][  0]LogConfig: Setting CVar [[r.DistanceFieldShadowing:1]]
[2020.10.28-13.12.38:711][  0]LogConfig: Setting CVar [[r.DistanceFieldAO:1]]
[2020.10.28-13.12.38:711][  0]LogConfig: Setting CVar [[r.AOQuality:2]]
[2020.10.28-13.12.38:711][  0]LogConfig: Setting CVar [[r.VolumetricFog:1]]
[2020.10.28-13.12.38:711][  0]LogConfig: Setting CVar [[r.VolumetricFog.GridPixelSize:8]]
[2020.10.28-13.12.38:711][  0]LogConfig: Setting CVar [[r.VolumetricFog.GridSizeZ:128]]
[2020.10.28-13.12.38:711][  0]LogConfig: Setting CVar [[r.VolumetricFog.HistoryMissSupersampleCount:4]]
[2020.10.28-13.12.38:711][  0]LogConfig: Setting CVar [[r.LightMaxDrawDistanceScale:1]]
[2020.10.28-13.12.38:711][  0]LogConfig: Setting CVar [[r.CapsuleShadows:1]]
[2020.10.28-13.12.38:711][  0]LogConfig: Applying CVar settings from Section [PostProcessQuality@3] File [F:/Alias_desktop/GitHub/JAM_UE4/Jam_UE4/Saved/Config/Windows/Scalability.ini]
[2020.10.28-13.12.38:711][  0]LogConfig: Setting CVar [[r.MotionBlurQuality:4]]
[2020.10.28-13.12.38:711][  0]LogConfig: Setting CVar [[r.AmbientOcclusionMipLevelFactor:0.4]]
[2020.10.28-13.12.38:711][  0]LogConfig: Setting CVar [[r.AmbientOcclusionMaxQuality:100]]
[2020.10.28-13.12.38:711][  0]LogConfig: Setting CVar [[r.AmbientOcclusionLevels:-1]]
[2020.10.28-13.12.38:711][  0]LogConfig: Setting CVar [[r.AmbientOcclusionRadiusScale:1.0]]
[2020.10.28-13.12.38:711][  0]LogConfig: Setting CVar [[r.DepthOfFieldQuality:2]]
[2020.10.28-13.12.38:711][  0]LogConfig: Setting CVar [[r.RenderTargetPoolMin:400]]
[2020.10.28-13.12.38:711][  0]LogConfig: Setting CVar [[r.LensFlareQuality:2]]
[2020.10.28-13.12.38:711][  0]LogConfig: Setting CVar [[r.SceneColorFringeQuality:1]]
[2020.10.28-13.12.38:711][  0]LogConfig: Setting CVar [[r.EyeAdaptationQuality:2]]
[2020.10.28-13.12.38:711][  0]LogConfig: Setting CVar [[r.BloomQuality:5]]
[2020.10.28-13.12.38:711][  0]LogConfig: Setting CVar [[r.FastBlurThreshold:100]]
[2020.10.28-13.12.38:711][  0]LogConfig: Setting CVar [[r.Upscale.Quality:3]]
[2020.10.28-13.12.38:711][  0]LogConfig: Setting CVar [[r.Tonemapper.GrainQuantization:1]]
[2020.10.28-13.12.38:711][  0]LogConfig: Setting CVar [[r.LightShaftQuality:1]]
[2020.10.28-13.12.38:711][  0]LogConfig: Setting CVar [[r.Filter.SizeScale:1]]
[2020.10.28-13.12.38:711][  0]LogConfig: Setting CVar [[r.Tonemapper.Quality:5]]
[2020.10.28-13.12.38:711][  0]LogConfig: Setting CVar [[r.DOF.Gather.AccumulatorQuality:1        ; higher gathering accumulator quality]]
[2020.10.28-13.12.38:711][  0]LogConfig: Setting CVar [[r.DOF.Gather.PostfilterMethod:1          ; Median3x3 postfilering method]]
[2020.10.28-13.12.38:711][  0]LogConfig: Setting CVar [[r.DOF.Gather.EnableBokehSettings:0       ; no bokeh simulation when gathering]]
[2020.10.28-13.12.38:711][  0]LogConfig: Setting CVar [[r.DOF.Gather.RingCount:4                 ; medium number of samples when gathering]]
[2020.10.28-13.12.38:711][  0]LogConfig: Setting CVar [[r.DOF.Scatter.ForegroundCompositing:1    ; additive foreground scattering]]
[2020.10.28-13.12.38:711][  0]LogConfig: Setting CVar [[r.DOF.Scatter.BackgroundCompositing:2    ; additive background scattering]]
[2020.10.28-13.12.38:711][  0]LogConfig: Setting CVar [[r.DOF.Scatter.EnableBokehSettings:1      ; bokeh simulation when scattering]]
[2020.10.28-13.12.38:711][  0]LogConfig: Setting CVar [[r.DOF.Scatter.MaxSpriteRatio:0.1         ; only a maximum of 10% of scattered bokeh]]
[2020.10.28-13.12.38:711][  0]LogConfig: Setting CVar [[r.DOF.Recombine.Quality:1                ; cheap slight out of focus]]
[2020.10.28-13.12.38:711][  0]LogConfig: Setting CVar [[r.DOF.Recombine.EnableBokehSettings:0    ; no bokeh simulation on slight out of focus]]
[2020.10.28-13.12.38:711][  0]LogConfig: Setting CVar [[r.DOF.TemporalAAQuality:1                ; more stable temporal accumulation]]
[2020.10.28-13.12.38:711][  0]LogConfig: Setting CVar [[r.DOF.Kernel.MaxForegroundRadius:0.025]]
[2020.10.28-13.12.38:711][  0]LogConfig: Setting CVar [[r.DOF.Kernel.MaxBackgroundRadius:0.025]]
[2020.10.28-13.12.38:711][  0]LogConfig: Applying CVar settings from Section [TextureQuality@3] File [F:/Alias_desktop/GitHub/JAM_UE4/Jam_UE4/Saved/Config/Windows/Scalability.ini]
[2020.10.28-13.12.38:711][  0]LogConfig: Setting CVar [[r.Streaming.MipBias:0]]
[2020.10.28-13.12.38:711][  0]LogConfig: Setting CVar [[r.Streaming.AmortizeCPUToGPUCopy:0]]
[2020.10.28-13.12.38:711][  0]LogConfig: Setting CVar [[r.Streaming.MaxNumTexturesToStreamPerFrame:0]]
[2020.10.28-13.12.38:711][  0]LogConfig: Setting CVar [[r.Streaming.Boost:1]]
[2020.10.28-13.12.38:711][  0]LogConfig: Setting CVar [[r.MaxAnisotropy:8]]
[2020.10.28-13.12.38:711][  0]LogConfig: Setting CVar [[r.VT.MaxAnisotropy:8]]
[2020.10.28-13.12.38:712][  0]LogConfig: Setting CVar [[r.Streaming.LimitPoolSizeToVRAM:0]]
[2020.10.28-13.12.38:712][  0]LogConfig: Setting CVar [[r.Streaming.PoolSize:1000]]
[2020.10.28-13.12.38:712][  0]LogConfig: Setting CVar [[r.Streaming.MaxEffectiveScreenSize:0]]
[2020.10.28-13.12.38:712][  0]LogConfig: Applying CVar settings from Section [EffectsQuality@3] File [F:/Alias_desktop/GitHub/JAM_UE4/Jam_UE4/Saved/Config/Windows/Scalability.ini]
[2020.10.28-13.12.38:712][  0]LogConfig: Setting CVar [[r.TranslucencyLightingVolumeDim:64]]
[2020.10.28-13.12.38:712][  0]LogConfig: Setting CVar [[r.RefractionQuality:2]]
[2020.10.28-13.12.38:712][  0]LogConfig: Setting CVar [[r.SSR.Quality:3]]
[2020.10.28-13.12.38:712][  0]LogConfig: Setting CVar [[r.SSR.HalfResSceneColor:0]]
[2020.10.28-13.12.38:712][  0]LogConfig: Setting CVar [[r.SceneColorFormat:4]]
[2020.10.28-13.12.38:712][  0]LogConfig: Setting CVar [[r.DetailMode:2]]
[2020.10.28-13.12.38:712][  0]LogConfig: Setting CVar [[r.TranslucencyVolumeBlur:1]]
[2020.10.28-13.12.38:712][  0]LogConfig: Setting CVar [[r.MaterialQualityLevel:1 ; High quality]]
[2020.10.28-13.12.38:712][  0]LogConfig: Setting CVar [[r.SSS.Scale:1]]
[2020.10.28-13.12.38:712][  0]LogConfig: Setting CVar [[r.SSS.SampleSet:2]]
[2020.10.28-13.12.38:712][  0]LogConfig: Setting CVar [[r.SSS.Quality:1]]
[2020.10.28-13.12.38:712][  0]LogConfig: Setting CVar [[r.SSS.HalfRes:0]]
[2020.10.28-13.12.38:712][  0]LogConfig: Setting CVar [[r.SSGI.Quality:3]]
[2020.10.28-13.12.38:712][  0]LogConfig: Setting CVar [[r.EmitterSpawnRateScale:1.0]]
[2020.10.28-13.12.38:712][  0]LogConfig: Setting CVar [[r.ParticleLightQuality:2]]
[2020.10.28-13.12.38:712][  0]LogConfig: Setting CVar [[r.SkyAtmosphere.AerialPerspectiveLUT.FastApplyOnOpaque:1 ; Always have FastSkyLUT 1 in this case to avoid wrong sky]]
[2020.10.28-13.12.38:712][  0]LogConfig: Setting CVar [[r.SkyAtmosphere.AerialPerspectiveLUT.SampleCountPerSlice:1]]
[2020.10.28-13.12.38:712][  0]LogConfig: Setting CVar [[r.SkyAtmosphere.AerialPerspectiveLUT.DepthResolution:16.0]]
[2020.10.28-13.12.38:712][  0]LogConfig: Setting CVar [[r.SkyAtmosphere.FastSkyLUT:1]]
[2020.10.28-13.12.38:712][  0]LogConfig: Setting CVar [[r.SkyAtmosphere.FastSkyLUT.SampleCountMin:4.0]]
[2020.10.28-13.12.38:712][  0]LogConfig: Setting CVar [[r.SkyAtmosphere.FastSkyLUT.SampleCountMax:32.0]]
[2020.10.28-13.12.38:712][  0]LogConfig: Setting CVar [[r.SkyAtmosphere.SampleCountMin:4.0]]
[2020.10.28-13.12.38:712][  0]LogConfig: Setting CVar [[r.SkyAtmosphere.SampleCountMax:32.0]]
[2020.10.28-13.12.38:712][  0]LogConfig: Setting CVar [[r.SkyAtmosphere.TransmittanceLUT.UseSmallFormat:0]]
[2020.10.28-13.12.38:712][  0]LogConfig: Setting CVar [[r.SkyAtmosphere.TransmittanceLUT.SampleCount:10.0]]
[2020.10.28-13.12.38:712][  0]LogConfig: Setting CVar [[r.SkyAtmosphere.MultiScatteringLUT.SampleCount:15.0]]
[2020.10.28-13.12.38:712][  0]LogConfig: Applying CVar settings from Section [FoliageQuality@3] File [F:/Alias_desktop/GitHub/JAM_UE4/Jam_UE4/Saved/Config/Windows/Scalability.ini]
[2020.10.28-13.12.38:712][  0]LogConfig: Setting CVar [[foliage.DensityScale:1.0]]
[2020.10.28-13.12.38:712][  0]LogConfig: Setting CVar [[grass.DensityScale:1.0]]
[2020.10.28-13.12.38:712][  0]LogConfig: Applying CVar settings from Section [ShadingQuality@3] File [F:/Alias_desktop/GitHub/JAM_UE4/Jam_UE4/Saved/Config/Windows/Scalability.ini]
[2020.10.28-13.12.38:712][  0]LogConfig: Setting CVar [[r.HairStrands.SkyLighting.SampleCount:16]]
[2020.10.28-13.12.38:712][  0]LogConfig: Setting CVar [[r.HairStrands.SkyLighting.JitterIntegration:0]]
[2020.10.28-13.12.38:712][  0]LogConfig: Setting CVar [[r.HairStrands.SkyAO.SampleCount:16]]
[2020.10.28-13.12.38:712][  0]LogConfig: Setting CVar [[r.HairStrands.DeepShadow.SuperSampling:0]]
[2020.10.28-13.12.38:712][  0]LogConfig: Setting CVar [[r.HairStrands.VisibilityPPLL:0]]
[2020.10.28-13.12.38:712][  0]LogConfig: Setting CVar [[r.HairStrands.RasterizationScale:0.5]]
[2020.10.28-13.12.38:712][  0]LogConfig: Setting CVar [[r.HairStrands.VelocityRasterizationScale:1]]
[2020.10.28-13.12.38:712][  0]LogConfig: Applying CVar settings from Section [Startup] File [../../../Engine/Config/ConsoleVariables.ini]
[2020.10.28-13.12.38:712][  0]LogConfig: Setting CVar [[net.UseAdaptiveNetUpdateFrequency:0]]
[2020.10.28-13.12.38:712][  0]LogConfig: Setting CVar [[p.chaos.AllowCreatePhysxBodies:1]]
[2020.10.28-13.12.38:712][  0]LogConfig: Setting CVar [[fx.SkipVectorVMBackendOptimizations:1]]
[2020.10.28-13.12.38:712][  0]LogConfig: Applying CVar settings from Section [ConsoleVariables] File [F:/Alias_desktop/GitHub/JAM_UE4/Jam_UE4/Saved/Config/Windows/Engine.ini]
[2020.10.28-13.12.38:712][  0]LogInit: Computer: TLSS0124
[2020.10.28-13.12.38:712][  0]LogInit: User: game3
[2020.10.28-13.12.38:712][  0]LogInit: CPU Page size=4096, Cores=4
[2020.10.28-13.12.38:712][  0]LogInit: High frequency timer resolution =10.000000 MHz
[2020.10.28-13.12.38:712][  0]LogMemory: Memory total: Physical=16.0GB (16GB approx)
[2020.10.28-13.12.38:712][  0]LogMemory: Platform Memory Stats for Windows
[2020.10.28-13.12.38:712][  0]LogMemory: Process Physical Memory: 114.49 MB used, 114.50 MB peak
[2020.10.28-13.12.38:712][  0]LogMemory: Process Virtual Memory: 96.43 MB used, 96.43 MB peak
[2020.10.28-13.12.38:712][  0]LogMemory: Physical Memory: 8469.35 MB used,  7867.09 MB free, 16336.44 MB total
[2020.10.28-13.12.38:712][  0]LogMemory: Virtual Memory: 5143.11 MB used,  134212584.00 MB free, 134217728.00 MB total
[2020.10.28-13.12.38:716][  0]LogWindows: WindowsPlatformFeatures enabled
[2020.10.28-13.12.38:740][  0]LogInit: Physics initialised using underlying interface: PhysX
[2020.10.28-13.12.38:741][  0]LogInit: Using OS detected language (fr-FR).
[2020.10.28-13.12.38:741][  0]LogInit: Using OS detected locale (fr-FR).
[2020.10.28-13.12.38:742][  0]LogTextLocalizationManager: No specific localization for 'fr-FR' exists, so the 'fr' localization will be used.
[2020.10.28-13.12.38:743][  0]LogTextLocalizationResource: LocRes '../../../Engine/Content/Localization/Editor/fr/Editor.locres' could not be opened for reading!
[2020.10.28-13.12.38:743][  0]LogTextLocalizationResource: LocRes '../../../Engine/Content/Localization/EditorTutorials/fr/EditorTutorials.locres' could not be opened for reading!
[2020.10.28-13.12.38:743][  0]LogTextLocalizationResource: LocRes '../../../Engine/Content/Localization/Keywords/fr/Keywords.locres' could not be opened for reading!
[2020.10.28-13.12.38:743][  0]LogTextLocalizationResource: LocRes '../../../Engine/Content/Localization/Category/fr/Category.locres' could not be opened for reading!
[2020.10.28-13.12.38:743][  0]LogTextLocalizationResource: LocRes '../../../Engine/Content/Localization/ToolTips/fr/ToolTips.locres' could not be opened for reading!
[2020.10.28-13.12.38:743][  0]LogTextLocalizationResource: LocRes '../../../Engine/Content/Localization/PropertyNames/fr/PropertyNames.locres' could not be opened for reading!
[2020.10.28-13.12.38:743][  0]LogTextLocalizationResource: LocRes '../../../Engine/Content/Localization/Engine/fr/Engine.locres' could not be opened for reading!
[2020.10.28-13.12.38:744][  0]LogInit: Setting process to per monitor DPI aware
[2020.10.28-13.12.38:773][  0]LogSlate: New Slate User Created.  User Index 0, Is Virtual User: 0
[2020.10.28-13.12.38:773][  0]LogSlate: Slate User Registered.  User Index 0, Is Virtual User: 0
[2020.10.28-13.12.38:866][  0]LogHMD: Failed to initialize OpenVR with code 110
[2020.10.28-13.12.38:866][  0]LogD3D11RHI: D3D11 min allowed feature level: 11_0
[2020.10.28-13.12.38:866][  0]LogD3D11RHI: D3D11 max allowed feature level: 11_0
[2020.10.28-13.12.38:866][  0]LogD3D11RHI: D3D11 adapters:
[2020.10.28-13.12.38:922][  0]LogD3D11RHI:    0. 'NVIDIA GeForce GTX 1060 6GB' (Feature Level 11_0)
[2020.10.28-13.12.38:922][  0]LogD3D11RHI:       6052/0/8168 MB DedicatedVideo/DedicatedSystem/SharedSystem, Outputs:1, VendorId:0x10de
[2020.10.28-13.12.38:924][  0]LogD3D11RHI:    1. 'Microsoft Basic Render Driver' (Feature Level 11_0)
[2020.10.28-13.12.38:924][  0]LogD3D11RHI:       0/0/8168 MB DedicatedVideo/DedicatedSystem/SharedSystem, Outputs:0, VendorId:0x1414
[2020.10.28-13.12.38:924][  0]LogD3D11RHI: Chosen D3D11 Adapter: 0
[2020.10.28-13.12.38:931][  0]LogD3D11RHI: Creating new Direct3DDevice
[2020.10.28-13.12.38:931][  0]LogD3D11RHI:     GPU DeviceId: 0x1c03 (for the marketing name, search the web for "GPU Device Id")
[2020.10.28-13.12.38:931][  0]LogWindows: EnumDisplayDevices:
[2020.10.28-13.12.38:931][  0]LogWindows:    0. 'NVIDIA GeForce GTX 1060 6GB' (P:1 D:1)
[2020.10.28-13.12.38:931][  0]LogWindows:    1. 'NVIDIA GeForce GTX 1060 6GB' (P:0 D:0)
[2020.10.28-13.12.38:931][  0]LogWindows:    2. 'NVIDIA GeForce GTX 1060 6GB' (P:0 D:0)
[2020.10.28-13.12.38:932][  0]LogWindows:    3. 'NVIDIA GeForce GTX 1060 6GB' (P:0 D:0)
[2020.10.28-13.12.38:932][  0]LogWindows: DebugString: FoundDriverCount:4 
[2020.10.28-13.12.38:932][  0]LogD3D11RHI:     Adapter Name: NVIDIA GeForce GTX 1060 6GB
[2020.10.28-13.12.38:932][  0]LogD3D11RHI:   Driver Version: 432.00 (internal:26.21.14.3200, unified:432.00)
[2020.10.28-13.12.38:932][  0]LogD3D11RHI:      Driver Date: 7-24-2019
[2020.10.28-13.12.38:932][  0]LogRHI: Texture pool is 4236 MB (70% of 6052 MB)
[2020.10.28-13.12.38:969][  0]LogD3D11RHI: RHI has support for 64 bit atomics
[2020.10.28-13.12.38:970][  0]LogD3D11RHI: Async texture creation enabled
[2020.10.28-13.12.38:970][  0]LogD3D11RHI: Array index from any shader is supported
[2020.10.28-13.12.39:033][  0]LogD3D11RHI: GPU Timing Frequency: 1000.000000 (Debug: 2 1)
[2020.10.28-13.12.39:411][  0]LogTargetPlatformManager: Display: Loaded TargetPlatform 'AllDesktop'
[2020.10.28-13.12.39:428][  0]LogTargetPlatformManager: Display: Loaded TargetPlatform 'Android'
[2020.10.28-13.12.39:428][  0]LogTargetPlatformManager: Display: Loaded TargetPlatform 'Android_ASTC'
[2020.10.28-13.12.39:428][  0]LogTargetPlatformManager: Display: Loaded TargetPlatform 'Android_DXT'
[2020.10.28-13.12.39:428][  0]LogTargetPlatformManager: Display: Loaded TargetPlatform 'Android_ETC2'
[2020.10.28-13.12.39:428][  0]LogTargetPlatformManager: Display: Loaded TargetPlatform 'AndroidClient'
[2020.10.28-13.12.39:428][  0]LogTargetPlatformManager: Display: Loaded TargetPlatform 'Android_ASTCClient'
[2020.10.28-13.12.39:428][  0]LogTargetPlatformManager: Display: Loaded TargetPlatform 'Android_DXTClient'
[2020.10.28-13.12.39:428][  0]LogTargetPlatformManager: Display: Loaded TargetPlatform 'Android_ETC2Client'
[2020.10.28-13.12.39:428][  0]LogTargetPlatformManager: Display: Loaded TargetPlatform 'Android_Multi'
[2020.10.28-13.12.39:428][  0]LogTargetPlatformManager: Display: Loaded TargetPlatform 'Android_MultiClient'
[2020.10.28-13.12.39:446][  0]LogTargetPlatformManager: Display: Loaded TargetPlatform 'IOSClient'
[2020.10.28-13.12.39:446][  0]LogTargetPlatformManager: Display: Loaded TargetPlatform 'IOS'
[2020.10.28-13.12.39:455][  0]LogTargetPlatformManager: Display: Loaded TargetPlatform 'Linux'
[2020.10.28-13.12.39:463][  0]LogTargetPlatformManager: Display: Loaded TargetPlatform 'LinuxNoEditor'
[2020.10.28-13.12.39:470][  0]LogTargetPlatformManager: Display: Loaded TargetPlatform 'LinuxClient'
[2020.10.28-13.12.39:477][  0]LogTargetPlatformManager: Display: Loaded TargetPlatform 'LinuxServer'
[2020.10.28-13.12.39:484][  0]LogTargetPlatformManager: Display: Loaded TargetPlatform 'LinuxAArch64NoEditor'
[2020.10.28-13.12.39:492][  0]LogTargetPlatformManager: Display: Loaded TargetPlatform 'LinuxAArch64Client'
[2020.10.28-13.12.39:499][  0]LogTargetPlatformManager: Display: Loaded TargetPlatform 'LinuxAArch64Server'
[2020.10.28-13.12.39:519][  0]LogTargetPlatformManager: Display: Loaded TargetPlatform 'Lumin'
[2020.10.28-13.12.39:520][  0]LogTargetPlatformManager: Display: Loaded TargetPlatform 'LuminClient'
[2020.10.28-13.12.39:532][  0]LogTargetPlatformManager: Display: Loaded TargetPlatform 'TVOSClient'
[2020.10.28-13.12.39:532][  0]LogTargetPlatformManager: Display: Loaded TargetPlatform 'TVOS'
[2020.10.28-13.12.39:539][  0]LogTargetPlatformManager: Display: Loaded TargetPlatform 'WindowsNoEditor'
[2020.10.28-13.12.39:547][  0]LogTargetPlatformManager: Display: Loaded TargetPlatform 'Windows'
[2020.10.28-13.12.39:554][  0]LogTargetPlatformManager: Display: Loaded TargetPlatform 'WindowsClient'
[2020.10.28-13.12.39:561][  0]LogTargetPlatformManager: Display: Loaded TargetPlatform 'WindowsServer'
[2020.10.28-13.12.39:561][  0]LogTargetPlatformManager: Display: Building Assets For Windows
[2020.10.28-13.12.39:567][  0]LogAudioDebug: Display: Lib vorbis DLL was dynamically loaded.
[2020.10.28-13.12.39:609][  0]LogShaderCompilers: Guid format shader working directory is -1 characters bigger than the processId version (../../../../../Alias_desktop/GitHub/JAM_UE4/Jam_UE4/Intermediate/Shaders/WorkingDirectory/11776/).
[2020.10.28-13.12.39:610][  0]LogShaderCompilers: Cleaned the shader compiler working directory 'C:/Users/game3.ETPA/AppData/Local/Temp/UnrealShaderWorkingDir/31F48B2A4DE4460E640145A4F02971FE/'.
[2020.10.28-13.12.39:610][  0]LogXGEController: Cannot use XGE Controller as Incredibuild is not installed on this machine.
[2020.10.28-13.12.39:610][  0]LogShaderCompilers: Cannot use XGE Shader Compiler as Incredibuild is not installed on this machine.
[2020.10.28-13.12.39:610][  0]LogShaderCompilers: Display: Using Local Shader Compiler.
[2020.10.28-13.12.40:334][  0]LogDerivedDataCache: Display: Max Cache Size: 512 MB
[2020.10.28-13.12.40:378][  0]LogDerivedDataCache: Loaded boot cache 0.04s 75MB C:/Users/game3.ETPA/AppData/Local/UnrealEngine/4.25/DerivedDataCache/Boot.ddc.
[2020.10.28-13.12.40:378][  0]LogDerivedDataCache: Display: Loaded Boot cache: C:/Users/game3.ETPA/AppData/Local/UnrealEngine/4.25/DerivedDataCache/Boot.ddc
[2020.10.28-13.12.40:378][  0]LogDerivedDataCache: FDerivedDataBackendGraph:  Pak pak cache file ../../../../../Alias_desktop/GitHub/JAM_UE4/Jam_UE4/DerivedDataCache/DDC.ddp not found, will not use a pak cache.
[2020.10.28-13.12.40:378][  0]LogDerivedDataCache: Unable to find inner node Pak for hierarchical cache Hierarchy.
[2020.10.28-13.12.40:378][  0]LogDerivedDataCache: FDerivedDataBackendGraph:  CompressedPak pak cache file ../../../../../Alias_desktop/GitHub/JAM_UE4/Jam_UE4/DerivedDataCache/Compressed.ddp not found, will not use a pak cache.
[2020.10.28-13.12.40:378][  0]LogDerivedDataCache: Unable to find inner node CompressedPak for hierarchical cache Hierarchy.
[2020.10.28-13.12.40:387][  0]LogDerivedDataCache: Display: Pak cache opened for reading ../../../Engine/DerivedDataCache/Compressed.ddp.
[2020.10.28-13.12.40:387][  0]LogDerivedDataCache: FDerivedDataBackendGraph:  EnterprisePak pak cache file ../../../Enterprise/DerivedDataCache/Compressed.ddp not found, will not use a pak cache.
[2020.10.28-13.12.40:387][  0]LogDerivedDataCache: Unable to find inner node EnterprisePak for hierarchical cache Hierarchy.
[2020.10.28-13.12.40:388][  0]LogDerivedDataCache: Using Local data cache path C:/Users/game3.ETPA/AppData/Local/UnrealEngine/Common/DerivedDataCache: Writable
[2020.10.28-13.12.40:388][  0]LogDerivedDataCache: Shared data cache path not found in *engine.ini, will not use an Shared cache.
[2020.10.28-13.12.40:388][  0]LogDerivedDataCache: Unable to find inner node Shared for hierarchical cache Hierarchy.
[2020.10.28-13.12.40:447][  0]LogSlate: Using FreeType 2.10.0
[2020.10.28-13.12.40:447][  0]LogSlate: SlateFontServices - WITH_FREETYPE: 1, WITH_HARFBUZZ: 1
[2020.10.28-13.12.40:468][  0]LogAssetRegistry: FAssetRegistry took 0.0022 seconds to start up
[2020.10.28-13.12.40:670][  0]LogInit: Selected Device Profile: [Windows]
[2020.10.28-13.12.40:769][  0]LogMeshReduction: Using QuadricMeshReduction for automatic static mesh reduction
[2020.10.28-13.12.40:769][  0]LogMeshReduction: Using SimplygonMeshReduction for automatic skeletal mesh reduction
[2020.10.28-13.12.40:769][  0]LogMeshReduction: Using ProxyLODMeshReduction for automatic mesh merging
[2020.10.28-13.12.40:769][  0]LogMeshReduction: No distributed automatic mesh merging module available
[2020.10.28-13.12.40:769][  0]LogMeshMerging: No distributed automatic mesh merging module available
[2020.10.28-13.12.40:781][  0]LogNetVersion: Jam_UE4 1.0.0, NetCL: 13144385, EngineNetVer: 14, GameNetVer: 0 (Checksum: 1665728394)
[2020.10.28-13.12.41:161][  0]LogAISub: UAISubsystem::UAISubsystem AISubsystem (00000183CC1A5B40), frame # 0
[2020.10.28-13.12.41:161][  0]LogAISub: UAISubsystem::UAISubsystem AIPerceptionSystem (00000183CC130A40), frame # 0
[2020.10.28-13.12.41:163][  0]LogAISub: UAISubsystem::UAISubsystem EnvQueryManager (00000183CC164800), frame # 0
[2020.10.28-13.12.41:212][  0]LogPackageLocalizationCache: Processed 19 localized package path(s) for 1 prioritized culture(s) in 0.044285 seconds
[2020.10.28-13.12.41:217][  0]LogUObjectArray: 15917 objects as part of root set at end of initial load.
[2020.10.28-13.12.41:217][  0]LogUObjectAllocator: 3965568 out of 0 bytes used by permanent object pool.
[2020.10.28-13.12.41:217][  0]LogUObjectArray: CloseDisregardForGC: 0/0 objects in disregard for GC pool
[2020.10.28-13.12.41:483][  0]LogTcpMessaging: Initializing TcpMessaging bridge
[2020.10.28-13.12.41:487][  0]LogUdpMessaging: Initializing bridge on interface 0.0.0.0:0 to multicast group 230.0.0.1:6666.
[2020.10.28-13.12.41:523][  0]LogLinker: Warning: Failed to load '/Game/TopDownCPP/TopDownOverview': Can't find file.
[2020.10.28-13.12.41:524][  0]LogLinker: Warning: Failed to load '/Game/TopDownCPP/TopDownOverview': Can't find file.
[2020.10.28-13.12.41:524][  0]LogUObjectGlobals: Warning: Failed to find object 'Class /Game/TopDownCPP/TopDownOverview.TopDownOverview_C'
[2020.10.28-13.12.41:549][  0]SourceControl: Source control is disabled
[2020.10.28-13.12.41:549][  0]SourceControl: Source control is disabled
[2020.10.28-13.12.41:551][  0]SourceControl: Source control is disabled
[2020.10.28-13.12.41:553][  0]SourceControl: Source control is disabled
[2020.10.28-13.12.41:559][  0]SourceControl: Source control is disabled
[2020.10.28-13.12.41:739][  0]LogAndroidPermission: UAndroidPermissionCallbackProxy::GetInstance
[2020.10.28-13.12.41:757][  0]LogAudioCaptureCore: Display: No Audio Capture implementations found. Audio input will be silent.
[2020.10.28-13.12.41:757][  0]LogAudioCaptureCore: Display: No Audio Capture implementations found. Audio input will be silent.
[2020.10.28-13.12.41:797][  0]LogOcInput: OculusInput pre-init called
[2020.10.28-13.12.41:804][  0]LogWindows: Failed to load 'OVRPlugin.dll' (GetLastError=126)
[2020.10.28-13.12.41:804][  0]LogWindows: File 'OVRPlugin.dll' does not exist
[2020.10.28-13.12.41:855][  0]LogEngine: Initializing Engine...
[2020.10.28-13.12.41:856][  0]LogHMD: Failed to initialize OpenVR with code 110
[2020.10.28-13.12.41:856][  0]LogMagicLeap: Warning: VR disabled because ZI is not enabled.  To enable, in the editor, Edit -> Project Settings -> Plugins -> Magic Leap Plugin -> Enable Zero Iteration
[2020.10.28-13.12.41:857][  0]LogStats: UGameplayTagsManager::InitializeManager -  0.000 s
[2020.10.28-13.12.41:959][  0]LogInit: Initializing FReadOnlyCVARCache
[2020.10.28-13.12.41:967][  0]LogAIModule: Creating AISystem for world Untitled
[2020.10.28-13.12.41:967][  0]LogAISub: UAISubsystem::UAISubsystem EnvQueryManager (00000183CE295C00), frame # 0
[2020.10.28-13.12.41:967][  0]LogAISub: UAISubsystem::UAISubsystem AIPerceptionSystem (00000183CE2D4B80), frame # 0
[2020.10.28-13.12.42:022][  0]LogAudioMixer: Display: Audio Mixer Platform Settings:
[2020.10.28-13.12.42:022][  0]LogAudioMixer: Display: 	Sample Rate:						  48000
[2020.10.28-13.12.42:022][  0]LogAudioMixer: Display: 	Callback Buffer Frame Size Requested: 1024
[2020.10.28-13.12.42:022][  0]LogAudioMixer: Display: 	Callback Buffer Frame Size To Use:	  1024
[2020.10.28-13.12.42:022][  0]LogAudioMixer: Display: 	Number of buffers to queue:			  2
[2020.10.28-13.12.42:022][  0]LogAudioMixer: Display: 	Max Channels (voices):				  32
[2020.10.28-13.12.42:022][  0]LogAudioMixer: Display: 	Number of Async Source Workers:		  0
[2020.10.28-13.12.42:022][  0]LogAudio: Display: AudioDevice MaxSources: 32
[2020.10.28-13.12.42:022][  0]LogAudio: Display: Using built-in audio occlusion.
[2020.10.28-13.12.42:022][  0]LogAudioMixer: Display: Initializing audio mixer.
[2020.10.28-13.12.42:034][  0]LogAudioMixer: Display: 0: FrontLeft
[2020.10.28-13.12.42:034][  0]LogAudioMixer: Display: 1: FrontRight
[2020.10.28-13.12.42:080][  0]LogAudioMixer: Display: Using Audio Device Haut-parleurs (Realtek(R) Audio)
[2020.10.28-13.12.42:084][  0]LogAudioMixer: Display: Initializing Sound Submixes...
[2020.10.28-13.12.42:085][  0]LogAudioMixer: Display: Creating Master Submix 'MasterSubmixDefault'
[2020.10.28-13.12.42:085][  0]LogAudioMixer: Display: Creating Master Submix 'MasterReverbSubmixDefault'
[2020.10.28-13.12.42:085][  0]LogAudioMixer: Display: Creating Master Submix 'MasterEQSubmixDefault'
[2020.10.28-13.12.42:086][  0]LogInit: FAudioDevice initialized.
[2020.10.28-13.12.42:086][  0]LogNetVersion: Set ProjectVersion to 1.0.0.0. Version Checksum will be recalculated on next use.
[2020.10.28-13.12.42:158][  0]LogDerivedDataCache: Saved boot cache 0.07s 75MB C:/Users/game3.ETPA/AppData/Local/UnrealEngine/4.25/DerivedDataCache/Boot.ddc.
[2020.10.28-13.12.42:160][  0]LogInit: Texture streaming: Enabled
[2020.10.28-13.12.42:172][  0]LogEngineSessionManager: EngineSessionManager initialized
[2020.10.28-13.12.42:172][  0]LogEditorSessionSummary: Verbose: Initializing EditorSessionSummaryWriter for editor session tracking
[2020.10.28-13.12.42:174][  0]LogEditorSessionSummary: EditorSessionSummaryWriter initialized
[2020.10.28-13.12.42:206][  0]LogInit: Transaction tracking system initialized
[2020.10.28-13.12.42:224][  0]BlueprintLog: New page: Editor Load
[2020.10.28-13.12.42:275][  0]LocalizationService: Localization service is disabled
[2020.10.28-13.12.42:392][  0]LogCook: Display: Max memory allowance for cook 16384mb min free memory 0mb
[2020.10.28-13.12.42:392][  0]LogCook: Display: Mobile HDR setting 1
[2020.10.28-13.12.42:499][  0]LogFileCache: Scanning file cache for directory 'F:/Alias_desktop/GitHub/JAM_UE4/Jam_UE4/Content/' took 0.00s
[2020.10.28-13.12.42:667][  0]SourceControl: Source control is disabled
[2020.10.28-13.12.42:667][  0]LogUnrealEdMisc: Loading editor; pre map load, took 4.846
[2020.10.28-13.12.42:667][  0]Cmd: MAP LOAD FILE="../../../../../Alias_desktop/GitHub/JAM_UE4/Jam_UE4/Content/StarterContent/Maps/Minimal_Default.umap" TEMPLATE=0 SHOWPROGRESS=1 FEATURELEVEL=3
[2020.10.28-13.12.42:667][  0]LightingResults: New page: Lighting Build
[2020.10.28-13.12.42:668][  0]LogWorld: UWorld::CleanupWorld for Untitled, bSessionEnded=true, bCleanupResources=true
[2020.10.28-13.12.42:668][  0]LogSlate: InvalidateAllWidgets triggered.  All widgets were invalidated
[2020.10.28-13.12.42:668][  0]MapCheck: New page: Map Check
[2020.10.28-13.12.42:668][  0]LightingResults: New page: Lighting Build
[2020.10.28-13.12.42:675][  0]LogAISub: UAISubsystem::~UAISubsystem EnvQueryManager (00000183CE295C00), frame # 0
[2020.10.28-13.12.42:676][  0]LogAISub: UAISubsystem::~UAISubsystem AIPerceptionSystem (00000183CE2D4B80), frame # 0
[2020.10.28-13.12.42:676][  0]LogUObjectHash: Compacting FUObjectHashTables data took   0.55ms
[2020.10.28-13.12.42:765][  0]LogAIModule: Creating AISystem for world Minimal_Default
[2020.10.28-13.12.42:765][  0]LogAISub: UAISubsystem::UAISubsystem EnvQueryManager (00000183D4805200), frame # 0
[2020.10.28-13.12.42:765][  0]LogAISub: UAISubsystem::UAISubsystem AIPerceptionSystem (00000183D4DDDBC0), frame # 0
[2020.10.28-13.12.42:770][  0]LogEditorServer: Finished looking for orphan Actors (0.000 secs)
[2020.10.28-13.12.42:780][  0]LogUObjectHash: Compacting FUObjectHashTables data took   0.97ms
[2020.10.28-13.12.42:780][  0]Cmd: MAP CHECKDEP NOCLEARLOG
[2020.10.28-13.12.42:780][  0]MapCheck: Map check complete: 0 Error(s), 0 Warning(s), took 0,077ms to complete.
[2020.10.28-13.12.42:780][  0]LogFileHelpers: Loading map 'Minimal_Default' took 0.114
[2020.10.28-13.12.42:782][  0]LogUnrealEdMisc: Total Editor Startup Time, took 4.962
[2020.10.28-13.12.42:913][  0]LogSlate: Updating window title bar state: overlay mode, drag disabled, window buttons hidden, title bar hidden
[2020.10.28-13.12.42:920][  0]LogSlate: Updating window title bar state: overlay mode, drag disabled, window buttons hidden, title bar hidden
[2020.10.28-13.12.42:927][  0]LogSlate: Updating window title bar state: overlay mode, drag disabled, window buttons hidden, title bar hidden
[2020.10.28-13.12.42:933][  0]LogSlate: Updating window title bar state: overlay mode, drag disabled, window buttons hidden, title bar hidden
[2020.10.28-13.12.42:939][  0]LogCollectionManager: Loaded 0 collections in 0.000805 seconds
[2020.10.28-13.12.42:952][  0]LogFileCache: Scanning file cache for directory 'F:/Alias_desktop/GitHub/JAM_UE4/Jam_UE4/Saved/Collections/' took 0.00s
[2020.10.28-13.12.42:952][  0]LogFileCache: Scanning file cache for directory 'F:/Alias_desktop/GitHub/JAM_UE4/Jam_UE4/Content/Developers/game3/Collections/' took 0.00s
[2020.10.28-13.12.42:952][  0]LogFileCache: Scanning file cache for directory 'F:/Alias_desktop/GitHub/JAM_UE4/Jam_UE4/Content/Collections/' took 0.00s
[2020.10.28-13.12.42:952][  0]LogContentBrowser: Native class hierarchy populated in 0.0083 seconds. Added 3431 classes and 823 folders.
[2020.10.28-13.12.42:954][  0]LogContentBrowser: Native class hierarchy updated for 'WidgetCarousel' in 0.0003 seconds. Added 0 classes and 0 folders.
[2020.10.28-13.12.42:986][  0]LogContentBrowser: Native class hierarchy updated for 'AddContentDialog' in 0.0003 seconds. Added 0 classes and 0 folders.
[2020.10.28-13.12.42:986][  0]LogContentBrowser: Native class hierarchy updated for 'SceneOutliner' in 0.0002 seconds. Added 2 classes and 0 folders.
[2020.10.28-13.12.43:021][  0]LogSlate: Took 0.000113 seconds to synchronously load lazily loaded font '../../../Engine/Content/Slate/Fonts/Roboto-Regular.ttf' (155K)
[2020.10.28-13.12.43:023][  0]LogSlate: Took 0.000149 seconds to synchronously load lazily loaded font '../../../Engine/Content/Slate/Fonts/Roboto-Bold.ttf' (160K)
[2020.10.28-13.12.43:027][  0]LogSlate: Took 0.000121 seconds to synchronously load lazily loaded font '../../../Engine/Content/Editor/Slate/Fonts/FontAwesome.ttf' (139K)
[2020.10.28-13.12.43:085][  0]LogRenderer: Reallocating scene render targets to support 1620x620 Format 10 NumSamples 1 (Frame:1).
[2020.10.28-13.12.43:125][  0]LogSlate: Took 0.000112 seconds to synchronously load lazily loaded font '../../../Engine/Content/Slate/Fonts/Roboto-Light.ttf' (167K)
[2020.10.28-13.12.43:211][  0]LogContentBrowser: Native class hierarchy updated for 'HierarchicalLODOutliner' in 0.0003 seconds. Added 0 classes and 0 folders.
[2020.10.28-13.12.43:211][  0]LogLoad: (Engine Initialization) Total time: 5.39 seconds
[2020.10.28-13.12.43:211][  0]LogLoad: (Engine Initialization) Total Blueprint compile time: 0.00 seconds
[2020.10.28-13.12.43:248][  0]LogAssetRegistry: Asset discovery search completed in 2.7810 seconds
[2020.10.28-13.12.43:252][  0]LogCollectionManager: Fixed up redirectors for 0 collections in 0.000002 seconds (updated 0 objects)
[2020.10.28-13.12.43:254][  0]LogContentStreaming: Texture pool size now 1000 MB
[2020.10.28-13.26.33:761][536]LogSlate: Took 0.000126 seconds to synchronously load lazily loaded font '../../../Engine/Content/Slate/Fonts/Roboto-Light.ttf' (167K)
[2020.10.28-13.26.33:810][536]LogSlate: WidgetSwitcher ('None') active index changed to -1
[2020.10.28-13.26.33:810][536]LogSlate: WidgetSwitcher ('None') active index changed to 0
[2020.10.28-13.26.33:850][536]LogSlate: Took 0.000144 seconds to synchronously load lazily loaded font '../../../Engine/Content/Slate/Fonts/Roboto-BoldCondensed.ttf' (158K)
[2020.10.28-13.26.57:939][263]LogSlate: WidgetSwitcher ('None') active index changed to 1
[2020.10.28-13.27.03:394][910]Running F:/Program Files/UE_4.25/Engine/Binaries/DotNET/UnrealBuildTool.exe  -projectfiles -project="F:/Alias_desktop/GitHub/JAM_UE4/Jam_UE4/Jam_UE4.uproject" -game -rocket -progress
[2020.10.28-13.27.04:134][910]Discovering modules, targets and source code for project...
[2020.10.28-13.27.05:947][910]Binding IntelliSense data...
[2020.10.28-13.27.07:889][910]Binding IntelliSense data... 100%
[2020.10.28-13.27.07:889][910]Writing project files...
[2020.10.28-13.27.11:515][910]Writing project files... 100%
[2020.10.28-13.27.11:621][910]LogVSAccessor: Warning: Visual Studio is open but could not be queried - it may be blocked by a modal operation
[2020.10.28-13.27.11:621][910]LogVSAccessor: Warning: Couldn't access Visual Studio
[2020.10.28-13.27.11:625][910]Candidate modules for hot reload:
[2020.10.28-13.27.11:625][910]  Jam_UE4
[2020.10.28-13.27.11:625][910]Launching UnrealBuildTool... [F:/Program Files/UE_4.25/Engine/Binaries/DotNET/UnrealBuildTool.exe  -ModuleWithSuffix=Jam_UE4,5405 Jam_UE4Editor Win64 Development -Project="F:/Alias_desktop/GitHub/JAM_UE4/Jam_UE4/Jam_UE4.uproject" "F:/Alias_desktop/GitHub/JAM_UE4/Jam_UE4/Jam_UE4.uproject"  -IgnoreJunk]
[2020.10.28-13.27.22:760][910]CompilerResultsLog: New page: Compilation - 28 oct. 2020 à 15:27:22
[2020.10.28-13.27.22:760][910]CompilerResultsLog: Using 'git status' to determine working set for adaptive non-unity build (F:\Alias_desktop\GitHub\JAM_UE4).
[2020.10.28-13.27.22:760][910]CompilerResultsLog: Creating makefile for Jam_UE4Editor (no existing makefile)
[2020.10.28-13.27.22:760][910]CompilerResultsLog: Parsing headers for Jam_UE4Editor
[2020.10.28-13.27.22:760][910]CompilerResultsLog:   Running UnrealHeaderTool "F:\Alias_desktop\GitHub\JAM_UE4\Jam_UE4\Jam_UE4.uproject" "F:\Alias_desktop\GitHub\JAM_UE4\Jam_UE4\Intermediate\Build\Win64\Jam_UE4Editor\Development\Jam_UE4Editor.uhtmanifest" -LogCmds="loginit warning, logexit warning, logdatabase error" -Unattended -WarningsAsErrors -abslog="C:\Users\game3.ETPA\AppData\Local\UnrealBuildTool\Log_UHT.txt" -installed
[2020.10.28-13.27.22:760][910]CompilerResultsLog: Reflection code generated for Jam_UE4Editor in 5,3881592 seconds
[2020.10.28-13.27.22:760][910]CompilerResultsLog: Building Jam_UE4Editor...
[2020.10.28-13.27.22:760][910]CompilerResultsLog: Using Visual Studio 2019 14.27.29111 toolchain (C:\Program Files (x86)\Microsoft Visual Studio\2019\Community\VC\Tools\MSVC\14.27.29110) and Windows 10.0.18362.0 SDK (C:\Program Files (x86)\Windows Kits\10).
[2020.10.28-13.27.22:760][910]CompilerResultsLog: Building 8 actions with 8 processes...
[2020.10.28-13.27.22:760][910]CompilerResultsLog:   [1/8] Jam_UE4.init.gen.cpp
[2020.10.28-13.27.22:760][910]CompilerResultsLog:   [2/8] ScoreHandler.cpp
[2020.10.28-13.27.22:760][910]CompilerResultsLog:   [3/8] ScoreManager.cpp
[2020.10.28-13.27.22:760][910]CompilerResultsLog:   [4/8] ScoreHandler.gen.cpp
[2020.10.28-13.27.22:760][910]CompilerResultsLog:   [5/8] ScoreManager.gen.cpp
[2020.10.28-13.27.22:760][910]CompilerResultsLog:   [6/8] UE4Editor-Jam_UE4-5405.lib
[2020.10.28-13.27.22:761][910]CompilerResultsLog:      Cr?ation de la biblioth?que F:\Alias_desktop\GitHub\JAM_UE4\Jam_UE4\Intermediate\Build\Win64\UE4Editor\Development\Jam_UE4\UE4Editor-Jam_UE4-5405.lib et de l'objet F:\Alias_desktop\GitHub\JAM_UE4\Jam_UE4\Intermediate\Build\Win64\UE4Editor\Development\Jam_UE4\UE4Editor-Jam_UE4-5405.exp
[2020.10.28-13.27.22:761][910]CompilerResultsLog:   [7/8] UE4Editor-Jam_UE4-5405.dll
[2020.10.28-13.27.22:761][910]CompilerResultsLog:      Cr?ation de la biblioth?que F:\Alias_desktop\GitHub\JAM_UE4\Jam_UE4\Intermediate\Build\Win64\UE4Editor\Development\Jam_UE4\UE4Editor-Jam_UE4-5405.suppressed.lib et de l'objet F:\Alias_desktop\GitHub\JAM_UE4\Jam_UE4\Intermediate\Build\Win64\UE4Editor\Development\Jam_UE4\UE4Editor-Jam_UE4-5405.suppressed.exp
[2020.10.28-13.27.22:761][910]CompilerResultsLog:   [8/8] Jam_UE4Editor.target
[2020.10.28-13.27.22:761][910]CompilerResultsLog: Total time in Parallel executor: 3,58 seconds
[2020.10.28-13.27.22:761][910]CompilerResultsLog: Total execution time: 10,92 seconds
[2020.10.28-13.27.22:761][910]LogMainFrame: MainFrame: Module compiling took 11.138 seconds
[2020.10.28-13.27.22:770][910]LogClass: Could not find existing class ScoreManager in package /Script/Jam_UE4 for HotReload, assuming new class
[2020.10.28-13.27.22:773][910]LogContentBrowser: Native class hierarchy updated for 'Jam_UE4' in 0.0005 seconds. Added 5 classes and 2 folders.
[2020.10.28-13.27.22:775][910]Display: HotReload successful (2 functions remapped  0 scriptstructs remapped)
[2020.10.28-13.27.22:822][910]LogContentBrowser: Native class hierarchy populated in 0.0102 seconds. Added 3432 classes and 823 folders.
[2020.10.28-13.27.22:822][910]Display: HotReload took 11.2s.
[2020.10.28-13.27.22:822][910]Warning: HotReload operation took 11.2s.
[2020.10.28-13.27.23:054][910]LogVSAccessor: Warning: Couldn't goto line number '1' in 'F:/Alias_desktop/GitHub/JAM_UE4/Jam_UE4/Source/Jam_UE4/ScoreManager.h'
[2020.10.28-13.27.23:192][910]LogVSAccessor: Warning: Couldn't goto line number '1' in 'F:/Alias_desktop/GitHub/JAM_UE4/Jam_UE4/Source/Jam_UE4/ScoreManager.cpp'
[2020.10.28-13.27.23:196][910]LogSlate: Window 'Add C++ Class' being destroyed
[2020.10.28-13.27.23:203][910]LogHotReload: New module detected: UE4Editor-Jam_UE4-5405.dll
[2020.10.28-13.27.23:266][911]LogHotReload: Starting Hot-Reload from IDE
[2020.10.28-13.27.23:348][911]LogContentBrowser: Native class hierarchy updated for 'Jam_UE4' in 0.0005 seconds. Added 5 classes and 2 folders.
[2020.10.28-13.27.23:350][911]Display: HotReload successful (0 functions remapped  0 scriptstructs remapped)
[2020.10.28-13.27.23:367][911]LogContentBrowser: Native class hierarchy populated in 0.0109 seconds. Added 3432 classes and 823 folders.
[2020.10.28-13.27.23:369][911]Display: HotReload took  0.1s.
[2020.10.28-13.29.32:618][484]Candidate modules for hot reload:
[2020.10.28-13.29.32:618][484]  Jam_UE4
[2020.10.28-13.29.32:618][484]Launching UnrealBuildTool... [F:/Program Files/UE_4.25/Engine/Binaries/DotNET/UnrealBuildTool.exe  -ModuleWithSuffix=Jam_UE4,1879 Jam_UE4Editor Win64 Development -Project="F:/Alias_desktop/GitHub/JAM_UE4/Jam_UE4/Jam_UE4.uproject" "F:/Alias_desktop/GitHub/JAM_UE4/Jam_UE4/Jam_UE4.uproject"  -IgnoreJunk]
[2020.10.28-13.29.32:654][484]Warning: Starting HotReload took  0.1s.
[2020.10.28-13.29.41:841][553]CompilerResultsLog: New page: Compilation - 28 oct. 2020 à 15:29:41
[2020.10.28-13.29.41:841][553]CompilerResultsLog: Using 'git status' to determine working set for adaptive non-unity build (F:\Alias_desktop\GitHub\JAM_UE4).
[2020.10.28-13.29.41:841][553]CompilerResultsLog: Invalidating makefile for Jam_UE4Editor (source file removed)
[2020.10.28-13.29.41:841][553]CompilerResultsLog: Parsing headers for Jam_UE4Editor
[2020.10.28-13.29.41:841][553]CompilerResultsLog:   Running UnrealHeaderTool "F:\Alias_desktop\GitHub\JAM_UE4\Jam_UE4\Jam_UE4.uproject" "F:\Alias_desktop\GitHub\JAM_UE4\Jam_UE4\Intermediate\Build\Win64\Jam_UE4Editor\Development\Jam_UE4Editor.uhtmanifest" -LogCmds="loginit warning, logexit warning, logdatabase error" -Unattended -WarningsAsErrors -abslog="C:\Users\game3.ETPA\AppData\Local\UnrealBuildTool\Log_UHT.txt" -installed
[2020.10.28-13.29.41:841][553]CompilerResultsLog: Reflection code generated for Jam_UE4Editor in 5,0147505 seconds
[2020.10.28-13.29.41:841][553]CompilerResultsLog: Building Jam_UE4Editor...
[2020.10.28-13.29.41:841][553]CompilerResultsLog: Using Visual Studio 2019 14.27.29111 toolchain (C:\Program Files (x86)\Microsoft Visual Studio\2019\Community\VC\Tools\MSVC\14.27.29110) and Windows 10.0.18362.0 SDK (C:\Program Files (x86)\Windows Kits\10).
[2020.10.28-13.29.41:841][553]CompilerResultsLog: Building 4 actions with 8 processes...
[2020.10.28-13.29.41:841][553]CompilerResultsLog:   [1/4] Jam_UE4.init.gen.cpp
[2020.10.28-13.29.41:841][553]CompilerResultsLog:   [2/4] UE4Editor-Jam_UE4-1879.lib
[2020.10.28-13.29.41:841][553]CompilerResultsLog:      Cr?ation de la biblioth?que F:\Alias_desktop\GitHub\JAM_UE4\Jam_UE4\Intermediate\Build\Win64\UE4Editor\Development\Jam_UE4\UE4Editor-Jam_UE4-1879.lib et de l'objet F:\Alias_desktop\GitHub\JAM_UE4\Jam_UE4\Intermediate\Build\Win64\UE4Editor\Development\Jam_UE4\UE4Editor-Jam_UE4-1879.exp
[2020.10.28-13.29.41:841][553]CompilerResultsLog:   [3/4] UE4Editor-Jam_UE4-1879.dll
[2020.10.28-13.29.41:841][553]CompilerResultsLog:      Cr?ation de la biblioth?que F:\Alias_desktop\GitHub\JAM_UE4\Jam_UE4\Intermediate\Build\Win64\UE4Editor\Development\Jam_UE4\UE4Editor-Jam_UE4-1879.suppressed.lib et de l'objet F:\Alias_desktop\GitHub\JAM_UE4\Jam_UE4\Intermediate\Build\Win64\UE4Editor\Development\Jam_UE4\UE4Editor-Jam_UE4-1879.suppressed.exp
[2020.10.28-13.29.41:841][553]CompilerResultsLog:   [4/4] Jam_UE4Editor.target
[2020.10.28-13.29.41:841][553]CompilerResultsLog: Total time in Parallel executor: 2,05 seconds
[2020.10.28-13.29.41:841][553]CompilerResultsLog: Total execution time: 8,92 seconds
[2020.10.28-13.29.41:841][553]LogMainFrame: MainFrame: Module compiling took 9.226 seconds
[2020.10.28-13.29.41:849][553]LogContentBrowser: Native class hierarchy updated for 'Jam_UE4' in 0.0003 seconds. Added 5 classes and 2 folders.
[2020.10.28-13.29.41:850][553]Display: HotReload successful (2 functions remapped  0 scriptstructs remapped)
[2020.10.28-13.29.41:884][553]LogContentBrowser: Native class hierarchy populated in 0.0081 seconds. Added 3432 classes and 823 folders.
[2020.10.28-13.29.41:884][553]Display: HotReload took  9.3s.
[2020.10.28-13.30.44:376][458]LogActor: Warning: Gem_BP_C /Engine/Transient.World_0:PersistentLevel.Gem_BP_C_0 has natively added scene component(s), but none of them were set as the actor's RootComponent - picking one arbitrarily
[2020.10.28-13.30.44:475][468]LogSlate: Took 0.001771 seconds to synchronously load lazily loaded font '../../../Engine/Content/Slate/Fonts/DroidSansFallback.ttf' (3848K)
[2020.10.28-13.30.57:899][493]LogSlate: Warning: Slate: Had to block on waiting for a draw buffer
[2020.10.28-13.31.32:325][493]LogSlate: Window 'Pick Parent Class' being destroyed
[2020.10.28-13.36.40:596][ 67]LogEditorViewport: Clicking on Actor (context menu): StaticMeshActor (Floor)
[2020.10.28-13.36.43:416][316]LogEditorViewport: Clicking on Actor (LMB): BP_Sky_Sphere_C (BP_Sky_Sphere)
[2020.10.28-13.36.47:623][813]LogEditorViewport: Clicking on Component (context menu): StaticMeshComponent (SkySphereMesh)
[2020.10.28-13.36.48:612][922]LogEditorViewport: Clicking on Component (LMB): StaticMeshComponent (SkySphereMesh)
[2020.10.28-13.36.50:982][204]LogEditorViewport: Clicking on Component (LMB): StaticMeshComponent (SkySphereMesh)
[2020.10.28-13.53.34:457][731]LogOutputDevice: Warning: 

Script Stack (0 frames):

[2020.10.28-13.53.34:457][731]LogWindows: Windows GetLastError: L’opération a réussi. (0)
[2020.10.28-13.53.35:489][731]LogWindows: Error: === Critical error: ===
[2020.10.28-13.53.35:489][731]LogWindows: Error: 
[2020.10.28-13.53.35:489][731]LogWindows: Error: Fatal error: [File:D:/Build/++UE4/Sync/Engine/Source/Runtime/CoreUObject/Private/UObject/Obj.cpp] [Line: 993] 
[2020.10.28-13.53.35:489][731]LogWindows: Error: DropGem /Engine/Transient.BPGC_ARCH_FOR_CDO_DropGem_0 failed to route BeginDestroy
[2020.10.28-13.53.35:489][731]LogWindows: Error: 
[2020.10.28-13.53.35:489][731]LogWindows: Error: 
[2020.10.28-13.53.35:489][731]LogWindows: Error: [Callstack] 0x00007ffdb5753b29 KERNELBASE.dll!UnknownFunction []
[2020.10.28-13.53.35:489][731]LogWindows: Error: [Callstack] 0x00007ffd6978ec66 UE4Editor-Core.dll!UnknownFunction []
[2020.10.28-13.53.35:489][731]LogWindows: Error: [Callstack] 0x00007ffd69792048 UE4Editor-Core.dll!UnknownFunction []
[2020.10.28-13.53.35:489][731]LogWindows: Error: [Callstack] 0x00007ffd6951e52d UE4Editor-Core.dll!UnknownFunction []
[2020.10.28-13.53.35:489][731]LogWindows: Error: [Callstack] 0x00007ffd65e0be5d UE4Editor-CoreUObject.dll!UnknownFunction []
[2020.10.28-13.53.35:489][731]LogWindows: Error: [Callstack] 0x00007ffd65dea02b UE4Editor-CoreUObject.dll!UnknownFunction []
[2020.10.28-13.53.35:489][731]LogWindows: Error: [Callstack] 0x00007ffd65d79da3 UE4Editor-CoreUObject.dll!UnknownFunction []
[2020.10.28-13.53.35:489][731]LogWindows: Error: [Callstack] 0x00007ffd65d7900c UE4Editor-CoreUObject.dll!UnknownFunction []
[2020.10.28-13.53.35:489][731]LogWindows: Error: [Callstack] 0x00007ffd63af9bc9 UE4Editor-UnrealEd.dll!UnknownFunction []
[2020.10.28-13.53.35:489][731]LogWindows: Error: [Callstack] 0x00007ffd63b2266d UE4Editor-UnrealEd.dll!UnknownFunction []
[2020.10.28-13.53.35:489][731]LogWindows: Error: [Callstack] 0x00007ffd4478b2ab UE4Editor-MainFrame.dll!UnknownFunction []
[2020.10.28-13.53.35:489][731]LogWindows: Error: [Callstack] 0x00007ffd4478c0de UE4Editor-MainFrame.dll!UnknownFunction []
[2020.10.28-13.53.35:489][731]LogWindows: Error: [Callstack] 0x00007ffd6b15d99c UE4Editor-SlateCore.dll!UnknownFunction []
[2020.10.28-13.53.35:490][731]LogWindows: Error: [Callstack] 0x00007ffd6b992446 UE4Editor-Slate.dll!UnknownFunction []
[2020.10.28-13.53.35:490][731]LogWindows: Error: [Callstack] 0x00007ffd6b99ef17 UE4Editor-Slate.dll!UnknownFunction []
[2020.10.28-13.53.35:490][731]LogWindows: Error: [Callstack] 0x00007ffd6bb0207e UE4Editor-Slate.dll!UnknownFunction []
[2020.10.28-13.53.35:490][731]LogWindows: Error: [Callstack] 0x00007ffd6bb1b27e UE4Editor-Slate.dll!UnknownFunction []
[2020.10.28-13.53.35:490][731]LogWindows: Error: [Callstack] 0x00007ffd6b962dc8 UE4Editor-Slate.dll!UnknownFunction []
[2020.10.28-13.53.35:490][731]LogWindows: Error: [Callstack] 0x00007ffd6b9e69cf UE4Editor-Slate.dll!UnknownFunction []
[2020.10.28-13.53.35:490][731]LogWindows: Error: [Callstack] 0x00007ffd6b9cf4b2 UE4Editor-Slate.dll!UnknownFunction []
[2020.10.28-13.53.35:490][731]LogWindows: Error: [Callstack] 0x00007ffd6b9c2392 UE4Editor-Slate.dll!UnknownFunction []
[2020.10.28-13.53.35:490][731]LogWindows: Error: [Callstack] 0x00007ffd99117f88 UE4Editor-ApplicationCore.dll!UnknownFunction []
[2020.10.28-13.53.35:490][731]LogWindows: Error: [Callstack] 0x00007ffd99105c87 UE4Editor-ApplicationCore.dll!UnknownFunction []
[2020.10.28-13.53.35:490][731]LogWindows: Error: [Callstack] 0x00007ffd9911a619 UE4Editor-ApplicationCore.dll!UnknownFunction []
[2020.10.28-13.53.35:490][731]LogWindows: Error: [Callstack] 0x00007ffd991017d0 UE4Editor-ApplicationCore.dll!UnknownFunction []
[2020.10.28-13.53.35:490][731]LogWindows: Error: [Callstack] 0x00007ffdb6855c1d USER32.dll!UnknownFunction []
[2020.10.28-13.53.35:490][731]LogWindows: Error: [Callstack] 0x00007ffdb6855612 USER32.dll!UnknownFunction []
[2020.10.28-13.53.35:490][731]LogWindows: Error: [Callstack] 0x00007ffd9911bb34 UE4Editor-ApplicationCore.dll!UnknownFunction []
[2020.10.28-13.53.35:490][731]LogWindows: Error: [Callstack] 0x00007ff787b268c4 UE4Editor.exe!UnknownFunction []
[2020.10.28-13.53.35:490][731]LogWindows: Error: [Callstack] 0x00007ff787b3ba7c UE4Editor.exe!UnknownFunction []
[2020.10.28-13.53.35:490][731]LogWindows: Error: [Callstack] 0x00007ff787b3bb5a UE4Editor.exe!UnknownFunction []
[2020.10.28-13.53.35:490][731]LogWindows: Error: [Callstack] 0x00007ff787b4e31d UE4Editor.exe!UnknownFunction []
[2020.10.28-13.53.35:490][731]LogWindows: Error: [Callstack] 0x00007ff787b5145a UE4Editor.exe!UnknownFunction []
[2020.10.28-13.53.35:490][731]LogWindows: Error: [Callstack] 0x00007ffdb69f7c24 KERNEL32.DLL!UnknownFunction []
[2020.10.28-13.53.35:490][731]LogWindows: Error: [Callstack] 0x00007ffdb834cea1 ntdll.dll!UnknownFunction []
[2020.10.28-13.53.35:490][731]LogWindows: Error: 
[2020.10.28-13.53.35:498][731]LogExit: Executing StaticShutdownAfterError
[2020.10.28-13.53.35:500][731]LogWindows: FPlatformMisc::RequestExit(1)
[2020.10.28-13.53.35:500][731]LogCore: Engine exit requested (reason: Win RequestExit)
[2020.10.28-13.53.35:534][731]Log file closed, 10/28/20 14:53:35
