Log file open, 10/27/20 17:46:55
LogInit: Display: Running engine for game: Jam_UE4
LogPlatformFile: Not using cached read wrapper
LogTaskGraph: Started task graph with 5 named threads and 23 total threads with 3 sets of task threads.
LogStats: Stats thread started at 0.254957
LogD3D11RHI: Loaded GFSDK_Aftermath_Lib.x64.dll
LogICUInternationalization: ICU TimeZone Detection - Raw Offset: +1:00, Platform Override: ''
LogPluginManager: Mounting plugin Paper2D
LogPluginManager: Mounting plugin AISupport
LogPluginManager: Mounting plugin LightPropagationVolume
LogPluginManager: Mounting plugin CameraShakePreviewer
LogPluginManager: Mounting plugin ActorLayerUtilities
LogPluginManager: Mounting plugin AnimationSharing
LogPluginManager: Mounting plugin CLionSourceCodeAccess
LogPluginManager: Mounting plugin CodeLiteSourceCodeAccess
LogPluginManager: Mounting plugin GitSourceControl
LogPluginManager: Mounting plugin KDevelopSourceCodeAccess
LogPluginManager: Mounting plugin NullSourceCodeAccess
LogPluginManager: Mounting plugin PerforceSourceControl
LogPluginManager: Mounting plugin PlasticSourceControl
LogPluginManager: Mounting plugin RiderSourceCodeAccess
LogPluginManager: Mounting plugin SubversionSourceControl
LogPluginManager: Mounting plugin UObjectPlugin
LogPluginManager: Mounting plugin VisualStudioCodeSourceCodeAccess
LogPluginManager: Mounting plugin VisualStudioSourceCodeAccess
LogPluginManager: Mounting plugin XCodeSourceCodeAccess
LogPluginManager: Mounting plugin AssetManagerEditor
LogPluginManager: Mounting plugin CryptoKeys
LogPluginManager: Mounting plugin CurveEditorTools
LogPluginManager: Mounting plugin DataValidation
LogPluginManager: Mounting plugin EditorScriptingUtilities
LogPluginManager: Mounting plugin FacialAnimation
LogPluginManager: Mounting plugin GameplayTagsEditor
LogPluginManager: Mounting plugin GeometryMode
LogPluginManager: Mounting plugin MacGraphicsSwitching
LogPluginManager: Mounting plugin MaterialAnalyzer
LogPluginManager: Mounting plugin MobileLauncherProfileWizard
LogPluginManager: Mounting plugin PluginBrowser
LogPluginManager: Mounting plugin SpeedTreeImporter
LogPluginManager: Mounting plugin DatasmithContent
LogPluginManager: Mounting plugin VariantManagerContent
LogPluginManager: Mounting plugin AlembicImporter
LogPluginManager: Mounting plugin AutomationUtils
LogPluginManager: Mounting plugin BackChannel
LogPluginManager: Mounting plugin ChaosCloth
LogPluginManager: Mounting plugin ChaosClothEditor
LogPluginManager: Mounting plugin ChaosEditor
LogPluginManager: Mounting plugin ChaosNiagara
LogPluginManager: Mounting plugin ChaosSolverPlugin
LogPluginManager: Mounting plugin CharacterAI
LogPluginManager: Mounting plugin GeometryCache
LogPluginManager: Mounting plugin GeometryCollectionPlugin
LogPluginManager: Mounting plugin GeometryProcessing
LogPluginManager: Mounting plugin PlanarCut
LogPluginManager: Mounting plugin PlatformCrypto
LogPluginManager: Mounting plugin ProxyLODPlugin
LogPluginManager: Mounting plugin SkeletalReduction
LogPluginManager: Mounting plugin Niagara
LogPluginManager: Mounting plugin MagicLeap
LogPluginManager: Mounting plugin MagicLeapLightEstimation
LogPluginManager: Mounting plugin MagicLeapMedia
LogPluginManager: Mounting plugin MagicLeapPassableWorld
LogPluginManager: Mounting plugin MLSDK
LogPluginManager: Mounting plugin AndroidMedia
LogPluginManager: Mounting plugin AvfMedia
LogPluginManager: Mounting plugin ImgMedia
LogPluginManager: Mounting plugin MediaCompositing
LogPluginManager: Mounting plugin MediaPlayerEditor
LogPluginManager: Mounting plugin WebMMedia
LogPluginManager: Mounting plugin WmfMedia
LogPluginManager: Mounting plugin MeshPainting
LogPluginManager: Mounting plugin TcpMessaging
LogPluginManager: Mounting plugin UdpMessaging
LogPluginManager: Mounting plugin ActorSequence
LogPluginManager: Mounting plugin LevelSequenceEditor
LogPluginManager: Mounting plugin MatineeToLevelSequence
LogPluginManager: Mounting plugin MovieRenderPipeline
LogPluginManager: Mounting plugin TemplateSequence
LogPluginManager: Mounting plugin NetcodeUnitTest
LogPluginManager: Mounting plugin NUTUnrealEngine4
LogPluginManager: Mounting plugin OnlineSubsystemGooglePlay
LogPluginManager: Mounting plugin OnlineSubsystemIOS
LogPluginManager: Mounting plugin OnlineSubsystem
LogPluginManager: Mounting plugin OnlineSubsystemNull
LogPluginManager: Mounting plugin OnlineSubsystemUtils
LogPluginManager: Mounting plugin LauncherChunkInstaller
LogPluginManager: Mounting plugin AndroidDeviceProfileSelector
LogPluginManager: Mounting plugin AndroidMoviePlayer
LogPluginManager: Mounting plugin AndroidPermission
LogPluginManager: Mounting plugin AppleImageUtils
LogPluginManager: Mounting plugin AppleMoviePlayer
LogPluginManager: Mounting plugin ArchVisCharacter
LogPluginManager: Mounting plugin AssetTags
LogPluginManager: Mounting plugin AudioCapture
LogPluginManager: Mounting plugin CableComponent
LogPluginManager: Mounting plugin CustomMeshComponent
LogPluginManager: Mounting plugin EditableMesh
LogPluginManager: Mounting plugin ExampleDeviceProfileSelector
LogPluginManager: Mounting plugin GoogleCloudMessaging
LogPluginManager: Mounting plugin GooglePAD
LogPluginManager: Mounting plugin IOSDeviceProfileSelector
LogPluginManager: Mounting plugin LinuxDeviceProfileSelector
LogPluginManager: Mounting plugin LocationServicesBPLibrary
LogPluginManager: Mounting plugin MobilePatchingUtils
LogPluginManager: Mounting plugin OculusVR
LogPluginManager: Mounting plugin PhysXVehicles
LogPluginManager: Mounting plugin PostSplashScreen
LogPluginManager: Mounting plugin ProceduralMeshComponent
LogPluginManager: Mounting plugin RuntimePhysXCooking
LogPluginManager: Mounting plugin SignificanceManager
LogPluginManager: Mounting plugin SoundFields
LogPluginManager: Mounting plugin SteamVR
LogPluginManager: Mounting plugin Synthesis
LogPluginManager: Mounting plugin WebMMoviePlayer
LogPluginManager: Mounting plugin WindowsMoviePlayer
LogPluginManager: Mounting plugin ScreenshotTools
LogInit: Using libcurl 7.55.1-DEV
LogInit:  - built for x86_64-pc-win32
LogInit:  - supports SSL with OpenSSL/1.1.1
LogInit:  - supports HTTP deflate (compression) using libz 1.2.8
LogInit:  - other features:
LogInit:      CURL_VERSION_SSL
LogInit:      CURL_VERSION_LIBZ
LogInit:      CURL_VERSION_IPV6
LogInit:      CURL_VERSION_ASYNCHDNS
LogInit:      CURL_VERSION_LARGEFILE
LogInit:      CURL_VERSION_IDN
LogInit:  CurlRequestOptions (configurable via config and command line):
LogInit:  - bVerifyPeer = true  - Libcurl will verify peer certificate
LogInit:  - bUseHttpProxy = false  - Libcurl will NOT use HTTP proxy
LogInit:  - bDontReuseConnections = false  - Libcurl will reuse connections
LogInit:  - MaxHostConnections = 16  - Libcurl will limit the number of connections to a host
LogInit:  - LocalHostAddr = Default
LogInit:  - BufferSize = 65536
LogOnline: OSS: Creating online subsystem instance for: NULL
LogInit: WinSock: version 1.1 (2.2), MaxSocks=32767, MaxUdp=65467
LogOnline: OSS: TryLoadSubsystemAndSetDefault: Loaded subsystem for module [NULL]
LogInit: Build: ++UE4+Release-4.25-CL-14469661
LogInit: Engine Version: 4.25.4-14469661+++UE4+Release-4.25
LogInit: Compatible Engine Version: 4.25.0-13144385+++UE4+Release-4.25
LogInit: Net CL: 13144385
LogInit: OS: Windows 10 (Release 1803) (), CPU: Intel(R) Core(TM) i7-7700 CPU @ 3.60GHz, GPU: NVIDIA GeForce GTX 1060 6GB
LogInit: Compiled (64-bit): Oct 11 2020 08:10:49
LogInit: Compiled with Visual C++: 19.24.28315.00
LogInit: Build Configuration: Development
LogInit: Branch Name: ++UE4+Release-4.25
LogInit: Command Line: 
LogInit: Base Directory: E:/Unreal/UE_4.25/Engine/Binaries/Win64/
LogInit: Allocator: TBB
LogInit: Installed Engine Build: 1
LogDevObjectVersion: Number of dev versions registered: 26
LogDevObjectVersion:   Dev-Blueprints (B0D832E4-1F89-4F0D-ACCF-7EB736FD4AA2): 10
LogDevObjectVersion:   Dev-Build (E1C64328-A22C-4D53-A36C-8E866417BD8C): 0
LogDevObjectVersion:   Dev-Core (375EC13C-06E4-48FB-B500-84F0262A717E): 4
LogDevObjectVersion:   Dev-Editor (E4B068ED-F494-42E9-A231-DA0B2E46BB41): 38
LogDevObjectVersion:   Dev-Framework (CFFC743F-43B0-4480-9391-14DF171D2073): 37
LogDevObjectVersion:   Dev-Mobile (B02B49B5-BB20-44E9-A304-32B752E40360): 2
LogDevObjectVersion:   Dev-Networking (A4E4105C-59A1-49B5-A7C5-40C4547EDFEE): 0
LogDevObjectVersion:   Dev-Online (39C831C9-5AE6-47DC-9A44-9C173E1C8E7C): 0
LogDevObjectVersion:   Dev-Physics (78F01B33-EBEA-4F98-B9B4-84EACCB95AA2): 4
LogDevObjectVersion:   Dev-Platform (6631380F-2D4D-43E0-8009-CF276956A95A): 0
LogDevObjectVersion:   Dev-Rendering (12F88B9F-8875-4AFC-A67C-D90C383ABD29): 43
LogDevObjectVersion:   Dev-Sequencer (7B5AE74C-D270-4C10-A958-57980B212A5A): 12
LogDevObjectVersion:   Dev-VR (D7296918-1DD6-4BDD-9DE2-64A83CC13884): 3
LogDevObjectVersion:   Dev-LoadTimes (C2A15278-BFE7-4AFE-6C17-90FF531DF755): 1
LogDevObjectVersion:   Private-Geometry (6EACA3D4-40EC-4CC1-B786-8BED09428FC5): 3
LogDevObjectVersion:   Dev-AnimPhys (29E575DD-E0A3-4627-9D10-D276232CDCEA): 17
LogDevObjectVersion:   Dev-Anim (AF43A65D-7FD3-4947-9873-3E8ED9C1BB05): 7
LogDevObjectVersion:   Dev-ReflectionCapture (6B266CEC-1EC7-4B8F-A30B-E4D90942FC07): 1
LogDevObjectVersion:   Dev-Automation (0DF73D61-A23F-47EA-B727-89E90C41499A): 1
LogDevObjectVersion:   FortniteMain (601D1886-AC64-4F84-AA16-D3DE0DEAC7D6): 31
LogDevObjectVersion:   Dev-Enterprise (9DFFBCD6-494F-0158-E221-12823C92A888): 10
LogDevObjectVersion:   Dev-Niagara (F2AED0AC-9AFE-416F-8664-AA7FFA26D6FC): 1
LogDevObjectVersion:   Dev-Destruction (174F1F0B-B4C6-45A5-B13F-2EE8D0FB917D): 10
LogDevObjectVersion:   Dev-Physics-Ext (35F94A83-E258-406C-A318-09F59610247C): 37
LogDevObjectVersion:   Dev-PhysicsMaterial-Chaos (B68FC16E-8B1B-42E2-B453-215C058844FE): 1
LogDevObjectVersion:   Dev-CineCamera (B2E18506-4273-CFC2-A54E-F4BB758BBA07): 1
LogInit: Presizing for max 25165824 objects, including 0 objects not considered by GC, pre-allocating 0 bytes for permanent pool.
LogConfig: Applying CVar settings from Section [/Script/Engine.StreamingSettings] File [E:/Unreal/JAM/JAM_UE4/Jam_UE4/Saved/Config/Windows/Engine.ini]
LogConfig: Setting CVar [[s.MinBulkDataSizeForAsyncLoading:131072]]
LogConfig: Setting CVar [[s.AsyncLoadingThreadEnabled:0]]
LogConfig: Setting CVar [[s.EventDrivenLoaderEnabled:1]]
LogConfig: Setting CVar [[s.WarnIfTimeLimitExceeded:0]]
LogConfig: Setting CVar [[s.TimeLimitExceededMultiplier:1.5]]
LogConfig: Setting CVar [[s.TimeLimitExceededMinTime:0.005]]
LogConfig: Setting CVar [[s.UseBackgroundLevelStreaming:1]]
LogConfig: Setting CVar [[s.PriorityAsyncLoadingExtraTime:15.0]]
LogConfig: Setting CVar [[s.LevelStreamingActorsUpdateTimeLimit:5.0]]
LogConfig: Setting CVar [[s.PriorityLevelStreamingActorsUpdateExtraTime:5.0]]
LogConfig: Setting CVar [[s.LevelStreamingComponentsRegistrationGranularity:10]]
LogConfig: Setting CVar [[s.UnregisterComponentsTimeLimit:1.0]]
LogConfig: Setting CVar [[s.LevelStreamingComponentsUnregistrationGranularity:5]]
LogConfig: Setting CVar [[s.FlushStreamingOnExit:1]]
LogInit: Object subsystem initialized
LogConfig: Setting CVar [[con.DebugEarlyDefault:1]]
LogConfig: Setting CVar [[r.setres:1280x720]]
[2020.10.27-16.46.56:142][  0]LogConfig: Setting CVar [[r.VSync:0]]
[2020.10.27-16.46.56:142][  0]LogConfig: Setting CVar [[r.RHICmdBypass:0]]
[2020.10.27-16.46.56:142][  0]LogConfig: Applying CVar settings from Section [/Script/Engine.RendererSettings] File [E:/Unreal/JAM/JAM_UE4/Jam_UE4/Saved/Config/Windows/Engine.ini]
[2020.10.27-16.46.56:142][  0]LogConfig: Setting CVar [[r.GPUCrashDebugging:0]]
[2020.10.27-16.46.56:142][  0]LogConfig: Applying CVar settings from Section [/Script/Engine.RendererOverrideSettings] File [E:/Unreal/JAM/JAM_UE4/Jam_UE4/Saved/Config/Windows/Engine.ini]
[2020.10.27-16.46.56:142][  0]LogConfig: Applying CVar settings from Section [/Script/Engine.StreamingSettings] File [E:/Unreal/JAM/JAM_UE4/Jam_UE4/Saved/Config/Windows/Engine.ini]
[2020.10.27-16.46.56:142][  0]LogConfig: Setting CVar [[s.MinBulkDataSizeForAsyncLoading:131072]]
[2020.10.27-16.46.56:142][  0]LogConfig: Setting CVar [[s.AsyncLoadingThreadEnabled:0]]
[2020.10.27-16.46.56:142][  0]LogConfig: Setting CVar [[s.EventDrivenLoaderEnabled:1]]
[2020.10.27-16.46.56:142][  0]LogConfig: Setting CVar [[s.WarnIfTimeLimitExceeded:0]]
[2020.10.27-16.46.56:142][  0]LogConfig: Setting CVar [[s.TimeLimitExceededMultiplier:1.5]]
[2020.10.27-16.46.56:142][  0]LogConfig: Setting CVar [[s.TimeLimitExceededMinTime:0.005]]
[2020.10.27-16.46.56:142][  0]LogConfig: Setting CVar [[s.UseBackgroundLevelStreaming:1]]
[2020.10.27-16.46.56:142][  0]LogConfig: Setting CVar [[s.PriorityAsyncLoadingExtraTime:15.0]]
[2020.10.27-16.46.56:142][  0]LogConfig: Setting CVar [[s.LevelStreamingActorsUpdateTimeLimit:5.0]]
[2020.10.27-16.46.56:142][  0]LogConfig: Setting CVar [[s.PriorityLevelStreamingActorsUpdateExtraTime:5.0]]
[2020.10.27-16.46.56:142][  0]LogConfig: Setting CVar [[s.LevelStreamingComponentsRegistrationGranularity:10]]
[2020.10.27-16.46.56:142][  0]LogConfig: Setting CVar [[s.UnregisterComponentsTimeLimit:1.0]]
[2020.10.27-16.46.56:142][  0]LogConfig: Setting CVar [[s.LevelStreamingComponentsUnregistrationGranularity:5]]
[2020.10.27-16.46.56:142][  0]LogConfig: Setting CVar [[s.FlushStreamingOnExit:1]]
[2020.10.27-16.46.56:142][  0]LogConfig: Applying CVar settings from Section [/Script/Engine.GarbageCollectionSettings] File [E:/Unreal/JAM/JAM_UE4/Jam_UE4/Saved/Config/Windows/Engine.ini]
[2020.10.27-16.46.56:142][  0]LogConfig: Setting CVar [[gc.MaxObjectsNotConsideredByGC:1]]
[2020.10.27-16.46.56:142][  0]LogConfig: Setting CVar [[gc.SizeOfPermanentObjectPool:0]]
[2020.10.27-16.46.56:142][  0]LogConfig: Setting CVar [[gc.FlushStreamingOnGC:0]]
[2020.10.27-16.46.56:142][  0]LogConfig: Setting CVar [[gc.NumRetriesBeforeForcingGC:10]]
[2020.10.27-16.46.56:142][  0]LogConfig: Setting CVar [[gc.AllowParallelGC:1]]
[2020.10.27-16.46.56:142][  0]LogConfig: Setting CVar [[gc.TimeBetweenPurgingPendingKillObjects:61.1]]
[2020.10.27-16.46.56:142][  0]LogConfig: Setting CVar [[gc.MaxObjectsInEditor:25165824]]
[2020.10.27-16.46.56:142][  0]LogConfig: Setting CVar [[gc.IncrementalBeginDestroyEnabled:1]]
[2020.10.27-16.46.56:144][  0]LogConfig: Setting CVar [[gc.CreateGCClusters:1]]
[2020.10.27-16.46.56:144][  0]LogConfig: Setting CVar [[gc.MinGCClusterSize:5]]
[2020.10.27-16.46.56:144][  0]LogConfig: Setting CVar [[gc.ActorClusteringEnabled:0]]
[2020.10.27-16.46.56:144][  0]LogConfig: Setting CVar [[gc.BlueprintClusteringEnabled:0]]
[2020.10.27-16.46.56:144][  0]LogConfig: Setting CVar [[gc.UseDisregardForGCOnDedicatedServers:0]]
[2020.10.27-16.46.56:144][  0]LogConfig: Applying CVar settings from Section [/Script/Engine.NetworkSettings] File [E:/Unreal/JAM/JAM_UE4/Jam_UE4/Saved/Config/Windows/Engine.ini]
[2020.10.27-16.46.56:144][  0]LogConfig: Applying CVar settings from Section [/Script/UnrealEd.CookerSettings] File [E:/Unreal/JAM/JAM_UE4/Jam_UE4/Saved/Config/Windows/Engine.ini]
[2020.10.27-16.46.56:146][  0]LogConfig: Applying CVar settings from Section [ViewDistanceQuality@3] File [E:/Unreal/JAM/JAM_UE4/Jam_UE4/Saved/Config/Windows/Scalability.ini]
[2020.10.27-16.46.56:146][  0]LogConfig: Setting CVar [[r.SkeletalMeshLODBias:0]]
[2020.10.27-16.46.56:146][  0]LogConfig: Setting CVar [[r.ViewDistanceScale:1.0]]
[2020.10.27-16.46.56:146][  0]LogConfig: Applying CVar settings from Section [AntiAliasingQuality@3] File [E:/Unreal/JAM/JAM_UE4/Jam_UE4/Saved/Config/Windows/Scalability.ini]
[2020.10.27-16.46.56:146][  0]LogConfig: Setting CVar [[r.PostProcessAAQuality:4]]
[2020.10.27-16.46.56:146][  0]LogConfig: Applying CVar settings from Section [ShadowQuality@3] File [E:/Unreal/JAM/JAM_UE4/Jam_UE4/Saved/Config/Windows/Scalability.ini]
[2020.10.27-16.46.56:146][  0]LogConfig: Setting CVar [[r.LightFunctionQuality:1]]
[2020.10.27-16.46.56:146][  0]LogConfig: Setting CVar [[r.ShadowQuality:5]]
[2020.10.27-16.46.56:146][  0]LogConfig: Setting CVar [[r.Shadow.CSM.MaxCascades:10]]
[2020.10.27-16.46.56:146][  0]LogConfig: Setting CVar [[r.Shadow.MaxResolution:2048]]
[2020.10.27-16.46.56:146][  0]LogConfig: Setting CVar [[r.Shadow.MaxCSMResolution:2048]]
[2020.10.27-16.46.56:146][  0]LogConfig: Setting CVar [[r.Shadow.RadiusThreshold:0.01]]
[2020.10.27-16.46.56:146][  0]LogConfig: Setting CVar [[r.Shadow.DistanceScale:1.0]]
[2020.10.27-16.46.56:146][  0]LogConfig: Setting CVar [[r.Shadow.CSM.TransitionScale:1.0]]
[2020.10.27-16.46.56:146][  0]LogConfig: Setting CVar [[r.Shadow.PreShadowResolutionFactor:1.0]]
[2020.10.27-16.46.56:146][  0]LogConfig: Setting CVar [[r.DistanceFieldShadowing:1]]
[2020.10.27-16.46.56:146][  0]LogConfig: Setting CVar [[r.DistanceFieldAO:1]]
[2020.10.27-16.46.56:146][  0]LogConfig: Setting CVar [[r.AOQuality:2]]
[2020.10.27-16.46.56:146][  0]LogConfig: Setting CVar [[r.VolumetricFog:1]]
[2020.10.27-16.46.56:146][  0]LogConfig: Setting CVar [[r.VolumetricFog.GridPixelSize:8]]
[2020.10.27-16.46.56:146][  0]LogConfig: Setting CVar [[r.VolumetricFog.GridSizeZ:128]]
[2020.10.27-16.46.56:146][  0]LogConfig: Setting CVar [[r.VolumetricFog.HistoryMissSupersampleCount:4]]
[2020.10.27-16.46.56:146][  0]LogConfig: Setting CVar [[r.LightMaxDrawDistanceScale:1]]
[2020.10.27-16.46.56:146][  0]LogConfig: Setting CVar [[r.CapsuleShadows:1]]
[2020.10.27-16.46.56:146][  0]LogConfig: Applying CVar settings from Section [PostProcessQuality@3] File [E:/Unreal/JAM/JAM_UE4/Jam_UE4/Saved/Config/Windows/Scalability.ini]
[2020.10.27-16.46.56:146][  0]LogConfig: Setting CVar [[r.MotionBlurQuality:4]]
[2020.10.27-16.46.56:146][  0]LogConfig: Setting CVar [[r.AmbientOcclusionMipLevelFactor:0.4]]
[2020.10.27-16.46.56:146][  0]LogConfig: Setting CVar [[r.AmbientOcclusionMaxQuality:100]]
[2020.10.27-16.46.56:146][  0]LogConfig: Setting CVar [[r.AmbientOcclusionLevels:-1]]
[2020.10.27-16.46.56:146][  0]LogConfig: Setting CVar [[r.AmbientOcclusionRadiusScale:1.0]]
[2020.10.27-16.46.56:146][  0]LogConfig: Setting CVar [[r.DepthOfFieldQuality:2]]
[2020.10.27-16.46.56:146][  0]LogConfig: Setting CVar [[r.RenderTargetPoolMin:400]]
[2020.10.27-16.46.56:146][  0]LogConfig: Setting CVar [[r.LensFlareQuality:2]]
[2020.10.27-16.46.56:146][  0]LogConfig: Setting CVar [[r.SceneColorFringeQuality:1]]
[2020.10.27-16.46.56:146][  0]LogConfig: Setting CVar [[r.EyeAdaptationQuality:2]]
[2020.10.27-16.46.56:146][  0]LogConfig: Setting CVar [[r.BloomQuality:5]]
[2020.10.27-16.46.56:146][  0]LogConfig: Setting CVar [[r.FastBlurThreshold:100]]
[2020.10.27-16.46.56:146][  0]LogConfig: Setting CVar [[r.Upscale.Quality:3]]
[2020.10.27-16.46.56:146][  0]LogConfig: Setting CVar [[r.Tonemapper.GrainQuantization:1]]
[2020.10.27-16.46.56:146][  0]LogConfig: Setting CVar [[r.LightShaftQuality:1]]
[2020.10.27-16.46.56:146][  0]LogConfig: Setting CVar [[r.Filter.SizeScale:1]]
[2020.10.27-16.46.56:146][  0]LogConfig: Setting CVar [[r.Tonemapper.Quality:5]]
[2020.10.27-16.46.56:147][  0]LogConfig: Setting CVar [[r.DOF.Gather.AccumulatorQuality:1        ; higher gathering accumulator quality]]
[2020.10.27-16.46.56:147][  0]LogConfig: Setting CVar [[r.DOF.Gather.PostfilterMethod:1          ; Median3x3 postfilering method]]
[2020.10.27-16.46.56:147][  0]LogConfig: Setting CVar [[r.DOF.Gather.EnableBokehSettings:0       ; no bokeh simulation when gathering]]
[2020.10.27-16.46.56:147][  0]LogConfig: Setting CVar [[r.DOF.Gather.RingCount:4                 ; medium number of samples when gathering]]
[2020.10.27-16.46.56:147][  0]LogConfig: Setting CVar [[r.DOF.Scatter.ForegroundCompositing:1    ; additive foreground scattering]]
[2020.10.27-16.46.56:147][  0]LogConfig: Setting CVar [[r.DOF.Scatter.BackgroundCompositing:2    ; additive background scattering]]
[2020.10.27-16.46.56:147][  0]LogConfig: Setting CVar [[r.DOF.Scatter.EnableBokehSettings:1      ; bokeh simulation when scattering]]
[2020.10.27-16.46.56:147][  0]LogConfig: Setting CVar [[r.DOF.Scatter.MaxSpriteRatio:0.1         ; only a maximum of 10% of scattered bokeh]]
[2020.10.27-16.46.56:147][  0]LogConfig: Setting CVar [[r.DOF.Recombine.Quality:1                ; cheap slight out of focus]]
[2020.10.27-16.46.56:147][  0]LogConfig: Setting CVar [[r.DOF.Recombine.EnableBokehSettings:0    ; no bokeh simulation on slight out of focus]]
[2020.10.27-16.46.56:147][  0]LogConfig: Setting CVar [[r.DOF.TemporalAAQuality:1                ; more stable temporal accumulation]]
[2020.10.27-16.46.56:147][  0]LogConfig: Setting CVar [[r.DOF.Kernel.MaxForegroundRadius:0.025]]
[2020.10.27-16.46.56:147][  0]LogConfig: Setting CVar [[r.DOF.Kernel.MaxBackgroundRadius:0.025]]
[2020.10.27-16.46.56:147][  0]LogConfig: Applying CVar settings from Section [TextureQuality@3] File [E:/Unreal/JAM/JAM_UE4/Jam_UE4/Saved/Config/Windows/Scalability.ini]
[2020.10.27-16.46.56:147][  0]LogConfig: Setting CVar [[r.Streaming.MipBias:0]]
[2020.10.27-16.46.56:147][  0]LogConfig: Setting CVar [[r.Streaming.AmortizeCPUToGPUCopy:0]]
[2020.10.27-16.46.56:147][  0]LogConfig: Setting CVar [[r.Streaming.MaxNumTexturesToStreamPerFrame:0]]
[2020.10.27-16.46.56:147][  0]LogConfig: Setting CVar [[r.Streaming.Boost:1]]
[2020.10.27-16.46.56:147][  0]LogConfig: Setting CVar [[r.MaxAnisotropy:8]]
[2020.10.27-16.46.56:147][  0]LogConfig: Setting CVar [[r.VT.MaxAnisotropy:8]]
[2020.10.27-16.46.56:147][  0]LogConfig: Setting CVar [[r.Streaming.LimitPoolSizeToVRAM:0]]
[2020.10.27-16.46.56:147][  0]LogConfig: Setting CVar [[r.Streaming.PoolSize:1000]]
[2020.10.27-16.46.56:147][  0]LogConfig: Setting CVar [[r.Streaming.MaxEffectiveScreenSize:0]]
[2020.10.27-16.46.56:147][  0]LogConfig: Applying CVar settings from Section [EffectsQuality@3] File [E:/Unreal/JAM/JAM_UE4/Jam_UE4/Saved/Config/Windows/Scalability.ini]
[2020.10.27-16.46.56:147][  0]LogConfig: Setting CVar [[r.TranslucencyLightingVolumeDim:64]]
[2020.10.27-16.46.56:147][  0]LogConfig: Setting CVar [[r.RefractionQuality:2]]
[2020.10.27-16.46.56:147][  0]LogConfig: Setting CVar [[r.SSR.Quality:3]]
[2020.10.27-16.46.56:147][  0]LogConfig: Setting CVar [[r.SSR.HalfResSceneColor:0]]
[2020.10.27-16.46.56:147][  0]LogConfig: Setting CVar [[r.SceneColorFormat:4]]
[2020.10.27-16.46.56:147][  0]LogConfig: Setting CVar [[r.DetailMode:2]]
[2020.10.27-16.46.56:147][  0]LogConfig: Setting CVar [[r.TranslucencyVolumeBlur:1]]
[2020.10.27-16.46.56:147][  0]LogConfig: Setting CVar [[r.MaterialQualityLevel:1 ; High quality]]
[2020.10.27-16.46.56:147][  0]LogConfig: Setting CVar [[r.SSS.Scale:1]]
[2020.10.27-16.46.56:147][  0]LogConfig: Setting CVar [[r.SSS.SampleSet:2]]
[2020.10.27-16.46.56:147][  0]LogConfig: Setting CVar [[r.SSS.Quality:1]]
[2020.10.27-16.46.56:147][  0]LogConfig: Setting CVar [[r.SSS.HalfRes:0]]
[2020.10.27-16.46.56:147][  0]LogConfig: Setting CVar [[r.SSGI.Quality:3]]
[2020.10.27-16.46.56:147][  0]LogConfig: Setting CVar [[r.EmitterSpawnRateScale:1.0]]
[2020.10.27-16.46.56:147][  0]LogConfig: Setting CVar [[r.ParticleLightQuality:2]]
[2020.10.27-16.46.56:147][  0]LogConfig: Setting CVar [[r.SkyAtmosphere.AerialPerspectiveLUT.FastApplyOnOpaque:1 ; Always have FastSkyLUT 1 in this case to avoid wrong sky]]
[2020.10.27-16.46.56:147][  0]LogConfig: Setting CVar [[r.SkyAtmosphere.AerialPerspectiveLUT.SampleCountPerSlice:1]]
[2020.10.27-16.46.56:147][  0]LogConfig: Setting CVar [[r.SkyAtmosphere.AerialPerspectiveLUT.DepthResolution:16.0]]
[2020.10.27-16.46.56:147][  0]LogConfig: Setting CVar [[r.SkyAtmosphere.FastSkyLUT:1]]
[2020.10.27-16.46.56:147][  0]LogConfig: Setting CVar [[r.SkyAtmosphere.FastSkyLUT.SampleCountMin:4.0]]
[2020.10.27-16.46.56:147][  0]LogConfig: Setting CVar [[r.SkyAtmosphere.FastSkyLUT.SampleCountMax:32.0]]
[2020.10.27-16.46.56:147][  0]LogConfig: Setting CVar [[r.SkyAtmosphere.SampleCountMin:4.0]]
[2020.10.27-16.46.56:147][  0]LogConfig: Setting CVar [[r.SkyAtmosphere.SampleCountMax:32.0]]
[2020.10.27-16.46.56:147][  0]LogConfig: Setting CVar [[r.SkyAtmosphere.TransmittanceLUT.UseSmallFormat:0]]
[2020.10.27-16.46.56:147][  0]LogConfig: Setting CVar [[r.SkyAtmosphere.TransmittanceLUT.SampleCount:10.0]]
[2020.10.27-16.46.56:147][  0]LogConfig: Setting CVar [[r.SkyAtmosphere.MultiScatteringLUT.SampleCount:15.0]]
[2020.10.27-16.46.56:147][  0]LogConfig: Applying CVar settings from Section [FoliageQuality@3] File [E:/Unreal/JAM/JAM_UE4/Jam_UE4/Saved/Config/Windows/Scalability.ini]
[2020.10.27-16.46.56:147][  0]LogConfig: Setting CVar [[foliage.DensityScale:1.0]]
[2020.10.27-16.46.56:147][  0]LogConfig: Setting CVar [[grass.DensityScale:1.0]]
[2020.10.27-16.46.56:147][  0]LogConfig: Applying CVar settings from Section [ShadingQuality@3] File [E:/Unreal/JAM/JAM_UE4/Jam_UE4/Saved/Config/Windows/Scalability.ini]
[2020.10.27-16.46.56:147][  0]LogConfig: Setting CVar [[r.HairStrands.SkyLighting.SampleCount:16]]
[2020.10.27-16.46.56:147][  0]LogConfig: Setting CVar [[r.HairStrands.SkyLighting.JitterIntegration:0]]
[2020.10.27-16.46.56:147][  0]LogConfig: Setting CVar [[r.HairStrands.SkyAO.SampleCount:16]]
[2020.10.27-16.46.56:147][  0]LogConfig: Setting CVar [[r.HairStrands.DeepShadow.SuperSampling:0]]
[2020.10.27-16.46.56:147][  0]LogConfig: Setting CVar [[r.HairStrands.VisibilityPPLL:0]]
[2020.10.27-16.46.56:147][  0]LogConfig: Setting CVar [[r.HairStrands.RasterizationScale:0.5]]
[2020.10.27-16.46.56:147][  0]LogConfig: Setting CVar [[r.HairStrands.VelocityRasterizationScale:1]]
[2020.10.27-16.46.56:147][  0]LogInit: Selected Device Profile: [Windows]
[2020.10.27-16.46.56:147][  0]LogInit: Applying CVar settings loaded from the selected device profile: [Windows]
[2020.10.27-16.46.56:147][  0]LogHAL: Display: Platform has ~ 16 GB [17130000384 / 17179869184 / 16], which maps to Larger [LargestMinGB=32, LargerMinGB=12, DefaultMinGB=8, SmallerMinGB=6, SmallestMinGB=0)
[2020.10.27-16.46.56:147][  0]LogInit: Going up to parent DeviceProfile []
[2020.10.27-16.46.56:147][  0]LogConfig: Applying CVar settings from Section [ViewDistanceQuality@3] File [E:/Unreal/JAM/JAM_UE4/Jam_UE4/Saved/Config/Windows/Scalability.ini]
[2020.10.27-16.46.56:147][  0]LogConfig: Setting CVar [[r.SkeletalMeshLODBias:0]]
[2020.10.27-16.46.56:147][  0]LogConfig: Setting CVar [[r.ViewDistanceScale:1.0]]
[2020.10.27-16.46.56:147][  0]LogConfig: Applying CVar settings from Section [AntiAliasingQuality@3] File [E:/Unreal/JAM/JAM_UE4/Jam_UE4/Saved/Config/Windows/Scalability.ini]
[2020.10.27-16.46.56:147][  0]LogConfig: Setting CVar [[r.PostProcessAAQuality:4]]
[2020.10.27-16.46.56:147][  0]LogConfig: Applying CVar settings from Section [ShadowQuality@3] File [E:/Unreal/JAM/JAM_UE4/Jam_UE4/Saved/Config/Windows/Scalability.ini]
[2020.10.27-16.46.56:147][  0]LogConfig: Setting CVar [[r.LightFunctionQuality:1]]
[2020.10.27-16.46.56:147][  0]LogConfig: Setting CVar [[r.ShadowQuality:5]]
[2020.10.27-16.46.56:147][  0]LogConfig: Setting CVar [[r.Shadow.CSM.MaxCascades:10]]
[2020.10.27-16.46.56:147][  0]LogConfig: Setting CVar [[r.Shadow.MaxResolution:2048]]
[2020.10.27-16.46.56:147][  0]LogConfig: Setting CVar [[r.Shadow.MaxCSMResolution:2048]]
[2020.10.27-16.46.56:147][  0]LogConfig: Setting CVar [[r.Shadow.RadiusThreshold:0.01]]
[2020.10.27-16.46.56:147][  0]LogConfig: Setting CVar [[r.Shadow.DistanceScale:1.0]]
[2020.10.27-16.46.56:147][  0]LogConfig: Setting CVar [[r.Shadow.CSM.TransitionScale:1.0]]
[2020.10.27-16.46.56:147][  0]LogConfig: Setting CVar [[r.Shadow.PreShadowResolutionFactor:1.0]]
[2020.10.27-16.46.56:147][  0]LogConfig: Setting CVar [[r.DistanceFieldShadowing:1]]
[2020.10.27-16.46.56:147][  0]LogConfig: Setting CVar [[r.DistanceFieldAO:1]]
[2020.10.27-16.46.56:147][  0]LogConfig: Setting CVar [[r.AOQuality:2]]
[2020.10.27-16.46.56:147][  0]LogConfig: Setting CVar [[r.VolumetricFog:1]]
[2020.10.27-16.46.56:147][  0]LogConfig: Setting CVar [[r.VolumetricFog.GridPixelSize:8]]
[2020.10.27-16.46.56:147][  0]LogConfig: Setting CVar [[r.VolumetricFog.GridSizeZ:128]]
[2020.10.27-16.46.56:147][  0]LogConfig: Setting CVar [[r.VolumetricFog.HistoryMissSupersampleCount:4]]
[2020.10.27-16.46.56:147][  0]LogConfig: Setting CVar [[r.LightMaxDrawDistanceScale:1]]
[2020.10.27-16.46.56:147][  0]LogConfig: Setting CVar [[r.CapsuleShadows:1]]
[2020.10.27-16.46.56:147][  0]LogConfig: Applying CVar settings from Section [PostProcessQuality@3] File [E:/Unreal/JAM/JAM_UE4/Jam_UE4/Saved/Config/Windows/Scalability.ini]
[2020.10.27-16.46.56:147][  0]LogConfig: Setting CVar [[r.MotionBlurQuality:4]]
[2020.10.27-16.46.56:147][  0]LogConfig: Setting CVar [[r.AmbientOcclusionMipLevelFactor:0.4]]
[2020.10.27-16.46.56:147][  0]LogConfig: Setting CVar [[r.AmbientOcclusionMaxQuality:100]]
[2020.10.27-16.46.56:147][  0]LogConfig: Setting CVar [[r.AmbientOcclusionLevels:-1]]
[2020.10.27-16.46.56:147][  0]LogConfig: Setting CVar [[r.AmbientOcclusionRadiusScale:1.0]]
[2020.10.27-16.46.56:147][  0]LogConfig: Setting CVar [[r.DepthOfFieldQuality:2]]
[2020.10.27-16.46.56:147][  0]LogConfig: Setting CVar [[r.RenderTargetPoolMin:400]]
[2020.10.27-16.46.56:147][  0]LogConfig: Setting CVar [[r.LensFlareQuality:2]]
[2020.10.27-16.46.56:147][  0]LogConfig: Setting CVar [[r.SceneColorFringeQuality:1]]
[2020.10.27-16.46.56:147][  0]LogConfig: Setting CVar [[r.EyeAdaptationQuality:2]]
[2020.10.27-16.46.56:147][  0]LogConfig: Setting CVar [[r.BloomQuality:5]]
[2020.10.27-16.46.56:147][  0]LogConfig: Setting CVar [[r.FastBlurThreshold:100]]
[2020.10.27-16.46.56:147][  0]LogConfig: Setting CVar [[r.Upscale.Quality:3]]
[2020.10.27-16.46.56:147][  0]LogConfig: Setting CVar [[r.Tonemapper.GrainQuantization:1]]
[2020.10.27-16.46.56:147][  0]LogConfig: Setting CVar [[r.LightShaftQuality:1]]
[2020.10.27-16.46.56:148][  0]LogConfig: Setting CVar [[r.Filter.SizeScale:1]]
[2020.10.27-16.46.56:148][  0]LogConfig: Setting CVar [[r.Tonemapper.Quality:5]]
[2020.10.27-16.46.56:148][  0]LogConfig: Setting CVar [[r.DOF.Gather.AccumulatorQuality:1        ; higher gathering accumulator quality]]
[2020.10.27-16.46.56:148][  0]LogConfig: Setting CVar [[r.DOF.Gather.PostfilterMethod:1          ; Median3x3 postfilering method]]
[2020.10.27-16.46.56:148][  0]LogConfig: Setting CVar [[r.DOF.Gather.EnableBokehSettings:0       ; no bokeh simulation when gathering]]
[2020.10.27-16.46.56:148][  0]LogConfig: Setting CVar [[r.DOF.Gather.RingCount:4                 ; medium number of samples when gathering]]
[2020.10.27-16.46.56:148][  0]LogConfig: Setting CVar [[r.DOF.Scatter.ForegroundCompositing:1    ; additive foreground scattering]]
[2020.10.27-16.46.56:148][  0]LogConfig: Setting CVar [[r.DOF.Scatter.BackgroundCompositing:2    ; additive background scattering]]
[2020.10.27-16.46.56:148][  0]LogConfig: Setting CVar [[r.DOF.Scatter.EnableBokehSettings:1      ; bokeh simulation when scattering]]
[2020.10.27-16.46.56:148][  0]LogConfig: Setting CVar [[r.DOF.Scatter.MaxSpriteRatio:0.1         ; only a maximum of 10% of scattered bokeh]]
[2020.10.27-16.46.56:148][  0]LogConfig: Setting CVar [[r.DOF.Recombine.Quality:1                ; cheap slight out of focus]]
[2020.10.27-16.46.56:148][  0]LogConfig: Setting CVar [[r.DOF.Recombine.EnableBokehSettings:0    ; no bokeh simulation on slight out of focus]]
[2020.10.27-16.46.56:148][  0]LogConfig: Setting CVar [[r.DOF.TemporalAAQuality:1                ; more stable temporal accumulation]]
[2020.10.27-16.46.56:148][  0]LogConfig: Setting CVar [[r.DOF.Kernel.MaxForegroundRadius:0.025]]
[2020.10.27-16.46.56:148][  0]LogConfig: Setting CVar [[r.DOF.Kernel.MaxBackgroundRadius:0.025]]
[2020.10.27-16.46.56:148][  0]LogConfig: Applying CVar settings from Section [TextureQuality@3] File [E:/Unreal/JAM/JAM_UE4/Jam_UE4/Saved/Config/Windows/Scalability.ini]
[2020.10.27-16.46.56:148][  0]LogConfig: Setting CVar [[r.Streaming.MipBias:0]]
[2020.10.27-16.46.56:148][  0]LogConfig: Setting CVar [[r.Streaming.AmortizeCPUToGPUCopy:0]]
[2020.10.27-16.46.56:148][  0]LogConfig: Setting CVar [[r.Streaming.MaxNumTexturesToStreamPerFrame:0]]
[2020.10.27-16.46.56:148][  0]LogConfig: Setting CVar [[r.Streaming.Boost:1]]
[2020.10.27-16.46.56:148][  0]LogConfig: Setting CVar [[r.MaxAnisotropy:8]]
[2020.10.27-16.46.56:148][  0]LogConfig: Setting CVar [[r.VT.MaxAnisotropy:8]]
[2020.10.27-16.46.56:148][  0]LogConfig: Setting CVar [[r.Streaming.LimitPoolSizeToVRAM:0]]
[2020.10.27-16.46.56:148][  0]LogConfig: Setting CVar [[r.Streaming.PoolSize:1000]]
[2020.10.27-16.46.56:148][  0]LogConfig: Setting CVar [[r.Streaming.MaxEffectiveScreenSize:0]]
[2020.10.27-16.46.56:148][  0]LogConfig: Applying CVar settings from Section [EffectsQuality@3] File [E:/Unreal/JAM/JAM_UE4/Jam_UE4/Saved/Config/Windows/Scalability.ini]
[2020.10.27-16.46.56:148][  0]LogConfig: Setting CVar [[r.TranslucencyLightingVolumeDim:64]]
[2020.10.27-16.46.56:148][  0]LogConfig: Setting CVar [[r.RefractionQuality:2]]
[2020.10.27-16.46.56:148][  0]LogConfig: Setting CVar [[r.SSR.Quality:3]]
[2020.10.27-16.46.56:148][  0]LogConfig: Setting CVar [[r.SSR.HalfResSceneColor:0]]
[2020.10.27-16.46.56:148][  0]LogConfig: Setting CVar [[r.SceneColorFormat:4]]
[2020.10.27-16.46.56:148][  0]LogConfig: Setting CVar [[r.DetailMode:2]]
[2020.10.27-16.46.56:148][  0]LogConfig: Setting CVar [[r.TranslucencyVolumeBlur:1]]
[2020.10.27-16.46.56:148][  0]LogConfig: Setting CVar [[r.MaterialQualityLevel:1 ; High quality]]
[2020.10.27-16.46.56:148][  0]LogConfig: Setting CVar [[r.SSS.Scale:1]]
[2020.10.27-16.46.56:148][  0]LogConfig: Setting CVar [[r.SSS.SampleSet:2]]
[2020.10.27-16.46.56:148][  0]LogConfig: Setting CVar [[r.SSS.Quality:1]]
[2020.10.27-16.46.56:148][  0]LogConfig: Setting CVar [[r.SSS.HalfRes:0]]
[2020.10.27-16.46.56:148][  0]LogConfig: Setting CVar [[r.SSGI.Quality:3]]
[2020.10.27-16.46.56:148][  0]LogConfig: Setting CVar [[r.EmitterSpawnRateScale:1.0]]
[2020.10.27-16.46.56:148][  0]LogConfig: Setting CVar [[r.ParticleLightQuality:2]]
[2020.10.27-16.46.56:148][  0]LogConfig: Setting CVar [[r.SkyAtmosphere.AerialPerspectiveLUT.FastApplyOnOpaque:1 ; Always have FastSkyLUT 1 in this case to avoid wrong sky]]
[2020.10.27-16.46.56:148][  0]LogConfig: Setting CVar [[r.SkyAtmosphere.AerialPerspectiveLUT.SampleCountPerSlice:1]]
[2020.10.27-16.46.56:148][  0]LogConfig: Setting CVar [[r.SkyAtmosphere.AerialPerspectiveLUT.DepthResolution:16.0]]
[2020.10.27-16.46.56:148][  0]LogConfig: Setting CVar [[r.SkyAtmosphere.FastSkyLUT:1]]
[2020.10.27-16.46.56:148][  0]LogConfig: Setting CVar [[r.SkyAtmosphere.FastSkyLUT.SampleCountMin:4.0]]
[2020.10.27-16.46.56:148][  0]LogConfig: Setting CVar [[r.SkyAtmosphere.FastSkyLUT.SampleCountMax:32.0]]
[2020.10.27-16.46.56:148][  0]LogConfig: Setting CVar [[r.SkyAtmosphere.SampleCountMin:4.0]]
[2020.10.27-16.46.56:148][  0]LogConfig: Setting CVar [[r.SkyAtmosphere.SampleCountMax:32.0]]
[2020.10.27-16.46.56:148][  0]LogConfig: Setting CVar [[r.SkyAtmosphere.TransmittanceLUT.UseSmallFormat:0]]
[2020.10.27-16.46.56:148][  0]LogConfig: Setting CVar [[r.SkyAtmosphere.TransmittanceLUT.SampleCount:10.0]]
[2020.10.27-16.46.56:148][  0]LogConfig: Setting CVar [[r.SkyAtmosphere.MultiScatteringLUT.SampleCount:15.0]]
[2020.10.27-16.46.56:148][  0]LogConfig: Applying CVar settings from Section [FoliageQuality@3] File [E:/Unreal/JAM/JAM_UE4/Jam_UE4/Saved/Config/Windows/Scalability.ini]
[2020.10.27-16.46.56:148][  0]LogConfig: Setting CVar [[foliage.DensityScale:1.0]]
[2020.10.27-16.46.56:148][  0]LogConfig: Setting CVar [[grass.DensityScale:1.0]]
[2020.10.27-16.46.56:148][  0]LogConfig: Applying CVar settings from Section [ShadingQuality@3] File [E:/Unreal/JAM/JAM_UE4/Jam_UE4/Saved/Config/Windows/Scalability.ini]
[2020.10.27-16.46.56:148][  0]LogConfig: Setting CVar [[r.HairStrands.SkyLighting.SampleCount:16]]
[2020.10.27-16.46.56:148][  0]LogConfig: Setting CVar [[r.HairStrands.SkyLighting.JitterIntegration:0]]
[2020.10.27-16.46.56:148][  0]LogConfig: Setting CVar [[r.HairStrands.SkyAO.SampleCount:16]]
[2020.10.27-16.46.56:149][  0]LogConfig: Setting CVar [[r.HairStrands.DeepShadow.SuperSampling:0]]
[2020.10.27-16.46.56:149][  0]LogConfig: Setting CVar [[r.HairStrands.VisibilityPPLL:0]]
[2020.10.27-16.46.56:149][  0]LogConfig: Setting CVar [[r.HairStrands.RasterizationScale:0.5]]
[2020.10.27-16.46.56:149][  0]LogConfig: Setting CVar [[r.HairStrands.VelocityRasterizationScale:1]]
[2020.10.27-16.46.56:149][  0]LogConfig: Applying CVar settings from Section [Startup] File [../../../Engine/Config/ConsoleVariables.ini]
[2020.10.27-16.46.56:149][  0]LogConfig: Setting CVar [[net.UseAdaptiveNetUpdateFrequency:0]]
[2020.10.27-16.46.56:149][  0]LogConfig: Setting CVar [[p.chaos.AllowCreatePhysxBodies:1]]
[2020.10.27-16.46.56:149][  0]LogConfig: Setting CVar [[fx.SkipVectorVMBackendOptimizations:1]]
[2020.10.27-16.46.56:149][  0]LogConfig: Applying CVar settings from Section [ConsoleVariables] File [E:/Unreal/JAM/JAM_UE4/Jam_UE4/Saved/Config/Windows/Engine.ini]
[2020.10.27-16.46.56:149][  0]LogInit: Computer: TLSS0107
[2020.10.27-16.46.56:149][  0]LogInit: User: game3
[2020.10.27-16.46.56:149][  0]LogInit: CPU Page size=4096, Cores=4
[2020.10.27-16.46.56:149][  0]LogInit: High frequency timer resolution =3.515626 MHz
[2020.10.27-16.46.56:149][  0]LogMemory: Memory total: Physical=16.0GB (16GB approx)
[2020.10.27-16.46.56:149][  0]LogMemory: Platform Memory Stats for Windows
[2020.10.27-16.46.56:149][  0]LogMemory: Process Physical Memory: 112.57 MB used, 112.57 MB peak
[2020.10.27-16.46.56:149][  0]LogMemory: Process Virtual Memory: 95.89 MB used, 95.89 MB peak
[2020.10.27-16.46.56:149][  0]LogMemory: Physical Memory: 5126.42 MB used,  11210.02 MB free, 16336.44 MB total
[2020.10.27-16.46.56:149][  0]LogMemory: Virtual Memory: 5154.65 MB used,  134212576.00 MB free, 134217728.00 MB total
[2020.10.27-16.46.56:154][  0]LogWindows: WindowsPlatformFeatures enabled
[2020.10.27-16.46.56:183][  0]LogInit: Physics initialised using underlying interface: PhysX
[2020.10.27-16.46.56:183][  0]LogInit: Using OS detected language (fr-FR).
[2020.10.27-16.46.56:183][  0]LogInit: Using OS detected locale (fr-FR).
[2020.10.27-16.46.56:185][  0]LogTextLocalizationManager: No specific localization for 'fr-FR' exists, so the 'fr' localization will be used.
[2020.10.27-16.46.56:185][  0]LogTextLocalizationResource: LocRes '../../../Engine/Content/Localization/Editor/fr/Editor.locres' could not be opened for reading!
[2020.10.27-16.46.56:185][  0]LogTextLocalizationResource: LocRes '../../../Engine/Content/Localization/EditorTutorials/fr/EditorTutorials.locres' could not be opened for reading!
[2020.10.27-16.46.56:186][  0]LogTextLocalizationResource: LocRes '../../../Engine/Content/Localization/Keywords/fr/Keywords.locres' could not be opened for reading!
[2020.10.27-16.46.56:186][  0]LogTextLocalizationResource: LocRes '../../../Engine/Content/Localization/Category/fr/Category.locres' could not be opened for reading!
[2020.10.27-16.46.56:186][  0]LogTextLocalizationResource: LocRes '../../../Engine/Content/Localization/ToolTips/fr/ToolTips.locres' could not be opened for reading!
[2020.10.27-16.46.56:186][  0]LogTextLocalizationResource: LocRes '../../../Engine/Content/Localization/PropertyNames/fr/PropertyNames.locres' could not be opened for reading!
[2020.10.27-16.46.56:186][  0]LogTextLocalizationResource: LocRes '../../../Engine/Content/Localization/Engine/fr/Engine.locres' could not be opened for reading!
[2020.10.27-16.46.56:186][  0]LogInit: Setting process to per monitor DPI aware
[2020.10.27-16.46.56:213][  0]LogSlate: New Slate User Created.  User Index 0, Is Virtual User: 0
[2020.10.27-16.46.56:213][  0]LogSlate: Slate User Registered.  User Index 0, Is Virtual User: 0
[2020.10.27-16.46.56:341][  0]LogHMD: Failed to initialize OpenVR with code 110
[2020.10.27-16.46.56:341][  0]LogD3D11RHI: D3D11 min allowed feature level: 11_0
[2020.10.27-16.46.56:341][  0]LogD3D11RHI: D3D11 max allowed feature level: 11_0
[2020.10.27-16.46.56:341][  0]LogD3D11RHI: D3D11 adapters:
[2020.10.27-16.46.56:388][  0]LogD3D11RHI:    0. 'NVIDIA GeForce GTX 1060 6GB' (Feature Level 11_0)
[2020.10.27-16.46.56:388][  0]LogD3D11RHI:       6052/0/8168 MB DedicatedVideo/DedicatedSystem/SharedSystem, Outputs:1, VendorId:0x10de
[2020.10.27-16.46.56:390][  0]LogD3D11RHI:    1. 'Microsoft Basic Render Driver' (Feature Level 11_0)
[2020.10.27-16.46.56:390][  0]LogD3D11RHI:       0/0/8168 MB DedicatedVideo/DedicatedSystem/SharedSystem, Outputs:0, VendorId:0x1414
[2020.10.27-16.46.56:390][  0]LogD3D11RHI: Chosen D3D11 Adapter: 0
[2020.10.27-16.46.56:397][  0]LogD3D11RHI: Creating new Direct3DDevice
[2020.10.27-16.46.56:397][  0]LogD3D11RHI:     GPU DeviceId: 0x1c03 (for the marketing name, search the web for "GPU Device Id")
[2020.10.27-16.46.56:397][  0]LogWindows: EnumDisplayDevices:
[2020.10.27-16.46.56:397][  0]LogWindows:    0. 'NVIDIA GeForce GTX 1060 6GB' (P:1 D:1)
[2020.10.27-16.46.56:397][  0]LogWindows:    1. 'NVIDIA GeForce GTX 1060 6GB' (P:0 D:0)
[2020.10.27-16.46.56:397][  0]LogWindows:    2. 'NVIDIA GeForce GTX 1060 6GB' (P:0 D:0)
[2020.10.27-16.46.56:398][  0]LogWindows:    3. 'NVIDIA GeForce GTX 1060 6GB' (P:0 D:0)
[2020.10.27-16.46.56:398][  0]LogWindows: DebugString: FoundDriverCount:4 
[2020.10.27-16.46.56:398][  0]LogD3D11RHI:     Adapter Name: NVIDIA GeForce GTX 1060 6GB
[2020.10.27-16.46.56:398][  0]LogD3D11RHI:   Driver Version: 432.00 (internal:26.21.14.3200, unified:432.00)
[2020.10.27-16.46.56:398][  0]LogD3D11RHI:      Driver Date: 7-24-2019
[2020.10.27-16.46.56:398][  0]LogRHI: Texture pool is 4236 MB (70% of 6052 MB)
[2020.10.27-16.46.56:426][  0]LogD3D11RHI: RHI has support for 64 bit atomics
[2020.10.27-16.46.56:426][  0]LogD3D11RHI: Async texture creation enabled
[2020.10.27-16.46.56:426][  0]LogD3D11RHI: Array index from any shader is supported
[2020.10.27-16.46.56:482][  0]LogD3D11RHI: GPU Timing Frequency: 1000.000000 (Debug: 2 1)
[2020.10.27-16.46.57:019][  0]LogTargetPlatformManager: Display: Loaded TargetPlatform 'AllDesktop'
[2020.10.27-16.46.57:036][  0]LogTargetPlatformManager: Display: Loaded TargetPlatform 'Android'
[2020.10.27-16.46.57:036][  0]LogTargetPlatformManager: Display: Loaded TargetPlatform 'Android_ASTC'
[2020.10.27-16.46.57:036][  0]LogTargetPlatformManager: Display: Loaded TargetPlatform 'Android_DXT'
[2020.10.27-16.46.57:036][  0]LogTargetPlatformManager: Display: Loaded TargetPlatform 'Android_ETC2'
[2020.10.27-16.46.57:036][  0]LogTargetPlatformManager: Display: Loaded TargetPlatform 'AndroidClient'
[2020.10.27-16.46.57:036][  0]LogTargetPlatformManager: Display: Loaded TargetPlatform 'Android_ASTCClient'
[2020.10.27-16.46.57:036][  0]LogTargetPlatformManager: Display: Loaded TargetPlatform 'Android_DXTClient'
[2020.10.27-16.46.57:036][  0]LogTargetPlatformManager: Display: Loaded TargetPlatform 'Android_ETC2Client'
[2020.10.27-16.46.57:036][  0]LogTargetPlatformManager: Display: Loaded TargetPlatform 'Android_Multi'
[2020.10.27-16.46.57:036][  0]LogTargetPlatformManager: Display: Loaded TargetPlatform 'Android_MultiClient'
[2020.10.27-16.46.57:054][  0]LogTargetPlatformManager: Display: Loaded TargetPlatform 'IOSClient'
[2020.10.27-16.46.57:054][  0]LogTargetPlatformManager: Display: Loaded TargetPlatform 'IOS'
[2020.10.27-16.46.57:063][  0]LogTargetPlatformManager: Display: Loaded TargetPlatform 'Linux'
[2020.10.27-16.46.57:070][  0]LogTargetPlatformManager: Display: Loaded TargetPlatform 'LinuxNoEditor'
[2020.10.27-16.46.57:077][  0]LogTargetPlatformManager: Display: Loaded TargetPlatform 'LinuxClient'
[2020.10.27-16.46.57:084][  0]LogTargetPlatformManager: Display: Loaded TargetPlatform 'LinuxServer'
[2020.10.27-16.46.57:091][  0]LogTargetPlatformManager: Display: Loaded TargetPlatform 'LinuxAArch64NoEditor'
[2020.10.27-16.46.57:099][  0]LogTargetPlatformManager: Display: Loaded TargetPlatform 'LinuxAArch64Client'
[2020.10.27-16.46.57:108][  0]LogTargetPlatformManager: Display: Loaded TargetPlatform 'LinuxAArch64Server'
[2020.10.27-16.46.57:128][  0]LogTargetPlatformManager: Display: Loaded TargetPlatform 'Lumin'
[2020.10.27-16.46.57:128][  0]LogTargetPlatformManager: Display: Loaded TargetPlatform 'LuminClient'
[2020.10.27-16.46.57:144][  0]LogTargetPlatformManager: Display: Loaded TargetPlatform 'TVOSClient'
[2020.10.27-16.46.57:144][  0]LogTargetPlatformManager: Display: Loaded TargetPlatform 'TVOS'
[2020.10.27-16.46.57:151][  0]LogTargetPlatformManager: Display: Loaded TargetPlatform 'WindowsNoEditor'
[2020.10.27-16.46.57:158][  0]LogTargetPlatformManager: Display: Loaded TargetPlatform 'Windows'
[2020.10.27-16.46.57:167][  0]LogTargetPlatformManager: Display: Loaded TargetPlatform 'WindowsClient'
[2020.10.27-16.46.57:176][  0]LogTargetPlatformManager: Display: Loaded TargetPlatform 'WindowsServer'
[2020.10.27-16.46.57:176][  0]LogTargetPlatformManager: Display: Building Assets For Windows
[2020.10.27-16.46.57:183][  0]LogAudioDebug: Display: Lib vorbis DLL was dynamically loaded.
[2020.10.27-16.46.57:229][  0]LogShaderCompilers: Guid format shader working directory is 19 characters bigger than the processId version (../../../../JAM/JAM_UE4/Jam_UE4/Intermediate/Shaders/WorkingDirectory/11400/).
[2020.10.27-16.46.57:229][  0]LogShaderCompilers: Cleaned the shader compiler working directory 'C:/Users/game3.ETPA/AppData/Local/Temp/UnrealShaderWorkingDir/652E479145D80D90F59843AEFEF01344/'.
[2020.10.27-16.46.57:229][  0]LogXGEController: Cannot use XGE Controller as Incredibuild is not installed on this machine.
[2020.10.27-16.46.57:229][  0]LogShaderCompilers: Cannot use XGE Shader Compiler as Incredibuild is not installed on this machine.
[2020.10.27-16.46.57:229][  0]LogShaderCompilers: Display: Using Local Shader Compiler.
[2020.10.27-16.46.57:950][  0]LogDerivedDataCache: Display: Max Cache Size: 512 MB
[2020.10.27-16.46.58:001][  0]LogDerivedDataCache: Loaded boot cache 0.05s 76MB C:/Users/game3.ETPA/AppData/Local/UnrealEngine/4.25/DerivedDataCache/Boot.ddc.
[2020.10.27-16.46.58:001][  0]LogDerivedDataCache: Display: Loaded Boot cache: C:/Users/game3.ETPA/AppData/Local/UnrealEngine/4.25/DerivedDataCache/Boot.ddc
[2020.10.27-16.46.58:001][  0]LogDerivedDataCache: FDerivedDataBackendGraph:  Pak pak cache file ../../../../JAM/JAM_UE4/Jam_UE4/DerivedDataCache/DDC.ddp not found, will not use a pak cache.
[2020.10.27-16.46.58:001][  0]LogDerivedDataCache: Unable to find inner node Pak for hierarchical cache Hierarchy.
[2020.10.27-16.46.58:001][  0]LogDerivedDataCache: FDerivedDataBackendGraph:  CompressedPak pak cache file ../../../../JAM/JAM_UE4/Jam_UE4/DerivedDataCache/Compressed.ddp not found, will not use a pak cache.
[2020.10.27-16.46.58:001][  0]LogDerivedDataCache: Unable to find inner node CompressedPak for hierarchical cache Hierarchy.
[2020.10.27-16.46.58:009][  0]LogDerivedDataCache: Display: Pak cache opened for reading ../../../Engine/DerivedDataCache/Compressed.ddp.
[2020.10.27-16.46.58:009][  0]LogDerivedDataCache: FDerivedDataBackendGraph:  EnterprisePak pak cache file ../../../Enterprise/DerivedDataCache/Compressed.ddp not found, will not use a pak cache.
[2020.10.27-16.46.58:009][  0]LogDerivedDataCache: Unable to find inner node EnterprisePak for hierarchical cache Hierarchy.
[2020.10.27-16.46.58:010][  0]LogDerivedDataCache: Using Local data cache path C:/Users/game3.ETPA/AppData/Local/UnrealEngine/Common/DerivedDataCache: Writable
[2020.10.27-16.46.58:011][  0]LogDerivedDataCache: Shared data cache path not found in *engine.ini, will not use an Shared cache.
[2020.10.27-16.46.58:011][  0]LogDerivedDataCache: Unable to find inner node Shared for hierarchical cache Hierarchy.
[2020.10.27-16.46.58:060][  0]LogSlate: Using FreeType 2.10.0
[2020.10.27-16.46.58:061][  0]LogSlate: SlateFontServices - WITH_FREETYPE: 1, WITH_HARFBUZZ: 1
[2020.10.27-16.46.58:080][  0]LogAssetRegistry: FAssetRegistry took 0.0019 seconds to start up
[2020.10.27-16.46.58:286][  0]LogInit: Selected Device Profile: [Windows]
[2020.10.27-16.46.58:406][  0]LogMeshReduction: Using QuadricMeshReduction for automatic static mesh reduction
[2020.10.27-16.46.58:406][  0]LogMeshReduction: Using SimplygonMeshReduction for automatic skeletal mesh reduction
[2020.10.27-16.46.58:406][  0]LogMeshReduction: Using ProxyLODMeshReduction for automatic mesh merging
[2020.10.27-16.46.58:406][  0]LogMeshReduction: No distributed automatic mesh merging module available
[2020.10.27-16.46.58:406][  0]LogMeshMerging: No distributed automatic mesh merging module available
[2020.10.27-16.46.58:419][  0]LogNetVersion: Jam_UE4 1.0.0, NetCL: 13144385, EngineNetVer: 14, GameNetVer: 0 (Checksum: 1665728394)
[2020.10.27-16.46.58:762][  0]LogAISub: UAISubsystem::UAISubsystem AISubsystem (00000213A30AA680), frame # 0
[2020.10.27-16.46.58:762][  0]LogAISub: UAISubsystem::UAISubsystem AIPerceptionSystem (00000213A302B740), frame # 0
[2020.10.27-16.46.58:763][  0]LogAISub: UAISubsystem::UAISubsystem EnvQueryManager (00000213A30ACA00), frame # 0
[2020.10.27-16.46.59:122][  0]LogPackageLocalizationCache: Processed 19 localized package path(s) for 1 prioritized culture(s) in 0.353127 seconds
[2020.10.27-16.46.59:127][  0]LogUObjectArray: 15917 objects as part of root set at end of initial load.
[2020.10.27-16.46.59:127][  0]LogUObjectAllocator: 3965568 out of 0 bytes used by permanent object pool.
[2020.10.27-16.46.59:127][  0]LogUObjectArray: CloseDisregardForGC: 0/0 objects in disregard for GC pool
[2020.10.27-16.46.59:448][  0]LogTcpMessaging: Initializing TcpMessaging bridge
[2020.10.27-16.46.59:451][  0]LogUdpMessaging: Initializing bridge on interface 0.0.0.0:0 to multicast group 230.0.0.1:6666.
[2020.10.27-16.46.59:599][  0]SourceControl: Source control is disabled
[2020.10.27-16.46.59:599][  0]SourceControl: Source control is disabled
[2020.10.27-16.46.59:602][  0]SourceControl: Source control is disabled
[2020.10.27-16.46.59:604][  0]SourceControl: Source control is disabled
[2020.10.27-16.46.59:611][  0]SourceControl: Source control is disabled
[2020.10.27-16.46.59:808][  0]LogAndroidPermission: UAndroidPermissionCallbackProxy::GetInstance
[2020.10.27-16.46.59:824][  0]LogAudioCaptureCore: Display: No Audio Capture implementations found. Audio input will be silent.
[2020.10.27-16.46.59:824][  0]LogAudioCaptureCore: Display: No Audio Capture implementations found. Audio input will be silent.
[2020.10.27-16.46.59:870][  0]LogOcInput: OculusInput pre-init called
[2020.10.27-16.46.59:878][  0]LogWindows: Failed to load 'OVRPlugin.dll' (GetLastError=126)
[2020.10.27-16.46.59:878][  0]LogWindows: File 'OVRPlugin.dll' does not exist
[2020.10.27-16.46.59:934][  0]LogEngine: Initializing Engine...
[2020.10.27-16.46.59:936][  0]LogHMD: Failed to initialize OpenVR with code 110
[2020.10.27-16.46.59:936][  0]LogMagicLeap: Warning: VR disabled because ZI is not enabled.  To enable, in the editor, Edit -> Project Settings -> Plugins -> Magic Leap Plugin -> Enable Zero Iteration
[2020.10.27-16.46.59:937][  0]LogStats: UGameplayTagsManager::InitializeManager -  0.000 s
[2020.10.27-16.47.00:057][  0]LogInit: Initializing FReadOnlyCVARCache
[2020.10.27-16.47.00:063][  0]LogAIModule: Creating AISystem for world Untitled
[2020.10.27-16.47.00:064][  0]LogAISub: UAISubsystem::UAISubsystem EnvQueryManager (00000213B2671A00), frame # 0
[2020.10.27-16.47.00:064][  0]LogAISub: UAISubsystem::UAISubsystem AIPerceptionSystem (00000213B264FB00), frame # 0
[2020.10.27-16.47.00:072][  0]LogAudioMixer: Display: Audio Mixer Platform Settings:
[2020.10.27-16.47.00:072][  0]LogAudioMixer: Display: 	Sample Rate:						  48000
[2020.10.27-16.47.00:072][  0]LogAudioMixer: Display: 	Callback Buffer Frame Size Requested: 1024
[2020.10.27-16.47.00:072][  0]LogAudioMixer: Display: 	Callback Buffer Frame Size To Use:	  1024
[2020.10.27-16.47.00:072][  0]LogAudioMixer: Display: 	Number of buffers to queue:			  2
[2020.10.27-16.47.00:072][  0]LogAudioMixer: Display: 	Max Channels (voices):				  32
[2020.10.27-16.47.00:072][  0]LogAudioMixer: Display: 	Number of Async Source Workers:		  0
[2020.10.27-16.47.00:072][  0]LogAudio: Display: AudioDevice MaxSources: 32
[2020.10.27-16.47.00:073][  0]LogAudio: Display: Using built-in audio occlusion.
[2020.10.27-16.47.00:073][  0]LogAudioMixer: Display: Initializing audio mixer.
[2020.10.27-16.47.00:082][  0]LogAudioMixer: Display: 0: FrontLeft
[2020.10.27-16.47.00:082][  0]LogAudioMixer: Display: 1: FrontRight
[2020.10.27-16.47.00:135][  0]LogAudioMixer: Display: Using Audio Device Realtek Digital Output (Realtek(R) Audio)
[2020.10.27-16.47.00:139][  0]LogAudioMixer: Display: Initializing Sound Submixes...
[2020.10.27-16.47.00:140][  0]LogAudioMixer: Display: Creating Master Submix 'MasterSubmixDefault'
[2020.10.27-16.47.00:140][  0]LogAudioMixer: Display: Creating Master Submix 'MasterReverbSubmixDefault'
[2020.10.27-16.47.00:141][  0]LogAudioMixer: Display: Creating Master Submix 'MasterEQSubmixDefault'
[2020.10.27-16.47.00:142][  0]LogInit: FAudioDevice initialized.
[2020.10.27-16.47.00:142][  0]LogNetVersion: Set ProjectVersion to 1.0.0.0. Version Checksum will be recalculated on next use.
[2020.10.27-16.47.00:218][  0]LogDerivedDataCache: Saved boot cache 0.08s 76MB C:/Users/game3.ETPA/AppData/Local/UnrealEngine/4.25/DerivedDataCache/Boot.ddc.
[2020.10.27-16.47.00:221][  0]LogInit: Texture streaming: Enabled
[2020.10.27-16.47.00:234][  0]LogEngineSessionManager: EngineSessionManager initialized
[2020.10.27-16.47.00:234][  0]LogEditorSessionSummary: Verbose: Initializing EditorSessionSummaryWriter for editor session tracking
[2020.10.27-16.47.00:235][  0]LogEditorSessionSummary: EditorSessionSummaryWriter initialized
[2020.10.27-16.47.00:286][  0]LogInit: Transaction tracking system initialized
[2020.10.27-16.47.00:303][  0]BlueprintLog: New page: Editor Load
[2020.10.27-16.47.00:360][  0]LocalizationService: Localization service is disabled
[2020.10.27-16.47.00:527][  0]LogCook: Display: Max memory allowance for cook 16384mb min free memory 0mb
[2020.10.27-16.47.00:527][  0]LogCook: Display: Mobile HDR setting 1
[2020.10.27-16.47.00:634][  0]LogFileCache: Scanning file cache for directory 'E:/Unreal/JAM/JAM_UE4/Jam_UE4/Content/' took 0.01s
[2020.10.27-16.47.00:794][  0]SourceControl: Source control is disabled
[2020.10.27-16.47.00:794][  0]LogUnrealEdMisc: Loading editor; pre map load, took 5.861
[2020.10.27-16.47.00:794][  0]Cmd: MAP LOAD FILE="../../../../JAM/JAM_UE4/Jam_UE4/Content/StarterContent/Maps/Minimal_Default.umap" TEMPLATE=0 SHOWPROGRESS=1 FEATURELEVEL=3
[2020.10.27-16.47.00:807][  0]LightingResults: New page: Lighting Build
[2020.10.27-16.47.00:808][  0]LogWorld: UWorld::CleanupWorld for Untitled, bSessionEnded=true, bCleanupResources=true
[2020.10.27-16.47.00:808][  0]LogSlate: InvalidateAllWidgets triggered.  All widgets were invalidated
[2020.10.27-16.47.00:808][  0]MapCheck: New page: Map Check
[2020.10.27-16.47.00:808][  0]LightingResults: New page: Lighting Build
[2020.10.27-16.47.00:816][  0]LogAISub: UAISubsystem::~UAISubsystem EnvQueryManager (00000213B2671A00), frame # 0
[2020.10.27-16.47.00:816][  0]LogAISub: UAISubsystem::~UAISubsystem AIPerceptionSystem (00000213B264FB00), frame # 0
[2020.10.27-16.47.00:816][  0]LogUObjectHash: Compacting FUObjectHashTables data took   0.53ms
[2020.10.27-16.47.00:895][  0]LogLinker: Warning: While loading '../../../../JAM/JAM_UE4/Jam_UE4/Content/Character/CharacterBP.uasset' failed to load '/Game/Character/CharAnimBlueprint': Can't find file.
[2020.10.27-16.47.00:895][  0]LogLinker: Warning: While loading '../../../../JAM/JAM_UE4/Jam_UE4/Content/Character/CharacterBP.uasset' failed to load '/Game/Character/CharAnimBlueprint': Can't find file.
[2020.10.27-16.47.01:105][  0]LogLinker: Warning: While loading '../../../../JAM/JAM_UE4/Jam_UE4/Content/Character/CharacterBP.uasset' failed to load '/Game/Character/CharAnimBlueprint': Can't find file.
[2020.10.27-16.47.01:105][  0]LogLinker: Warning: While loading '../../../../JAM/JAM_UE4/Jam_UE4/Content/Character/CharacterBP.uasset' failed to load '/Game/Character/CharAnimBlueprint': Can't find file.
[2020.10.27-16.47.01:106][  0]LogLinker: Warning: While loading '../../../../JAM/JAM_UE4/Jam_UE4/Content/GameMode1.uasset' failed to load '/Game/Character/CharAnimBlueprint': Can't find file.
[2020.10.27-16.47.01:106][  0]LogLinker: Warning: While loading '../../../../JAM/JAM_UE4/Jam_UE4/Content/GameMode1.uasset' failed to load '/Game/Character/CharAnimBlueprint': Can't find file.
[2020.10.27-16.47.01:106][  0]LogLinker: Warning: While loading '../../../../JAM/JAM_UE4/Jam_UE4/Content/GameMode1.uasset' failed to load '/Game/Character/CharAnimBlueprint': Can't find file.
[2020.10.27-16.47.01:106][  0]LogLinker: Warning: While loading '../../../../JAM/JAM_UE4/Jam_UE4/Content/GameMode1.uasset' failed to load '/Game/Character/CharAnimBlueprint': Can't find file.
[2020.10.27-16.47.01:106][  0]LogLinker: Warning: While loading '../../../../JAM/JAM_UE4/Jam_UE4/Content/GameMode1.uasset' failed to load '/Game/Character/CharAnimBlueprint': Can't find file.
[2020.10.27-16.47.01:106][  0]LoadErrors: Failed to load /Game/Character/CharAnimBlueprint.CharAnimBlueprint_C Referenced by CharacterMesh0
[2020.10.27-16.47.01:107][  0]LogLinker: Warning: While loading '../../../../JAM/JAM_UE4/Jam_UE4/Content/GameMode1.uasset' failed to load '/Game/Character/CharAnimBlueprint': Can't find file.
[2020.10.27-16.47.01:107][  0]LoadErrors: Failed to load /Game/Character/CharAnimBlueprint.CharAnimBlueprint_C Referenced by CharacterMesh0
[2020.10.27-16.47.01:112][  0]LogBlueprint: Warning: [Compiler CharacterBP] Input Axis Event references unknown Axis 'MoveHorizontal' for  InputAxis MoveHorizontal
[2020.10.27-16.47.01:113][  0]LogBlueprint: Warning: [Compiler CharacterBP] InputAction Event references unknown Action 'Dash' for  InputAction Dash
[2020.10.27-16.47.01:113][  0]LogBlueprint: Warning: [Compiler CharacterBP] Input Axis Event references unknown Axis 'MoveVertical' for  InputAxis MoveVertical
[2020.10.27-16.47.01:113][  0]LogBlueprint: Warning: [Compiler CharacterBP] Input Axis Event references unknown Axis 'AimHorizontal' for  InputAxis AimHorizontal
[2020.10.27-16.47.01:113][  0]LogBlueprint: Warning: [Compiler CharacterBP] Input Axis Event references unknown Axis 'AimVertical' for  InputAxis AimVertical
[2020.10.27-16.47.01:704][  0]LogAIModule: Creating AISystem for world Minimal_Default
[2020.10.27-16.47.01:704][  0]LogAISub: UAISubsystem::UAISubsystem EnvQueryManager (00000213AFC83E00), frame # 0
[2020.10.27-16.47.01:704][  0]LogAISub: UAISubsystem::UAISubsystem AIPerceptionSystem (000002139FC9FC40), frame # 0
[2020.10.27-16.47.01:755][  0]LogEditorServer: Finished looking for orphan Actors (0.000 secs)
[2020.10.27-16.47.01:765][  0]LogUObjectHash: Compacting FUObjectHashTables data took   0.97ms
[2020.10.27-16.47.01:767][  0]Cmd: MAP CHECKDEP NOCLEARLOG
[2020.10.27-16.47.01:767][  0]MapCheck: Map check complete: 0 Error(s), 0 Warning(s), took 0,1ms to complete.
[2020.10.27-16.47.01:767][  0]LogFileHelpers: Loading map 'Minimal_Default' took 0.973
[2020.10.27-16.47.01:779][  0]LogUnrealEdMisc: Total Editor Startup Time, took 6.845
[2020.10.27-16.47.02:036][  0]LogSlate: Updating window title bar state: overlay mode, drag disabled, window buttons hidden, title bar hidden
[2020.10.27-16.47.02:042][  0]LogSlate: Updating window title bar state: overlay mode, drag disabled, window buttons hidden, title bar hidden
[2020.10.27-16.47.02:048][  0]LogSlate: Updating window title bar state: overlay mode, drag disabled, window buttons hidden, title bar hidden
[2020.10.27-16.47.02:053][  0]LogSlate: Updating window title bar state: overlay mode, drag disabled, window buttons hidden, title bar hidden
[2020.10.27-16.47.02:141][  0]LogCollectionManager: Loaded 0 collections in 0.009320 seconds
[2020.10.27-16.47.02:260][  0]LogFileCache: Scanning file cache for directory 'E:/Unreal/JAM/JAM_UE4/Jam_UE4/Saved/Collections/' took 0.00s
[2020.10.27-16.47.02:260][  0]LogFileCache: Scanning file cache for directory 'E:/Unreal/JAM/JAM_UE4/Jam_UE4/Content/Developers/game3/Collections/' took 0.00s
[2020.10.27-16.47.02:260][  0]LogFileCache: Scanning file cache for directory 'E:/Unreal/JAM/JAM_UE4/Jam_UE4/Content/Collections/' took 0.00s
[2020.10.27-16.47.02:260][  0]LogContentBrowser: Native class hierarchy populated in 0.0082 seconds. Added 3428 classes and 823 folders.
[2020.10.27-16.47.02:294][  0]LogContentBrowser: Native class hierarchy updated for 'WidgetCarousel' in 0.0003 seconds. Added 0 classes and 0 folders.
[2020.10.27-16.47.02:844][  0]LogContentBrowser: Native class hierarchy updated for 'AddContentDialog' in 0.0003 seconds. Added 0 classes and 0 folders.
[2020.10.27-16.47.02:872][  0]LogContentBrowser: Native class hierarchy updated for 'SceneOutliner' in 0.0003 seconds. Added 2 classes and 0 folders.
[2020.10.27-16.47.03:208][  0]LogSlate: Took 0.000124 seconds to synchronously load lazily loaded font '../../../Engine/Content/Slate/Fonts/Roboto-Regular.ttf' (155K)
[2020.10.27-16.47.03:216][  0]LogSlate: Took 0.000185 seconds to synchronously load lazily loaded font '../../../Engine/Content/Slate/Fonts/Roboto-Bold.ttf' (160K)
[2020.10.27-16.47.03:235][  0]LogSlate: Took 0.008231 seconds to synchronously load lazily loaded font '../../../Engine/Content/Editor/Slate/Fonts/FontAwesome.ttf' (139K)
[2020.10.27-16.47.03:431][  0]LogRenderer: Reallocating scene render targets to support 1616x652 Format 10 NumSamples 1 (Frame:1).
[2020.10.27-16.47.03:629][  0]LogSlate: Took 0.011727 seconds to synchronously load lazily loaded font '../../../Engine/Content/Slate/Fonts/Roboto-Light.ttf' (167K)
[2020.10.27-16.47.03:702][  0]LogContentBrowser: Native class hierarchy updated for 'HierarchicalLODOutliner' in 0.0003 seconds. Added 0 classes and 0 folders.
[2020.10.27-16.47.03:702][  0]LogLoad: (Engine Initialization) Total time: 8.77 seconds
[2020.10.27-16.47.03:702][  0]LogLoad: (Engine Initialization) Total Blueprint compile time: 0.00 seconds
[2020.10.27-16.47.03:712][  0]LogWindowsTextInputMethodSystem: Display: IME system now deactivated.
[2020.10.27-16.47.03:746][  0]LogAssetRegistry: Asset discovery search completed in 5.6655 seconds
[2020.10.27-16.47.03:749][  0]LogCollectionManager: Fixed up redirectors for 0 collections in 0.000002 seconds (updated 0 objects)
[2020.10.27-16.47.03:757][  0]LogContentStreaming: Texture pool size now 1000 MB
[2020.10.27-16.47.03:870][  0]LogSlate: Took 0.022112 seconds to synchronously load lazily loaded font '../../../Engine/Content/Slate/Fonts/DroidSansMono.ttf' (77K)
[2020.10.27-16.47.04:716][ 75]LogSlate: Took 0.000141 seconds to synchronously load lazily loaded font '../../../Engine/Content/Slate/Fonts/Roboto-Light.ttf' (167K)
[2020.10.27-16.47.28:706][903]LogSlate: Window 'Message Log' being destroyed
[2020.10.27-16.47.28:709][903]LogSlate: Window 'Message Log' being destroyed
[2020.10.27-16.47.45:828][887]LogAssetEditorSubsystem: Opening Asset editor for Blueprint /Game/LA_SUPER_BANANE/NPC/Find_RDM_Location.Find_RDM_Location
[2020.10.27-16.47.46:294][887]LogContentBrowser: Native class hierarchy updated for 'BlueprintGraph' in 0.0005 seconds. Added 125 classes and 0 folders.
[2020.10.27-16.47.47:212][887]LogAssetEditorSubsystem: Opening Asset editor for Blueprint /Game/LA_SUPER_BANANE/NPC/NPC_AI.NPC_AI
[2020.10.27-16.47.47:629][887]LogAssetEditorSubsystem: Opening Asset editor for BehaviorTree /Game/LA_SUPER_BANANE/NPC/NPC_BT.NPC_BT
[2020.10.27-16.47.47:961][887]LogAssetEditorSubsystem: Opening Asset editor for Blueprint /Game/LA_SUPER_BANANE/NPC/NPC.NPC
[2020.10.27-16.47.50:637][132]LogSlate: Took 0.000101 seconds to synchronously load lazily loaded font '../../../Engine/Content/Slate/Fonts/Roboto-BoldCondensed.ttf' (158K)
[2020.10.27-16.47.50:691][133]LogSlate: Took 0.007561 seconds to synchronously load lazily loaded font '../../../Engine/Content/Slate/Fonts/Roboto-Italic.ttf' (157K)
[2020.10.27-16.47.56:618][690]LogSlate: Window 'NPC_AI' being destroyed
[2020.10.27-16.48.03:132][440]LogWorld: UWorld::CleanupWorld for World_2, bSessionEnded=true, bCleanupResources=true
[2020.10.27-16.48.03:132][440]LogSlate: InvalidateAllWidgets triggered.  All widgets were invalidated
[2020.10.27-16.48.03:195][440]LogAssetEditorSubsystem: Opening Asset editor for Blueprint /Game/LA_SUPER_BANANE/NPC/NPC.NPC
[2020.10.27-16.48.14:768][701]LogSlate: Prevented a slow task dialog from being summoned while a context menu was open
[2020.10.27-16.48.14:768][701]LogAssetEditorSubsystem: Opening Asset editor for Blueprint /Game/LA_SUPER_BANANE/NPC/BTTask_BlueprintBase_New.BTTask_BlueprintBase_New
[2020.10.27-16.48.15:052][701]LogPackageName: SearchForPackageOnDisk took   0.000s, but failed to resolve /Game/LA_SUPER_BANANE/NPC/BTTask_BlueprintBase_New.
[2020.10.27-16.48.33:175][842]LogTemp: Repeating last play command: Selected Viewport
[2020.10.27-16.48.33:214][842]LogPlayLevel: PlayLevel: No blueprints needed recompiling
[2020.10.27-16.48.33:227][842]PIE: New page: PIE session: Minimal_Default (27 oct. 2020 à 18:48:33)
[2020.10.27-16.48.33:233][842]LogOnline: OSS: Creating online subsystem instance for: NULL
[2020.10.27-16.48.33:241][842]LogOnline: OSS: TryLoadSubsystemAndSetDefault: Loaded subsystem for module [NULL]
[2020.10.27-16.48.33:241][842]LogPlayLevel: Creating play world package: /Game/StarterContent/Maps/UEDPIE_0_Minimal_Default
[2020.10.27-16.48.33:249][842]LogPlayLevel: PIE: StaticDuplicateObject took: (0.007841s)
[2020.10.27-16.48.33:250][842]LogAIModule: Creating AISystem for world Minimal_Default
[2020.10.27-16.48.33:250][842]LogAISub: UAISubsystem::UAISubsystem EnvQueryManager (000002141097AA00), frame # 9842
[2020.10.27-16.48.33:250][842]LogAISub: UAISubsystem::UAISubsystem AIPerceptionSystem (00000213C7373100), frame # 9842
[2020.10.27-16.48.33:250][842]LogPlayLevel: PIE: World Init took: (0.000988s)
[2020.10.27-16.48.33:250][842]LogPlayLevel: PIE: Created PIE world by copying editor world from /Game/StarterContent/Maps/Minimal_Default.Minimal_Default to /Game/StarterContent/Maps/UEDPIE_0_Minimal_Default.Minimal_Default (0.008951s)
[2020.10.27-16.48.33:283][842]LogUObjectHash: Compacting FUObjectHashTables data took   1.74ms
[2020.10.27-16.48.33:287][842]LogAudioMixer: Display: Audio Mixer Platform Settings:
[2020.10.27-16.48.33:287][842]LogAudioMixer: Display: 	Sample Rate:						  48000
[2020.10.27-16.48.33:287][842]LogAudioMixer: Display: 	Callback Buffer Frame Size Requested: 1024
[2020.10.27-16.48.33:287][842]LogAudioMixer: Display: 	Callback Buffer Frame Size To Use:	  1024
[2020.10.27-16.48.33:287][842]LogAudioMixer: Display: 	Number of buffers to queue:			  2
[2020.10.27-16.48.33:287][842]LogAudioMixer: Display: 	Max Channels (voices):				  32
[2020.10.27-16.48.33:287][842]LogAudioMixer: Display: 	Number of Async Source Workers:		  0
[2020.10.27-16.48.33:287][842]LogAudio: Display: AudioDevice MaxSources: 32
[2020.10.27-16.48.33:288][842]LogAudio: Display: Using built-in audio occlusion.
[2020.10.27-16.48.33:288][842]LogAudioMixer: Display: Initializing audio mixer.
[2020.10.27-16.48.33:295][842]LogAudioMixer: Display: 0: FrontLeft
[2020.10.27-16.48.33:295][842]LogAudioMixer: Display: 1: FrontRight
[2020.10.27-16.48.33:321][842]LogAudioMixer: Display: Using Audio Device Realtek Digital Output (Realtek(R) Audio)
[2020.10.27-16.48.33:321][842]LogAudioMixer: Display: Initializing Sound Submixes...
[2020.10.27-16.48.33:321][842]LogAudioMixer: Display: Creating Master Submix 'MasterSubmixDefault'
[2020.10.27-16.48.33:321][842]LogAudioMixer: Display: Creating Master Submix 'MasterReverbSubmixDefault'
[2020.10.27-16.48.33:322][842]LogAudioMixer: Display: Creating Master Submix 'MasterEQSubmixDefault'
[2020.10.27-16.48.33:334][842]LogInit: FAudioDevice initialized.
[2020.10.27-16.48.33:342][842]LogLoad: Game class is 'GameMode1_C'
[2020.10.27-16.48.33:365][842]LogWorld: Bringing World /Game/StarterContent/Maps/UEDPIE_0_Minimal_Default.Minimal_Default up for play (max tick rate 0) at 2020.10.27-17.48.33
[2020.10.27-16.48.33:365][842]LogWorld: Bringing up level for play took: 0.000623
[2020.10.27-16.48.33:365][842]LogOnline: OSS: Creating online subsystem instance for: :Context_9
[2020.10.27-16.48.33:384][842]LogContentBrowser: Native class hierarchy updated for 'MovieSceneCapture' in 0.0004 seconds. Added 20 classes and 0 folders.
[2020.10.27-16.48.33:415][842]PIE: Server logged in
[2020.10.27-16.48.33:416][842]PIE: Play in editor total start time 0,232 seconds.
[2020.10.27-16.48.37:647][292]LogSlate: Updating window title bar state: overlay mode, drag disabled, window buttons hidden, title bar hidden
[2020.10.27-16.48.37:647][292]LogWorld: BeginTearingDown for /Game/StarterContent/Maps/UEDPIE_0_Minimal_Default
[2020.10.27-16.48.37:647][292]LogWorld: UWorld::CleanupWorld for Minimal_Default, bSessionEnded=true, bCleanupResources=true
[2020.10.27-16.48.37:648][292]LogSlate: InvalidateAllWidgets triggered.  All widgets were invalidated
[2020.10.27-16.48.37:652][292]LogPlayLevel: Display: Shutting down PIE online subsystems
[2020.10.27-16.48.37:655][292]LogSlate: InvalidateAllWidgets triggered.  All widgets were invalidated
[2020.10.27-16.48.37:698][292]LogSlate: Updating window title bar state: overlay mode, drag disabled, window buttons hidden, title bar hidden
[2020.10.27-16.48.37:713][292]LogAISub: UAISubsystem::~UAISubsystem EnvQueryManager (000002141097AA00), frame # 10292
[2020.10.27-16.48.37:713][292]LogAISub: UAISubsystem::~UAISubsystem AIPerceptionSystem (00000213C7373100), frame # 10292
[2020.10.27-16.48.37:715][292]LogUObjectHash: Compacting FUObjectHashTables data took   2.83ms
[2020.10.27-16.48.37:736][293]LogPlayLevel: Display: Destroying online subsystem :Context_9
[2020.10.27-16.48.48:055][501]Cmd: OBJ SAVEPACKAGE PACKAGE="/Game/LA_SUPER_BANANE/NPC/BTTask_BlueprintBase_New" FILE="../../../../JAM/JAM_UE4/Jam_UE4/Content/LA_SUPER_BANANE/NPC/BTTask_BlueprintBase_New.uasset" SILENT=true
[2020.10.27-16.48.48:089][501]LogSavePackage: Moving '../../../../JAM/JAM_UE4/Jam_UE4/Saved/BTTask_BlueprintBase_New9A5E905540132EA29CFE099403832953.tmp' to '../../../../JAM/JAM_UE4/Jam_UE4/Content/LA_SUPER_BANANE/NPC/BTTask_BlueprintBase_New.uasset'
[2020.10.27-16.48.48:107][501]LogPackageName: SearchForPackageOnDisk took   0.000s to resolve /Game/LA_SUPER_BANANE/NPC/BTTask_BlueprintBase_New.
[2020.10.27-16.48.48:115][501]AssetCheck: New page: Asset Save: BTTask_BlueprintBase_New
[2020.10.27-16.48.48:115][501]LogContentValidation: Display: Validating Blueprint /Game/LA_SUPER_BANANE/NPC/BTTask_BlueprintBase_New.BTTask_BlueprintBase_New
[2020.10.27-16.48.58:101][659]LogUObjectHash: Compacting FUObjectHashTables data took   2.55ms
[2020.10.27-16.48.58:109][659]LogMetaData: Removing '/Game/LA_SUPER_BANANE/NPC/ChasePlayer.SKEL_ChasePlayer_C' ref from Metadata '/Game/LA_SUPER_BANANE/NPC/BTTask_BlueprintBase_New.PackageMetaData'
[2020.10.27-16.48.58:109][659]LogMetaData: Removing '/Game/LA_SUPER_BANANE/NPC/ChasePlayer.ChasePlayer_C' ref from Metadata '/Game/LA_SUPER_BANANE/NPC/BTTask_BlueprintBase_New.PackageMetaData'
[2020.10.27-16.48.58:127][659]Cmd: OBJ SAVEPACKAGE PACKAGE="/Game/LA_SUPER_BANANE/NPC/ChasePlayer" FILE="../../../../JAM/JAM_UE4/Jam_UE4/Content/LA_SUPER_BANANE/NPC/ChasePlayer.uasset" SILENT=true
[2020.10.27-16.48.58:130][659]LogSavePackage: Moving '../../../../JAM/JAM_UE4/Jam_UE4/Saved/ChasePlayer8555182542CDBDE423D74EB33359E92E.tmp' to '../../../../JAM/JAM_UE4/Jam_UE4/Content/LA_SUPER_BANANE/NPC/ChasePlayer.uasset'
[2020.10.27-16.48.58:305][659]LogUObjectHash: Compacting FUObjectHashTables data took   2.23ms
[2020.10.27-16.48.58:338][659]LogUObjectHash: Compacting FUObjectHashTables data took   1.51ms
[2020.10.27-16.48.58:365][659]LogUObjectHash: Compacting FUObjectHashTables data took   0.84ms
[2020.10.27-16.48.58:407][659]LogPackageName: SearchForPackageOnDisk took   0.000s to resolve /Game/LA_SUPER_BANANE/NPC/ChasePlayer.
[2020.10.27-16.48.58:414][659]AssetCheck: New page: Asset Save: ChasePlayer
[2020.10.27-16.48.58:414][659]LogContentValidation: Display: Validating Blueprint /Game/LA_SUPER_BANANE/NPC/ChasePlayer.ChasePlayer
[2020.10.27-16.49.07:738][721]LogAssetEditorSubsystem: Opening Asset editor for World /Game/LA_SUPER_BANANE/NPC_Hugo.NPC_Hugo
[2020.10.27-16.49.07:767][721]LogUObjectHash: Compacting FUObjectHashTables data took   2.28ms
[2020.10.27-16.49.07:769][721]Cmd: MAP LOAD FILE="../../../../JAM/JAM_UE4/Jam_UE4/Content/LA_SUPER_BANANE/NPC_Hugo.umap" TEMPLATE=0 SHOWPROGRESS=1 FEATURELEVEL=3
[2020.10.27-16.49.07:769][721]LightingResults: New page: Lighting Build
[2020.10.27-16.49.07:769][721]LoadErrors: New page: Loading map: NPC_Hugo.umap
[2020.10.27-16.49.07:770][721]LogWorld: UWorld::CleanupWorld for Minimal_Default, bSessionEnded=true, bCleanupResources=true
[2020.10.27-16.49.07:770][721]LogSlate: InvalidateAllWidgets triggered.  All widgets were invalidated
[2020.10.27-16.49.07:770][721]MapCheck: New page: Map Check
[2020.10.27-16.49.07:770][721]LightingResults: New page: Lighting Build
[2020.10.27-16.49.07:797][721]LogAISub: UAISubsystem::~UAISubsystem EnvQueryManager (00000213AFC83E00), frame # 13721
[2020.10.27-16.49.07:797][721]LogAISub: UAISubsystem::~UAISubsystem AIPerceptionSystem (000002139FC9FC40), frame # 13721
[2020.10.27-16.49.07:799][721]LogUObjectHash: Compacting FUObjectHashTables data took   2.08ms
[2020.10.27-16.49.07:847][721]LogEditorServer: Finished looking for orphan Actors (0.000 secs)
[2020.10.27-16.49.07:847][721]LogAIModule: Creating AISystem for world NPC_Hugo
[2020.10.27-16.49.07:847][721]LogAISub: UAISubsystem::UAISubsystem EnvQueryManager (00000213B2B16400), frame # 13721
[2020.10.27-16.49.07:847][721]LogAISub: UAISubsystem::UAISubsystem AIPerceptionSystem (00000213C9A58540), frame # 13721
[2020.10.27-16.49.07:906][721]LogUObjectHash: Compacting FUObjectHashTables data took   2.12ms
[2020.10.27-16.49.07:918][721]Cmd: MAP CHECKDEP NOCLEARLOG
[2020.10.27-16.49.07:918][721]MapCheck: Map check complete: 0 Error(s), 0 Warning(s), took 0,061ms to complete.
[2020.10.27-16.49.07:918][721]LogFileHelpers: Loading map 'NPC_Hugo' took 0.149
[2020.10.27-16.49.21:391][316]LogTemp: Repeating last play command: Selected Viewport
[2020.10.27-16.49.21:399][316]LogPlayLevel: PlayLevel: No blueprints needed recompiling
[2020.10.27-16.49.21:399][316]PIE: New page: PIE session: NPC_Hugo (27 oct. 2020 à 18:49:21)
[2020.10.27-16.49.21:435][316]LogPlayLevel: Creating play world package: /Game/LA_SUPER_BANANE/UEDPIE_0_NPC_Hugo
[2020.10.27-16.49.21:438][316]LogPlayLevel: PIE: StaticDuplicateObject took: (0.002996s)
[2020.10.27-16.49.21:439][316]LogAIModule: Creating AISystem for world NPC_Hugo
[2020.10.27-16.49.21:439][316]LogAISub: UAISubsystem::UAISubsystem EnvQueryManager (00000213D9AB9E00), frame # 15316
[2020.10.27-16.49.21:439][316]LogAISub: UAISubsystem::UAISubsystem AIPerceptionSystem (000002141C169080), frame # 15316
[2020.10.27-16.49.21:439][316]LogPlayLevel: PIE: World Init took: (0.001411s)
[2020.10.27-16.49.21:439][316]LogPlayLevel: PIE: Created PIE world by copying editor world from /Game/LA_SUPER_BANANE/NPC_Hugo.NPC_Hugo to /Game/LA_SUPER_BANANE/UEDPIE_0_NPC_Hugo.NPC_Hugo (0.004548s)
[2020.10.27-16.49.21:467][316]LogUObjectHash: Compacting FUObjectHashTables data took   1.89ms
[2020.10.27-16.49.21:469][316]LogAudioMixer: Display: Audio Mixer Platform Settings:
[2020.10.27-16.49.21:469][316]LogAudioMixer: Display: 	Sample Rate:						  48000
[2020.10.27-16.49.21:469][316]LogAudioMixer: Display: 	Callback Buffer Frame Size Requested: 1024
[2020.10.27-16.49.21:469][316]LogAudioMixer: Display: 	Callback Buffer Frame Size To Use:	  1024
[2020.10.27-16.49.21:469][316]LogAudioMixer: Display: 	Number of buffers to queue:			  2
[2020.10.27-16.49.21:469][316]LogAudioMixer: Display: 	Max Channels (voices):				  32
[2020.10.27-16.49.21:469][316]LogAudioMixer: Display: 	Number of Async Source Workers:		  0
[2020.10.27-16.49.21:469][316]LogAudio: Display: AudioDevice MaxSources: 32
[2020.10.27-16.49.21:469][316]LogAudio: Display: Using built-in audio occlusion.
[2020.10.27-16.49.21:469][316]LogAudioMixer: Display: Initializing audio mixer.
[2020.10.27-16.49.21:474][316]LogAudioMixer: Display: 0: FrontLeft
[2020.10.27-16.49.21:474][316]LogAudioMixer: Display: 1: FrontRight
[2020.10.27-16.49.21:493][316]LogAudioMixer: Display: Using Audio Device Realtek Digital Output (Realtek(R) Audio)
[2020.10.27-16.49.21:493][316]LogAudioMixer: Display: Initializing Sound Submixes...
[2020.10.27-16.49.21:493][316]LogAudioMixer: Display: Creating Master Submix 'MasterSubmixDefault'
[2020.10.27-16.49.21:493][316]LogAudioMixer: Display: Creating Master Submix 'MasterReverbSubmixDefault'
[2020.10.27-16.49.21:493][316]LogAudioMixer: Display: Creating Master Submix 'MasterEQSubmixDefault'
[2020.10.27-16.49.21:504][316]LogInit: FAudioDevice initialized.
[2020.10.27-16.49.21:518][316]LogLinker: Warning: Failed to load '/Game/GameMode': Can't find file.
[2020.10.27-16.49.21:518][316]LogLinker: Warning: Failed to load '/Game/GameMode': Can't find file.
[2020.10.27-16.49.21:518][316]LogUObjectGlobals: Warning: Failed to find object 'Class /Game/GameMode.GameMode_C'
[2020.10.27-16.49.21:518][316]LogLoad: Game class is 'GameModeBase'
[2020.10.27-16.49.21:520][316]LogWorld: Bringing World /Game/LA_SUPER_BANANE/UEDPIE_0_NPC_Hugo.NPC_Hugo up for play (max tick rate 0) at 2020.10.27-17.49.21
[2020.10.27-16.49.21:520][316]LogWorld: Bringing up level for play took: 0.001234
[2020.10.27-16.49.21:520][316]LogOnline: OSS: Creating online subsystem instance for: :Context_10
[2020.10.27-16.49.21:534][316]PIE: Server logged in
[2020.10.27-16.49.21:535][316]PIE: Play in editor total start time 0,139 seconds.
[2020.10.27-16.49.27:327][999]LogSlate: Updating window title bar state: overlay mode, drag disabled, window buttons hidden, title bar hidden
[2020.10.27-16.49.27:327][999]LogWorld: BeginTearingDown for /Game/LA_SUPER_BANANE/UEDPIE_0_NPC_Hugo
[2020.10.27-16.49.27:327][999]LogWorld: UWorld::CleanupWorld for NPC_Hugo, bSessionEnded=true, bCleanupResources=true
[2020.10.27-16.49.27:327][999]LogSlate: InvalidateAllWidgets triggered.  All widgets were invalidated
[2020.10.27-16.49.27:337][999]LogPlayLevel: Display: Shutting down PIE online subsystems
[2020.10.27-16.49.27:341][999]LogSlate: InvalidateAllWidgets triggered.  All widgets were invalidated
[2020.10.27-16.49.27:381][999]LogSlate: Updating window title bar state: overlay mode, drag disabled, window buttons hidden, title bar hidden
[2020.10.27-16.49.27:382][999]LogAISub: UAISubsystem::~UAISubsystem AIPerceptionSystem (000002141C169080), frame # 15999
[2020.10.27-16.49.27:382][999]LogAISub: UAISubsystem::~UAISubsystem EnvQueryManager (00000213D9AB9E00), frame # 15999
[2020.10.27-16.49.27:384][999]LogUObjectHash: Compacting FUObjectHashTables data took   1.82ms
[2020.10.27-16.49.27:416][  0]LogPlayLevel: Display: Destroying online subsystem :Context_10
[2020.10.27-16.51.21:507][865]Cmd: OBJ SAVEPACKAGE PACKAGE="/Game/LA_SUPER_BANANE/NPC/ChasePlayer" FILE="../../../../JAM/JAM_UE4/Jam_UE4/Content/LA_SUPER_BANANE/NPC/ChasePlayer.uasset" SILENT=true
[2020.10.27-16.51.22:050][865]LogSavePackage: Moving '../../../../JAM/JAM_UE4/Jam_UE4/Saved/ChasePlayerA9B8E2C64ACD0F4A4C3C94A03994BCD0.tmp' to '../../../../JAM/JAM_UE4/Jam_UE4/Content/LA_SUPER_BANANE/NPC/ChasePlayer.uasset'
[2020.10.27-16.51.22:077][865]AssetCheck: New page: Asset Save: ChasePlayer
[2020.10.27-16.51.22:077][865]LogContentValidation: Display: Validating Blueprint /Game/LA_SUPER_BANANE/NPC/ChasePlayer.ChasePlayer
[2020.10.27-16.51.22:638][930]BlueprintLog: New page: Compile ChasePlayer
[2020.10.27-16.51.22:675][930]LogUObjectHash: Compacting FUObjectHashTables data took   3.83ms
[2020.10.27-16.51.47:370][842]LogSlate: Took 0.026726 seconds to synchronously load lazily loaded font '../../../Engine/Content/Slate/Fonts/Roboto-BoldCondensedItalic.ttf' (160K)
[2020.10.27-16.52.30:063][869]BlueprintLog: New page: Compile ChasePlayer
[2020.10.27-16.52.30:096][869]LogUObjectHash: Compacting FUObjectHashTables data took   2.99ms
[2020.10.27-16.52.30:631][929]Cmd: OBJ SAVEPACKAGE PACKAGE="/Game/LA_SUPER_BANANE/NPC/ChasePlayer" FILE="../../../../JAM/JAM_UE4/Jam_UE4/Content/LA_SUPER_BANANE/NPC/ChasePlayer.uasset" SILENT=true
[2020.10.27-16.52.30:672][929]LogSavePackage: Moving '../../../../JAM/JAM_UE4/Jam_UE4/Saved/ChasePlayer6DF90E824B9E039E50D2D28D2C84DF42.tmp' to '../../../../JAM/JAM_UE4/Jam_UE4/Content/LA_SUPER_BANANE/NPC/ChasePlayer.uasset'
[2020.10.27-16.52.30:684][929]AssetCheck: New page: Asset Save: ChasePlayer
[2020.10.27-16.52.30:684][929]LogContentValidation: Display: Validating Blueprint /Game/LA_SUPER_BANANE/NPC/ChasePlayer.ChasePlayer
[2020.10.27-16.52.55:653][647]LogUObjectHash: Compacting FUObjectHashTables data took   2.97ms
[2020.10.27-16.52.55:661][647]LogMetaData: Removing '/Game/LA_SUPER_BANANE/NPC/FindPlayerLocation.FindPlayerLocation_C' ref from Metadata '/Game/LA_SUPER_BANANE/NPC/ChasePlayer.PackageMetaData'
[2020.10.27-16.52.55:661][647]LogMetaData: Removing '/Game/LA_SUPER_BANANE/NPC/FindPlayerLocation.SKEL_FindPlayerLocation_C' ref from Metadata '/Game/LA_SUPER_BANANE/NPC/ChasePlayer.PackageMetaData'
[2020.10.27-16.52.55:689][647]Cmd: OBJ SAVEPACKAGE PACKAGE="/Game/LA_SUPER_BANANE/NPC/FindPlayerLocation" FILE="../../../../JAM/JAM_UE4/Jam_UE4/Content/LA_SUPER_BANANE/NPC/FindPlayerLocation.uasset" SILENT=true
[2020.10.27-16.52.55:695][647]LogSavePackage: Moving '../../../../JAM/JAM_UE4/Jam_UE4/Saved/FindPlayerLocationE9C4051D4EE94D0E57847783069545A5.tmp' to '../../../../JAM/JAM_UE4/Jam_UE4/Content/LA_SUPER_BANANE/NPC/FindPlayerLocation.uasset'
[2020.10.27-16.52.55:967][647]LogUObjectHash: Compacting FUObjectHashTables data took   2.75ms
[2020.10.27-16.52.56:000][647]LogUObjectHash: Compacting FUObjectHashTables data took   1.77ms
[2020.10.27-16.52.56:027][647]LogUObjectHash: Compacting FUObjectHashTables data took   0.58ms
[2020.10.27-16.52.56:060][647]LogPackageName: SearchForPackageOnDisk took   0.000s to resolve /Game/LA_SUPER_BANANE/NPC/FindPlayerLocation.
[2020.10.27-16.52.56:067][647]AssetCheck: New page: Asset Save: FindPlayerLocation
[2020.10.27-16.52.56:067][647]LogContentValidation: Display: Validating Blueprint /Game/LA_SUPER_BANANE/NPC/FindPlayerLocation.FindPlayerLocation
[2020.10.27-16.53.04:230][606]LogUObjectHash: Compacting FUObjectHashTables data took   2.22ms
[2020.10.27-16.53.05:663][775]LogUObjectHash: Compacting FUObjectHashTables data took   0.62ms
[2020.10.27-16.54.55:598][617]LogUObjectHash: Compacting FUObjectHashTables data took   1.96ms
[2020.10.27-16.54.58:305][617]LogSlate: Window 'Save Content' being destroyed
[2020.10.27-16.54.58:320][617]Cmd: OBJ SAVEPACKAGE PACKAGE="/Game/LA_SUPER_BANANE/NPC/NPC_BT" FILE="../../../../JAM/JAM_UE4/Jam_UE4/Content/LA_SUPER_BANANE/NPC/NPC_BT.uasset" SILENT=true
[2020.10.27-16.54.58:332][617]LogSavePackage: Moving '../../../../JAM/JAM_UE4/Jam_UE4/Saved/NPC_BTA4774D4548BFC7E55F1BB28138A0F219.tmp' to '../../../../JAM/JAM_UE4/Jam_UE4/Content/LA_SUPER_BANANE/NPC/NPC_BT.uasset'
[2020.10.27-16.54.58:343][617]AssetCheck: New page: Asset Save: NPC_BT
[2020.10.27-16.54.58:343][617]LogContentValidation: Display: Validating BehaviorTree /Game/LA_SUPER_BANANE/NPC/NPC_BT.NPC_BT
[2020.10.27-16.55.20:827][232]LogRenderer: Reallocating scene render targets to support 1616x880 Format 10 NumSamples 1 (Frame:1).
[2020.10.27-16.55.22:507][419]LogWorld: UWorld::CleanupWorld for World_6, bSessionEnded=true, bCleanupResources=true
[2020.10.27-16.55.22:507][419]LogSlate: InvalidateAllWidgets triggered.  All widgets were invalidated
[2020.10.27-16.55.30:233][323]LogActorComponent: UnregisterComponent: (/Engine/Transient.EditorFloorComp) Not registered. Aborting.
[2020.10.27-16.55.30:233][323]LogWorld: UWorld::CleanupWorld for World_1, bSessionEnded=true, bCleanupResources=true
[2020.10.27-16.55.30:233][323]LogSlate: InvalidateAllWidgets triggered.  All widgets were invalidated
[2020.10.27-16.55.36:561][ 59]LogSlate: Prevented a slow task dialog from being summoned while a context menu was open
[2020.10.27-16.56.02:719][782]Cmd: OBJ SAVEPACKAGE PACKAGE="/Game/LA_SUPER_BANANE/NPC/NPC_BB" FILE="../../../../JAM/JAM_UE4/Jam_UE4/Content/LA_SUPER_BANANE/NPC/NPC_BB.uasset" SILENT=true
[2020.10.27-16.56.02:759][782]LogSavePackage: Moving '../../../../JAM/JAM_UE4/Jam_UE4/Saved/NPC_BB32057C0B470F8CE068C289AA509E2172.tmp' to '../../../../JAM/JAM_UE4/Jam_UE4/Content/LA_SUPER_BANANE/NPC/NPC_BB.uasset'
[2020.10.27-16.56.02:769][782]AssetCheck: New page: Asset Save: NPC_BB
[2020.10.27-16.56.02:769][782]LogContentValidation: Display: Validating BlackboardData /Game/LA_SUPER_BANANE/NPC/NPC_BB.NPC_BB
[2020.10.27-16.56.51:854][312]LogUObjectHash: Compacting FUObjectHashTables data took   2.46ms
[2020.10.27-16.56.53:769][312]LogSlate: Window 'Save Content' being destroyed
[2020.10.27-16.56.53:784][312]Cmd: OBJ SAVEPACKAGE PACKAGE="/Game/LA_SUPER_BANANE/NPC/NPC_BT" FILE="../../../../JAM/JAM_UE4/Jam_UE4/Content/LA_SUPER_BANANE/NPC/NPC_BT.uasset" SILENT=true
[2020.10.27-16.56.53:790][312]LogSavePackage: Moving '../../../../JAM/JAM_UE4/Jam_UE4/Saved/NPC_BTDE486E0345D90F57349675A0F62A87E9.tmp' to '../../../../JAM/JAM_UE4/Jam_UE4/Content/LA_SUPER_BANANE/NPC/NPC_BT.uasset'
[2020.10.27-16.56.53:800][312]AssetCheck: New page: Asset Save: NPC_BT
[2020.10.27-16.56.53:800][312]LogContentValidation: Display: Validating BehaviorTree /Game/LA_SUPER_BANANE/NPC/NPC_BT.NPC_BT
